[COT 2024-01-31 02:22:28] 76561199108250772: Set GodMode To true [guid=OAdpPkJP2Ps_W7h2ttR1bK23ekHCzrxw0mDT3zqLMdU=]
[COT 2024-01-31 02:22:29] 76561199108250772: Set cannot be targeted by AI to true [guid=OAdpPkJP2Ps_W7h2ttR1bK23ekHCzrxw0mDT3zqLMdU=]
[COT 2024-01-31 02:22:30] 76561199108250772: Set UnlimitedStamina To true [guid=OAdpPkJP2Ps_W7h2ttR1bK23ekHCzrxw0mDT3zqLMdU=]
[COT 2024-01-31 02:22:30] 76561199108250772: Set UnlimitedAmmo To true [guid=OAdpPkJP2Ps_W7h2ttR1bK23ekHCzrxw0mDT3zqLMdU=]
[COT 2024-01-31 02:23:11] 76561199108250772: Spawned Entity Sawed-off LE-MAS (Famas_Base<ec87580>, 100, 180, 0) at <7503.126953, 232.193100, 9496.986328>
[COT 2024-01-31 02:23:42] 76561199108250772: Spawned Entity Paramedic Pants (ParamedicPants_Blue<6605020>, 100, 135, 0) at <7502.346680, 232.315033, 9496.926758>
[COT 2024-01-31 02:23:45] 76561199108250772: Spawned Entity Paramedic Jacket (ParamedicJacket_Blue<6602d70>, 100, 135, 0) at <7502.411133, 232.504395, 9496.866211>
[COT 2024-01-31 02:23:52] 76561199108250772: Spawned Entity Ski Mask (BalaclavaMask_Blue<66114b0>, 100, 100, 0) at <7502.458984, 232.643570, 9496.822266>
[COT 2024-01-31 02:24:01] 76561199108250772: Spawned Entity Scrub Hat (MedicalScrubsHat_Blue<660dae0>, 100, 25, 0) at <7502.506348, 232.782867, 9496.778320>
[COT 2024-01-31 02:24:14] 76561199108250772: Spawned Entity Wool Gloves (WoolGloves_ChristmasBlue<6619f70>, 100, 110, 0) at <7502.541992, 232.888123, 9496.745117>
[COT 2024-01-31 02:24:19] 76561199108250772: Spawned Entity Bandana (Bandana_Blue<6625870>, 100, 25, 0) at <7502.564941, 232.954453, 9496.723633>
[COT 2024-01-31 02:24:29] 76561199108250772: Spawned Entity Armband (Armband_Blue<661f060>, 100, 100, 0) at <7502.589355, 233.026932, 9496.701172>
[COT 2024-01-31 02:24:35] 76561199108250772: Spawned Entity Mountain Backpack (MountainBag_Blue<3b85de0>, 100, 150, 0) at <7502.622070, 233.122864, 9496.669922>
[COT 2024-01-31 02:25:52] 76561199108250772: Teleported to position <9224.900391, 203.256134, 8049.153320>
[COT 2024-01-31 02:28:50] 76561199108250772: Teleported to position <8024.821289, 84.559998, 5501.848633>
[COT 2024-01-31 02:29:17] 76561199108250772: Spawned Entity Sea Chest (SeaChest<6eded40>, 100, 600, 0) at <8112.808594, 82.782463, 5473.082520>
[COT 2024-01-31 02:29:48] 76561199108250772: Spawned Entity Plate Carrier (PlateCarrierVest<c849f780>, 100, 225, 0) at <8112.634277, 82.792519, 5472.135254>
[COT 2024-01-31 02:29:52] 76561199108250772: Spawned Entity Holster (PlateCarrierHolster<c84ad330>, 100, 100, 0) at <8112.641602, 82.969688, 5472.157715>
[COT 2024-01-31 02:30:28] 76561199108250772: Spawned Entity Pouches (PlateCarrierPouches<dc256a0>, 100, 200, 0) at <8112.657227, 82.793137, 5472.086426>
[COT 2024-01-31 02:30:41] 76561199108250772: Spawned Entity 6-M7 Frag Grenade (M67Grenade<cf99330>, 100, 50, 0) at <8112.656250, 82.793083, 5472.091309>
[COT 2024-01-31 02:30:42] 76561199108250772: Spawned Entity 6-M7 Frag Grenade (M67Grenade<cfa1260>, 100, 50, 0) at <8112.657715, 82.905067, 5472.101563>
[COT 2024-01-31 02:30:42] 76561199108250772: Spawned Entity 6-M7 Frag Grenade (M67Grenade<cf9e420>, 100, 50, 0) at <8112.659180, 83.017044, 5472.111816>
[COT 2024-01-31 02:30:43] 76561199108250772: Spawned Entity 6-M7 Frag Grenade (M67Grenade<cfabfd0>, 100, 50, 0) at <8112.660645, 83.129021, 5472.122070>
[COT 2024-01-31 02:31:03] 76561199108250772: Spawned Entity Boxed .45 ACP Rounds (AmmoBox_45ACP_25rnd<37e92d0>, 100, 100, 0) at <8112.652832, 82.792946, 5472.102539>
[COT 2024-01-31 02:31:03] 76561199108250772: Spawned Entity Boxed .45 ACP Rounds (AmmoBox_45ACP_25rnd<72368c0>, 100, 100, 0) at <8112.653320, 82.838097, 5472.106445>
[COT 2024-01-31 02:31:04] 76561199108250772: Spawned Entity Boxed .45 ACP Rounds (AmmoBox_45ACP_25rnd<f9501510>, 100, 100, 0) at <8112.654297, 82.881912, 5472.110352>
[COT 2024-01-31 02:31:05] 76561199108250772: Spawned Entity Boxed .45 ACP Rounds (AmmoBox_45ACP_25rnd<37d5d10>, 100, 100, 0) at <8112.655762, 82.925720, 5472.114746>
[COT 2024-01-31 02:31:34] 76561199108250772: Spawned Entity 7rd Kolt 1911 Mag (Mag_1911_7Rnd<cfbb2a0>, 7, 100, 0) at <8112.655273, 82.970871, 5472.118164>
[COT 2024-01-31 02:31:35] 76561199108250772: Spawned Entity 7rd Kolt 1911 Mag (Mag_1911_7Rnd<cfc31d0>, 7, 100, 0) at <8112.656250, 83.023293, 5472.122559>
[COT 2024-01-31 02:31:35] 76561199108250772: Spawned Entity 7rd Kolt 1911 Mag (Mag_1911_7Rnd<cfbc9c0>, 7, 100, 0) at <8112.656738, 83.076935, 5472.126953>
[COT 2024-01-31 02:34:02] 76561199108250772: Spawned Entity VSD (SVD_Base<da8c730>, 100, 250, 0) at <8112.804688, 82.794373, 5472.017578>
[COT 2024-01-31 02:35:02] 76561199108250772: Spawned Entity Boxed 7.62x54mmR Tracer Rounds (AmmoBox_762x54Tracer_20Rnd<b7fe1b0>, 100, 100, 0) at <8112.833984, 82.794098, 5472.051270>
[COT 2024-01-31 02:35:03] 76561199108250772: Spawned Entity Boxed 7.62x54mmR Tracer Rounds (AmmoBox_762x54Tracer_20Rnd<b802410>, 100, 100, 0) at <8112.836426, 82.823151, 5472.059570>
[COT 2024-01-31 02:35:03] 76561199108250772: Spawned Entity Boxed 7.62x54mmR Tracer Rounds (AmmoBox_762x54Tracer_20Rnd<831cf00>, 100, 100, 0) at <8112.842285, 82.853134, 5472.067871>
[COT 2024-01-31 02:35:04] 76561199108250772: Spawned Entity Boxed 7.62x54mmR Tracer Rounds (AmmoBox_762x54Tracer_20Rnd<8318ca0>, 100, 100, 0) at <8112.840820, 82.883118, 5472.072754>
[COT 2024-01-31 02:35:04] 76561199108250772: Spawned Entity Boxed 7.62x54mmR Tracer Rounds (AmmoBox_762x54Tracer_20Rnd<831a2c0>, 100, 100, 0) at <8112.838867, 82.913101, 5472.077637>
[COT 2024-01-31 02:35:21] 76561199108250772: Spawned Entity 9V Battery (Battery9V<831da10>, 50, 20, 0) at <8112.792969, 82.795448, 5471.920898>
[COT 2024-01-31 02:35:21] 76561199108250772: Spawned Entity 9V Battery (Battery9V<831c3f0>, 50, 20, 0) at <8112.801270, 82.854385, 5471.937012>
[COT 2024-01-31 02:35:22] 76561199108250772: Spawned Entity 9V Battery (Battery9V<831f030>, 50, 20, 0) at <8112.812012, 82.914871, 5471.957520>
[COT 2024-01-31 02:36:33] 76561199108250772: Teleported to position <10087.052734, 73.441269, 9873.540039>
[COT 2024-01-31 02:36:58] 76561199108250772: Spawned Entity Lock Pick (Lockpick<834eb80>, 100, 125, 0) at <10104.077148, 75.346863, 9891.623047>
[COT 2024-01-31 02:39:20] 76561199108250772: Spawned Entity Sea Chest (SeaChest<a0690d0>, 100, 600, 0) at <10074.200195, 83.129303, 9883.779297>
[COT 2024-01-31 02:39:35] 76561199108250772: Spawned Entity Bandage (BandageDressing<fd3907b0>, 4, 50, 0) at <10074.097656, 83.122955, 9884.140625>
[COT 2024-01-31 02:39:45] 76561199108250772: Spawned Entity Bandage (BandageDressing<bcce8c0>, 4, 50, 0) at <10074.093750, 82.958443, 9884.206055>
[COT 2024-01-31 02:39:46] 76561199108250772: Spawned Entity Bandage (BandageDressing<169a070>, 4, 50, 0) at <10074.138672, 83.041344, 9884.221680>
[COT 2024-01-31 02:39:46] 76561199108250772: Spawned Entity Bandage (BandageDressing<d2e02e0>, 4, 50, 0) at <10074.182617, 83.124359, 9884.236328>
[COT 2024-01-31 02:39:56] 76561199108250772: Spawned Entity Alcoholic Tincture (DisinfectantAlcohol<a077810>, 200, 30, 0) at <10074.229492, 83.212967, 9884.252930>
[COT 2024-01-31 02:40:01] 76561199108250772: Spawned Entity Tetracycline Pills (TetracyclineAntibiotics<a07ebb0>, 12, 30, 0) at <10074.287109, 83.321274, 9884.272461>
[COT 2024-01-31 02:40:41] 76561199108250772: Spawned Entity Large Safe (ExpansionSafeLarge<2dda2b0>, 100, 20000, 0) at <10101.641602, 78.912834, 9895.752930>
[COT 2024-01-31 02:41:31] 76561199108250772: Spawned Entity Boxed Nails (NailBox<8762660>, 100, 80, 0) at <10101.128906, 78.913406, 9895.896484>
[COT 2024-01-31 02:41:32] 76561199108250772: Spawned Entity Boxed Nails (NailBox<dc18f80>, 100, 80, 0) at <10101.208008, 79.112892, 9895.864258>
[COT 2024-01-31 02:41:32] 76561199108250772: Spawned Entity Boxed Nails (NailBox<9c6ccb0>, 100, 80, 0) at <10101.287109, 79.311768, 9895.831055>
[COT 2024-01-31 02:41:33] 76561199108250772: Spawned Entity Boxed Nails (NailBox<f94dcac0>, 100, 80, 0) at <10101.364258, 79.507790, 9895.799805>
[COT 2024-01-31 02:41:34] 76561199108250772: Spawned Entity Boxed Nails (NailBox<9c7c010>, 100, 80, 0) at <10101.441406, 79.700844, 9895.767578>
[COT 2024-01-31 02:41:43] 76561199108250772: Spawned Entity Hammer (Hammer<19fed80>, 100, 100, 0) at <10100.923828, 78.915207, 9895.449219>
[COT 2024-01-31 02:41:47] 76561199108250772: Spawned Entity Hammer (Hammer<1241ae0>, 100, 100, 0) at <10100.964844, 79.011902, 9895.454102>
[COT 2024-01-31 02:41:54] 76561199108250772: Spawned Entity Hatchet (Hatchet<1a1b310>, 100, 150, 0) at <10101.004883, 79.107643, 9895.459961>
[COT 2024-01-31 02:41:55] 76561199108250772: Spawned Entity Hatchet (Hatchet<8bb2f70>, 100, 150, 0) at <10101.034180, 79.178154, 9895.462891>
[COT 2024-01-31 02:42:02] 76561199108250772: Spawned Entity Hand Saw (HandSaw<fff56de0>, 100, 100, 0) at <10101.063477, 79.247780, 9895.466797>
[COT 2024-01-31 02:42:03] 76561199108250772: Spawned Entity Hand Saw (HandSaw<fff58400>, 100, 100, 0) at <10101.088867, 79.307968, 9895.469727>
[COT 2024-01-31 02:42:13] 76561199108250772: Spawned Entity Splitting Axe (WoodAxe<fff52b80>, 100, 250, 0) at <10101.114258, 79.368149, 9895.473633>
[COT 2024-01-31 02:42:14] 76561199108250772: Spawned Entity Splitting Axe (WoodAxe<fff5a530>, 100, 250, 0) at <10101.161133, 79.480247, 9895.479492>
[COT 2024-01-31 02:42:20] 76561199108250772: Spawned Entity Sharpening Stone (Whetstone<fff61ee0>, 100, 50, 0) at <10101.209961, 79.595718, 9895.485352>
[COT 2024-01-31 02:42:20] 76561199108250772: Spawned Entity Sharpening Stone (Whetstone<fff5bb50>, 100, 50, 0) at <10101.234375, 79.652962, 9895.488281>
[COT 2024-01-31 02:42:21] 76561199108250772: Spawned Entity Sharpening Stone (Whetstone<fff5f2a0>, 100, 50, 0) at <10101.257813, 79.710426, 9895.491211>
[COT 2024-01-31 02:42:21] 76561199108250772: Spawned Entity Sharpening Stone (Whetstone<fff5e790>, 100, 50, 0) at <10101.282227, 79.767349, 9895.494141>
[COT 2024-01-31 02:42:22] 76561199108250772: Spawned Entity Sharpening Stone (Whetstone<fff5c660>, 100, 50, 0) at <10101.306641, 79.825348, 9895.497070>
[COT 2024-01-31 02:43:30] 76561199108250772: Spawned Entity Tactical Backpack (CoyoteBag_Green<ff70ffd0>, 10, 190, 0) at <10101.518555, 78.913269, 9895.691406>
[COT 2024-01-31 02:43:39] 76561199108250772: Spawned Entity Field Backpack (AliceBag_Green<708dcf0>, 10, 130, 0) at <10100.945313, 78.916458, 9895.035156>
[COT 2024-01-31 02:44:31] 76561199108250772: Spawned Entity Pen (Pen_Red<fff52b80>, 100, 10, 0) at <10101.705078, 78.912773, 9895.731445>
[COT 2024-01-31 02:44:36] 76561199108250772: Spawned Entity Paper (Paper<fff58400>, 100, 15, 0) at <10101.706055, 78.929314, 9895.730469>
[COT 2024-01-31 02:45:27] 76561199108250772: Spawned Entity Pen (Pen_Black<fff5bb50>, 100, 10, 0) at <10101.241211, 78.912971, 9895.963867>
[COT 2024-01-31 02:45:49] 76561199108250772: Spawned Entity Land Mine (LandMineTrap<f635de30>, 100, 70, 0) at <10101.922852, 78.913330, 9895.413086>
[COT 2024-01-31 02:45:49] 76561199108250772: Spawned Entity Land Mine (LandMineTrap<f635f650>, 100, 70, 0) at <10101.931641, 79.009300, 9895.413086>
[COT 2024-01-31 02:45:50] 76561199108250772: Spawned Entity Land Mine (LandMineTrap<f635ea40>, 100, 70, 0) at <10101.940430, 79.105270, 9895.413086>
[COT 2024-01-31 02:45:50] 76561199108250772: Spawned Entity Land Mine (LandMineTrap<f6370bc0>, 100, 70, 0) at <10101.948242, 79.201241, 9895.413086>
[COT 2024-01-31 02:45:50] 76561199108250772: Spawned Entity Land Mine (LandMineTrap<f63717d0>, 100, 70, 0) at <10101.957031, 79.297211, 9895.414063>
[COT 2024-01-31 02:47:41] 76561199108250772: Spawned Entity Sea Chest (SeaChest<c84cfe30>, 100, 600, 0) at <10096.581055, 78.917221, 9887.951172>
[COT 2024-01-31 02:48:08] 76561199108250772: Spawned Entity M79 (M79<d8ccbd0>, 100, 200, 0) at <10097.166992, 78.916855, 9887.516602>
[COT 2024-01-31 02:48:17] 76561199108250772: Spawned Entity 40mm Explosive Grenade (Ammo_40mm_Explosive<f9227320>, 1, 50, 0) at <10097.135742, 79.009392, 9887.533203>
[COT 2024-01-31 02:48:18] 76561199108250772: Spawned Entity 40mm Explosive Grenade (Ammo_40mm_Explosive<f9226790>, 1, 50, 0) at <10097.115234, 79.071716, 9887.543945>
[COT 2024-01-31 02:48:18] 76561199108250772: Spawned Entity 40mm Explosive Grenade (Ammo_40mm_Explosive<f922e6c0>, 1, 50, 0) at <10097.091797, 79.140923, 9887.555664>
[COT 2024-01-31 02:48:19] 76561199108250772: Spawned Entity 40mm Explosive Grenade (Ammo_40mm_Explosive<f922fde0>, 1, 50, 0) at <10097.074219, 79.195816, 9887.565430>
[COT 2024-01-31 02:48:19] 76561199108250772: Spawned Entity 40mm Explosive Grenade (Ammo_40mm_Explosive<f9230970>, 1, 50, 0) at <10097.053711, 79.255096, 9887.576172>
[COT 2024-01-31 02:48:36] 76561199108250772: Spawned Entity M203 Teargas Grenade (Ammunition_Base<f923e520>, 4, 100, 0) at <10097.036133, 79.311089, 9887.585938>
[COT 2024-01-31 02:48:37] 76561199108250772: Spawned Entity M203 Teargas Grenade (Ammunition_Base<f924a9b0>, 4, 100, 0) at <10096.996094, 79.427643, 9887.606445>
[COT 2024-01-31 02:48:37] 76561199108250772: Spawned Entity M203 Teargas Grenade (Ammunition_Base<f9248700>, 4, 100, 0) at <10096.956055, 79.548897, 9887.627930>
[COT 2024-01-31 02:48:37] 76561199108250772: Spawned Entity M203 Teargas Grenade (Ammunition_Base<f9246450>, 4, 100, 0) at <10096.915039, 79.670532, 9887.649414>
[COT 2024-01-31 02:48:39] 76561199108250772: Spawned Entity M203 Teargas Grenade (Ammunition_Base<f924b540>, 4, 100, 0) at <10096.874023, 79.793716, 9887.670898>
[COT 2024-01-31 02:48:40] 76561199108250772: Spawned Entity M203 Teargas Grenade (Ammunition_Base<f9244d30>, 4, 100, 0) at <10096.833008, 79.917450, 9887.692383>
[COT 2024-01-31 02:48:40] 76561199108250772: Spawned Entity M203 Teargas Grenade (Ammunition_Base<f92528e0>, 4, 100, 0) at <10096.792969, 80.036873, 9887.713867>
[COT 2024-01-31 02:48:40] 76561199108250772: Spawned Entity M203 Teargas Grenade (Ammunition_Base<f924faa0>, 4, 100, 0) at <10096.751953, 80.158546, 9887.735352>
[COT 2024-01-31 02:50:03] 76561199108250772: Spawned Entity Tripwire (TripwireTrap<f636db80>, 100, 50, 0) at <10094.129883, 78.917900, 9890.141602>
[COT 2024-01-31 02:50:22] 76561199108250772: Spawned Entity Gunrack (ExpansionGunrack<d58d450>, 100, 600, 0) at <10093.556641, 78.917389, 9890.776367>
[COT 2024-01-31 02:51:11] 76561199108250772: Spawned Entity 8-M4 Flashbang (FlashGrenade<b950e50>, 100, 20, 0) at <10096.705078, 78.921196, 9891.222656>
[COT 2024-01-31 02:51:11] 76561199108250772: Spawned Entity 8-M4 Flashbang (FlashGrenade<b94e010>, 100, 20, 0) at <10096.726563, 79.030594, 9891.227539>
[COT 2024-01-31 02:51:12] 76561199108250772: Spawned Entity 8-M4 Flashbang (FlashGrenade<b94c8f0>, 100, 20, 0) at <10096.748047, 79.139458, 9891.233398>
[COT 2024-01-31 02:51:12] 76561199108250772: Spawned Entity 8-M4 Flashbang (FlashGrenade<b94eba0>, 100, 20, 0) at <10096.766602, 79.236679, 9891.237305>
[COT 2024-01-31 02:54:46] 76561199108250772: Spawned Entity Wooden Crate (WoodenCrate<17d6e1c0>, 50, 400, 0) at <10098.693359, 78.915268, 9896.853516>
[COT 2024-01-31 02:54:50] 76561199108250772: Spawned Entity Wooden Crate (WoodenCrate<17d6d630>, 50, 400, 0) at <10098.088867, 78.920387, 9895.442383>
[COT 2024-01-31 02:55:01] 76561199108250772: Spawned Entity Gold Bar (ExpansionGoldBar<f9f4e060>, 100, 100, 0) at <10097.924805, 78.916023, 9897.102539>
[COT 2024-01-31 02:56:02] 76561199108250772: Spawned Entity Sea Chest (SeaChest<1643700>, 100, 600, 0) at <10101.612305, 75.344475, 9895.962891>
[COT 2024-01-31 02:56:27] 76561199108250772: Spawned Entity Duct Tape (DuctTape<1241ae0>, 100, 50, 0) at <10102.416992, 75.344986, 9895.697266>
[COT 2024-01-31 02:56:35] 76561199108250772: Spawned Entity Long Stick (LongWoodenStick<8762660>, 1, 100, 0) at <10102.395508, 75.440384, 9895.701172>
[COT 2024-01-31 02:56:48] 76561199108250772: Spawned Entity Morphine Auto-Injector (Morphine<8764790>, 1, 50, 0) at <10102.385742, 75.481133, 9895.703125>
[COT 2024-01-31 02:56:48] 76561199108250772: Spawned Entity Morphine Auto-Injector (Morphine<8777240>, 1, 50, 0) at <10102.369141, 75.551804, 9895.706055>
[COT 2024-01-31 02:57:00] 76561199108250772: Spawned Entity Epinephrine Auto-Injector (Epinephrine<8776730>, 150, 50, 0) at <10102.353516, 75.622490, 9895.708984>
[COT 2024-01-31 02:57:59] 76561199108250772: Spawned Entity Sea Chest (ExpansionQuestSeaChest<a8e6060>, 100, 100, 0) at <10096.952148, 75.341675, 9896.853516>
[COT 2024-01-31 02:58:10] 76561199108250772: Deleted Entity ExpansionQuestSeaChest:16040 at <10096.952148, 75.354774, 9896.853516>
[COT 2024-01-31 02:58:12] 76561199108250772: Spawned Entity Sea Chest (SeaChest<a8e6060>, 100, 600, 0) at <10096.992188, 75.341705, 9896.814453>
[COT 2024-01-31 02:59:08] 76561199108250772: Spawned Entity Ghillie Hood (GhillieHood_Woodland<a8f47a0>, 100, 50, 0) at <10096.681641, 75.341682, 9896.149414>
[COT 2024-01-31 02:59:39] 76561199108250772: Spawned Entity BDU Pants (BDUPants<a9242c0>, 225, 140, 0) at <10096.519531, 75.793861, 9896.211914>
[COT 2024-01-31 02:59:52] 76561199108250772: Spawned Entity Jungle Boots (JungleBoots_Olive<ee3a880>, 225, 150, 0) at <10096.813477, 75.341652, 9896.616211>
[COT 2024-01-31 03:01:18] 76561199108250772: Spawned Entity BDU Jacket (BDUJacket<fc818df0>, 225, 140, 0) at <10096.884766, 75.341568, 9897.130859>
[COT 2024-01-31 03:04:19] 76561199108250772: Spawned Entity Ghillie Shrug (GhillieBushrag_Woodland<d3c36b0>, 225, 50, 0) at <10096.851563, 75.441055, 9897.102539>
[COT 2024-01-31 03:05:39] 76561199108250772: Spawned Entity Tripwire (TripwireTrap<f6376030>, 10, 50, 0) at <10096.284180, 75.341316, 9896.793945>
[COT 2024-01-31 03:06:30] 76561199108250772: Spawned Entity Wooden Crate (WoodenCrate<d3da8b0>, 100, 400, 0) at <10099.830078, 75.344063, 9893.477539>
[COT 2024-01-31 03:07:33] 76561199108250772: Spawned Entity M14 Springfield (Expansion_M14_Base<d8fbd90>, 100, 175, 0) at <10099.036133, 75.343658, 9893.326172>
[COT 2024-01-31 03:07:45] 76561199108250772: Entered the Free Camera
[COT 2024-01-31 03:07:51] 76561199108250772: Left the Free Camera
[COT 2024-01-31 03:08:05] 76561199108250772: Spawned Entity Land Mine (LandMineTrap<f6375420>, 100, 70, 0) at <10093.561523, 73.822723, 9880.710938>
[COT 2024-01-31 03:08:05] 76561199108250772: Spawned Entity Land Mine (LandMineTrap<f6376c40>, 100, 70, 0) at <10093.565430, 73.918701, 9880.718750>
[COT 2024-01-31 03:08:45] 76561199108250772: Entered the Free Camera
[COT 2024-01-31 03:08:50] 76561199108250772: Left the Free Camera
[COT 2024-01-31 03:14:01] 76561199108250772: Teleported to position <7734.106445, 245.515289, 7580.376953>
[COT 2024-01-31 03:14:07] 76561199108250772: Set Invisibility To 1 [guid=OAdpPkJP2Ps_W7h2ttR1bK23ekHCzrxw0mDT3zqLMdU=]
[COT 2024-01-31 03:14:41] 76561199108250772: Entered the Free Camera
[COT 2024-01-31 03:14:49] 76561199108250772: Left the Free Camera
[COT 2024-01-31 03:15:02] 76561199108250772: Spawned Entity Infected (ZmbM_usSoldier_normal_Base<f8b81670>, 100, 115, 0) at <7684.852539, 245.690033, 7611.015137>
[COT 2024-01-31 03:15:06] 76561199108250772: Spawned Entity Infected (ZmbM_usSoldier_normal_Base<f8b7a240>, 100, 115, 0) at <7637.674805, 246.175400, 7624.910156>
[COT 2024-01-31 03:15:10] 76561199108250772: Spawned Entity Infected (ZmbM_usSoldier_normal_Base<f8b7ec30>, 100, 115, 0) at <7625.179688, 246.377838, 7600.422852>
[COT 2024-01-31 03:15:12] 76561199108250772: Spawned Entity Infected (ZmbM_usSoldier_normal_Base<f8b7acd0>, 100, 115, 0) at <7644.599609, 247.644821, 7667.374512>
[COT 2024-01-31 03:15:16] 76561199108250772: Spawned Entity Infected (ZmbM_usSoldier_normal_Base<f8b7f6c0>, 100, 115, 0) at <7676.724609, 242.840836, 7698.926270>
[COT 2024-01-31 03:15:37] 76561199108250772: Spawned Entity Infected (ZmbM_Mummy<f8b80150>, 100, 1000, 0) at <7695.090332, 250.094223, 7569.507324>
[COT 2024-01-31 03:15:50] 76561199108250772: Spawned Entity Infected (ZmbM_usSoldier_normal_Base<f8b82100>, 100, 115, 0) at <7646.087891, 245.993744, 7559.680176>
[COT 2024-01-31 03:15:53] 76561199108250772: Spawned Entity Infected (ZmbM_usSoldier_normal_Base<f8b7e1a0>, 100, 115, 0) at <7679.670898, 245.549789, 7588.293457>
[COT 2024-01-31 03:15:56] 76561199108250772: Spawned Entity Infected (ZmbM_usSoldier_normal_Base<f8b80be0>, 100, 115, 0) at <7630.647461, 246.377716, 7598.296875>
[COT 2024-01-31 03:16:02] 76561199108250772: Spawned Entity Infected (ZmbM_usSoldier_normal_Base<f8b7b760>, 100, 115, 0) at <7638.198242, 246.175354, 7624.987793>
[COT 2024-01-31 03:16:07] 76561199108250772: Spawned Entity Infected (ZmbM_usSoldier_normal_Base<f8b7c1f0>, 100, 115, 0) at <7611.350586, 252.490677, 7628.729492>
[COT 2024-01-31 03:16:10] 76561199108250772: Spawned Entity Infected (ZmbM_usSoldier_normal_Base<f8b7cc80>, 100, 115, 0) at <7618.093262, 248.816833, 7610.058594>
[COT 2024-01-31 03:16:14] 76561199108250772: Spawned Entity Infected (ZmbM_usSoldier_normal_Base<f8b59220>, 100, 115, 0) at <7698.525391, 245.694778, 7553.388184>
[COT 2024-01-31 03:16:20] 76561199108250772: Spawned Entity Infected (ZmbM_usSoldier_normal_Base<f8b51df0>, 100, 115, 0) at <7716.020996, 245.690018, 7565.770996>
[COT 2024-01-31 03:16:24] 76561199108250772: Spawned Entity Infected (ZmbM_usSoldier_normal_Base<f8b63090>, 100, 115, 0) at <7696.342773, 245.689987, 7555.191406>
[COT 2024-01-31 03:16:31] 76561199108250772: Spawned Entity Infected (ZmbM_usSoldier_normal_Base<f8b66560>, 100, 115, 0) at <7540.438965, 258.443756, 7580.458984>
[COT 2024-01-31 03:16:32] 76561199108250772: Spawned Entity Infected (ZmbM_usSoldier_normal_Base<f8b5f130>, 100, 115, 0) at <7540.454102, 258.443604, 7580.460449>
[COT 2024-01-31 03:16:33] 76561199108250772: Spawned Entity Infected (ZmbM_usSoldier_normal_Base<f8b67a80>, 100, 115, 0) at <7540.468750, 258.443420, 7580.461426>
[COT 2024-01-31 03:16:41] 76561199108250772: Spawned Entity Infected (ZmbM_usSoldier_normal_Base<f8b68510>, 100, 115, 0) at <7823.962402, 235.703674, 7654.783203>
[COT 2024-01-31 03:16:44] 76561199108250772: Spawned Entity Infected (ZmbM_usSoldier_normal_Base<f8b62600>, 100, 115, 0) at <7803.049805, 246.045364, 7712.192383>
[COT 2024-01-31 03:16:45] 76561199108250772: Spawned Entity Infected (ZmbM_usSoldier_normal_Base<c4a9fd0>, 100, 115, 0) at <7802.878418, 246.068024, 7711.929688>
[COT 2024-01-31 03:16:48] 76561199108250772: Spawned Entity Infected (ZmbM_usSoldier_normal_Base<c4ab4f0>, 100, 115, 0) at <7779.692871, 244.312302, 7720.146973>
[COT 2024-01-31 03:16:48] 76561199108250772: Spawned Entity Infected (ZmbM_usSoldier_normal_Base<c4adf30>, 100, 115, 0) at <7779.670898, 244.317093, 7720.095703>
[COT 2024-01-31 03:16:54] 76561199108250772: Spawned Entity Infected (ZmbM_usSoldier_normal_Base<c4aaa60>, 100, 115, 0) at <7723.053711, 245.690018, 7551.010742>
[COT 2024-01-31 03:17:02] 76561199108250772: Spawned Entity Infected (ZmbM_usSoldier_normal_Base<c4a8020>, 100, 115, 0) at <7685.612305, 245.689987, 7631.899414>
[COT 2024-01-31 03:17:26] 76561199108250772: Spawned Entity M16A4 (Expansion_M16<b639480>, 100, 250, 0) at <7687.977051, 245.690048, 7600.154297>
[COT 2024-01-31 03:17:59] 76561199108250772: Spawned Entity Wolf (Animal_CanisLupus<256e70f0>, 100, 250, 0) at <7569.418457, 257.810394, 7626.683594>
[COT 2024-01-31 03:18:01] 76561199108250772: Spawned Entity Wolf (Animal_CanisLupus<256f1c00>, 100, 250, 0) at <7569.643555, 257.808350, 7626.636230>
[COT 2024-01-31 03:18:01] 76561199108250772: Spawned Entity Wolf (Animal_CanisLupus<256f2610>, 100, 250, 0) at <7569.769531, 257.807190, 7626.609375>
[COT 2024-01-31 03:18:01] 76561199108250772: Spawned Entity Wolf (Animal_CanisLupus<256f3020>, 100, 250, 0) at <7569.895508, 257.806030, 7626.583008>
[COT 2024-01-31 03:18:07] 76561199108250772: Spawned Entity Wolf (Animal_CanisLupus<256f4e50>, 100, 250, 0) at <7786.593262, 231.458298, 7479.778320>
[COT 2024-01-31 03:18:11] 76561199108250772: Spawned Entity Wolf (Animal_CanisLupus<256f3a30>, 100, 250, 0) at <7872.258301, 247.372940, 7707.798340>
[COT 2024-01-31 03:18:34] 76561199108250772: Entered the Free Camera
[COT 2024-01-31 03:18:45] 76561199108250772: Left the Free Camera
[COT 2024-01-31 03:19:27] 76561199108250772: Spawned Entity Survivor (eAI_SurvivorF_Keiko<1c58a010>, 100, 100, 0) at <7689.846680, 245.689957, 7595.768066>
[COT 2024-01-31 03:19:39] 76561199108250772: Spawned Entity Survivor (eAI_SurvivorM_Niki<24f7e030>, 100, 100, 0) at <7689.846680, 245.689957, 7595.768066>
[COT 2024-01-31 03:20:01] 76561199108250772: ESP: Viewing ESP
[COT 2024-01-31 03:20:03] 76561199108250772: ESP index=0 target=eAI_SurvivorF_Keiko:5:INSTANCETYPE_AI_SERVER position=<7689.025391, 245.702499, 7599.222168> action=delete
[COT 2024-01-31 03:20:03] 76561199108250772: ESP action=delete_all count=1 attempted=1
[COT 2024-01-31 03:20:15] 76561199108250772: ESP: Clearing ESP
[COT 2024-01-31 03:20:29] 76561199108250772: Teleported to position <7789.936035, 132.911240, 6904.372559>
[COT 2024-01-31 03:20:34] 76561199108250772: Entered the Free Camera
[COT 2024-01-31 03:20:44] 76561199108250772: Left the Free Camera
[COT 2024-01-31 03:21:01] 76561199108250772: Spawned Entity Survivor (eAI_SurvivorM_Kaito<1c58a010>, 100, 100, 0) at <7774.492188, 137.299973, 6938.828613>
[COT 2024-01-31 03:21:25] 76561199108250772: Entered the Free Camera
[COT 2024-01-31 03:22:31] 76561199108250772: Spawned vehicle Ada 4x4 (OffroadHatchback_Blue) at <7778.437012, 130.401443, 6873.537598>
[COT 2024-01-31 03:23:20] 76561199108250772: Left the Free Camera
[COT 2024-01-31 03:23:58] 76561199108250772: Entered the Free Camera
[COT 2024-01-31 03:24:19] 76561199108250772: Left the Free Camera
[COT 2024-01-31 03:24:37] 76561199108250772: Teleported to position <9576.419922, 82.768692, 9614.931641>
[COT 2024-01-31 03:24:44] 76561199108250772: Entered the Free Camera
[COT 2024-01-31 03:24:49] 76561199108250772: Left the Free Camera
[COT 2024-01-31 03:25:07] 76561199108250772: Spawned Entity Medium Tent (MediumTent_Green<ffa8e420>, 100, 600, 0) at <9560.647461, 88.191841, 9593.146484>
[COT 2024-01-31 03:25:33] 76561199108250772: Spawned Entity Fishing Rod (FishingRod<724ebf0>, 100, 150, 0) at <9560.400391, 88.734161, 9591.159180>
[COT 2024-01-31 03:25:47] 76561199108250772: Spawned Entity Fange (FangeKnife<f9a94920>, 100, 130, 0) at <9560.403320, 88.836632, 9591.254883>
[COT 2024-01-31 03:25:53] 76561199108250772: Spawned Entity Sharpening Stone (Whetstone<16a0f10>, 100, 50, 0) at <9560.406250, 88.904434, 9591.317383>
[COT 2024-01-31 03:26:17] 76561199108250772: Spawned Entity Lighter (PetrolLighter<4c4b890>, 20, 20, 0) at <9560.306641, 88.784821, 9590.983398>
[COT 2024-01-31 03:26:25] 76561199108250772: Spawned Entity Canteen (Canteen<ff920c80>, 1000, 100, 512) at <9560.307617, 88.796852, 9590.995117>
