[COT 2024-01-28 06:53:17] 76561199108250772: Set UnlimitedAmmo To true [guid=OAdpPkJP2Ps_W7h2ttR1bK23ekHCzrxw0mDT3zqLMdU=]
[COT 2024-01-28 06:53:17] 76561199108250772: Set UnlimitedStamina To true [guid=OAdpPkJP2Ps_W7h2ttR1bK23ekHCzrxw0mDT3zqLMdU=]
[COT 2024-01-28 06:56:22] 76561199108250772: Spawned Entity M4-A1 (M4A1_Base<8eb161f0>, 100, 200, 0) at <8335.238281, 238.275177, 8613.466797>
[COT 2024-01-28 06:56:31] 76561199108250772: Set GodMode To true [guid=OAdpPkJP2Ps_W7h2ttR1bK23ekHCzrxw0mDT3zqLMdU=]
[COT 2024-01-28 06:57:33] 76561199108250772: Teleported to position <5011.737305, 208.492889, 8743.368164>
[COT 2024-01-28 06:57:52] 76561199108250772: Teleported to position <7489.752930, 252.268967, 7552.042480>
[COT 2024-01-28 06:57:55] 76561199108250772: Entered the Free Camera
[COT 2024-01-28 06:58:08] 76561199108250772: Left the Free Camera
[COT 2024-01-28 06:59:37] 76561199108250772: Teleported [guid=KWl3ojgjStHOe3-iLRChpUG8crsNiNfei3BT6NCIfaw=] to <7682.734863, 253.740997, 7568.771484>
[COT 2024-01-28 06:59:57] 76561199108250772: Set GodMode To true [guid=KWl3ojgjStHOe3-iLRChpUG8crsNiNfei3BT6NCIfaw=]
[COT 2024-01-28 06:59:58] 76561199108250772: Set UnlimitedAmmo To true [guid=KWl3ojgjStHOe3-iLRChpUG8crsNiNfei3BT6NCIfaw=]
[COT 2024-01-28 06:59:58] 76561199108250772: Set UnlimitedStamina To true [guid=KWl3ojgjStHOe3-iLRChpUG8crsNiNfei3BT6NCIfaw=]
[COT 2024-01-28 07:00:05] 76561199108250772: Spawned Entity AUR A1 (AugShort<9e451b70>, 100, 300, 0) at <7682.105469, 253.799118, 7568.189941>
[COT 2024-01-28 07:01:46] 76561199108250772: Teleported to position <5254.310059, 137.472656, 5266.749023>
[COT 2024-01-28 07:01:56] 76561199108250772: Teleported [guid=KWl3ojgjStHOe3-iLRChpUG8crsNiNfei3BT6NCIfaw=] to <5254.310059, 137.472656, 5266.749023>
[COT 2024-01-28 07:01:58] 76561199108250772: Teleported [guid=s7vJf2NuCNme1MUM_sgLr2G3yzcxYg10pO0s-GAKExM=] to <5253.672852, 137.547577, 5266.808594>
[COT 2024-01-28 07:02:00] 76561199108250772: Set GodMode To true [guid=s7vJf2NuCNme1MUM_sgLr2G3yzcxYg10pO0s-GAKExM=]
[COT 2024-01-28 07:02:02] 76561199108250772: Set UnlimitedStamina To true [guid=s7vJf2NuCNme1MUM_sgLr2G3yzcxYg10pO0s-GAKExM=]
[COT 2024-01-28 07:02:02] 76561199108250772: Set UnlimitedAmmo To true [guid=s7vJf2NuCNme1MUM_sgLr2G3yzcxYg10pO0s-GAKExM=]
[COT 2024-01-28 07:02:14] 76561199108250772: Spawned Entity Bizon (PP19_Base<9e452800>, 100, 250, 0) at <5250.046875, 137.862762, 5267.089355>
[COT 2024-01-28 07:04:52] 76561199108250772: Teleported to position <7641.754883, 246.418671, 7576.600586>
[COT 2024-01-28 07:05:02] 76561199108250772: Teleported [guid=s7vJf2NuCNme1MUM_sgLr2G3yzcxYg10pO0s-GAKExM=] to <7652.005371, 245.893921, 7568.346680>
[COT 2024-01-28 07:05:04] 76561199108250772: Teleported [guid=KWl3ojgjStHOe3-iLRChpUG8crsNiNfei3BT6NCIfaw=] to <7652.005371, 245.893921, 7568.346680>
[COT 2024-01-28 07:08:25] 76561199108250772: Teleported to position <10192.036133, 77.341667, 9817.548828>
[COT 2024-01-28 07:08:34] 76561199108250772: Teleported [guid=KWl3ojgjStHOe3-iLRChpUG8crsNiNfei3BT6NCIfaw=] to <10192.036133, 77.355042, 9817.548828>
[COT 2024-01-28 07:08:37] 76561199108250772: Teleported [guid=s7vJf2NuCNme1MUM_sgLr2G3yzcxYg10pO0s-GAKExM=] to <10192.036133, 77.355042, 9817.548828>
[COT 2024-01-28 07:11:26] 76561199108250772: Set GodMode To false [guid=KWl3ojgjStHOe3-iLRChpUG8crsNiNfei3BT6NCIfaw=]
[COT 2024-01-28 07:11:28] 76561199108250772: Set GodMode To false [guid=OAdpPkJP2Ps_W7h2ttR1bK23ekHCzrxw0mDT3zqLMdU=]
[COT 2024-01-28 07:11:32] 76561199108250772: Set GodMode To false [guid=s7vJf2NuCNme1MUM_sgLr2G3yzcxYg10pO0s-GAKExM=]
[COT 2024-01-28 07:12:14] 76561199108250772: Entered the Free Camera
[COT 2024-01-28 07:12:20] 76561199108250772: Left the Free Camera
[COT 2024-01-28 07:13:28] 76561199108250772: Teleported [guid=s7vJf2NuCNme1MUM_sgLr2G3yzcxYg10pO0s-GAKExM=] to <10077.671875, 74.002037, 9882.376953>
[COT 2024-01-28 07:17:27] 76561199108250772: Healed [guid=s7vJf2NuCNme1MUM_sgLr2G3yzcxYg10pO0s-GAKExM=]
[COT 2024-01-28 07:17:30] 76561199108250772: Healed [guid=KWl3ojgjStHOe3-iLRChpUG8crsNiNfei3BT6NCIfaw=]
[COT 2024-01-28 07:17:32] 76561199108250772: Healed [guid=OAdpPkJP2Ps_W7h2ttR1bK23ekHCzrxw0mDT3zqLMdU=]
[COT 2024-01-28 07:18:01] 76561199108250772: Set the date to 2024/9/21 12:0
[COT 2024-01-28 07:18:02] 76561199108250772: Set rain to 0 0 0
[COT 2024-01-28 07:18:02] 76561199108250772: Set storm to 0 0.8 4000
[COT 2024-01-28 07:18:02] 76561199108250772: Set fog to 0 0 0
[COT 2024-01-28 07:18:02] 76561199108250772: Set overcast to 0 0 0
[COT 2024-01-28 07:18:02] 76561199108250772: Set wind to 0 0 1
[COT 2024-01-28 07:25:29] 76561199108250772: Healed [guid=OAdpPkJP2Ps_W7h2ttR1bK23ekHCzrxw0mDT3zqLMdU=]
[COT 2024-01-28 07:27:37] 76561199108250772: Teleported [guid=s7vJf2NuCNme1MUM_sgLr2G3yzcxYg10pO0s-GAKExM=] to <8632.141602, 92.878563, 9732.974609>
[COT 2024-01-28 07:27:55] 76561199108250772: Entered the Free Camera
[COT 2024-01-28 07:27:57] 76561199108250772: Left the Free Camera
[COT 2024-01-28 07:29:10] 76561199108250772: Teleported [guid=s7vJf2NuCNme1MUM_sgLr2G3yzcxYg10pO0s-GAKExM=] to <8641.312500, 103.495811, 9826.847656>
[COT 2024-01-28 07:33:13] 76561199108250772: ESP: Viewing ESP
[COT 2024-01-28 07:33:18] 76561199108250772: ESP: Clearing ESP
[COT 2024-01-28 07:33:18] 76561199108250772: ESP: Viewing ESP
[COT 2024-01-28 07:33:24] 76561199108250772: ESP: Clearing ESP
[COT 2024-01-28 07:37:29] 76561199108250772: Spawned Entity Land Mine (LandMineTrap<8ebd2eb0>, 100, 70, 0) at <7755.004883, 125.144547, 10168.286133>
[COT 2024-01-28 07:38:41] 76561199108250772: Healed [guid=s7vJf2NuCNme1MUM_sgLr2G3yzcxYg10pO0s-GAKExM=]
[COT 2024-01-28 07:40:15] 76561199108250772: Spawned Entity SVAL (ASVAL<9e457ff0>, 100, 250, 0) at <7725.013672, 122.985512, 10127.685547>
[COT 2024-01-28 07:41:00] 76561199108250772: Spawned vehicle Ada 4x4 (OffroadHatchback_Blue) at <7751.261230, 130.035309, 10044.328125>
[COT 2024-01-28 07:45:14] 76561199108250772: Entered the Free Camera
[COT 2024-01-28 07:45:20] 76561199108250772: Left the Free Camera
[COT 2024-01-28 07:46:30] 76561199108250772: Set UnlimitedAmmo To true [guid=OAdpPkJP2Ps_W7h2ttR1bK23ekHCzrxw0mDT3zqLMdU=]
[COT 2024-01-28 07:46:31] 76561199108250772: Set UnlimitedStamina To true [guid=OAdpPkJP2Ps_W7h2ttR1bK23ekHCzrxw0mDT3zqLMdU=]
[COT 2024-01-28 07:46:36] 76561199108250772: Set UnlimitedAmmo To true [guid=s7vJf2NuCNme1MUM_sgLr2G3yzcxYg10pO0s-GAKExM=]
[COT 2024-01-28 07:46:37] 76561199108250772: Set UnlimitedStamina To true [guid=s7vJf2NuCNme1MUM_sgLr2G3yzcxYg10pO0s-GAKExM=]
[COT 2024-01-28 07:54:19] 76561199108250772: Repaired Transport [guid=s7vJf2NuCNme1MUM_sgLr2G3yzcxYg10pO0s-GAKExM=]
[COT 2024-01-28 08:00:42] 76561199108250772: Teleported to position <7000.763672, 86.631615, 5879.664063>
[COT 2024-01-28 08:00:49] 76561199108250772: Teleported [guid=s7vJf2NuCNme1MUM_sgLr2G3yzcxYg10pO0s-GAKExM=] to <6991.327637, 86.781189, 5883.126953>
[COT 2024-01-28 08:00:52] 76561199108250772: Set UnlimitedAmmo To true [guid=s7vJf2NuCNme1MUM_sgLr2G3yzcxYg10pO0s-GAKExM=]
[COT 2024-01-28 08:00:52] 76561199108250772: Set UnlimitedStamina To true [guid=s7vJf2NuCNme1MUM_sgLr2G3yzcxYg10pO0s-GAKExM=]
[COT 2024-01-28 08:00:56] 76561199108250772: Set UnlimitedAmmo To true [guid=OAdpPkJP2Ps_W7h2ttR1bK23ekHCzrxw0mDT3zqLMdU=]
[COT 2024-01-28 08:00:57] 76561199108250772: Set UnlimitedStamina To true [guid=OAdpPkJP2Ps_W7h2ttR1bK23ekHCzrxw0mDT3zqLMdU=]
[COT 2024-01-28 08:00:58] 76561199108250772: Healed [guid=OAdpPkJP2Ps_W7h2ttR1bK23ekHCzrxw0mDT3zqLMdU=]
[COT 2024-01-28 08:01:01] 76561199108250772: Healed [guid=s7vJf2NuCNme1MUM_sgLr2G3yzcxYg10pO0s-GAKExM=]
[COT 2024-01-28 08:02:09] 76561199108250772: Repaired Transport [guid=OAdpPkJP2Ps_W7h2ttR1bK23ekHCzrxw0mDT3zqLMdU=]
[COT 2024-01-28 08:02:24] 76561199108250772: Spawned vehicle Ada 4x4 (OffroadHatchback) at <6780.874023, 95.402870, 6010.437988>
[COT 2024-01-28 08:02:29] 76561199108250772: Set the date to 2024/9/21 12:0
[COT 2024-01-28 08:02:30] 76561199108250772: Set rain to 0 0 0
[COT 2024-01-28 08:02:30] 76561199108250772: Set storm to 0 0.8 4000
[COT 2024-01-28 08:02:30] 76561199108250772: Set fog to 0 0 0
[COT 2024-01-28 08:02:30] 76561199108250772: Set overcast to 0 0 0
[COT 2024-01-28 08:02:30] 76561199108250772: Set wind to 0 0 1
[COT 2024-01-28 08:10:34] 76561199108250772: Healed [guid=OAdpPkJP2Ps_W7h2ttR1bK23ekHCzrxw0mDT3zqLMdU=]
[COT 2024-01-28 08:10:47] 76561199108250772: Spawned Entity EGD-5 Frag Grenade (RGD5Grenade<8ebdcb80>, 100, 50, 0) at <8506.520508, 81.672424, 5806.922852>
[COT 2024-01-28 08:11:48] 76561199108250772: Entered the Free Camera
[COT 2024-01-28 08:11:53] 76561199108250772: Left the Free Camera
[COT 2024-01-28 08:13:57] 76561199108250772: Set UnlimitedAmmo To true [guid=OAdpPkJP2Ps_W7h2ttR1bK23ekHCzrxw0mDT3zqLMdU=]
[COT 2024-01-28 08:13:57] 76561199108250772: Set UnlimitedStamina To true [guid=OAdpPkJP2Ps_W7h2ttR1bK23ekHCzrxw0mDT3zqLMdU=]
[COT 2024-01-28 08:15:17] 76561199108250772: Healed [guid=OAdpPkJP2Ps_W7h2ttR1bK23ekHCzrxw0mDT3zqLMdU=]
[COT 2024-01-28 08:18:51] 76561199108250772: Entered the Free Camera
[COT 2024-01-28 08:18:59] 76561199108250772: Left the Free Camera
[COT 2024-01-28 08:22:13] 76561199108250772: Entered the Free Camera
[COT 2024-01-28 08:22:18] 76561199108250772: Left the Free Camera
[COT 2024-01-28 08:23:00] 76561199108250772: Entered the Free Camera
[COT 2024-01-28 08:23:08] 76561199108250772: Left the Free Camera
[COT 2024-01-28 08:30:30] 76561199108250772: Teleported to position <9840.807617, 73.810059, 4903.470703>
[COT 2024-01-28 08:34:33] 76561199108250772: Teleported to position <9480.669922, 74.460739, 5030.085938>
[COT 2024-01-28 08:34:44] 76561199108250772: Set GodMode To true [guid=OAdpPkJP2Ps_W7h2ttR1bK23ekHCzrxw0mDT3zqLMdU=]
[COT 2024-01-28 08:34:45] 76561199108250772: Set UnlimitedAmmo To true [guid=OAdpPkJP2Ps_W7h2ttR1bK23ekHCzrxw0mDT3zqLMdU=]
[COT 2024-01-28 08:34:45] 76561199108250772: Set UnlimitedStamina To true [guid=OAdpPkJP2Ps_W7h2ttR1bK23ekHCzrxw0mDT3zqLMdU=]
[COT 2024-01-28 08:34:49] 76561199108250772: Set GodMode To true [guid=s7vJf2NuCNme1MUM_sgLr2G3yzcxYg10pO0s-GAKExM=]
[COT 2024-01-28 08:34:50] 76561199108250772: Set UnlimitedAmmo To true [guid=s7vJf2NuCNme1MUM_sgLr2G3yzcxYg10pO0s-GAKExM=]
[COT 2024-01-28 08:34:50] 76561199108250772: Set UnlimitedStamina To true [guid=s7vJf2NuCNme1MUM_sgLr2G3yzcxYg10pO0s-GAKExM=]
[COT 2024-01-28 08:34:55] 76561199108250772: Teleported [guid=s7vJf2NuCNme1MUM_sgLr2G3yzcxYg10pO0s-GAKExM=] to <9481.469727, 74.498734, 5029.925781>
[COT 2024-01-28 08:41:10] 76561199108250772: Spawned Entity Gyrocopter (ExpansionBigGyrocopter<a5ebd1f0>, 50, 2750, 0) at <10048.529297, 73.460007, 4807.914063>
[COT 2024-01-28 08:42:31] 76561199108250772: Set the date to 2024/9/21 12:0
[COT 2024-01-28 08:42:32] 76561199108250772: Set rain to 0 0 0
[COT 2024-01-28 08:42:32] 76561199108250772: Set storm to 0 0.8 4000
[COT 2024-01-28 08:42:32] 76561199108250772: Set fog to 0 0 0
[COT 2024-01-28 08:42:32] 76561199108250772: Set overcast to 0 0 0
[COT 2024-01-28 08:42:32] 76561199108250772: Set wind to 0 0 1
[COT 2024-01-28 08:42:33] 76561199108250772: Set rain to 0 0 0
[COT 2024-01-28 08:42:33] 76561199108250772: Set storm to 0 0.8 4000
[COT 2024-01-28 08:42:33] 76561199108250772: Set fog to 0 0 0
[COT 2024-01-28 08:42:33] 76561199108250772: Set overcast to 0 0 0
[COT 2024-01-28 08:42:33] 76561199108250772: Set wind to 0 0 1
[COT 2024-01-28 08:47:47] 76561199108250772: Set rain to 0 0 0
[COT 2024-01-28 08:47:47] 76561199108250772: Set storm to 0 0.8 4000
[COT 2024-01-28 08:47:47] 76561199108250772: Set fog to 0 0 0
[COT 2024-01-28 08:47:47] 76561199108250772: Set overcast to 0 0 0
[COT 2024-01-28 08:47:47] 76561199108250772: Set wind to 0 0 1
[COT 2024-01-28 08:47:48] 76561199108250772: Set the date to 2024/9/21 12:0
[COT 2024-01-28 08:47:54] 76561199108250772: Spawned Entity Mh-6 Little Bird (ExpansionMh6<a5ec8230>, 100, 5000, 0) at <8680.771484, 102.215942, 4886.066406>
[COT 2024-01-28 08:55:58] 76561199108250772: Entered the Free Camera
[COT 2024-01-28 08:56:05] 76561199108250772: Left the Free Camera
[COT 2024-01-28 08:57:58] 76561199108250772: Set GodMode To true [guid=OAdpPkJP2Ps_W7h2ttR1bK23ekHCzrxw0mDT3zqLMdU=]
[COT 2024-01-28 08:57:59] 76561199108250772: Set UnlimitedAmmo To true [guid=OAdpPkJP2Ps_W7h2ttR1bK23ekHCzrxw0mDT3zqLMdU=]
[COT 2024-01-28 08:58:00] 76561199108250772: Set UnlimitedStamina To true [guid=OAdpPkJP2Ps_W7h2ttR1bK23ekHCzrxw0mDT3zqLMdU=]
[COT 2024-01-28 09:02:44] 76561199108250772: Entered the Free Camera
[COT 2024-01-28 09:02:56] 76561199108250772: Left the Free Camera
