[COT 2024-02-18 19:21:49] 76561199407766611: Set GodMode To true [guid=spMEkRl42onhFHdF_u42e0T03x2sj347kUc600NXdGA=]
[COT 2024-02-18 19:21:49] 76561199407766611: Set Invisibility To 1 [guid=spMEkRl42onhFHdF_u42e0T03x2sj347kUc600NXdGA=]
[COT 2024-02-18 19:21:51] 76561199407766611: Set UnlimitedStamina To true [guid=spMEkRl42onhFHdF_u42e0T03x2sj347kUc600NXdGA=]
[COT 2024-02-18 19:21:51] 76561199407766611: Set UnlimitedAmmo To true [guid=spMEkRl42onhFHdF_u42e0T03x2sj347kUc600NXdGA=]
[COT 2024-02-18 19:21:53] 76561199407766611: Healed [guid=spMEkRl42onhFHdF_u42e0T03x2sj347kUc600NXdGA=]
[COT 2024-02-18 19:22:56] 76561199407766611: Teleported to position <6728.147949, 237.214447, 8537.244141>
[COT 2024-02-18 19:23:03] 76561199407766611: ESP: Viewing ESP
[COT 2024-02-18 19:23:27] 76561199407766611: Entered the Free Camera
[COT 2024-02-18 19:24:46] 76561199407766611: Spawned Entity Hen (Animal_GallusGallusDomesticusF_Spotted<4bdc9c70>, 100, 15, 0) at <4986.105957, 210.655670, 8742.549805>
[COT 2024-02-18 19:25:49] 76561199407766611: Spawned Entity MVS Canteen - Black (Canteen<3c3b7e30>, 1000, 100, 512) at <5021.805664, 209.503754, 8699.316406>
[COT 2024-02-18 19:26:00] 76561199407766611: Spawned Entity Chlorine Tablets (PurificationTablets<60f44e60>, 10, 30, 0) at <5022.107422, 209.489410, 8699.218750>
[COT 2024-02-18 19:26:39] 76561199407766611: Left the Free Camera
[COT 2024-02-18 19:27:00] 76561199407766611: Spawned Entity Combat Knife (CombatKnife<668e8cf0>, 100, 150, 0) at <5047.259766, 209.210907, 8729.156250>
[COT 2024-02-18 19:27:05] 76561199407766611: Spawned Entity Working Gloves (WorkingGloves_Black<668e4790>, 100, 150, 0) at <5047.259766, 209.210907, 8729.156250>
[COT 2024-02-18 19:27:07] 76561199407766611: Spawned Entity Working Gloves (WorkingGloves_Yellow<668e9880>, 100, 150, 0) at <5047.259766, 209.210907, 8729.156250>
[COT 2024-02-18 19:27:48] 76561199407766611: Spawned Entity Hen (Animal_GallusGallusDomesticusF_Spotted<65d63580>, 100, 15, 0) at <5035.372559, 208.505325, 8715.425781>
[COT 2024-02-18 19:27:55] 76561199407766611: Spawned Entity Hen (Animal_GallusGallusDomesticusF_Brown<65d61750>, 100, 15, 0) at <5018.393555, 208.492905, 8724.993164>
[COT 2024-02-18 19:28:23] 76561199407766611: Spawned Entity Chicken Jacket 1 (DOC_BOMBERJACKET_CHOOK1<668fc520>, 100, 100, 0) at <5085.614746, 213.281036, 8699.496094>
[COT 2024-02-18 19:28:26] 76561199407766611: Spawned Entity Chicken Jacket 1 (DOC_BOMBERJACKET_CHOOK1<668fd0b0>, 100, 100, 0) at <5085.614746, 213.281006, 8699.496094>
[COT 2024-02-18 19:28:37] 76561199407766611: Spawned Entity Chicken Jacket 1 (DOC_BOMBERJACKET_CHOOK1<668f96e0>, 100, 100, 0) at <5085.614746, 213.281036, 8699.496094>
[COT 2024-02-18 19:29:13] 76561199407766611: Entered the Free Camera
[COT 2024-02-18 19:29:57] 76561199407766611: Left the Free Camera
[COT 2024-02-18 19:30:18] 76561199407766611: Spawned Entity Hunter Pants (HunterPants_Spring<6690daa0>, 100, 150, 0) at <5345.895020, 218.390686, 8384.279297>
[COT 2024-02-18 19:30:39] 76561199407766611: Spawned Entity Cow Jacket 1 (DOC_BOMBERJACKET_COW1<66911470>, 100, 100, 0) at <5345.895020, 218.390686, 8384.279297>
[COT 2024-02-18 19:31:10] 76561199407766611: Entered the Free Camera
[COT 2024-02-18 19:34:02] 76561199407766611: Left the Free Camera
[COT 2024-02-18 19:35:25] 76561199407766611: Spawned Entity Combat Knife (CombatKnife<6acc42f0>, 100, 150, 0) at <6105.066895, 213.254364, 6933.694824>
[COT 2024-02-18 19:35:28] 76561199407766611: Spawned Entity Combat Knife (CombatKnife<6b01dce0>, 100, 150, 0) at <6106.194824, 213.929199, 6935.419922>
[COT 2024-02-18 19:35:31] 76561199407766611: Entered the Free Camera
[COT 2024-02-18 19:35:45] 76561199407766611: Left the Free Camera
[COT 2024-02-18 19:36:33] 76561199407766611: Spawned Entity Sea Chest (SeaChest<6ea59b30>, 100, 600, 0) at <6220.148926, 206.673584, 6913.936523>
[COT 2024-02-18 19:36:42] 76561199407766611: Spawned Entity Doc's Glock - Purple/White (DOC_GLOCK_PRPWHT<422f0270>, 100, 2800, 0) at <6220.024902, 207.115021, 6914.429199>
[COT 2024-02-18 19:36:45] 76561199407766611: Spawned Entity Doc's Glock - Turquoise/Grey (DOC_GLOCK_TRQGRY<422fb950>, 100, 2800, 0) at <6220.012207, 207.184235, 6914.511230>
[COT 2024-02-18 19:36:52] 76561199407766611: Spawned Entity Doc's Turquoise Pistol Suppressor (ItemSuppressor<70e88170>, 100, 1800, 0) at <6219.993164, 207.252106, 6914.586914>
[COT 2024-02-18 19:36:58] 76561199407766611: Spawned Entity Doc's FDE Pistol Suppressor (ItemSuppressor<70e8ddf0>, 100, 1800, 0) at <6219.980469, 207.283936, 6914.629395>
[COT 2024-02-18 19:37:34] 76561199407766611: Spawned Entity 15rd Mlock-91 Mag (Mag_Glock_15Rnd<70e9ff00>, 15, 100, 0) at <6219.260742, 206.673584, 6913.995605>
[COT 2024-02-18 19:37:34] 76561199407766611: Spawned Entity 15rd Mlock-91 Mag (Mag_Glock_15Rnd<70ea5b80>, 15, 100, 0) at <6219.285156, 206.745102, 6914.019531>
[COT 2024-02-18 19:37:35] 76561199407766611: Spawned Entity 15rd Mlock-91 Mag (Mag_Glock_15Rnd<70ea4ff0>, 15, 100, 0) at <6219.311035, 206.816818, 6914.045898>
[COT 2024-02-18 19:37:35] 76561199407766611: Spawned Entity 15rd Mlock-91 Mag (Mag_Glock_15Rnd<70ea7e30>, 15, 100, 0) at <6219.343262, 206.888351, 6914.076172>
[COT 2024-02-18 19:37:53] 76561199407766611: Spawned Entity Matches (Matchbox<6f0c3a40>, 100, 80, 0) at <6220.160645, 206.673584, 6915.767578>
[COT 2024-02-18 19:39:17] 76561199407766611: Spawned Entity Initiates Blade Of The Withering Flesh (DOC_SWORD_BASE_MEDIEVAL<6f0f5810>, 100, 600, 0) at <6212.899414, 207.622330, 6906.876953>
[COT 2024-02-18 19:39:27] 76561199407766611: Entered the Free Camera
[COT 2024-02-18 19:39:46] 76561199407766611: Left the Free Camera
[COT 2024-02-18 19:39:56] 76561199407766611: Spawned Entity Alcoholic Tincture (DisinfectantAlcohol<70bcfd40>, 200, 30, 0) at <6220.093750, 206.673584, 6914.808594>
[COT 2024-02-18 19:40:01] 76561199407766611: Spawned Entity Charcoal Tablets (CharcoalTablets<70bd3710>, 12, 30, 0) at <6220.125977, 206.743484, 6914.862793>
[COT 2024-02-18 19:40:06] 76561199407766611: Spawned Entity Tetracycline Pills (TetracyclineAntibiotics<70bd70e0>, 12, 30, 0) at <6220.147461, 206.803452, 6914.911133>
[COT 2024-02-18 19:40:29] 76561199407766611: Entered the Free Camera
[COT 2024-02-18 19:43:36] 76561199407766611: Left the Free Camera
[COT 2024-02-18 19:44:16] 76561199407766611: Entered the Free Camera
[COT 2024-02-18 19:45:09] 76561199407766611: Teleported to position <10026.835938, 94.600365, 10000.014648>
[COT 2024-02-18 19:45:12] 76561199407766611: Left the Free Camera
[COT 2024-02-18 19:45:22] 76561199407766611: Entered the Free Camera
[COT 2024-02-18 19:45:55] 76561199407766611: Spawned Entity Tetracycline Pills (TetracyclineAntibiotics<71417120>, 12, 30, 0) at <9910.839844, 81.233345, 10018.219727>
[COT 2024-02-18 19:45:59] 76561199407766611: Spawned Entity Alcoholic Tincture (DisinfectantAlcohol<71417cb0>, 200, 30, 0) at <9910.839844, 81.233345, 10018.219727>
[COT 2024-02-18 19:46:04] 76561199407766611: Spawned Entity Charcoal Tablets (CharcoalTablets<71418840>, 12, 30, 0) at <9910.839844, 81.233345, 10018.219727>
[COT 2024-02-18 19:46:09] 76561199407766611: Spawned Entity MVS Canteen - Tan (Canteen<42afeb00>, 1000, 100, 512) at <9910.839844, 81.233345, 10018.219727>
[COT 2024-02-18 19:46:17] 76561199407766611: Spawned Entity Chicken Jacket 1 (DOC_BOMBERJACKET_CHOOK1<71429230>, 1000, 100, 0) at <9910.839844, 81.233345, 10018.219727>
[COT 2024-02-18 19:46:27] 76561199407766611: Spawned Entity Doc's Glock - Tan/Green (DOC_GLOCK_TANGRN<4fbf51b0>, 1000, 2800, 0) at <9910.839844, 81.233345, 10018.219727>
[COT 2024-02-18 19:46:29] 76561199407766611: Spawned Entity 15rd Mlock-91 Mag (Mag_Glock_15Rnd<71425860>, 15, 100, 0) at <9910.839844, 81.233345, 10018.219727>
[COT 2024-02-18 19:46:29] 76561199407766611: Spawned Entity 15rd Mlock-91 Mag (Mag_Glock_15Rnd<714263f0>, 15, 100, 0) at <9910.839844, 81.233345, 10018.219727>
[COT 2024-02-18 19:46:38] 76561199407766611: Left the Free Camera
[COT 2024-02-18 19:47:11] 76561199407766611: Spawned Entity Doc's Black Pistol Suppressor (ItemSuppressor<71444df0>, 100, 1800, 0) at <9879.922852, 83.745918, 10007.375000>
[COT 2024-02-18 19:48:28] 76561199407766611: Entered the Free Camera
[COT 2024-02-18 19:48:41] 76561199407766611: Left the Free Camera
[COT 2024-02-18 19:48:58] 76561199407766611: Entered the Free Camera
[COT 2024-02-18 19:49:31] 76561199407766611: Left the Free Camera
[COT 2024-02-18 19:49:44] 76561199407766611: Teleported to position <7648.879883, 245.959427, 7577.252930>
[COT 2024-02-18 19:50:08] 76561199407766611: Spawned Entity Tripwire (TripwireTrap<4dd62d30>, 100, 50, 0) at <7679.327148, 246.250397, 7564.912109>
[COT 2024-02-18 19:50:08] 76561199407766611: Spawned Entity Tripwire (TripwireTrap<4dd833e0>, 100, 50, 0) at <7679.327148, 246.250397, 7564.912109>
[COT 2024-02-18 19:50:09] 76561199407766611: Spawned Entity Tripwire (TripwireTrap<4dd85810>, 100, 50, 0) at <7679.327148, 246.250397, 7564.912109>
[COT 2024-02-18 19:50:09] 76561199407766611: Spawned Entity Tripwire (TripwireTrap<4a088060>, 100, 50, 0) at <7679.327148, 246.250397, 7564.912109>
[COT 2024-02-18 19:50:09] 76561199407766611: Spawned Entity Tripwire (TripwireTrap<4a08f900>, 100, 50, 0) at <7679.327148, 246.250397, 7564.912109>
[COT 2024-02-18 19:50:15] 76561199407766611: Spawned Entity 8-M4 Flashbang (FlashGrenade<4a0a6ef0>, 100, 20, 0) at <7679.327148, 246.250397, 7564.912109>
[COT 2024-02-18 19:50:15] 76561199407766611: Spawned Entity 8-M4 Flashbang (FlashGrenade<4a0a3eb0>, 100, 20, 0) at <7679.327148, 246.250397, 7564.912109>
[COT 2024-02-18 19:50:15] 76561199407766611: Spawned Entity 8-M4 Flashbang (FlashGrenade<4a0a9f30>, 100, 20, 0) at <7679.327148, 246.250397, 7564.912109>
[COT 2024-02-18 19:50:15] 76561199407766611: Spawned Entity 8-M4 Flashbang (FlashGrenade<4a0aab40>, 100, 20, 0) at <7679.327148, 246.250397, 7564.912109>
[COT 2024-02-18 19:50:16] 76561199407766611: Spawned Entity 8-M4 Flashbang (FlashGrenade<4a0b2ff0>, 100, 20, 0) at <7679.327148, 246.250397, 7564.912109>
[COT 2024-02-18 19:50:16] 76561199407766611: Spawned Entity 8-M4 Flashbang (FlashGrenade<4a0b6030>, 100, 20, 0) at <7679.327148, 246.250397, 7564.912109>
[COT 2024-02-18 19:50:16] 76561199407766611: Spawned Entity 8-M4 Flashbang (FlashGrenade<4a0bf0f0>, 100, 20, 0) at <7679.327148, 246.250397, 7564.912109>
[COT 2024-02-18 19:50:16] 76561199407766611: Spawned Entity 8-M4 Flashbang (FlashGrenade<514e4c90>, 100, 20, 0) at <7679.327148, 246.250397, 7564.912109>
[COT 2024-02-18 19:50:44] 76561199407766611: Spawned Entity Pliers (Pliers<72fb1c30>, 100, 100, 0) at <7679.322754, 246.250397, 7564.907227>
[COT 2024-02-18 19:51:01] 76561199407766611: Spawned Entity Large Safe (ExpansionSafeLarge<72fad6d0>, 100, 20000, 0) at <7679.322754, 246.250397, 7564.907227>
[COT 2024-02-18 19:51:19] 76561199407766611: Spawned Entity Canned Peaches (PeachesCan<72fb27c0>, 100, 100, 0) at <7678.922363, 246.250397, 7565.520996>
[COT 2024-02-18 19:51:19] 76561199407766611: Spawned Entity Canned Peaches (PeachesCan<72fae260>, 100, 100, 0) at <7678.922363, 246.250397, 7565.520996>
[COT 2024-02-18 19:51:24] 76561199407766611: Spawned Entity Tactical Gloves (TacticalGloves_Black<72fb9b60>, 100, 165, 0) at <7678.922363, 246.250397, 7565.520996>
[COT 2024-02-18 19:51:37] 76561199407766611: Spawned Entity VSD (SVD_Base<2ec74cb0>, 100, 250, 0) at <7678.922363, 246.250397, 7565.520996>
[COT 2024-02-18 19:52:18] 76561199407766611: Spawned Entity 6-M7 Frag Grenade (M67Grenade<514c39d0>, 100, 50, 0) at <7679.028320, 246.250381, 7564.842285>
[COT 2024-02-18 19:52:48] 76561199407766611: Spawned Entity MVS Compact Pack 2 - OD (MountainBag_ColorBase<746fca50>, 100, 300, 0) at <7717.707031, 255.521317, 7554.833008>
[COT 2024-02-18 19:56:21] 76561199407766611: Teleported to position <7787.605957, 133.166687, 6909.653320>
[COT 2024-02-18 19:57:04] 76561199407766611: Healed [guid=spMEkRl42onhFHdF_u42e0T03x2sj347kUc600NXdGA=]
[COT 2024-02-18 19:58:18] 76561199407766611: Spawned Entity ADMIN GEAR-DOC-TOP (DOC_ADMIN_DOC_TOP<747f0ee0>, 100, 50, 0) at <7867.038574, 134.326752, 6893.001465>
[COT 2024-02-18 19:58:20] 76561199407766611: Spawned Entity ADMIN GEAR-DOC-BOTTOM (DOC_ADMIN_DOC_BOTTOM<747f2600>, 100, 50, 0) at <7867.038574, 134.326752, 6893.001465>
[COT 2024-02-18 19:58:45] 76561199407766611: Stripped [guid=spMEkRl42onhFHdF_u42e0T03x2sj347kUc600NXdGA=]
[COT 2024-02-18 20:12:38] 76561199407766611: Entered the Free Camera
[COT 2024-02-18 20:14:54] 76561199407766611: Left the Free Camera
[COT 2024-02-18 20:17:56] 76561199407766611: Entered the Free Camera
