[COT 2024-02-04 04:00:13] 76561198036774377: Set rain to 0 0 0
[COT 2024-02-04 04:00:13] 76561198036774377: Set storm to 0 0.8 4000
[COT 2024-02-04 04:00:13] 76561198036774377: Set fog to 0.0964223 0 0
[COT 2024-02-04 04:00:13] 76561198036774377: Set overcast to 0.433697 0 0
[COT 2024-02-04 04:00:13] 76561198036774377: Set the date to 2024/9/21 5:59
[COT 2024-02-04 04:00:13] 76561198036774377: Set wind to 9.22467 9.22467 1
[COT 2024-02-04 04:00:28] 76561198036774377: Healed [guid=mBNlxASsPlOcry0dpDl8K-WgHNR5WMCMmoJ9NhpU4FY=]
[COT 2024-02-04 04:00:31] 76561198036774377: Set GodMode To true [guid=mBNlxASsPlOcry0dpDl8K-WgHNR5WMCMmoJ9NhpU4FY=]
[COT 2024-02-04 04:00:34] 76561198036774377: Set cannot be targeted by AI to true [guid=mBNlxASsPlOcry0dpDl8K-WgHNR5WMCMmoJ9NhpU4FY=]
[COT 2024-02-04 04:00:38] 76561198036774377: Set UnlimitedStamina To true [guid=mBNlxASsPlOcry0dpDl8K-WgHNR5WMCMmoJ9NhpU4FY=]
[COT 2024-02-04 04:00:39] 76561198036774377: Set UnlimitedAmmo To true [guid=mBNlxASsPlOcry0dpDl8K-WgHNR5WMCMmoJ9NhpU4FY=]
[COT 2024-02-04 04:01:38] 76561198036774377: Teleported to position <10144.831055, 73.744110, 9870.022461>
[COT 2024-02-04 04:02:05] 76561198036774377: Spawned Entity MOSKVICH 2140 (AZLK_rust<59194510>, 100, 5000, 0) at <10143.719727, 74.098839, 9876.628906>
[COT 2024-02-04 04:02:18] 76561198036774377: Teleported to position <9984.059570, 80.651497, 10938.610352>
[COT 2024-02-04 04:02:36] 76561198036774377: Entered the Free Camera
[COT 2024-02-04 04:03:25] 76561198036774377: Spawned Entity MotorHome rust (MotorHome_rust<a9441ee0>, 100, 5000, 0) at <9950.385742, 102.131226, 10704.666992>
[COT 2024-02-04 04:03:38] 76561198036774377: Teleported to position <8382.109375, 234.898544, 8599.972656>
[COT 2024-02-04 04:03:41] 76561198036774377: Left the Free Camera
[COT 2024-02-04 04:03:54] 76561198036774377: Spawned Entity PONTIAC (rust) (PONTIAC_rust<58cb1290>, 100, 10000, 0) at <8367.050781, 234.557983, 8618.791016>
[COT 2024-02-04 04:04:09] 76561198036774377: Teleported to position <7683.369629, 245.690002, 7613.661133>
[COT 2024-02-04 04:04:22] 76561198036774377: Spawned Entity Cougar Rust kamo (Cougar_rust<591ad1a0>, 100, 10000, 0) at <7688.468750, 245.690002, 7614.121582>
[COT 2024-02-04 04:04:37] 76561198036774377: Teleported to position <7741.215332, 137.362885, 6960.369141>
[COT 2024-02-04 04:04:53] 76561198036774377: Spawned Entity Citroen 2CV Rust  (Citroen2CV_rust<59199d30>, 100, 5000, 0) at <7753.116699, 137.479584, 6952.586426>
[COT 2024-02-04 04:05:05] 76561198036774377: Teleported to position <6255.843750, 133.420624, 6075.112305>
[COT 2024-02-04 04:05:32] 76561198036774377: Spawned Entity ToyotaHilux rust (ToyotaHilux_rust<591afdb0>, 100, 5000, 0) at <6251.917480, 133.431015, 6075.948730>
[COT 2024-02-04 04:05:43] 76561198036774377: Teleported to position <6394.973633, 121.911957, 5574.830566>
[COT 2024-02-04 04:06:08] 76561198036774377: Spawned Entity UAZ469 (Rust) (UAZ469_Rust<5919f550>, 100, 3000, 0) at <6406.166992, 121.920006, 5559.001953>
[COT 2024-02-04 04:06:20] 76561198036774377: Teleported to position <4829.231445, 172.889999, 5042.354004>
[COT 2024-02-04 04:06:29] 76561198036774377: Spawned Entity Traktor (rust) (Traktor_rust<5b51ec90>, 100, 3000, 0) at <4826.008301, 172.889999, 5043.827637>
[COT 2024-02-04 04:06:48] 76561198036774377: Teleported to position <8198.446289, 90.150002, 5621.568359>
[COT 2024-02-04 04:07:00] 76561198036774377: Spawned Entity MUSTANG Rust  (MUSTANG_rust<591a2160>, 100, 3000, 0) at <8194.412109, 90.150063, 5619.126465>
[COT 2024-02-04 04:07:10] 76561198036774377: Teleported to position <10170.164063, 70.559998, 5597.127441>
[COT 2024-02-04 04:07:31] 76561198036774377: Spawned Entity Velociraptor6x6 rust  (Velociraptor6x6_rust<591c8a40>, 200000, 10000, 0) at <10165.850586, 70.560028, 5594.895508>
[COT 2024-02-04 04:07:45] 76561198036774377: Teleported to position <10034.475586, 73.459999, 4800.025391>
[COT 2024-02-04 04:07:58] 76561198036774377: Spawned Entity HAMMER_H1 black_rust (HAMMER_H1_black_rust<591ce260>, 200000, 1e+07, 0) at <10025.012695, 73.459999, 4800.365234>
[COT 2024-02-04 04:08:29] 76561198036774377: Teleported to position <10943.111328, 244.460007, 6583.284668>
[COT 2024-02-04 04:08:38] 76561198036774377: Spawned Entity HEMTT rust (HEMTT_rust<66cb9d80>, 200000, 10000, 512) at <10937.824219, 244.460007, 6583.388672>
[COT 2024-02-04 04:08:55] 76561198036774377: Teleported to position <11800.521484, 83.919998, 7856.932617>
[COT 2024-02-04 04:09:09] 76561198036774377: Spawned Entity M35a2 Rust (M35a2_Rust<66cbcb90>, 200000, 10000, 0) at <11798.493164, 83.920044, 7861.644043>
[COT 2024-02-04 04:09:30] 76561198036774377: Teleported to position <10119.386719, 129.860001, 7924.237305>
[COT 2024-02-04 04:09:45] 76561198036774377: Spawned Entity Interceptor (Interceptor<591badf0>, 200000, 10000, 0) at <10117.359375, 129.860001, 7928.950195>
