[COT 2024-01-27 19:20:35] 76561198036774377: Set rain to 0.04 0 0
[COT 2024-01-27 19:20:35] 76561198036774377: Set storm to 0.0016 0.8 4000
[COT 2024-01-27 19:20:35] 76561198036774377: Set fog to 0.02 0 0
[COT 2024-01-27 19:20:35] 76561198036774377: Set overcast to 0.02 0 0
[COT 2024-01-27 19:20:35] 76561198036774377: Set the date to 2024/9/22 6:57
[COT 2024-01-27 19:20:35] 76561198036774377: Set wind to 0.02 0.02 1
[COT 2024-01-27 19:20:55] 76561198036774377: Set Health To 0 [guid=mBNlxASsPlOcry0dpDl8K-WgHNR5WMCMmoJ9NhpU4FY=]
[COT 2024-01-27 19:21:54] 76561198036774377: Set Invisibility To 1 [guid=mBNlxASsPlOcry0dpDl8K-WgHNR5WMCMmoJ9NhpU4FY=]
[COT 2024-01-27 19:21:55] 76561198036774377: Set GodMode To true [guid=mBNlxASsPlOcry0dpDl8K-WgHNR5WMCMmoJ9NhpU4FY=]
[COT 2024-01-27 19:21:57] 76561198036774377: Healed [guid=mBNlxASsPlOcry0dpDl8K-WgHNR5WMCMmoJ9NhpU4FY=]
[COT 2024-01-27 19:23:22] 76561198036774377: ESP: ESP updating
[COT 2024-01-27 19:29:29] 76561198036774377: Teleported to position <9833.300781, 73.780579, 4895.339355>
[COT 2024-01-27 19:30:10] 76561198036774377: Teleported to position <10024.426758, 73.459999, 4877.963867>
[COT 2024-01-27 19:30:23] 76561198036774377: Teleported to position <10037.885742, 73.459999, 4769.458008>
[COT 2024-01-27 19:31:10] 76561198036774377: Teleported to position <7618.100098, 252.415009, 7645.520020>
[COT 2024-01-27 19:31:34] 76561198036774377: Teleported to position <7700.661621, 245.690002, 7633.805664>
[COT 2024-01-27 19:31:49] 76561198036774377: Teleported to position <7696.756836, 245.690002, 7583.877441>
[COT 2024-01-27 19:32:07] 76561198036774377: Teleported to position <7615.467285, 250.693527, 7590.851563>
[COT 2024-01-27 19:33:13] 76561198036774377: Teleported to position <11922.609375, 79.596626, 7984.857910>
[COT 2024-01-27 19:33:34] 76561198036774377: Teleported to position <11817.761719, 77.371155, 8122.637695>
[COT 2024-01-27 19:33:54] 76561198036774377: Teleported to position <11798.271484, 77.185310, 8052.739746>
[COT 2024-01-27 19:34:10] 76561198036774377: Teleported to position <11754.584961, 83.688782, 7976.120605>
[COT 2024-01-27 19:34:13] 76561198036774377: Teleported to position <11752.568359, 83.780724, 7970.072266>
[COT 2024-01-27 19:34:31] 76561198036774377: Teleported to position <11930.674805, 81.365364, 7939.155762>
[COT 2024-01-27 19:34:54] 76561198036774377: Teleported to position <11934.707031, 75.889999, 7780.540527>
