12:01:41.449 [VehicleDeleted] CivilianSedan_Wine (id=F641BB6A404D4BC45DA3AB8D240D6663 pos=<19165.005859, 127.750656, 1664.957031>)
12:01:41.449 [VehicleDeleted] CivilianSedan_Wine (id=0067D5297B46AF726C8117AA7A184FB9 pos=<13294.991211, 124.012733, 9314.993164>)
12:01:41.453 [VehicleDeleted] CivilianSedan_Black (id=89AE846C9749AEB98E5CAFB208D13E10 pos=<13565.038086, 178.047119, 12609.991211>)
12:01:41.453 [VehicleDeleted] CivilianSedan (id=6664D2D0034082FED941E6A38A3908EF pos=<14254.981445, 145.555939, 12159.979492>)
12:01:41.453 [VehicleDeleted] CivilianSedan_Wine (id=A9E77BF8F74CEA4C46DE1D962111583D pos=<19050.001953, 74.663269, 2574.990479>)
12:01:41.453 [VehicleDeleted] CivilianSedan_Wine (id=104BA12DB0444C2638C0BA8CC0F91A75 pos=<13925.015625, 113.457352, 6884.992676>)
12:01:41.453 [VehicleDeleted] Hatchback_02_Black (id=4B640FB1854CD1B172C63A9D5E740199 pos=<14915.000000, 106.299782, 8339.996094>)
12:01:41.453 [VehicleDeleted] Hatchback_02_BanditKitty (id=EBF1A671C54D46C55B9C90930B88B4AC pos=<14900.007813, 130.805649, 10739.972656>)
12:01:41.453 [VehicleDeleted] Hatchback_02 (id=963B1CA8CA455618DB4ACABE2034C161 pos=<14890.027344, 87.407845, 9739.981445>)
12:01:41.453 [VehicleDeleted] Hatchback_02_BanditKitty (id=AC4204E83841D9B075DB9B9569570082 pos=<14089.989258, 163.913864, 10914.998047>)
12:05:43.285 [MissionAirdrop] An airdrop is heading towards "Kula" (pos=<4978.740234, 0.000000, 4995.410156> type=Random_Kula) with a ExpansionAirdropContainer
12:53:48.042 [VehicleDeleted] Sedan_02_Grey (id=5E5C0F3D49427D16CAE9FB8B7F005843 pos=<18644.978516, 143.517212, 1479.991821>)
12:53:48.042 [VehicleDeleted] Sedan_02_Red (id=DEB5C29C1D486FC414B96488C397523C pos=<17095.048828, 145.353653, 1849.995850>)
12:53:48.042 [VehicleDeleted] Sedan_02_Red (id=BE416A824246AEC557BF4499BBCE5142 pos=<19350.015625, 77.714485, 2459.988525>)
12:53:48.042 [VehicleDeleted] Sedan_02_Red (id=9646E4127D428A2D096C108E1E728F77 pos=<13520.019531, 111.365967, 9304.991211>)
12:53:48.042 [VehicleDeleted] Sedan_02 (id=4F94988FFC420B33B4B6F1AA081F905D pos=<15954.992188, 88.011658, 8920.001953>)
12:53:48.042 [VehicleDeleted] Sedan_02_Red (id=5909E3750D4F51ADF43328A97A57248E pos=<13310.001953, 155.664413, 10125.007813>)
12:53:48.042 [VehicleDeleted] Sedan_02 (id=ABCB56279542B07BC4A9589340B958BA pos=<14740.000977, 143.354599, 10329.996094>)
12:54:06.964 [Expansion Quests] - InitQuestSystemClient - Loaded existing player quest data for player with UID: OAdpPkJP2Ps_W7h2ttR1bK23ekHCzrxw0mDT3zqLMdU=
12:54:06.964 [Expansion Quests] - LoadGroupQuestData - Created new persistent group quest data for group with ID: -1
12:54:06.964 [Expansion Quests] - Create new quest instance for quest: 8 - Player UID: OAdpPkJP2Ps_W7h2ttR1bK23ekHCzrxw0mDT3zqLMdU=
12:54:06.964 [Expansion Quests] - Create new quest instance for quest: 9 - Player UID: OAdpPkJP2Ps_W7h2ttR1bK23ekHCzrxw0mDT3zqLMdU=
12:54:06.964 [Expansion Quests] - Create new quest instance for quest: 11 - Player UID: OAdpPkJP2Ps_W7h2ttR1bK23ekHCzrxw0mDT3zqLMdU=
12:54:41.890 [VehicleDeleted] CivilianSedan (id=E4A4D4AB474719F26EF1BD942E917845 pos=<14260.000000, 101.021652, 4705.006348>)
12:54:41.890 [VehicleDeleted] CivilianSedan_Wine (id=4601A07F1F425A54245836BE5E6F0B3A pos=<14900.005859, 132.807175, 10520.032227>)
12:54:41.890 [VehicleDeleted] CivilianSedan_Black (id=6BBBAC23CA4344FA1758D0B0C7FA0EB3 pos=<14900.003906, 98.041351, 8210.000977>)
12:54:41.890 [VehicleDeleted] CivilianSedan_Black (id=6139BCE4C549C5CF7E643999D7A212BE pos=<13294.991211, 124.012733, 9314.993164>)
12:54:41.890 [VehicleDeleted] CivilianSedan (id=EE8CB058CF4E2411EBAEC185B96D425A pos=<19050.001953, 74.663269, 2574.990479>)
12:54:41.890 [VehicleDeleted] CivilianSedan_Wine (id=818934A7F04CF5FD96A920858F009623 pos=<15880.015625, 103.670891, 9700.023438>)
12:55:08.789 [VehicleDeleted] Hatchback_02 (id=97EAD660844EEF08895DA9B8B2D41148 pos=<14915.008789, 106.315468, 8340.010742>)
12:55:08.789 [VehicleDeleted] Hatchback_02 (id=9881E799A545A610207BA1968E84528A pos=<14900.017578, 130.819031, 10739.988281>)
12:55:08.789 [VehicleDeleted] Hatchback_02 (id=E70D665DE04005ABF573279F0CAC11BC pos=<14089.992188, 163.930725, 10915.010742>)
12:55:08.792 [VehicleDeleted] Hatchback_02_Black (id=8687C6AFCD4C5556CB87EB9EE5776111 pos=<14890.025391, 87.334564, 9739.978516>)
12:55:08.792 [VehicleDeleted] Sedan_02_Red (id=5F7A2CD4FF4F8BA42EC948B11D7039D5 pos=<18645.000000, 143.597656, 1479.984619>)
12:55:08.792 [VehicleDeleted] Sedan_02 (id=63C850E5BB41346CE94F2EA1E9AD55D5 pos=<16000.021484, 133.551743, 10184.991211>)
12:55:08.792 [VehicleDeleted] Sedan_02 (id=BD6E7DE05A4696F2712D7C9910474A8B pos=<17095.048828, 145.353653, 1849.995850>)
12:55:08.792 [VehicleDeleted] Sedan_02 (id=5E8C89C88E476C6C39C21F8D397A4D64 pos=<19230.019531, 80.476112, 2214.993896>)
12:55:08.792 [VehicleDeleted] Sedan_02_Red (id=95C36500964805445F1BCC8DC06A2962 pos=<15955.012695, 88.093063, 8919.995117>)
12:55:08.792 [VehicleDeleted] Sedan_02_Grey (id=679AC0344F4ED287F34CEB875ED2B14C pos=<13520.000977, 111.280739, 9305.001953>)
12:55:08.792 [VehicleDeleted] Sedan_02 (id=A4F8F383F342836F0981A6A812FC5F04 pos=<14740.001953, 143.507294, 10329.994141>)
12:56:29.500 [VehicleDeleted] CivilianSedan (id=C9BEDC92C54F7AE8B04EF4AEEE8ACEF3 pos=<18920.023438, 144.551773, 1254.975830>)
12:56:29.500 [VehicleDeleted] CivilianSedan_Black (id=85C8811F09401E36A949D7847A253169 pos=<13925.023438, 113.463554, 6885.000488>)
12:56:29.500 [VehicleDeleted] CivilianSedan_Wine (id=45D2E9CE5342FCCA367A26BC5DAEFA4C pos=<14900.015625, 132.829346, 10520.035156>)
12:56:29.500 [VehicleDeleted] CivilianSedan_Wine (id=DA2CEE407147487A30B67F89FDF0BEEE pos=<13294.998047, 124.037140, 9314.993164>)
12:56:29.500 [VehicleDeleted] CivilianSedan_Black (id=10DF6078F54449163908B3A5F7F28DF9 pos=<13200.005859, 82.887207, 4875.000000>)
12:56:29.500 [VehicleDeleted] CivilianSedan (id=62D593C30347EFAA6280569BF439CBBE pos=<14260.000000, 101.021652, 4705.006348>)
12:56:29.500 [VehicleDeleted] Hatchback_02_Black (id=8CC618A6D34BD8880B922C982D368F2B pos=<14915.000000, 106.299782, 8339.996094>)
12:56:29.500 [VehicleDeleted] Hatchback_02_Blue (id=14B71E7A5E4833874D99CE87AD81F2CA pos=<14890.036133, 87.348976, 9739.984375>)
12:56:29.500 [VehicleDeleted] Hatchback_02 (id=5719CD5EB74ABD7F6FF6D694A1008598 pos=<14089.989258, 163.913864, 10914.998047>)
12:56:29.500 [VehicleDeleted] Hatchback_02_Blue (id=58157A27F24D1F57D812F5AEFD097129 pos=<14900.017578, 130.819031, 10739.988281>)
12:56:29.500 [VehicleDeleted] Sedan_02_Grey (id=90E4FE86D24AF893E9CC888E7ECB9D91 pos=<19350.000000, 77.631165, 2459.998291>)
12:56:29.503 [VehicleDeleted] Sedan_02_Grey (id=0D9B59F1604C7DDA130C699601756FF1 pos=<17095.005859, 145.254486, 1849.981323>)
12:56:29.503 [VehicleDeleted] Sedan_02_Grey (id=58468281A24BED93F1DCFA9BFB892F3C pos=<14740.024414, 143.439102, 10329.989258>)
12:56:29.503 [VehicleDeleted] Sedan_02_Red (id=831C7804484235DABC497B98600F6CCF pos=<13520.018555, 111.369926, 9305.000977>)
12:56:29.503 [VehicleDeleted] Sedan_02_Grey (id=063B54B5C242F7D97EA71F8729D8BA3A pos=<15955.013672, 88.097832, 8919.997070>)
12:57:36.039 [Expansion Quests] - InitQuestSystemClient - Loaded existing player quest data for player with UID: OAdpPkJP2Ps_W7h2ttR1bK23ekHCzrxw0mDT3zqLMdU=
12:57:36.039 [Expansion Quests] - LoadGroupQuestData - Got cached group quest data for group with ID: -1
12:57:36.039 [Expansion Quests] - Create new quest instance for quest: 8 - Player UID: OAdpPkJP2Ps_W7h2ttR1bK23ekHCzrxw0mDT3zqLMdU=
12:57:36.039 [Expansion Quests] - Create new quest instance for quest: 9 - Player UID: OAdpPkJP2Ps_W7h2ttR1bK23ekHCzrxw0mDT3zqLMdU=
12:57:36.039 [Expansion Quests] - Create new quest instance for quest: 11 - Player UID: OAdpPkJP2Ps_W7h2ttR1bK23ekHCzrxw0mDT3zqLMdU=
12:58:12.683 [VehicleDeleted] CivilianSedan_Wine (id=FF0DE30CE0414212F5E9849E64BE50D6 pos=<13925.015625, 113.457352, 6884.992676>)
12:58:12.683 [VehicleDeleted] CivilianSedan (id=A13DF8745240C86DA72AA6928DC85396 pos=<15115.001953, 106.052376, 10060.034180>)
12:58:12.687 [VehicleDeleted] CivilianSedan_Black (id=3811B193DB4FAC809E8385B5669A8AC2 pos=<13294.988281, 124.031898, 9314.984375>)
12:58:12.687 [VehicleDeleted] CivilianSedan_Black (id=0A28D7EBE64B969F11FEE1B23858F359 pos=<19165.005859, 127.750656, 1664.957031>)
12:58:12.687 [VehicleDeleted] CivilianSedan_Black (id=355370A63D46E51B97E9FBA47A27B03E pos=<15880.013672, 103.670967, 9700.014648>)
12:58:12.687 [VehicleDeleted] CivilianSedan (id=3E91266A824C13717ED866A0B546CB43 pos=<14900.003906, 98.041351, 8210.000977>)
12:58:12.687 [VehicleDeleted] Hatchback_02_Blue (id=962B2B1EA84EFE4295715EBF1BEB06D5 pos=<14915.000000, 106.299782, 8339.996094>)
12:58:12.687 [VehicleDeleted] Hatchback_02_Black (id=C1573118744CED7DD67A38BD4A2F43AE pos=<14890.036133, 87.348976, 9739.984375>)
12:58:12.687 [VehicleDeleted] Hatchback_02_Black (id=1C38D2919A46562DD0BA2AAF0517454D pos=<14900.017578, 130.819031, 10739.988281>)
12:58:12.687 [VehicleDeleted] Hatchback_02_Black (id=76C3CA217C4785D37319A796EB4D26F5 pos=<14089.992188, 163.930725, 10915.010742>)
12:58:12.687 [VehicleDeleted] Sedan_02_Grey (id=C66596D1E14A2027FABB5A89CED75FAD pos=<19230.011719, 80.471298, 2214.990967>)
12:58:12.687 [VehicleDeleted] Sedan_02_Red (id=D16502F16C46452302F5F8966D2A791B pos=<15999.998047, 133.472275, 10184.997070>)
12:58:12.687 [VehicleDeleted] Sedan_02_Grey (id=AAE7648BDA4D5F26037A5DB1BA890CAA pos=<13520.000977, 111.280823, 9305.001953>)
12:58:12.687 [VehicleDeleted] Sedan_02_Red (id=BE51893D404C07035BA1ADA0ED9329D6 pos=<18645.000000, 143.597656, 1479.984619>)
12:58:12.687 [VehicleDeleted] Sedan_02_Grey (id=EF202731CE404CD27D4608A106C06E92 pos=<15955.013672, 88.097809, 8919.997070>)
12:58:12.687 [VehicleDeleted] Sedan_02 (id=F04FFDC8F740817711C65DB40AC383E5 pos=<14740.022461, 143.444244, 10329.990234>)
12:58:12.687 [VehicleDeleted] Sedan_02_Grey (id=DC21F1245A49309B91F30A8FFD1E912E pos=<13309.986328, 155.589508, 10125.015625>)
12:59:33.386 [VehicleDeleted] CivilianSedan (id=FD2F449BA94425D1590CE7B47E655DF5 pos=<14254.985352, 145.536148, 12159.983398>)
12:59:33.386 [VehicleDeleted] CivilianSedan (id=3FF22D6E9648B02FABEEEC8A665F2C20 pos=<14119.942383, 136.812408, 9414.949219>)
12:59:33.386 [VehicleDeleted] CivilianSedan (id=E4DE2A9CA14DEE10D8E14B8D959F497E pos=<19165.003906, 127.769829, 1664.956177>)
12:59:33.386 [VehicleDeleted] CivilianSedan_Black (id=C0140352584CEB0C1537949ED7DBA9E8 pos=<14260.000000, 101.021652, 4705.006348>)
12:59:33.386 [VehicleDeleted] CivilianSedan_Black (id=BECFD6ECDE4CBCE508FA64BC75F18F62 pos=<14900.014648, 132.829880, 10520.035156>)
12:59:33.386 [VehicleDeleted] CivilianSedan_Black (id=5CD90DF42142E58EEDB57A94455AC9FA pos=<15114.997070, 106.067047, 10060.027344>)
12:59:33.386 [VehicleDeleted] Hatchback_02_BanditKitty (id=48FFA494E34EF2939DD22B8F5F29C380 pos=<14089.989258, 163.913864, 10914.998047>)
12:59:33.386 [VehicleDeleted] Hatchback_02_Blue (id=0E0EFBEC0640FC447B5630A439EDE0CF pos=<14890.025391, 87.334564, 9739.978516>)
12:59:33.386 [VehicleDeleted] Hatchback_02_Black (id=C2A41570984F0879EDB77EA8647725B1 pos=<14915.008789, 106.315468, 8340.010742>)
12:59:33.386 [VehicleDeleted] Hatchback_02_Black (id=0226A862144946E8198195A4FC594D6C pos=<14900.002930, 130.873718, 10739.986328>)
12:59:33.386 [VehicleDeleted] Sedan_02 (id=907EB773F6482BAC4448258262E6C005 pos=<15955.012695, 88.093063, 8919.995117>)
12:59:33.386 [VehicleDeleted] Sedan_02_Grey (id=577B843DBA46133FF75BE6828D7C9ADC pos=<18644.978516, 143.517212, 1479.991821>)
12:59:33.386 [VehicleDeleted] Sedan_02_Red (id=434001521843C4696631289C0663EAA2 pos=<19230.011719, 80.471298, 2214.990967>)
12:59:33.386 [VehicleDeleted] Sedan_02 (id=26A3539BB64A08FABE1E2E9432C0A350 pos=<13520.000977, 111.280739, 9305.001953>)
12:59:33.386 [VehicleDeleted] Sedan_02_Grey (id=2FD1AC39AA4A19FE00B7B4BD2F3419E7 pos=<17095.042969, 145.352921, 1850.001953>)
12:59:33.386 [VehicleDeleted] Sedan_02_Grey (id=DF6D356B1144471243D2C99106A5E87F pos=<13309.987305, 155.589661, 10125.014648>)
12:59:33.390 [VehicleDeleted] Sedan_02_Grey (id=BCA67258644D832FC39C0CA58D51F3DD pos=<16000.021484, 133.551743, 10184.991211>)
13:00:54.085 [VehicleDeleted] CivilianSedan_Wine (id=2ADE272131498B7250A7C1AB6ABF5814 pos=<14900.003906, 98.041351, 8210.000977>)
13:00:54.085 [VehicleDeleted] CivilianSedan (id=4BB1635B2740574AE2E7789C6AE70890 pos=<14119.942383, 136.812408, 9414.949219>)
13:00:54.085 [VehicleDeleted] CivilianSedan_Black (id=9F36D54CA54CCE7B66C11795FF6205A6 pos=<13294.988281, 124.031898, 9314.984375>)
13:00:54.085 [VehicleDeleted] CivilianSedan_Black (id=D75AC772794FE9996037968C186B99EB pos=<14900.015625, 132.829346, 10520.035156>)
13:00:54.085 [VehicleDeleted] CivilianSedan (id=90BB6EF16B4F9BDA4F5C2C9A6F13CA9A pos=<14254.993164, 145.560654, 12159.980469>)
13:00:54.085 [VehicleDeleted] CivilianSedan_Wine (id=95EF48EF5A4064AA741DC1AA2F966AC3 pos=<19165.003906, 127.769829, 1664.956177>)
13:00:54.085 [VehicleDeleted] Hatchback_02_Blue (id=4559ABB3324615C056198D9BF783D529 pos=<14890.036133, 87.348976, 9739.984375>)
13:00:54.085 [VehicleDeleted] Hatchback_02 (id=A10BDE1D0E4464E7D806E0813345C730 pos=<14900.007813, 130.805649, 10739.972656>)
13:00:54.085 [VehicleDeleted] Hatchback_02_Blue (id=B117A1D7F3472CC12508398D1E7E4E31 pos=<14914.990234, 106.370071, 8339.997070>)
13:00:54.085 [VehicleDeleted] Hatchback_02 (id=FD22922A48414F9638DA5B969C40D9FD pos=<14089.989258, 163.913864, 10914.998047>)
13:01:20.984 [VehicleDeleted] Sedan_02_Grey (id=2E60120690496782735C52BC829A6E74 pos=<19230.011719, 80.471298, 2214.990967>)
13:01:20.984 [VehicleDeleted] Sedan_02_Red (id=05662F5200467B3A08B6DDAE8CE3D104 pos=<15999.998047, 133.472488, 10184.997070>)
13:01:20.984 [VehicleDeleted] Sedan_02_Grey (id=77ED64082A4FA726390A8DB98EA5F722 pos=<14740.000977, 143.354599, 10329.996094>)
13:01:20.984 [VehicleDeleted] Sedan_02_Grey (id=9E6FBCF36F40EDDF5ADB83B2B1D2BBF2 pos=<13520.018555, 111.369926, 9305.000977>)
13:01:20.984 [VehicleDeleted] Sedan_02_Grey (id=3D41BB0175404083101957BD34137E04 pos=<17095.048828, 145.353653, 1849.995850>)
13:01:20.984 [VehicleDeleted] Sedan_02_Red (id=EBEFE885EC418F80A69DC19684EDD092 pos=<18645.000000, 143.597656, 1479.984619>)
13:01:20.988 [VehicleDeleted] Sedan_02 (id=9F9D9B334F4660AC198D0DAA93C0EEBF pos=<13309.987305, 155.589661, 10125.014648>)
13:02:14.785 [VehicleDeleted] CivilianSedan_Black (id=7DD3D3BADD40D72014369DB27181C110 pos=<14900.001953, 98.025940, 8210.004883>)
13:02:14.785 [VehicleDeleted] CivilianSedan_Black (id=508106C500464F35D258C2A2D526F852 pos=<14260.000977, 101.040413, 4704.999023>)
13:02:14.785 [VehicleDeleted] CivilianSedan_Wine (id=ABD744AF804B4329C5F8B2ABD5321A33 pos=<13565.041992, 178.052307, 12609.994141>)
13:02:14.785 [VehicleDeleted] CivilianSedan (id=B3F3A13BCE4A3106714C728A9A1AB8B4 pos=<18920.025391, 144.534424, 1254.979248>)
13:02:14.785 [VehicleDeleted] CivilianSedan (id=337EF4388A4159C6190C2E97D890C671 pos=<14900.015625, 132.829346, 10520.035156>)
13:02:14.785 [VehicleDeleted] CivilianSedan_Black (id=981105D1B740BD3B393D9DA08A2AA9ED pos=<14254.993164, 145.560654, 12159.980469>)
13:02:41.683 [VehicleDeleted] Hatchback_02 (id=8E7204F63942F28C581E2186C9DDFA0C pos=<14900.017578, 130.819031, 10739.988281>)
13:02:41.683 [VehicleDeleted] Hatchback_02 (id=62FA9912454379490C3E8B9008CB7B0C pos=<14890.025391, 87.334564, 9739.978516>)
13:02:41.683 [VehicleDeleted] Hatchback_02_Black (id=6B60BB827E43EA73C832109D56D5654A pos=<14915.000000, 106.299782, 8339.996094>)
13:02:41.687 [VehicleDeleted] Hatchback_02_Blue (id=AE4DDFC1A8465326FC67F1B8401E6ACB pos=<14089.989258, 163.913864, 10914.998047>)
13:02:41.687 [VehicleDeleted] Sedan_02_Red (id=110EC8542D4F78DB26F835959ACDBBCD pos=<13520.019531, 111.365967, 9304.991211>)
13:02:41.687 [VehicleDeleted] Sedan_02_Grey (id=2DF42CFE454D8C55B6D4E5B9D4805ADB pos=<15955.013672, 88.097832, 8919.997070>)
13:02:41.687 [VehicleDeleted] Sedan_02_Red (id=8DF84B43664E7CF36E089590658A3E97 pos=<19230.011719, 80.471298, 2214.990967>)
13:02:41.687 [VehicleDeleted] Sedan_02_Grey (id=BAF4346A6A46C9F1114349AA184DFC6D pos=<18645.000000, 143.597656, 1479.984619>)
13:02:41.687 [VehicleDeleted] Sedan_02_Grey (id=B7F0EBF9E143C851D946E99E2FFCE1A2 pos=<17095.042969, 145.352921, 1850.001953>)
13:02:41.687 [VehicleDeleted] Sedan_02_Grey (id=9CCF6E2A75447C1FDF921D98004A7992 pos=<14740.022461, 143.444229, 10329.990234>)
13:02:41.687 [VehicleDeleted] Sedan_02_Grey (id=21F597F94042ED324FD1A8B60F075BE0 pos=<13310.001953, 155.664413, 10125.007813>)
13:04:02.386 [VehicleDeleted] CivilianSedan_Wine (id=903503DA614E0548B43005A621E1EE91 pos=<13925.015625, 113.457352, 6884.992676>)
13:04:02.386 [VehicleDeleted] CivilianSedan (id=083F9EBCED48B57C8656A689A53EB34E pos=<15880.013672, 103.670967, 9700.014648>)
13:04:02.386 [VehicleDeleted] CivilianSedan_Black (id=AC14951ECF45C291181745BC898744E9 pos=<13294.991211, 124.012733, 9314.993164>)
13:04:02.386 [VehicleDeleted] CivilianSedan (id=096AE8E50240CA37F34B01B394DE1688 pos=<14260.000000, 101.021652, 4705.006348>)
13:04:02.386 [VehicleDeleted] CivilianSedan (id=59066B80D04FF305B2A945B38B69ADA2 pos=<19050.001953, 74.663269, 2574.990479>)
13:04:02.386 [VehicleDeleted] CivilianSedan_Black (id=7A6BFC5EE44B8B302FBAE099EA68D3E1 pos=<14254.981445, 145.555939, 12159.979492>)
13:04:02.386 [VehicleDeleted] Hatchback_02_Black (id=F38FAC3B63438E1203189DA00BFA8581 pos=<14900.007813, 130.805649, 10739.972656>)
13:04:02.386 [VehicleDeleted] Hatchback_02_Black (id=05DF2AAE07448005B58C6AA7079F182A pos=<14915.000000, 106.299782, 8339.996094>)
13:04:02.386 [VehicleDeleted] Hatchback_02 (id=643542F04342018B182E57BFDF337959 pos=<14089.983398, 163.986755, 10915.008789>)
13:04:02.386 [VehicleDeleted] Hatchback_02_Black (id=B7669AD9F14FF13C7340F3B511CC76A0 pos=<14890.036133, 87.348976, 9739.984375>)
13:04:02.386 [VehicleDeleted] Sedan_02_Red (id=D48E126DBD4CC616E50D0E8ABDD5440C pos=<13309.987305, 155.589661, 10125.014648>)
13:04:02.386 [VehicleDeleted] Sedan_02_Grey (id=DE5B8D1419485255D2996AAA517A4AFE pos=<15954.992188, 88.011658, 8920.001953>)
13:04:02.386 [VehicleDeleted] Sedan_02_Red (id=79F2FBCD6B410F8466EC8088DC9C9BC9 pos=<16000.021484, 133.551743, 10184.991211>)
13:04:02.386 [VehicleDeleted] Sedan_02 (id=54F8F6DE9B4F3EC47B2272A2CABF55E8 pos=<19230.011719, 80.471298, 2214.990967>)
13:04:02.386 [VehicleDeleted] Sedan_02 (id=21702084A54D63F1E225529E689AA61B pos=<13520.019531, 111.365967, 9304.991211>)
13:04:02.390 [VehicleDeleted] Sedan_02_Red (id=317BA6617B4DE2D7B1115AA24C541FA0 pos=<17095.042969, 145.352921, 1850.001953>)
13:04:02.390 [VehicleDeleted] Sedan_02 (id=50AFD67B1D4EF2870284169ABF5E95B9 pos=<14740.022461, 143.444229, 10329.990234>)
13:05:23.085 [VehicleDeleted] CivilianSedan_Wine (id=AB5F71EA384D43860B8735A0B439B54A pos=<14900.003906, 98.041351, 8210.000977>)
13:05:23.085 [VehicleDeleted] CivilianSedan_Wine (id=92D7C78D5B47C78564C268AAA42F4519 pos=<13200.005859, 82.887207, 4875.000000>)
13:05:23.085 [VehicleDeleted] CivilianSedan_Wine (id=C7E1B1235A4B9B72993CF4984F8350F6 pos=<18920.025391, 144.534424, 1254.979248>)
13:05:23.085 [VehicleDeleted] CivilianSedan_Black (id=E7AF199F6B4528570B25D9A0C2F69ED3 pos=<14260.000000, 101.021652, 4705.006348>)
13:05:23.085 [VehicleDeleted] CivilianSedan_Wine (id=95D811E022400E17D51EF7B5B76EBFB1 pos=<13565.038086, 178.047119, 12609.991211>)
13:05:23.085 [VehicleDeleted] CivilianSedan (id=9FEAE4CD694F985ED54022BE7528B655 pos=<14900.014648, 132.829880, 10520.035156>)
13:05:23.085 [VehicleDeleted] Hatchback_02_BanditKitty (id=0C65F181F3408165E8549B9176F18A75 pos=<14890.036133, 87.348976, 9739.984375>)
13:05:23.085 [VehicleDeleted] Hatchback_02_BanditKitty (id=9ECF9FD6314ADBA99281C0B174E0A47B pos=<14900.017578, 130.819031, 10739.988281>)
13:05:23.085 [VehicleDeleted] Hatchback_02_Black (id=ADFB42515A4759EDA88B1F85D53BC6D1 pos=<14915.008789, 106.315468, 8340.010742>)
13:05:23.085 [VehicleDeleted] Hatchback_02_Black (id=4D117F262F462EFF1684C2AF9D35B879 pos=<14089.992188, 163.930725, 10915.010742>)
13:05:23.085 [VehicleDeleted] Sedan_02_Red (id=B8E0736E5B4C2357A156FB8287189059 pos=<18645.000000, 143.597656, 1479.984619>)
13:05:23.085 [VehicleDeleted] Sedan_02_Red (id=BD7F32D8CE4A560FB952A79BD389F38F pos=<14740.000977, 143.354599, 10329.996094>)
13:05:23.089 [VehicleDeleted] Sedan_02_Red (id=0D9FEA623B4F08D09D72B392DAF28165 pos=<19230.019531, 80.476112, 2214.993896>)
13:05:23.089 [VehicleDeleted] Sedan_02 (id=5C0ABED15D4616D9CB311895DB53FB9A pos=<15955.012695, 88.093063, 8919.995117>)
13:05:23.089 [VehicleDeleted] Sedan_02_Grey (id=984DB4894B4DDDE5AC4A0688A3ABDD48 pos=<13309.987305, 155.589661, 10125.014648>)
13:05:23.089 [VehicleDeleted] Sedan_02_Red (id=1F27DB5B554F02E96F0EB3AA1378DAD0 pos=<13520.019531, 111.365967, 9304.991211>)
13:05:23.089 [VehicleDeleted] Sedan_02_Grey (id=BD82CFBFBB46A4FDEA5F07BE9ECAC021 pos=<17095.005859, 145.254486, 1849.981323>)
13:29:55.285 [MissionAirdrop] An airdrop is heading towards "Esseker East" (pos=<10912.320313, 0.000000, 5564.363770> type=Random_Esseker East) with a ExpansionAirdropContainer_Military
14:14:03.832 [Expansion Quests] - InitQuestSystemClient - Loaded existing player quest data for player with UID: OAdpPkJP2Ps_W7h2ttR1bK23ekHCzrxw0mDT3zqLMdU=
14:14:03.832 [Expansion Quests] - LoadGroupQuestData - Got cached group quest data for group with ID: -1
14:14:03.835 [Expansion Quests] - Create new quest instance for quest: 8 - Player UID: OAdpPkJP2Ps_W7h2ttR1bK23ekHCzrxw0mDT3zqLMdU=
14:14:03.835 [Expansion Quests] - Create new quest instance for quest: 9 - Player UID: OAdpPkJP2Ps_W7h2ttR1bK23ekHCzrxw0mDT3zqLMdU=
14:14:03.835 [Expansion Quests] - Create new quest instance for quest: 11 - Player UID: OAdpPkJP2Ps_W7h2ttR1bK23ekHCzrxw0mDT3zqLMdU=
14:14:14.074 [VehicleDeleted] CivilianSedan_Wine (id=371574C7764C748F3A8F48A925E800A0 pos=<18920.025391, 144.534424, 1254.979248>)
14:14:14.074 [VehicleDeleted] CivilianSedan (id=A05290A9314BACD07CFF92A63961DE90 pos=<13925.023438, 113.439125, 6884.992676>)
14:14:14.074 [VehicleDeleted] CivilianSedan_Black (id=2A292D75A2458CEB064F9CBF80199B4B pos=<14900.003906, 98.041351, 8210.000977>)
14:14:14.074 [VehicleDeleted] CivilianSedan (id=055CE5CCF342DE432AB46390F407DBE7 pos=<13200.005859, 82.887207, 4875.000000>)
14:14:14.074 [VehicleDeleted] CivilianSedan_Black (id=E53EE02F404D178043E477B8BE540879 pos=<15880.015625, 103.670898, 9700.023438>)
14:14:14.074 [VehicleDeleted] CivilianSedan_Wine (id=65B7E495894D963066F8BEAB4CDDD5C8 pos=<13565.038086, 178.047119, 12609.991211>)
14:14:14.074 [VehicleDeleted] Hatchback_02_Black (id=E59D9DB5454A688DB6B511BF7DDDE290 pos=<14900.007813, 130.805649, 10739.972656>)
14:14:14.074 [VehicleDeleted] Hatchback_02_BanditKitty (id=B85C38545E4A6DB70F131CBB392C92BE pos=<14890.036133, 87.348976, 9739.984375>)
14:14:14.074 [VehicleDeleted] Hatchback_02_BanditKitty (id=6ED327B90B484A6138B46FAD1B637C19 pos=<14915.008789, 106.315468, 8340.010742>)
14:14:14.074 [VehicleDeleted] Hatchback_02 (id=3E96C328834B5DD954290B90D9D8019A pos=<14089.992188, 163.930725, 10915.010742>)
14:14:14.078 [VehicleDeleted] Sedan_02 (id=2C2DDE82974D3B3FC9444487F1B7FEBC pos=<18644.978516, 143.517212, 1479.991821>)
14:14:14.078 [VehicleDeleted] Sedan_02_Grey (id=0AAAD8A3C94E660BF8ACEDB0DD73925F pos=<19230.011719, 80.471298, 2214.990967>)
14:14:14.078 [VehicleDeleted] Sedan_02_Grey (id=6DD2BCA0864CBE9703B915BCD6817D6B pos=<13520.018555, 111.369926, 9305.000977>)
14:14:14.078 [VehicleDeleted] Sedan_02_Grey (id=C7126BB4164BA2142ECCA2A626A59C2F pos=<14740.000977, 143.354599, 10329.996094>)
14:14:14.078 [VehicleDeleted] Sedan_02 (id=A58308243A4CA6632397C889BEF3B809 pos=<16000.021484, 133.551743, 10184.991211>)
14:14:14.078 [VehicleDeleted] Sedan_02_Grey (id=C8D8F3B9484AA148A6DB18A9FE5F4207 pos=<15955.012695, 88.093063, 8919.995117>)
14:14:14.078 [VehicleDeleted] Sedan_02_Grey (id=54BD3ADB2E424E22C16E7BBD2AAE0CDB pos=<13309.987305, 155.589661, 10125.014648>)
14:15:34.773 [VehicleDeleted] CivilianSedan_Wine (id=ADAD07C8774BA5FAB83A5684F113A957 pos=<14254.981445, 145.555939, 12159.979492>)
14:15:34.773 [VehicleDeleted] CivilianSedan (id=05070CA2264C1256CDA31AB6AC7087B2 pos=<13200.005859, 82.887207, 4875.000000>)
14:15:34.773 [VehicleDeleted] CivilianSedan (id=59DC64C6B747B789903850A4B1381DC2 pos=<13925.023438, 113.439125, 6884.992676>)
14:15:34.773 [VehicleDeleted] CivilianSedan_Wine (id=921EA75D7C487E563EC3738C4F960182 pos=<14119.951172, 136.815933, 9414.952148>)
14:15:34.773 [VehicleDeleted] CivilianSedan (id=7FEEEB93244A236254C43495F4BAB64E pos=<18920.023438, 144.551773, 1254.975830>)
14:15:34.773 [VehicleDeleted] CivilianSedan_Black (id=8B55952BAC4C76D63BF9BF9219B3D052 pos=<15880.010742, 103.670845, 9700.015625>)
14:15:34.773 [VehicleDeleted] Hatchback_02_BanditKitty (id=39F92A6492455199577E30AE8C13D46E pos=<14915.008789, 106.315468, 8340.010742>)
14:15:34.773 [VehicleDeleted] Hatchback_02_Black (id=5B849DBC5A4E162657D0D7825E26C727 pos=<14890.036133, 87.348976, 9739.984375>)
14:15:34.777 [VehicleDeleted] Hatchback_02 (id=CC5AD6A9ED46530A078A60981F8B122E pos=<14089.992188, 163.930725, 10915.010742>)
14:15:34.777 [VehicleDeleted] Hatchback_02_BanditKitty (id=8C9D92936043D0E7F9289B836966E1C2 pos=<14900.007813, 130.805649, 10739.972656>)
14:16:01.671 [VehicleDeleted] Sedan_02_Grey (id=B874B896F94FE0E5E45B268D703F489E pos=<13310.001953, 155.664413, 10125.007813>)
14:16:01.675 [VehicleDeleted] Sedan_02_Red (id=3F7F5BF0344A7BC95EDE4EA0B3CB482C pos=<15999.998047, 133.472488, 10184.997070>)
14:16:01.675 [VehicleDeleted] Sedan_02_Red (id=E85A302094417A19EB061FBAB1A98CCB pos=<17095.042969, 145.352921, 1850.001953>)
14:16:01.675 [VehicleDeleted] Sedan_02_Grey (id=A156EFA96A458A33F57A6684668C476E pos=<15954.993164, 88.166313, 8920.000000>)
14:16:01.675 [VehicleDeleted] Sedan_02_Grey (id=8C368EC9934148C6D2499B969146A6D1 pos=<14740.024414, 143.439102, 10329.989258>)
14:16:01.675 [VehicleDeleted] Sedan_02_Grey (id=82E57AA3624A46046BAEC1A02AA04BD3 pos=<13520.019531, 111.365967, 9304.991211>)
14:16:01.675 [VehicleDeleted] Sedan_02_Red (id=E671EF23C8414AD6BEA4439552A4A3D0 pos=<18644.978516, 143.517212, 1479.991821>)
14:18:20.445 [Expansion Quests] - InitQuestSystemClient - Loaded existing player quest data for player with UID: mBNlxASsPlOcry0dpDl8K-WgHNR5WMCMmoJ9NhpU4FY=
14:18:20.445 [Expansion Quests] - LoadGroupQuestData - Got cached group quest data for group with ID: -1
14:18:20.445 [Expansion Quests] - Create new quest instance for quest: 8 - Player UID: mBNlxASsPlOcry0dpDl8K-WgHNR5WMCMmoJ9NhpU4FY=
14:18:20.445 [Expansion Quests] - Create new quest instance for quest: 9 - Player UID: mBNlxASsPlOcry0dpDl8K-WgHNR5WMCMmoJ9NhpU4FY=
14:18:20.445 [Expansion Quests] - Create new quest instance for quest: 11 - Player UID: mBNlxASsPlOcry0dpDl8K-WgHNR5WMCMmoJ9NhpU4FY=
14:18:20.449 [AI Patrol] Spawning 1 Raiders bots at <6303.725586, 113.659889, 6238.237793>
14:18:20.457 [AI Patrol] Spawning 3 East bots at <6563.804199, 103.219040, 6015.891602>
14:18:31.468 [VehicleDeleted] CivilianSedan_Wine (id=EBA2BE68684842417CF965986CB9A25D pos=<19050.001953, 74.663269, 2574.990479>)
14:18:31.472 [VehicleDeleted] CivilianSedan (id=1DF126AE48450621019B3E91C2CA4F64 pos=<13294.988281, 124.031898, 9314.984375>)
14:18:31.472 [VehicleDeleted] CivilianSedan_Black (id=874E6392004D62D8016838914620F956 pos=<13200.008789, 82.868645, 4875.003418>)
14:18:31.472 [VehicleDeleted] CivilianSedan (id=6B6FAB0242438497730C668297D614A4 pos=<14900.014648, 132.829880, 10520.035156>)
14:18:31.472 [VehicleDeleted] CivilianSedan (id=E330CE9D65457158172491B8173F90E8 pos=<15880.015625, 103.670898, 9700.023438>)
14:18:31.472 [VehicleDeleted] CivilianSedan (id=3CF5E75A54492A2C41392FBD0776E3C0 pos=<13565.041992, 178.052307, 12609.994141>)
14:18:58.371 [VehicleDeleted] Hatchback_02_Black (id=66CA678F704C17148B77DAAB4B3E6F77 pos=<14089.989258, 163.913864, 10914.998047>)
14:18:58.371 [VehicleDeleted] Hatchback_02 (id=22150A07A74D405F94F7049C8A54C980 pos=<14890.025391, 87.334564, 9739.978516>)
14:18:58.371 [VehicleDeleted] Hatchback_02_Blue (id=B3B8A6C02F47F984252A3BBC423EC12B pos=<14915.008789, 106.315468, 8340.010742>)
14:18:58.371 [VehicleDeleted] Hatchback_02_BanditKitty (id=5527D0461D4C3795B816DFA0B5C0A8FD pos=<14900.017578, 130.819077, 10739.988281>)
14:18:58.371 [VehicleDeleted] Sedan_02_Grey (id=80052503444D95604D7006A85C58A06D pos=<14740.022461, 143.444229, 10329.990234>)
14:18:58.371 [VehicleDeleted] Sedan_02 (id=5C75E866BF486F9B718A5CBE082B0D49 pos=<13310.009766, 155.671402, 10125.014648>)
14:18:58.371 [VehicleDeleted] Sedan_02_Red (id=8C35F8AC7C43F017086009B7616E4722 pos=<17095.042969, 145.352921, 1850.001953>)
14:18:58.375 [VehicleDeleted] Sedan_02_Red (id=4A1336911E46FEF37945BEB968351929 pos=<18644.978516, 143.517212, 1479.991821>)
14:18:58.375 [VehicleDeleted] Sedan_02 (id=C6FA0411D14A47026F3ADFB2FA357E3E pos=<19229.994141, 80.387093, 2214.999756>)
14:18:58.375 [VehicleDeleted] Sedan_02_Red (id=B7C031507F48B83C1B7625B94DFC9499 pos=<13520.000977, 111.280739, 9305.001953>)
14:18:58.375 [VehicleDeleted] Sedan_02_Red (id=760D97BDF749BF49270526838848EFD6 pos=<15954.992188, 88.011581, 8920.001953>)
14:20:19.070 [VehicleDeleted] CivilianSedan_Black (id=84EB69729345CC307F55A0BB91AF82BC pos=<14260.000000, 101.021652, 4705.006348>)
14:20:19.070 [VehicleDeleted] CivilianSedan_Wine (id=63A2B59B7E423DE87B5D91A7821A5FAF pos=<15114.997070, 106.067039, 10060.027344>)
14:20:19.070 [VehicleDeleted] CivilianSedan_Wine (id=FD86DFC7874376D26A95C1B06A36D7B2 pos=<18920.023438, 144.551773, 1254.975830>)
14:20:19.070 [VehicleDeleted] CivilianSedan_Wine (id=B3CAFF707140F4B16D0217B99FC9FCB6 pos=<14119.951172, 136.815933, 9414.952148>)
14:20:19.070 [VehicleDeleted] CivilianSedan_Wine (id=D3C80A8C224696A7AC2B87970D88512F pos=<19050.013672, 74.669281, 2574.995117>)
14:20:19.070 [VehicleDeleted] CivilianSedan_Wine (id=437BFC2B634C6B068D2A149659E987A1 pos=<14254.985352, 145.536148, 12159.983398>)
14:20:19.070 [VehicleDeleted] Hatchback_02_Black (id=D7FB2DBE6546C826F0196792B30DA0C8 pos=<14890.027344, 87.407845, 9739.981445>)
14:20:19.070 [VehicleDeleted] Hatchback_02 (id=7C86A8792F4B0F617DBC2181087CC9FF pos=<14915.000000, 106.299782, 8339.996094>)
14:20:19.070 [VehicleDeleted] Hatchback_02_BanditKitty (id=43F44445304DB9D6715A4B8EE485A900 pos=<14089.992188, 163.930725, 10915.010742>)
14:20:19.070 [VehicleDeleted] Hatchback_02 (id=51079C68AB49CD827361CE82C6780F63 pos=<14900.014648, 130.882492, 10739.978516>)
14:20:19.074 [VehicleDeleted] Sedan_02 (id=29CCC8392242B61EE87EC89BFDDBF5BB pos=<13310.009766, 155.671402, 10125.014648>)
14:20:19.074 [VehicleDeleted] Sedan_02_Red (id=E0CE3726714B9990D04AD7ABFDE24259 pos=<16000.021484, 133.551743, 10184.991211>)
14:20:19.074 [VehicleDeleted] Sedan_02 (id=73AD33E53B40DF57C7FEB9A2DD97EA67 pos=<17095.005859, 145.254486, 1849.981323>)
14:20:19.074 [VehicleDeleted] Sedan_02 (id=FC946DEE39446796BEF799991F507CB4 pos=<19230.019531, 80.476112, 2214.993896>)
14:20:19.074 [VehicleDeleted] Sedan_02_Grey (id=FEB7DF27904B261A1E3FF9A801ED1F0C pos=<15955.012695, 88.093063, 8919.995117>)
14:20:19.074 [VehicleDeleted] Sedan_02_Red (id=77DB3D9526446AE675F7B0997E02F344 pos=<14740.024414, 143.439102, 10329.989258>)
14:20:55.492 [Killfeed] [Admin] Bunker got killed.
14:21:39.328 [SpawnSelection] Player "[Admin] Bunker" (id=mBNlxASsPlOcry0dpDl8K-WgHNR5WMCMmoJ9NhpU4FY=) spawned at <6164.781250, 143.901749, 6103.173340>
14:21:39.398 [AI Patrol] Spawning 2 West bots at <6017.131836, 203.786972, 6588.176758>
14:21:39.769 [VehicleDeleted] CivilianSedan_Black (id=77688E35C44D64184EA1F19E99C8620C pos=<18920.025391, 144.534424, 1254.979248>)
14:21:39.773 [VehicleDeleted] CivilianSedan_Black (id=16009F67774DC8BDA7C227857442FCF6 pos=<14260.000000, 101.021652, 4705.006348>)
14:21:39.773 [VehicleDeleted] CivilianSedan (id=03CF9DC71B417D8531034B8D0B1B1D00 pos=<13294.991211, 124.012733, 9314.993164>)
14:21:39.773 [VehicleDeleted] CivilianSedan_Wine (id=3A35FCAFCA456968E91D3CB370450B6C pos=<13200.005859, 82.887207, 4875.000000>)
14:21:39.773 [VehicleDeleted] CivilianSedan_Wine (id=246EF34F084DBC650EDDE09266BFF98A pos=<14900.014648, 132.829880, 10520.035156>)
14:21:39.773 [VehicleDeleted] CivilianSedan_Black (id=AE67D962294C9E875DDA3382EB620FAC pos=<14119.942383, 136.812408, 9414.949219>)
14:21:39.773 [VehicleDeleted] Hatchback_02 (id=A2F7CFBD054787ED285C6B995FC7F049 pos=<14900.017578, 130.819031, 10739.988281>)
14:21:39.773 [VehicleDeleted] Hatchback_02_Blue (id=86CA7F85834563A8266EC78B50FF8E52 pos=<14915.000000, 106.299782, 8339.996094>)
14:21:39.773 [VehicleDeleted] Hatchback_02 (id=545BB6BF354BA0D73DF995B5A4507FAC pos=<14089.992188, 163.930725, 10915.010742>)
14:21:39.773 [VehicleDeleted] Hatchback_02_Black (id=B0029D89A1463FE28D3BDE9B53B0F094 pos=<14890.027344, 87.407845, 9739.981445>)
14:21:39.773 [VehicleDeleted] Sedan_02_Red (id=E55A952426494598348F838B012D9C07 pos=<13520.018555, 111.366112, 9304.997070>)
14:21:39.773 [VehicleDeleted] Sedan_02_Grey (id=9932D33C1C48B8DF5808168889BF8879 pos=<15955.013672, 88.093094, 8919.992188>)
14:21:39.773 [VehicleDeleted] Sedan_02_Grey (id=706710104F4C7B4A423EDA9695503ABE pos=<19350.023438, 77.715408, 2459.992676>)
14:21:39.773 [VehicleDeleted] Sedan_02_Red (id=4A41B7FA894E9C1708F9D4AC5C8A8A8D pos=<16000.020508, 133.551605, 10184.993164>)
14:21:39.773 [VehicleDeleted] Sedan_02_Grey (id=D1E37690C7493DE9D00A9FBD7917AAD3 pos=<18645.005859, 143.601608, 1479.992065>)
14:21:39.773 [VehicleDeleted] Sedan_02_Red (id=8DEAEF4C2249147F725D469E2B0E1BB1 pos=<13309.987305, 155.589661, 10125.014648>)
14:23:00.472 [VehicleDeleted] CivilianSedan_Black (id=4C199A1D4C4BC338BD9A22845FF4C967 pos=<14900.015625, 132.829346, 10520.035156>)
14:23:00.472 [VehicleDeleted] CivilianSedan_Black (id=E2F1500FB144BE8D9C8698894D1912DB pos=<13200.005859, 82.887207, 4875.000000>)
14:23:00.472 [VehicleDeleted] CivilianSedan_Black (id=81A8F2961C49ECB9E7CD7AA31EB644DA pos=<13565.038086, 178.047119, 12609.991211>)
14:23:00.472 [VehicleDeleted] CivilianSedan_Black (id=BA964660B54F318D3A6136A98DC098AE pos=<14260.006836, 101.046127, 4705.002930>)
14:23:00.472 [VehicleDeleted] CivilianSedan (id=A28A60C5964788F2A8EAD8B5F46F6937 pos=<18920.031250, 144.559158, 1254.981567>)
14:23:00.472 [VehicleDeleted] CivilianSedan (id=B06BF9B11A458FCEA2D3DB86937ECF64 pos=<15114.997070, 106.067039, 10060.027344>)
14:23:00.472 [VehicleDeleted] Hatchback_02_Black (id=81FDF6B53249F04DCF8901B0550382A7 pos=<14915.000000, 106.299828, 8339.997070>)
14:23:00.472 [VehicleDeleted] Hatchback_02_BanditKitty (id=5D4B6C8BCA4230422D87A09F79F45424 pos=<14900.018555, 130.882721, 10739.978516>)
14:23:00.472 [VehicleDeleted] Hatchback_02_BanditKitty (id=498B7E477540CF5961C7468A1287858A pos=<14089.983398, 163.986740, 10915.008789>)
14:23:00.476 [VehicleDeleted] Hatchback_02_Blue (id=44FF23F963436DA8582F70875CCED739 pos=<14890.024414, 87.334351, 9739.978516>)
14:23:00.476 [VehicleDeleted] Sedan_02 (id=CA7AB12DA049B43437769DBE35E7270F pos=<19350.015625, 77.714485, 2459.988525>)
14:23:00.476 [VehicleDeleted] Sedan_02 (id=528F067B684D1EEC7C3EA1AB3E696C35 pos=<14740.024414, 143.439163, 10329.989258>)
14:23:00.476 [VehicleDeleted] Sedan_02_Red (id=F2CF6EB8AF4F13A5DDDA03AF3BF60B92 pos=<18645.001953, 143.597946, 1479.985229>)
14:23:00.476 [VehicleDeleted] Sedan_02_Grey (id=283748B543456F101A1AAAABECF49288 pos=<13520.000977, 111.280739, 9305.001953>)
14:23:00.476 [VehicleDeleted] Sedan_02 (id=768413794E4E2AB4808E6989A34DAFDA pos=<15955.012695, 88.093010, 8919.995117>)
14:23:00.476 [VehicleDeleted] Sedan_02 (id=9B5708AC584A7B4EBD4465BC96159A38 pos=<16000.022461, 133.551453, 10184.995117>)
14:24:21.171 [VehicleDeleted] CivilianSedan (id=23CB74BE6E48D3085FD615B3EBAFB890 pos=<13294.991211, 124.012733, 9314.993164>)
14:24:21.171 [VehicleDeleted] CivilianSedan (id=B5FAC30B1A45187D6A47EC8ABE2622DF pos=<13925.016602, 113.457924, 6885.001465>)
14:24:21.171 [VehicleDeleted] CivilianSedan (id=38831DC1B54349848CF39C898303B5B9 pos=<14119.952148, 136.815781, 9414.953125>)
14:24:21.171 [VehicleDeleted] CivilianSedan (id=CC657DCE5C40C04AB8E57E943613E2DC pos=<19165.017578, 127.775795, 1664.961792>)
14:24:21.171 [VehicleDeleted] CivilianSedan_Wine (id=88957660844955CB1335928CBEF3F8E5 pos=<14900.005859, 132.807175, 10520.032227>)
14:24:21.171 [VehicleDeleted] CivilianSedan_Black (id=464B98BA344E5A8EB8ED7CBCC772161A pos=<15115.000000, 106.069748, 10060.027344>)
14:24:21.171 [VehicleDeleted] Hatchback_02_BanditKitty (id=8A18321F144570B6EB4B56809066D371 pos=<14089.993164, 163.930817, 10915.010742>)
14:24:21.171 [VehicleDeleted] Hatchback_02_Black (id=7907C811604C18381BF970901F61E78A pos=<14890.036133, 87.348969, 9739.984375>)
14:24:21.171 [VehicleDeleted] Hatchback_02 (id=5E657BB4474BB28A21F2729A36F54024 pos=<14900.017578, 130.819061, 10739.988281>)
14:24:21.175 [VehicleDeleted] Hatchback_02_BanditKitty (id=980E50AA5A47275221A708AD8EAFE94E pos=<14915.000000, 106.299774, 8339.996094>)
14:24:48.070 [VehicleDeleted] Sedan_02_Red (id=9176A8025E439CA71F52A58F0F69F079 pos=<18644.978516, 143.517212, 1479.991821>)
14:24:48.070 [VehicleDeleted] Sedan_02_Grey (id=6DEED6EC83462C0807E289936A890CE4 pos=<16000.021484, 133.551743, 10184.991211>)
14:24:48.070 [VehicleDeleted] Sedan_02_Grey (id=2862D4658F45297D39B45AA0BA291A33 pos=<19229.994141, 80.387093, 2214.999756>)
14:24:48.070 [VehicleDeleted] Sedan_02_Grey (id=D05AEAB8D346F7AE6A201D92000B6864 pos=<13310.001953, 155.664413, 10125.007813>)
14:24:48.070 [VehicleDeleted] Sedan_02_Red (id=031A4FA80C40A2501FF1DFA36AD28EA4 pos=<14740.024414, 143.439102, 10329.989258>)
14:24:48.070 [VehicleDeleted] Sedan_02_Red (id=A528E70C2C473C6515432ABA081EFC5B pos=<17095.005859, 145.254486, 1849.981323>)
14:24:48.074 [VehicleDeleted] Sedan_02_Red (id=517CD279CC4D45C59B2730A5D6FC6231 pos=<13520.019531, 111.365967, 9304.991211>)
14:25:41.871 [VehicleDeleted] CivilianSedan_Black (id=14400BF1FD4C401ED6EC0AA02DAB4B4B pos=<14260.000977, 101.040413, 4704.999023>)
14:25:41.871 [VehicleDeleted] CivilianSedan (id=38E78E92004689940336C3AF5055AA67 pos=<14900.003906, 98.041351, 8210.000977>)
14:25:41.871 [VehicleDeleted] CivilianSedan (id=857DB6433D48733D618F16830CBEA68A pos=<13565.038086, 178.047119, 12609.991211>)
14:25:41.871 [VehicleDeleted] CivilianSedan_Wine (id=18108AF99C4AA7A38F0056BE74C0F678 pos=<14900.015625, 132.829346, 10520.035156>)
14:25:41.871 [VehicleDeleted] CivilianSedan (id=5CAEB6318C48A2EFA7E7AC8857EE5E8E pos=<15115.001953, 106.052376, 10060.034180>)
14:25:41.871 [VehicleDeleted] CivilianSedan_Black (id=1A16F042BE43C134659983AC2C9A3B0B pos=<18920.025391, 144.534424, 1254.979248>)
14:26:08.769 [VehicleDeleted] Hatchback_02_BanditKitty (id=6428260E0447A1FA35C2D5BA1E0C3545 pos=<14089.983398, 163.986755, 10915.008789>)
14:26:08.773 [VehicleDeleted] Hatchback_02_Black (id=06E4DE4CB6440C9255C0049B0B68E6AC pos=<14915.000000, 106.299782, 8339.996094>)
14:26:08.773 [VehicleDeleted] Hatchback_02_BanditKitty (id=89602E9A17438A27BBCC8F87D6AEF287 pos=<14890.036133, 87.348976, 9739.984375>)
14:26:08.773 [VehicleDeleted] Hatchback_02_BanditKitty (id=D4E48EC6014BCE43D98A9E98EAC83F75 pos=<14900.017578, 130.819031, 10739.988281>)
14:26:08.773 [VehicleDeleted] Sedan_02_Red (id=AA2F22905943EFFEB450F6AB8D29C1BD pos=<13310.001953, 155.664413, 10125.007813>)
14:26:08.773 [VehicleDeleted] Sedan_02_Grey (id=7F5A3F908B44DF0DF4790CB34165215F pos=<18644.978516, 143.517212, 1479.991821>)
14:26:08.773 [VehicleDeleted] Sedan_02 (id=E4D31F66024A10C8DAF31BBBF6B323BD pos=<17095.042969, 145.352921, 1850.001953>)
14:26:08.773 [VehicleDeleted] Sedan_02 (id=00C331D59E4F80681C6A339F3F68DA43 pos=<13520.019531, 111.365967, 9304.991211>)
14:26:08.773 [VehicleDeleted] Sedan_02_Grey (id=40D1B25C5742DEE656D18084C0B969B2 pos=<19350.015625, 77.714485, 2459.988525>)
14:26:08.773 [VehicleDeleted] Sedan_02 (id=F7B03A7CD548BD244B3C1689102A1F9D pos=<16000.021484, 133.551743, 10184.991211>)
14:26:08.773 [VehicleDeleted] Sedan_02_Red (id=24DD49BAD04EFA01481ECF943B180BFA pos=<14740.000977, 143.354599, 10329.996094>)
14:27:29.472 [VehicleDeleted] CivilianSedan_Black (id=CCE494270B4EE3013CF8E1BEDFB07D8B pos=<19165.003906, 127.769829, 1664.956177>)
14:27:29.472 [VehicleDeleted] CivilianSedan_Wine (id=CFA6A370424A3AAF4512EFB8C03736B6 pos=<14254.993164, 145.560654, 12159.980469>)
14:27:29.472 [VehicleDeleted] CivilianSedan_Wine (id=CE50E1F09E4E847E97AC38942461F875 pos=<19050.001953, 74.663269, 2574.990479>)
14:27:29.472 [VehicleDeleted] CivilianSedan_Wine (id=A6F84E9CEB4928FFFA582EAE73F8F5F0 pos=<13925.023438, 113.439125, 6884.992676>)
14:27:29.472 [VehicleDeleted] CivilianSedan (id=CC5596B76F4146384CAD4A97DFFE893F pos=<15114.997070, 106.067039, 10060.027344>)
14:27:29.472 [VehicleDeleted] CivilianSedan_Black (id=43B731424246218101CECFB1EC9C6D18 pos=<15880.015625, 103.670898, 9700.023438>)
14:27:29.472 [VehicleDeleted] Hatchback_02_BanditKitty (id=EF16A5A9EF4E19A194594FAEA72BD051 pos=<14900.014648, 130.882492, 10739.978516>)
14:27:29.472 [VehicleDeleted] Hatchback_02 (id=482E2B8927443DCB3BE10BB299A6E771 pos=<14915.008789, 106.315468, 8340.010742>)
14:27:29.472 [VehicleDeleted] Hatchback_02_BanditKitty (id=A7A9D0C8D7480CA8E0917A88CAD88CF6 pos=<14890.036133, 87.348976, 9739.984375>)
14:27:29.472 [VehicleDeleted] Hatchback_02_BanditKitty (id=19741D7D60477ABC6DDBCCAC98EB64CC pos=<14089.989258, 163.913864, 10914.998047>)
14:27:29.476 [VehicleDeleted] Sedan_02_Red (id=A16DB3D05648BFEFCE4372BEA15AB548 pos=<15955.012695, 88.093063, 8919.995117>)
14:27:29.476 [VehicleDeleted] Sedan_02 (id=B781A587C342BE93E14F48BDEC0A52B8 pos=<17095.048828, 145.353653, 1849.995850>)
14:27:29.476 [VehicleDeleted] Sedan_02_Red (id=8D93319B5F4F369DB95312B3296BBB2D pos=<19230.019531, 80.476112, 2214.993896>)
14:27:29.476 [VehicleDeleted] Sedan_02 (id=59607E066D4F2C2E1E28228BA281B06B pos=<13520.018555, 111.369926, 9305.000977>)
14:27:29.476 [VehicleDeleted] Sedan_02_Red (id=FC8C0C6CAF45A526A7B12A941395BB6A pos=<16000.021484, 133.551743, 10184.991211>)
14:27:29.476 [VehicleDeleted] Sedan_02_Red (id=D8EA4C1BBF40AFD63A9AC08675A2B4A7 pos=<13310.009766, 155.671402, 10125.014648>)
14:27:29.476 [VehicleDeleted] Sedan_02_Grey (id=530CF517174862B730D7F68CFA872B1A pos=<14740.000977, 143.354599, 10329.996094>)
14:28:50.171 [VehicleDeleted] CivilianSedan_Wine (id=3F6AFD650C4E113F9E1A6D9B9CD9911F pos=<14254.993164, 145.560654, 12159.980469>)
14:28:50.171 [VehicleDeleted] CivilianSedan (id=D48F1F96A74C431A03CE3CAE1885BC5F pos=<13200.008789, 82.868645, 4875.003418>)
14:28:50.171 [VehicleDeleted] CivilianSedan_Wine (id=7C9E2E53CE4A4CC044DC7A83F2A1F14A pos=<18920.025391, 144.534424, 1254.979248>)
14:28:50.171 [VehicleDeleted] CivilianSedan_Wine (id=F35E0AC3E74F80F6E2949E8761248FD6 pos=<14119.940430, 136.793228, 9414.948242>)
14:28:50.171 [VehicleDeleted] CivilianSedan_Wine (id=3E44777FA14243D788FAFEA1D7F98E5F pos=<13925.023438, 113.439125, 6884.992676>)
14:28:50.171 [VehicleDeleted] CivilianSedan_Black (id=48CDC8AD204C8D17267AF6A08D3F38AF pos=<14260.000000, 101.021652, 4705.006348>)
14:28:50.171 [VehicleDeleted] Hatchback_02_Black (id=DEF92F7D84450B8C5FA5C190975836D7 pos=<14900.017578, 130.819031, 10739.988281>)
14:28:50.171 [VehicleDeleted] Hatchback_02_BanditKitty (id=88ED473AB44422CB8BE59095404D06A9 pos=<14089.989258, 163.913864, 10914.998047>)
14:28:50.171 [VehicleDeleted] Hatchback_02_Blue (id=4BCB4B13E440AFA65215B88E6052F2C9 pos=<14915.008789, 106.315468, 8340.010742>)
14:28:50.175 [VehicleDeleted] Hatchback_02_Blue (id=EF504822494915A81830DB9AABB1A9BE pos=<14890.027344, 87.407845, 9739.981445>)
14:28:50.175 [VehicleDeleted] Sedan_02 (id=A1E319FAE2457DFA415ECBA87705CCB6 pos=<19350.000000, 77.631165, 2459.998291>)
14:28:50.175 [VehicleDeleted] Sedan_02_Red (id=8894FB72514A10D72BD26199EEB3D658 pos=<13520.018555, 111.369926, 9305.000977>)
14:28:50.175 [VehicleDeleted] Sedan_02 (id=6B42D56B894261AEE371C08099F39DBD pos=<14740.024414, 143.439102, 10329.989258>)
14:28:50.175 [VehicleDeleted] Sedan_02_Grey (id=B2FB1620DC4A25871129E291AC1C68E9 pos=<13309.987305, 155.589661, 10125.014648>)
14:28:50.175 [VehicleDeleted] Sedan_02 (id=2C2393202C453060EBFB589C72E2C644 pos=<15954.992188, 88.011658, 8920.001953>)
14:28:50.175 [VehicleDeleted] Sedan_02_Grey (id=BA8EDC2A10438393A798AD921A73DB75 pos=<18644.998047, 143.603012, 1479.989014>)
14:28:50.175 [VehicleDeleted] Sedan_02 (id=E0FEB35C50443469987CDAA4CA7AA175 pos=<17095.042969, 145.352921, 1850.001953>)
14:30:10.871 [VehicleDeleted] CivilianSedan_Black (id=D0187B108B47249D405400BA56122DA0 pos=<15115.001953, 106.052376, 10060.034180>)
14:30:10.871 [VehicleDeleted] CivilianSedan_Wine (id=CF05ED54F74B627ED8E288A055197C0F pos=<19165.005859, 127.750656, 1664.957031>)
14:30:10.871 [VehicleDeleted] CivilianSedan (id=9AFCA916B34CF7022495DCB1A74DB881 pos=<14119.944336, 136.812485, 9414.947266>)
14:30:10.871 [VehicleDeleted] CivilianSedan_Black (id=156D69D3FD44C8A7170A9893DCD76D68 pos=<14900.005859, 132.807159, 10520.032227>)
14:30:10.871 [VehicleDeleted] CivilianSedan_Wine (id=2EE5688E0F4A7E0E6E49928767251FF0 pos=<14900.001953, 98.025940, 8210.004883>)
14:30:10.871 [VehicleDeleted] CivilianSedan (id=BC4C3AB99242F514B5615888791AAA62 pos=<13565.041016, 178.030975, 12609.998047>)
14:30:10.875 [VehicleDeleted] Hatchback_02_Blue (id=1CD1461827472FBFE195718C0662193C pos=<14915.000000, 106.299782, 8339.996094>)
14:30:10.875 [VehicleDeleted] Hatchback_02_BanditKitty (id=9046DB12794BB35DA598CC83BD578343 pos=<14890.025391, 87.334564, 9739.978516>)
14:30:10.875 [VehicleDeleted] Hatchback_02_Blue (id=2E013BC71D4C73C41231B886AF972A65 pos=<14089.989258, 163.913864, 10914.998047>)
14:30:10.875 [VehicleDeleted] Hatchback_02_Blue (id=528685C65049FEB70E0736990AB65905 pos=<14900.007813, 130.805649, 10739.972656>)
14:30:10.875 [VehicleDeleted] Sedan_02 (id=5555B490CD49F4F75636E3AD619E09FD pos=<17095.042969, 145.352921, 1850.001953>)
14:30:10.875 [VehicleDeleted] Sedan_02_Red (id=77444B545B46794E158421825F4C4CB3 pos=<15955.012695, 88.093063, 8919.995117>)
14:30:10.875 [VehicleDeleted] Sedan_02_Red (id=ABCDC9CE88424213346C7C8891AEC0B0 pos=<13520.019531, 111.365967, 9304.991211>)
14:30:10.875 [VehicleDeleted] Sedan_02_Grey (id=33DB41D1F9471CDBD8C8B3A7129A508A pos=<18645.000000, 143.597656, 1479.984619>)
14:30:10.875 [VehicleDeleted] Sedan_02 (id=FDBB676A39459D446376D89ADBA6B9C8 pos=<19229.994141, 80.387093, 2214.999756>)
14:30:10.875 [VehicleDeleted] Sedan_02 (id=148984E57943CFBFC68888B1131156BE pos=<15999.998047, 133.472488, 10184.997070>)
14:30:10.875 [VehicleDeleted] Sedan_02 (id=A0968A776A44DF66D0BA309D99D23ABC pos=<13310.009766, 155.671402, 10125.014648>)
14:31:31.570 [VehicleDeleted] CivilianSedan_Black (id=6E1830ADE4469ED60DF608929E935A35 pos=<14260.000977, 101.040413, 4704.999023>)
14:31:31.570 [VehicleDeleted] CivilianSedan_Black (id=AE224B84A040612A68050EBCCAA592CA pos=<15880.015625, 103.670898, 9700.023438>)
14:31:31.570 [VehicleDeleted] CivilianSedan_Wine (id=0B162D81DB4906CAC0351F9CF475FAF6 pos=<15114.997070, 106.067039, 10060.027344>)
14:31:31.570 [VehicleDeleted] CivilianSedan_Wine (id=69A26F411340430670DBC4951A8D66C8 pos=<14900.005859, 132.807159, 10520.032227>)
14:31:31.570 [VehicleDeleted] CivilianSedan_Black (id=77437CE88E401C5DB60293A5BA81749F pos=<19165.005859, 127.750656, 1664.957031>)
14:31:31.570 [VehicleDeleted] CivilianSedan_Black (id=C34C8705754885F95FEFB292FC96831B pos=<19050.001953, 74.663269, 2574.990479>)
14:31:31.574 [VehicleDeleted] Hatchback_02_Black (id=8D019842E64A8F76CDDAAC95B527B458 pos=<14900.007813, 130.805649, 10739.972656>)
14:31:31.574 [VehicleDeleted] Hatchback_02_BanditKitty (id=F04C0511BA4D69DE4FA2BDA59B6B6534 pos=<14914.990234, 106.370071, 8339.997070>)
14:31:31.574 [VehicleDeleted] Hatchback_02_Blue (id=0A1F6B7DFF4F9C599930B3A4F48A1B79 pos=<14890.016602, 87.401337, 9739.989258>)
14:31:31.574 [VehicleDeleted] Hatchback_02_BanditKitty (id=3E36CF46784DDC15BDD592A385B8FA13 pos=<14089.989258, 163.913864, 10914.998047>)
14:31:58.468 [VehicleDeleted] Sedan_02_Grey (id=90B5A9EE544448DE246F75A46DAE6722 pos=<13520.000000, 111.433601, 9305.000000>)
14:31:58.468 [VehicleDeleted] Sedan_02_Grey (id=4853FB698249F3D0CC404885526E57C5 pos=<19229.994141, 80.387093, 2214.999756>)
14:31:58.472 [VehicleDeleted] Sedan_02 (id=5F988A31DD48C655BE340C9C2400D0D6 pos=<15955.012695, 88.093063, 8919.995117>)
14:31:58.472 [VehicleDeleted] Sedan_02 (id=8DD859D75A4744F6178E14B5739A3495 pos=<14740.001953, 143.507309, 10329.994141>)
14:31:58.472 [VehicleDeleted] Sedan_02_Red (id=7B7D9D8CCC425AD49270539DC98D3E5F pos=<17095.042969, 145.352921, 1850.001953>)
14:31:58.472 [VehicleDeleted] Sedan_02_Red (id=93F64CC7B649B396E317748C3923E8F4 pos=<18644.998047, 143.603088, 1479.988892>)
14:32:52.269 [VehicleDeleted] CivilianSedan_Black (id=A0B305804C4CAEE5A2382883D11A3703 pos=<15880.015625, 103.670898, 9700.023438>)
14:32:52.273 [VehicleDeleted] CivilianSedan_Wine (id=D1015DAE4843A042CD6D0CA635499B2F pos=<13294.988281, 124.031898, 9314.984375>)
14:32:52.273 [VehicleDeleted] CivilianSedan (id=A8139769954B3C40A57D67BFDCA37D9D pos=<18920.025391, 144.534424, 1254.979248>)
14:32:52.273 [VehicleDeleted] CivilianSedan_Wine (id=89AE46A8114630BCC19AD5BC68274684 pos=<19050.001953, 74.663269, 2574.990479>)
14:32:52.273 [VehicleDeleted] CivilianSedan_Black (id=46C0002BC8489CDF5DBA84938C280F37 pos=<14900.012695, 98.046089, 8210.005859>)
14:32:52.273 [VehicleDeleted] CivilianSedan (id=9E9A02E39F482EED4F48ECBE0F797E74 pos=<14900.014648, 132.829880, 10520.035156>)
14:33:19.171 [VehicleDeleted] Hatchback_02_Blue (id=8CDBF5841049BDD3E534389C6FCA14AA pos=<14089.989258, 163.913864, 10914.998047>)
14:33:19.171 [VehicleDeleted] Hatchback_02_Black (id=E28F7465764DFBB2954F9DB3E04E0516 pos=<14900.017578, 130.819031, 10739.988281>)
14:33:19.171 [VehicleDeleted] Hatchback_02_Black (id=4BF9E0B485453B7F36E3498A74A964ED pos=<14915.008789, 106.315468, 8340.010742>)
14:33:19.171 [VehicleDeleted] Hatchback_02_Blue (id=1953594997424998929E258C5C1C097E pos=<14890.036133, 87.348976, 9739.984375>)
14:33:19.171 [VehicleDeleted] Sedan_02 (id=3E374474D648ACE9819DF4AE09077803 pos=<15999.998047, 133.472488, 10184.997070>)
14:33:19.171 [VehicleDeleted] Sedan_02_Grey (id=71430776B34207B1B683D198CF5522E0 pos=<13520.018555, 111.369926, 9305.000977>)
14:33:19.171 [VehicleDeleted] Sedan_02_Red (id=F5EB14B160445796939ED8A6B5855CFF pos=<19230.011719, 80.471298, 2214.990967>)
14:33:19.171 [VehicleDeleted] Sedan_02_Red (id=55E7C7A74C408EC62921478B82FC1809 pos=<14740.024414, 143.439102, 10329.989258>)
14:33:19.171 [VehicleDeleted] Sedan_02_Red (id=1C72B1DBAC447B6E2730B1B65A2A039E pos=<18644.978516, 143.517212, 1479.991821>)
14:33:19.175 [VehicleDeleted] Sedan_02_Grey (id=57CECBB4E54BBC744F175782E673E8C8 pos=<17095.042969, 145.352921, 1850.001953>)
14:34:39.871 [VehicleDeleted] CivilianSedan_Wine (id=FB5868AD3A4DD80E0DC965A780C4F9A2 pos=<18920.025391, 144.534424, 1254.979248>)
14:34:39.871 [VehicleDeleted] CivilianSedan_Wine (id=228A9D60BA4838F8C96A6287E99FCB86 pos=<14900.012695, 98.046089, 8210.005859>)
14:34:39.871 [VehicleDeleted] CivilianSedan_Black (id=B438C9F73F47BE78B97B88BC2168BC4C pos=<14260.006836, 101.046127, 4705.002930>)
14:34:39.871 [VehicleDeleted] CivilianSedan_Wine (id=64F357F7D6401F04FBA9019CA27E53C4 pos=<19050.001953, 74.663269, 2574.990479>)
14:34:39.871 [VehicleDeleted] CivilianSedan_Black (id=978E1C502246F4FEC8F281AD2B293AB0 pos=<15880.015625, 103.670898, 9700.023438>)
14:34:39.875 [VehicleDeleted] CivilianSedan_Wine (id=99B6D77F61478A300077338E34B9B65A pos=<14119.942383, 136.812408, 9414.949219>)
14:34:39.875 [VehicleDeleted] Hatchback_02_Black (id=A324DF7F0A4E2C7BA8F988B70E5FBFB4 pos=<14089.992188, 163.930725, 10915.010742>)
14:34:39.875 [VehicleDeleted] Hatchback_02_Blue (id=BA72EABA4141A718CCD4E38D3352E57C pos=<14915.000000, 106.299782, 8339.996094>)
14:34:39.875 [VehicleDeleted] Hatchback_02_Black (id=9650C802B745A96949A9BE9A069390CD pos=<14900.017578, 130.819031, 10739.988281>)
14:34:39.875 [VehicleDeleted] Hatchback_02_Blue (id=A9C8EFC5FF4C42CC6FB4619BF51CAAE2 pos=<14890.025391, 87.334564, 9739.978516>)
14:34:39.875 [VehicleDeleted] Sedan_02 (id=B6D273D9E24C513F1D6CCDB0C41838BD pos=<19230.011719, 80.471298, 2214.990967>)
14:34:39.875 [VehicleDeleted] Sedan_02_Red (id=1DCD55C3494D6ED46166608130DB926C pos=<18644.998047, 143.603012, 1479.989014>)
14:34:39.875 [VehicleDeleted] Sedan_02_Grey (id=F467A73EB14469EC80532F84876B88CB pos=<13309.987305, 155.589661, 10125.014648>)
14:34:39.875 [VehicleDeleted] Sedan_02 (id=E2EF7E7BA14E890885E07EBEB15F0CB1 pos=<17095.005859, 145.254486, 1849.981323>)
14:34:39.875 [VehicleDeleted] Sedan_02_Grey (id=4BF251BE4D4750774C35A1A91276D0A2 pos=<15954.992188, 88.011658, 8920.001953>)
14:34:39.875 [VehicleDeleted] Sedan_02 (id=1D27298A12432904004262AA3AA87D43 pos=<16000.021484, 133.551743, 10184.991211>)
14:34:39.875 [VehicleDeleted] Sedan_02_Grey (id=24F7497D754221E57AF11F86FD253EDD pos=<13520.019531, 111.365829, 9304.990234>)
14:36:00.570 [VehicleDeleted] CivilianSedan_Wine (id=33DC260F6A484963E5C53B8B363E1E14 pos=<14119.942383, 136.812408, 9414.949219>)
14:36:00.570 [VehicleDeleted] CivilianSedan_Wine (id=7066E03104410821CAB467A8FE606FAF pos=<14900.014648, 132.829880, 10520.035156>)
14:36:00.570 [VehicleDeleted] CivilianSedan (id=2F548BFB654CC3EA7CD0D5A00D01F093 pos=<19165.005859, 127.750656, 1664.957031>)
14:36:00.574 [VehicleDeleted] CivilianSedan (id=0804C0536F4B8CAEE21980ACE3945301 pos=<14260.000977, 101.040413, 4704.999023>)
14:36:00.574 [VehicleDeleted] CivilianSedan_Wine (id=FC7A94C720455EEB5C9BEABA3F0628C6 pos=<14254.981445, 145.555939, 12159.979492>)
14:36:00.574 [VehicleDeleted] CivilianSedan_Wine (id=17870E37AC418BE326D645B1944C8F69 pos=<13200.008789, 82.868645, 4875.003418>)
14:36:00.574 [VehicleDeleted] Hatchback_02_BanditKitty (id=BBE5FF06E94D7D4D5FFB64B3E12877A7 pos=<14915.000000, 106.299782, 8339.996094>)
14:36:00.574 [VehicleDeleted] Hatchback_02_Black (id=A1B552F6F544797F82E73D84DBC71FFD pos=<14900.017578, 130.819031, 10739.988281>)
14:36:00.574 [VehicleDeleted] Hatchback_02 (id=BB61107FC4413BD38D8141804400381A pos=<14089.992188, 163.930725, 10915.010742>)
14:36:00.574 [VehicleDeleted] Hatchback_02_Blue (id=1F5570F90C44664A06802FADD50C34C5 pos=<14890.036133, 87.348976, 9739.984375>)
14:36:00.574 [VehicleDeleted] Sedan_02 (id=DFBF7ECA044DBEE48AAD8B9DE399CDCC pos=<13309.986328, 155.589523, 10125.013672>)
14:36:00.574 [VehicleDeleted] Sedan_02_Red (id=B12B11B8C540560C28C361AC59C98F3F pos=<14740.024414, 143.439163, 10329.989258>)
14:36:00.574 [VehicleDeleted] Sedan_02_Grey (id=F8A0599982411888939E39A42F469A6C pos=<13520.000977, 111.280655, 9305.001953>)
14:36:00.578 [VehicleDeleted] Sedan_02_Grey (id=4A6F8E1DA34092E24B10698DF750D8AC pos=<15954.993164, 88.011421, 8920.001953>)
14:36:00.578 [VehicleDeleted] Sedan_02 (id=AA68EAFCE74C96ACAA8B5594CADC614E pos=<19350.000000, 77.631310, 2459.998535>)
14:36:00.578 [VehicleDeleted] Sedan_02 (id=681A70C65F4E477D34C3C3B5F4D72EDE pos=<17095.042969, 145.352753, 1850.001831>)
14:36:00.578 [VehicleDeleted] Sedan_02 (id=5DE3F6EBDA46DAC72B9891B1E28572F2 pos=<15999.998047, 133.472366, 10184.997070>)
