02:44:35.198 [VehicleDeleted] CivilianSedan_Black (id=F2A7257A55483C08E8E0EE83933592B1 pos=<14254.985352, 145.536148, 12159.983398>)
02:44:35.199 [VehicleDeleted] CivilianSedan_Black (id=E3088A432B45742E3E985E8CB83D7717 pos=<13200.005859, 82.887207, 4875.000000>)
02:44:35.199 [VehicleDeleted] CivilianSedan_Black (id=EDA0927CEB44FC90F8E464A548BBBC18 pos=<18920.023438, 144.551773, 1254.975830>)
02:44:35.199 [VehicleDeleted] CivilianSedan_Wine (id=3A484597A04D9449D09B43A8E965102A pos=<19050.001953, 74.663269, 2574.990479>)
02:44:35.199 [VehicleDeleted] CivilianSedan (id=0A27D0BA784E43FAAEA7F9A1040BB1AD pos=<14900.001953, 98.025940, 8210.004883>)
02:44:35.200 [VehicleDeleted] CivilianSedan_Black (id=F365AD5758416F281D1F4DA68D911886 pos=<13294.988281, 124.031898, 9314.984375>)
02:44:35.200 [VehicleDeleted] Hatchback_02_Black (id=72840EBFD540304F23E9E2B1FFA15D0F pos=<14914.990234, 106.370071, 8339.997070>)
02:44:35.200 [VehicleDeleted] Hatchback_02_BanditKitty (id=3A6851ED7C4FB485F4833897A326382B pos=<14890.027344, 87.407845, 9739.981445>)
02:44:35.200 [VehicleDeleted] Hatchback_02 (id=35A26B21D14845CE635C1CBE8E9B8FE0 pos=<14089.992188, 163.930725, 10915.010742>)
02:44:35.201 [VehicleDeleted] Hatchback_02_Black (id=49E97A68F14F65AED6A15C80615BF910 pos=<14900.014648, 130.882492, 10739.978516>)
02:48:37.224 [MissionAirdrop] An airdrop is heading towards "Gulash" (pos=<6331.370117, 0.000000, 6278.273438> type=Random_Gulash) with a ExpansionAirdropContainer_Medical
03:09:59.487 [VehicleDeleted] Sedan_02 (id=57EC0B35D04032ED58F46E951DF1A8BD pos=<13520.018555, 111.369926, 9305.000977>)
03:09:59.487 [VehicleDeleted] Sedan_02_Red (id=4FAF0F03D148ECDBE16191BEE443302C pos=<18645.000000, 143.597656, 1479.984619>)
03:09:59.487 [VehicleDeleted] Sedan_02_Red (id=933FED0FF1424B6F58D56B82656CBC6A pos=<19229.994141, 80.387093, 2214.999756>)
03:09:59.488 [VehicleDeleted] Sedan_02_Red (id=AAF9428361438BD569BAD0AD6101CCA3 pos=<17095.048828, 145.353653, 1849.995850>)
03:09:59.488 [VehicleDeleted] Sedan_02_Grey (id=A99F51368449ED769B83CABFEB8D300C pos=<14740.022461, 143.444229, 10329.990234>)
03:09:59.488 [VehicleDeleted] Sedan_02_Red (id=41893935834F92EBB5294B979E2E4262 pos=<13310.009766, 155.671402, 10125.014648>)
03:09:59.488 [VehicleDeleted] Sedan_02 (id=485F1FF2584BEE8312A32CA320A44F46 pos=<15999.998047, 133.472488, 10184.997070>)
03:10:15.525 [Expansion Quests] - InitQuestSystemClient - Created new persistent player quest data for player UID: OAdpPkJP2Ps_W7h2ttR1bK23ekHCzrxw0mDT3zqLMdU=
03:10:15.525 [Expansion Quests] - LoadGroupQuestData - Created new persistent group quest data for group with ID: -1
03:10:15.534 [Expansion Quests] - CompleteQuest - Player with UID OAdpPkJP2Ps_W7h2ttR1bK23ekHCzrxw0mDT3zqLMdU= has completed quest 14
03:10:20.094 [SpawnSelection] Player "Bluecollarboys" (id=OAdpPkJP2Ps_W7h2ttR1bK23ekHCzrxw0mDT3zqLMdU=) spawned at <9571.978516, 263.761627, 7225.784180>
03:10:53.287 [VehicleDeleted] CivilianSedan (id=2FCC3C804B4B4ACCEF7F0C874EEF1E94 pos=<19050.005859, 74.644691, 2574.993164>)
03:10:53.288 [VehicleDeleted] CivilianSedan (id=43BF55E5224B6DE341E12983240B3EF2 pos=<15114.997070, 106.067047, 10060.027344>)
03:10:53.288 [VehicleDeleted] CivilianSedan_Wine (id=C605DF179D42D7D23FEBB696933C45D7 pos=<13925.015625, 113.457352, 6884.992676>)
03:10:53.288 [VehicleDeleted] CivilianSedan_Wine (id=93605506F749DFF4733BB5827652E2FB pos=<14900.001953, 98.025940, 8210.004883>)
03:10:53.288 [VehicleDeleted] CivilianSedan_Black (id=E9F692F71240D44C5F5BD08F7C4E1405 pos=<14119.942383, 136.812408, 9414.949219>)
03:10:53.288 [VehicleDeleted] CivilianSedan_Wine (id=47EDB4A7E84A8691249D35B802B7C1F4 pos=<15880.015625, 103.670891, 9700.023438>)
03:11:20.187 [VehicleDeleted] Hatchback_02 (id=33EF73F4D6431B7858B9ADA10B49D5BB pos=<14089.989258, 163.913864, 10914.998047>)
03:11:20.187 [VehicleDeleted] Hatchback_02_Black (id=CF6DDBF39F4E979B5972099910B69674 pos=<14890.025391, 87.334564, 9739.978516>)
03:11:20.187 [VehicleDeleted] Hatchback_02_BanditKitty (id=08B8DB5FA14D5D278F707C951BB42078 pos=<14900.017578, 130.819031, 10739.988281>)
03:11:20.188 [VehicleDeleted] Hatchback_02_BanditKitty (id=4B7A34D59643D2DE3E43328E34C9D492 pos=<14915.008789, 106.315468, 8340.010742>)
03:11:20.188 [VehicleDeleted] Sedan_02_Red (id=33C32622554A6166BDA4718343926331 pos=<15955.013672, 88.097832, 8919.997070>)
03:11:20.188 [VehicleDeleted] Sedan_02_Grey (id=6C36B8AD2F48B5B59BB4E3B04873A0AE pos=<15999.998047, 133.472488, 10184.997070>)
03:11:20.188 [VehicleDeleted] Sedan_02_Grey (id=6A10BD8FDB487D4ADD7D089CC8D3C48D pos=<14740.024414, 143.439102, 10329.989258>)
03:11:20.189 [VehicleDeleted] Sedan_02_Red (id=3B1123276648E50EA0E057847784387D pos=<13309.987305, 155.589661, 10125.014648>)
03:11:20.189 [VehicleDeleted] Sedan_02 (id=C4A3179B1F4EDAAD571999B2B5B92680 pos=<19350.015625, 77.714485, 2459.988525>)
03:11:20.189 [VehicleDeleted] Sedan_02_Grey (id=345EC6A82446AF32FB56DC9B690E7D74 pos=<13520.000977, 111.280739, 9305.001953>)
03:11:20.189 [VehicleDeleted] Sedan_02_Grey (id=F1DA96B3AA44747BB5C622B8B533EF33 pos=<17095.042969, 145.352921, 1850.001953>)
04:14:15.222 [MissionAirdrop] An airdrop is heading towards "Kula" (pos=<4978.740234, 0.000000, 4995.410156> type=Random_Kula) with a ExpansionAirdropContainer_Medical
05:38:31.222 [MissionAirdrop] An airdrop is heading towards "Kula" (pos=<4978.740234, 0.000000, 4995.410156> type=Random_Kula) with a ExpansionAirdropContainer_Medical
