06:02:46.673 [Party] Player "Sharkparty" (id=2H7391gmOSCz4VnnBebcTth-2Sm4qjaSYaboxsOPA1Q=) joinded the party "Sharkparty" (id=0 ownerUID=2H7391gmOSCz4VnnBebcTth-2Sm4qjaSYaboxsOPA1Q= ownerName=Sharkparty)
06:02:46.679 [Expansion Quests] - InitQuestSystemClient - Loaded existing player quest data for player with UID: 2H7391gmOSCz4VnnBebcTth-2Sm4qjaSYaboxsOPA1Q=
06:02:46.679 [Expansion Quests] - LoadGroupQuestData - Loaded existing group quest data for group with ID: 0
06:02:46.679 [Expansion Quests] - Create new quest instance for quest: 9 - Player UID: 2H7391gmOSCz4VnnBebcTth-2Sm4qjaSYaboxsOPA1Q=
06:02:47.652 [Expansion Quests] - LoadGroupQuestData - Got cached group quest data for group with ID: 0
06:03:46.796 [VehicleEnter] Player Sharkparty [uid=2H7391gmOSCz4VnnBebcTth-2Sm4qjaSYaboxsOPA1Q=] entered vehicle HAMMER_H1 black_rust (id=31E878D415478C474878A581AD43ED14 pos=<8367.482422, 234.606903, 8623.012695>) as driver
06:03:49.121 [VehicleEngine] Player Sharkparty [uid=2H7391gmOSCz4VnnBebcTth-2Sm4qjaSYaboxsOPA1Q=] started vehicle HAMMER_H1 black_rust (id=31E878D415478C474878A581AD43ED14 pos=<8367.482422, 234.606888, 8623.012695>)
06:04:22.087 [AI Patrol] Spawning 3 Shamans bots at <9019.925781, 203.550323, 7618.863770>
06:06:10.054 [Safezone] Player "Sharkparty" (id=2H7391gmOSCz4VnnBebcTth-2Sm4qjaSYaboxsOPA1Q= pos=<10086.594727, 133.097656, 7871.786621>) Entered the safezone
06:06:23.119 [VehicleEngine] Player Sharkparty [uid=2H7391gmOSCz4VnnBebcTth-2Sm4qjaSYaboxsOPA1Q=] stopped vehicle HAMMER_H1 black_rust (id=31E878D415478C474878A581AD43ED14 pos=<10150.786133, 129.812668, 7928.816406>)
06:06:26.771 [VehicleLeave] Player Sharkparty [uid=2H7391gmOSCz4VnnBebcTth-2Sm4qjaSYaboxsOPA1Q=] left vehicle HAMMER_H1 black_rust (id=31E878D415478C474878A581AD43ED14 pos=<10150.786133, 129.812668, 7928.816406>)
06:06:45.265 [Expansion Quests] - CompleteQuest - Player with UID 2H7391gmOSCz4VnnBebcTth-2Sm4qjaSYaboxsOPA1Q= has completed quest 9
06:07:24.033 [Expansion Quests] - CreateQuestInstance - Created new quest instance for with instance key 2H7391gmOSCz4VnnBebcTth-2Sm4qjaSYaboxsOPA1Q= for quest 4
06:07:51.699 [MissionAirdrop] An airdrop is heading towards "Pilana Sawmill" (pos=<9112.919922, 0.000000, 8000.439941> type=Random_Pilana Sawmill) with a ExpansionAirdropContainer_Medical
06:10:24.287 [VehicleEnter] Player Sharkparty [uid=2H7391gmOSCz4VnnBebcTth-2Sm4qjaSYaboxsOPA1Q=] entered vehicle HAMMER_H1 black_rust (id=31E878D415478C474878A581AD43ED14 pos=<10150.786133, 129.812668, 7928.816406>) as driver
06:10:26.621 [VehicleEngine] Player Sharkparty [uid=2H7391gmOSCz4VnnBebcTth-2Sm4qjaSYaboxsOPA1Q=] started vehicle HAMMER_H1 black_rust (id=31E878D415478C474878A581AD43ED14 pos=<10150.786133, 129.812668, 7928.815918>)
06:10:52.171 [Safezone] Player "Sharkparty" (id=2H7391gmOSCz4VnnBebcTth-2Sm4qjaSYaboxsOPA1Q= pos=<9988.789063, 140.810913, 7849.984375>) Left the safezone
06:13:08.587 [AI Patrol] Spawning 3 Shamans bots at <9970.300781, 78.815735, 9827.404297>
06:14:40.417 [VehicleLeave] Player Sharkparty [uid=2H7391gmOSCz4VnnBebcTth-2Sm4qjaSYaboxsOPA1Q=] left vehicle HAMMER_H1 black_rust (id=31E878D415478C474878A581AD43ED14 pos=<10122.306641, 74.812843, 9804.076172>)
06:16:55.947 [VehicleEnter] Player Sharkparty [uid=2H7391gmOSCz4VnnBebcTth-2Sm4qjaSYaboxsOPA1Q=] entered vehicle HAMMER_H1 black_rust (id=31E878D415478C474878A581AD43ED14 pos=<10122.306641, 74.812836, 9804.076172>) as driver
06:16:57.884 [VehicleLeave] Player Sharkparty [uid=2H7391gmOSCz4VnnBebcTth-2Sm4qjaSYaboxsOPA1Q=] left vehicle HAMMER_H1 black_rust (id=31E878D415478C474878A581AD43ED14 pos=<10122.306641, 74.812874, 9804.076172>)
06:17:04.855 [VehicleEnter] Player Sharkparty [uid=2H7391gmOSCz4VnnBebcTth-2Sm4qjaSYaboxsOPA1Q=] entered vehicle HAMMER_H1 black_rust (id=31E878D415478C474878A581AD43ED14 pos=<10122.284180, 74.808243, 9804.087891>) as driver
06:17:07.195 [VehicleEngine] Player Sharkparty [uid=2H7391gmOSCz4VnnBebcTth-2Sm4qjaSYaboxsOPA1Q=] started vehicle HAMMER_H1 black_rust (id=31E878D415478C474878A581AD43ED14 pos=<10122.285156, 74.808296, 9804.087891>)
06:20:35.667 [Safezone] Player "Sharkparty" (id=2H7391gmOSCz4VnnBebcTth-2Sm4qjaSYaboxsOPA1Q= pos=<10086.041992, 133.121521, 7871.733398>) Entered the safezone
06:20:46.707 [VehicleLeave] Player Sharkparty [uid=2H7391gmOSCz4VnnBebcTth-2Sm4qjaSYaboxsOPA1Q=] left vehicle HAMMER_H1 black_rust (id=31E878D415478C474878A581AD43ED14 pos=<10152.559570, 129.751083, 7927.296875>)
06:21:00.367 [Expansion Quests] - CompleteQuest - Player with UID 2H7391gmOSCz4VnnBebcTth-2Sm4qjaSYaboxsOPA1Q= has completed quest 4
06:21:22.802 [Expansion Quests] - CreateQuestInstance - Created new quest instance for with instance key 2H7391gmOSCz4VnnBebcTth-2Sm4qjaSYaboxsOPA1Q= for quest 7
06:24:27.392 [VehicleEnter] Player Sharkparty [uid=2H7391gmOSCz4VnnBebcTth-2Sm4qjaSYaboxsOPA1Q=] entered vehicle HAMMER_H1 black_rust (id=31E878D415478C474878A581AD43ED14 pos=<10152.559570, 129.751099, 7927.296875>) as driver
06:24:33.072 [VehicleEngine] Player Sharkparty [uid=2H7391gmOSCz4VnnBebcTth-2Sm4qjaSYaboxsOPA1Q=] started vehicle HAMMER_H1 black_rust (id=31E878D415478C474878A581AD43ED14 pos=<10152.559570, 129.751099, 7927.296875>)
06:25:16.201 [Safezone] Player "Sharkparty" (id=2H7391gmOSCz4VnnBebcTth-2Sm4qjaSYaboxsOPA1Q= pos=<9995.553711, 140.767792, 7851.119141>) Left the safezone
06:28:27.324 [AI Patrol] Spawning 3 Shamans bots at <9053.985352, 97.357353, 5658.041016>
06:29:09.753 [AI Patrol] Spawning 3 Shamans bots at <7704.722656, 239.412994, 7679.988281>
06:29:33.283 [VehicleLeave] Player Sharkparty [uid=2H7391gmOSCz4VnnBebcTth-2Sm4qjaSYaboxsOPA1Q=] left vehicle HAMMER_H1 black_rust (id=31E878D415478C474878A581AD43ED14 pos=<7926.086426, 128.591202, 6850.798340>)
06:30:48.724 [VehicleEnter] Player Sharkparty [uid=2H7391gmOSCz4VnnBebcTth-2Sm4qjaSYaboxsOPA1Q=] entered vehicle HAMMER_H1 black_rust (id=31E878D415478C474878A581AD43ED14 pos=<7926.086426, 128.591202, 6850.798340>) as driver
06:30:51.167 [VehicleEngine] Player Sharkparty [uid=2H7391gmOSCz4VnnBebcTth-2Sm4qjaSYaboxsOPA1Q=] started vehicle HAMMER_H1 black_rust (id=31E878D415478C474878A581AD43ED14 pos=<7926.086426, 128.591202, 6850.798340>)
06:33:30.566 [VehicleEngine] Player Sharkparty [uid=2H7391gmOSCz4VnnBebcTth-2Sm4qjaSYaboxsOPA1Q=] stopped vehicle HAMMER_H1 black_rust (id=31E878D415478C474878A581AD43ED14 pos=<9168.730469, 213.941971, 7596.735352>)
06:33:33.796 [VehicleLeave] Player Sharkparty [uid=2H7391gmOSCz4VnnBebcTth-2Sm4qjaSYaboxsOPA1Q=] left vehicle HAMMER_H1 black_rust (id=31E878D415478C474878A581AD43ED14 pos=<9168.730469, 213.941986, 7596.735840>)
06:43:25.439 [VehicleEnter] Player Sharkparty [uid=2H7391gmOSCz4VnnBebcTth-2Sm4qjaSYaboxsOPA1Q=] entered vehicle HAMMER_H1 black_rust (id=31E878D415478C474878A581AD43ED14 pos=<9168.730469, 213.941971, 7596.735352>) as driver
06:43:27.693 [VehicleEngine] Player Sharkparty [uid=2H7391gmOSCz4VnnBebcTth-2Sm4qjaSYaboxsOPA1Q=] started vehicle HAMMER_H1 black_rust (id=31E878D415478C474878A581AD43ED14 pos=<9168.730469, 213.941956, 7596.735352>)
06:47:24.771 [Safezone] Player "Sharkparty" (id=2H7391gmOSCz4VnnBebcTth-2Sm4qjaSYaboxsOPA1Q= pos=<10084.984375, 133.178833, 7871.481934>) Entered the safezone
06:47:37.109 [VehicleEngine] Player Sharkparty [uid=2H7391gmOSCz4VnnBebcTth-2Sm4qjaSYaboxsOPA1Q=] stopped vehicle HAMMER_H1 black_rust (id=31E878D415478C474878A581AD43ED14 pos=<10148.279297, 129.909470, 7932.680176>)
06:47:40.341 [VehicleLeave] Player Sharkparty [uid=2H7391gmOSCz4VnnBebcTth-2Sm4qjaSYaboxsOPA1Q=] left vehicle HAMMER_H1 black_rust (id=31E878D415478C474878A581AD43ED14 pos=<10148.279297, 129.909470, 7932.680176>)
06:48:24.666 [Expansion Quests] - CompleteQuest - Player with UID 2H7391gmOSCz4VnnBebcTth-2Sm4qjaSYaboxsOPA1Q= has completed quest 7
06:49:47.630 [Expansion Quests] - CreateQuestInstance - Created new quest instance for with instance key 2H7391gmOSCz4VnnBebcTth-2Sm4qjaSYaboxsOPA1Q= for quest 52
06:51:15.671 [VehicleEnter] Player Sharkparty [uid=2H7391gmOSCz4VnnBebcTth-2Sm4qjaSYaboxsOPA1Q=] entered vehicle HAMMER_H1 black_rust (id=31E878D415478C474878A581AD43ED14 pos=<10148.279297, 129.909454, 7932.680176>) as driver
06:51:18.394 [VehicleEngine] Player Sharkparty [uid=2H7391gmOSCz4VnnBebcTth-2Sm4qjaSYaboxsOPA1Q=] started vehicle HAMMER_H1 black_rust (id=31E878D415478C474878A581AD43ED14 pos=<10148.279297, 129.909470, 7932.680176>)
06:51:54.449 [Safezone] Player "Sharkparty" (id=2H7391gmOSCz4VnnBebcTth-2Sm4qjaSYaboxsOPA1Q= pos=<9940.677734, 141.011963, 7849.658203>) Left the safezone
06:52:07.994 [VehicleEngine] Player Sharkparty [uid=2H7391gmOSCz4VnnBebcTth-2Sm4qjaSYaboxsOPA1Q=] stopped vehicle HAMMER_H1 black_rust (id=31E878D415478C474878A581AD43ED14 pos=<9795.896484, 158.816711, 7935.929199>)
06:52:11.621 [VehicleLeave] Player Sharkparty [uid=2H7391gmOSCz4VnnBebcTth-2Sm4qjaSYaboxsOPA1Q=] left vehicle HAMMER_H1 black_rust (id=31E878D415478C474878A581AD43ED14 pos=<9795.896484, 158.816711, 7935.929199>)
06:58:27.751 [VehicleAttachments] Player Sharkparty (uid=2H7391gmOSCz4VnnBebcTth-2Sm4qjaSYaboxsOPA1Q=) detached M4-A1 (type=M4A1) from vehicle HAMMER_H1 black_rust(id=31E878D415478C474878A581AD43ED14 pos=<9795.896484, 158.816711, 7935.929199>)
06:59:27.074 [VehicleEnter] Player Sharkparty [uid=2H7391gmOSCz4VnnBebcTth-2Sm4qjaSYaboxsOPA1Q=] entered vehicle HAMMER_H1 black_rust (id=31E878D415478C474878A581AD43ED14 pos=<9795.896484, 158.816711, 7935.929199>) as driver
06:59:29.197 [VehicleEngine] Player Sharkparty [uid=2H7391gmOSCz4VnnBebcTth-2Sm4qjaSYaboxsOPA1Q=] started vehicle HAMMER_H1 black_rust (id=31E878D415478C474878A581AD43ED14 pos=<9795.896484, 158.816711, 7935.929199>)
07:02:47.195 [Safezone] Player "Sharkparty" (id=2H7391gmOSCz4VnnBebcTth-2Sm4qjaSYaboxsOPA1Q= pos=<10083.368164, 133.218155, 7872.186523>) Entered the safezone
07:02:57.191 [VehicleEngine] Player Sharkparty [uid=2H7391gmOSCz4VnnBebcTth-2Sm4qjaSYaboxsOPA1Q=] stopped vehicle HAMMER_H1 black_rust (id=31E878D415478C474878A581AD43ED14 pos=<10154.503906, 129.698532, 7927.041504>)
07:03:01.298 [VehicleLeave] Player Sharkparty [uid=2H7391gmOSCz4VnnBebcTth-2Sm4qjaSYaboxsOPA1Q=] left vehicle HAMMER_H1 black_rust (id=31E878D415478C474878A581AD43ED14 pos=<10154.503906, 129.698547, 7927.041504>)
07:03:33.861 [Expansion Quests] - CompleteQuest - Player with UID 2H7391gmOSCz4VnnBebcTth-2Sm4qjaSYaboxsOPA1Q= has completed quest 52
07:06:22.203 [Expansion Quests] - CreateQuestInstance - Created new quest instance for with instance key 2H7391gmOSCz4VnnBebcTth-2Sm4qjaSYaboxsOPA1Q= for quest 31
07:06:34.027 [VehicleEnter] Player Sharkparty [uid=2H7391gmOSCz4VnnBebcTth-2Sm4qjaSYaboxsOPA1Q=] entered vehicle HAMMER_H1 black_rust (id=31E878D415478C474878A581AD43ED14 pos=<10154.503906, 129.698532, 7927.041504>) as driver
07:06:39.556 [VehicleEngine] Player Sharkparty [uid=2H7391gmOSCz4VnnBebcTth-2Sm4qjaSYaboxsOPA1Q=] started vehicle HAMMER_H1 black_rust (id=31E878D415478C474878A581AD43ED14 pos=<10154.503906, 129.698532, 7927.041504>)
07:07:05.644 [Safezone] Player "Sharkparty" (id=2H7391gmOSCz4VnnBebcTth-2Sm4qjaSYaboxsOPA1Q= pos=<10348.680664, 112.185631, 7783.041992>) Left the safezone
07:07:30.089 [AI Patrol] Spawning 3 Shamans bots at <11865.132813, 77.639999, 8143.072266>
07:07:38.933 [AI Patrol] Spawning 3 Shamans bots at <12121.004883, 86.008003, 7871.526367>
07:09:41.722 [VehicleEngine] Player Sharkparty [uid=2H7391gmOSCz4VnnBebcTth-2Sm4qjaSYaboxsOPA1Q=] stopped vehicle HAMMER_H1 black_rust (id=31E878D415478C474878A581AD43ED14 pos=<10235.734375, 195.801041, 6449.809570>)
07:09:46.285 [VehicleLeave] Player Sharkparty [uid=2H7391gmOSCz4VnnBebcTth-2Sm4qjaSYaboxsOPA1Q=] left vehicle HAMMER_H1 black_rust (id=31E878D415478C474878A581AD43ED14 pos=<10235.734375, 195.801056, 6449.809570>)
07:10:34.087 [VehicleEnter] Player Sharkparty [uid=2H7391gmOSCz4VnnBebcTth-2Sm4qjaSYaboxsOPA1Q=] entered vehicle HAMMER_H1 black_rust (id=31E878D415478C474878A581AD43ED14 pos=<10235.734375, 195.800980, 6449.809570>) as driver
07:10:36.634 [VehicleEngine] Player Sharkparty [uid=2H7391gmOSCz4VnnBebcTth-2Sm4qjaSYaboxsOPA1Q=] started vehicle HAMMER_H1 black_rust (id=31E878D415478C474878A581AD43ED14 pos=<10235.734375, 195.800964, 6449.809570>)
07:11:04.117 [AI Patrol] Spawning 3 Shamans bots at <10597.183594, 59.849998, 5490.785156>
07:11:34.796 [AI Patrol] Spawning 3 Shamans bots at <9839.075195, 73.798401, 4883.851074>
07:12:05.359 [VehicleEngine] Player Sharkparty [uid=2H7391gmOSCz4VnnBebcTth-2Sm4qjaSYaboxsOPA1Q=] stopped vehicle HAMMER_H1 black_rust (id=31E878D415478C474878A581AD43ED14 pos=<9932.286133, 78.706223, 5762.439453>)
07:12:08.927 [VehicleLeave] Player Sharkparty [uid=2H7391gmOSCz4VnnBebcTth-2Sm4qjaSYaboxsOPA1Q=] left vehicle HAMMER_H1 black_rust (id=31E878D415478C474878A581AD43ED14 pos=<9932.286133, 78.706223, 5762.439453>)
07:16:10.773 [VehicleEnter] Player Sharkparty [uid=2H7391gmOSCz4VnnBebcTth-2Sm4qjaSYaboxsOPA1Q=] entered vehicle Interceptor (id=5532EB8998407BA22B2DDEB03938B446 pos=<9921.502930, 79.149979, 5760.123535>) as driver
07:16:12.953 [VehicleEngine] Player Sharkparty [uid=2H7391gmOSCz4VnnBebcTth-2Sm4qjaSYaboxsOPA1Q=] started vehicle Interceptor (id=5532EB8998407BA22B2DDEB03938B446 pos=<9921.502930, 79.149979, 5760.123535>)
07:17:12.250 [VehicleEngine] Player Sharkparty [uid=2H7391gmOSCz4VnnBebcTth-2Sm4qjaSYaboxsOPA1Q=] stopped vehicle Interceptor (id=5532EB8998407BA22B2DDEB03938B446 pos=<9994.060547, 73.154091, 5687.308105>)
07:17:15.455 [VehicleLeave] Player Sharkparty [uid=2H7391gmOSCz4VnnBebcTth-2Sm4qjaSYaboxsOPA1Q=] left vehicle Interceptor (id=5532EB8998407BA22B2DDEB03938B446 pos=<9994.060547, 73.154045, 5687.308105>)
07:23:21.443 [VehicleEnter] Player Sharkparty [uid=2H7391gmOSCz4VnnBebcTth-2Sm4qjaSYaboxsOPA1Q=] entered vehicle HAMMER_H1 black_rust (id=31E878D415478C474878A581AD43ED14 pos=<9932.286133, 78.706223, 5762.439453>) as driver
07:23:23.794 [VehicleEngine] Player Sharkparty [uid=2H7391gmOSCz4VnnBebcTth-2Sm4qjaSYaboxsOPA1Q=] started vehicle HAMMER_H1 black_rust (id=31E878D415478C474878A581AD43ED14 pos=<9932.286133, 78.706223, 5762.439453>)
07:27:13.212 [VehicleEngine] Player Sharkparty [uid=2H7391gmOSCz4VnnBebcTth-2Sm4qjaSYaboxsOPA1Q=] stopped vehicle HAMMER_H1 black_rust (id=31E878D415478C474878A581AD43ED14 pos=<9348.112305, 102.440346, 5803.490234>)
07:27:16.871 [VehicleLeave] Player Sharkparty [uid=2H7391gmOSCz4VnnBebcTth-2Sm4qjaSYaboxsOPA1Q=] left vehicle HAMMER_H1 black_rust (id=31E878D415478C474878A581AD43ED14 pos=<9348.112305, 102.440353, 5803.490234>)
07:41:54.730 [MissionAirdrop] An airdrop is heading towards "Esseker Zoo" (pos=<8981.879883, 0.000000, 5334.158203> type=Random_Esseker Zoo) with a ExpansionAirdropContainer_Basebuilding
07:43:12.267 [VehicleEnter] Player Sharkparty [uid=2H7391gmOSCz4VnnBebcTth-2Sm4qjaSYaboxsOPA1Q=] entered vehicle HAMMER_H1 black_rust (id=31E878D415478C474878A581AD43ED14 pos=<9348.112305, 102.440353, 5803.490234>) as driver
07:43:15.048 [VehicleEngine] Player Sharkparty [uid=2H7391gmOSCz4VnnBebcTth-2Sm4qjaSYaboxsOPA1Q=] started vehicle HAMMER_H1 black_rust (id=31E878D415478C474878A581AD43ED14 pos=<9348.112305, 102.440353, 5803.490234>)
07:47:27.605 [VehicleEngine] Player Sharkparty [uid=2H7391gmOSCz4VnnBebcTth-2Sm4qjaSYaboxsOPA1Q=] stopped vehicle HAMMER_H1 black_rust (id=31E878D415478C474878A581AD43ED14 pos=<7952.704590, 128.262115, 6836.516113>)
07:47:32.066 [VehicleLeave] Player Sharkparty [uid=2H7391gmOSCz4VnnBebcTth-2Sm4qjaSYaboxsOPA1Q=] left vehicle HAMMER_H1 black_rust (id=31E878D415478C474878A581AD43ED14 pos=<7952.704590, 128.262115, 6836.516113>)
07:53:45.623 [VehicleEnter] Player Sharkparty [uid=2H7391gmOSCz4VnnBebcTth-2Sm4qjaSYaboxsOPA1Q=] entered vehicle HAMMER_H1 black_rust (id=31E878D415478C474878A581AD43ED14 pos=<7952.704590, 128.262131, 6836.516602>) as driver
07:53:48.115 [VehicleEngine] Player Sharkparty [uid=2H7391gmOSCz4VnnBebcTth-2Sm4qjaSYaboxsOPA1Q=] started vehicle HAMMER_H1 black_rust (id=31E878D415478C474878A581AD43ED14 pos=<7952.704590, 128.262131, 6836.516602>)
07:57:36.554 [Safezone] Player "Sharkparty" (id=2H7391gmOSCz4VnnBebcTth-2Sm4qjaSYaboxsOPA1Q= pos=<10085.008789, 133.131393, 7872.733398>) Entered the safezone
07:57:49.316 [VehicleEngine] Player Sharkparty [uid=2H7391gmOSCz4VnnBebcTth-2Sm4qjaSYaboxsOPA1Q=] stopped vehicle HAMMER_H1 black_rust (id=31E878D415478C474878A581AD43ED14 pos=<10140.946289, 129.900345, 7937.056641>)
07:57:54.347 [VehicleLeave] Player Sharkparty [uid=2H7391gmOSCz4VnnBebcTth-2Sm4qjaSYaboxsOPA1Q=] left vehicle HAMMER_H1 black_rust (id=31E878D415478C474878A581AD43ED14 pos=<10140.946289, 129.900345, 7937.056641>)
07:58:16.496 [Expansion Quests] - CompleteQuest - Player with UID 2H7391gmOSCz4VnnBebcTth-2Sm4qjaSYaboxsOPA1Q= has completed quest 31
07:59:01.142 [Market] Player "Sharkparty" (id=2H7391gmOSCz4VnnBebcTth-2Sm4qjaSYaboxsOPA1Q=) has send a requested to purchase expansioncarkey x1 from the trader "Vehicle_Parts (Lewis [VEHICLE PARTS])" in market zone "The Holler" (pos=<10131.799805, 0.000000, 7960.509766>).
07:59:01.207 [Market] Player "Sharkparty" (id=2H7391gmOSCz4VnnBebcTth-2Sm4qjaSYaboxsOPA1Q=) has bought expansioncarkey x1 from the trader "Vehicle_Parts (Lewis [VEHICLE PARTS])" in market zone "The Holler" (pos=<10131.799805, 0.000000, 7960.509766>) for a price of 600.
07:59:12.777 [VehicleCarKey] Player "Sharkparty" (id=2H7391gmOSCz4VnnBebcTth-2Sm4qjaSYaboxsOPA1Q= pos=<10138.422852, 129.872498, 7936.617676>) paired a  ExpansionCarKey to HAMMER_H1_black_rust (id=31E878D415478C474878A581AD43ED14 pos=<10140.946289, 129.900345, 7937.056641>)
07:59:14.773 [VehicleCarKey] Player "Sharkparty" (id=2H7391gmOSCz4VnnBebcTth-2Sm4qjaSYaboxsOPA1Q= pos=<10138.422852, 129.872498, 7936.617676>) used the  ExpansionCarKey to lock HAMMER_H1_black_rust (id=31E878D415478C474878A581AD43ED14 pos=<10140.946289, 129.900345, 7937.056641>)
07:59:32.203 [VehicleCarKey] Player "Sharkparty" (id=2H7391gmOSCz4VnnBebcTth-2Sm4qjaSYaboxsOPA1Q= pos=<10143.458984, 129.872406, 7939.100098>) used the  ExpansionCarKey to unlock HAMMER_H1_black_rust (id=31E878D415478C474878A581AD43ED14 pos=<10140.946289, 129.900345, 7937.056641>)
08:03:45.671 [Expansion Quests] - CreateQuestInstance - Created new quest instance for with instance key 2H7391gmOSCz4VnnBebcTth-2Sm4qjaSYaboxsOPA1Q= for quest 57
08:05:57.164 [VehicleAttachments] Player Sharkparty (uid=2H7391gmOSCz4VnnBebcTth-2Sm4qjaSYaboxsOPA1Q=) detached M4-A1 (type=M4A1) from vehicle HAMMER_H1 black_rust(id=31E878D415478C474878A581AD43ED14 pos=<10140.946289, 129.900345, 7937.056641>)
08:06:32.769 [VehicleEnter] Player Sharkparty [uid=2H7391gmOSCz4VnnBebcTth-2Sm4qjaSYaboxsOPA1Q=] entered vehicle HAMMER_H1 black_rust (id=31E878D415478C474878A581AD43ED14 pos=<10140.946289, 129.900345, 7937.056641>) as driver
08:06:34.992 [VehicleEngine] Player Sharkparty [uid=2H7391gmOSCz4VnnBebcTth-2Sm4qjaSYaboxsOPA1Q=] started vehicle HAMMER_H1 black_rust (id=31E878D415478C474878A581AD43ED14 pos=<10140.946289, 129.900345, 7937.056641>)
08:07:06.380 [Safezone] Player "Sharkparty" (id=2H7391gmOSCz4VnnBebcTth-2Sm4qjaSYaboxsOPA1Q= pos=<9940.376953, 141.029007, 7850.070801>) Left the safezone
08:14:11.267 [VehicleEngine] Player Sharkparty [uid=2H7391gmOSCz4VnnBebcTth-2Sm4qjaSYaboxsOPA1Q=] stopped vehicle HAMMER_H1 black_rust (id=31E878D415478C474878A581AD43ED14 pos=<6215.507324, 134.536423, 6059.463379>)
08:14:14.822 [VehicleLeave] Player Sharkparty [uid=2H7391gmOSCz4VnnBebcTth-2Sm4qjaSYaboxsOPA1Q=] left vehicle HAMMER_H1 black_rust (id=31E878D415478C474878A581AD43ED14 pos=<6215.507324, 134.536407, 6059.463379>)
08:18:00.048 [VehicleEnter] Player Sharkparty [uid=2H7391gmOSCz4VnnBebcTth-2Sm4qjaSYaboxsOPA1Q=] entered vehicle HAMMER_H1 black_rust (id=31E878D415478C474878A581AD43ED14 pos=<6215.507324, 134.536499, 6059.463379>) as driver
08:18:12.679 [VehicleLeave] Player Sharkparty [uid=2H7391gmOSCz4VnnBebcTth-2Sm4qjaSYaboxsOPA1Q=] left vehicle HAMMER_H1 black_rust (id=31E878D415478C474878A581AD43ED14 pos=<6215.507324, 134.536499, 6059.463379>)
08:19:07.718 [VehicleAttachments] Player Sharkparty (uid=2H7391gmOSCz4VnnBebcTth-2Sm4qjaSYaboxsOPA1Q=) detached MVS Rucksack - Midnight Camo (type=MVS_Rucksack_Black_Camo) from vehicle HAMMER_H1 black_rust(id=31E878D415478C474878A581AD43ED14 pos=<6215.507324, 134.536469, 6059.463379>)
08:20:22.722 [VehicleEnter] Player Sharkparty [uid=2H7391gmOSCz4VnnBebcTth-2Sm4qjaSYaboxsOPA1Q=] entered vehicle HAMMER_H1 black_rust (id=31E878D415478C474878A581AD43ED14 pos=<6215.507324, 134.536438, 6059.463379>) as driver
08:20:25.066 [VehicleEngine] Player Sharkparty [uid=2H7391gmOSCz4VnnBebcTth-2Sm4qjaSYaboxsOPA1Q=] started vehicle HAMMER_H1 black_rust (id=31E878D415478C474878A581AD43ED14 pos=<6215.507324, 134.536407, 6059.463379>)
08:21:23.900 [AI Patrol] Spawning 3 Shamans bots at <4963.003418, 166.994904, 5071.998047>
08:22:47.968 [VehicleEngine] Player Sharkparty [uid=2H7391gmOSCz4VnnBebcTth-2Sm4qjaSYaboxsOPA1Q=] stopped vehicle HAMMER_H1 black_rust (id=31E878D415478C474878A581AD43ED14 pos=<4778.969238, 174.290344, 5220.203125>)
08:22:51.449 [VehicleLeave] Player Sharkparty [uid=2H7391gmOSCz4VnnBebcTth-2Sm4qjaSYaboxsOPA1Q=] left vehicle HAMMER_H1 black_rust (id=31E878D415478C474878A581AD43ED14 pos=<4778.969238, 174.290344, 5220.203125>)
08:36:35.894 [VehicleEnter] Player Sharkparty [uid=2H7391gmOSCz4VnnBebcTth-2Sm4qjaSYaboxsOPA1Q=] entered vehicle HAMMER_H1 black_rust (id=31E878D415478C474878A581AD43ED14 pos=<4778.969238, 174.290344, 5220.203125>) as driver
08:36:38.197 [VehicleEngine] Player Sharkparty [uid=2H7391gmOSCz4VnnBebcTth-2Sm4qjaSYaboxsOPA1Q=] started vehicle HAMMER_H1 black_rust (id=31E878D415478C474878A581AD43ED14 pos=<4778.969238, 174.290344, 5220.203125>)
08:38:40.748 [VehicleLeave] Player Sharkparty [uid=2H7391gmOSCz4VnnBebcTth-2Sm4qjaSYaboxsOPA1Q=] left vehicle HAMMER_H1 black_rust (id=31E878D415478C474878A581AD43ED14 pos=<6218.293945, 134.547791, 6053.427734>)
08:38:51.144 [VehicleCarKey] Player "Sharkparty" (id=2H7391gmOSCz4VnnBebcTth-2Sm4qjaSYaboxsOPA1Q= pos=<6219.697266, 134.586456, 6049.316895>) used the  ExpansionCarKey to lock HAMMER_H1_black_rust (id=31E878D415478C474878A581AD43ED14 pos=<6218.294434, 134.547775, 6053.427734>)
08:38:52.218 [VehicleCarKey] Player "Sharkparty" (id=2H7391gmOSCz4VnnBebcTth-2Sm4qjaSYaboxsOPA1Q= pos=<6219.697266, 134.586456, 6049.316895>) used the  ExpansionCarKey to unlock HAMMER_H1_black_rust (id=31E878D415478C474878A581AD43ED14 pos=<6218.294434, 134.547775, 6053.427734>)
08:38:58.289 [VehicleEnter] Player Sharkparty [uid=2H7391gmOSCz4VnnBebcTth-2Sm4qjaSYaboxsOPA1Q=] entered vehicle HAMMER_H1 black_rust (id=31E878D415478C474878A581AD43ED14 pos=<6218.293945, 134.547806, 6053.427734>) as driver
08:39:00.796 [VehicleEngine] Player Sharkparty [uid=2H7391gmOSCz4VnnBebcTth-2Sm4qjaSYaboxsOPA1Q=] started vehicle HAMMER_H1 black_rust (id=31E878D415478C474878A581AD43ED14 pos=<6218.293945, 134.547836, 6053.427734>)
08:44:33.359 [Safezone] Player "Sharkparty" (id=2H7391gmOSCz4VnnBebcTth-2Sm4qjaSYaboxsOPA1Q= pos=<10084.906250, 133.145844, 7872.420410>) Entered the safezone
08:44:45.324 [VehicleEngine] Player Sharkparty [uid=2H7391gmOSCz4VnnBebcTth-2Sm4qjaSYaboxsOPA1Q=] stopped vehicle HAMMER_H1 black_rust (id=31E878D415478C474878A581AD43ED14 pos=<10148.495117, 129.884491, 7932.557129>)
08:44:48.748 [VehicleLeave] Player Sharkparty [uid=2H7391gmOSCz4VnnBebcTth-2Sm4qjaSYaboxsOPA1Q=] left vehicle HAMMER_H1 black_rust (id=31E878D415478C474878A581AD43ED14 pos=<10148.495117, 129.884491, 7932.557129>)
08:45:18.789 [Expansion Quests] - CompleteQuest - Player with UID 2H7391gmOSCz4VnnBebcTth-2Sm4qjaSYaboxsOPA1Q= has completed quest 57
08:46:03.998 [Expansion Quests] - CreateQuestInstance - Created new quest instance for with instance key 2H7391gmOSCz4VnnBebcTth-2Sm4qjaSYaboxsOPA1Q= for quest 55
08:46:31.564 [Market] Player "Sharkparty" (id=2H7391gmOSCz4VnnBebcTth-2Sm4qjaSYaboxsOPA1Q=) has send a requested to purchase camonet x1 from the trader "Vehicle_Parts (Lewis [VEHICLE PARTS])" in market zone "The Holler" (pos=<10131.799805, 0.000000, 7960.509766>).
08:46:31.671 [Market] Player "Sharkparty" (id=2H7391gmOSCz4VnnBebcTth-2Sm4qjaSYaboxsOPA1Q=) has bought camonet x1 from the trader "Vehicle_Parts (Lewis [VEHICLE PARTS])" in market zone "The Holler" (pos=<10131.799805, 0.000000, 7960.509766>) for a price of 350.
08:49:24.484 [VehicleCarKey] Player "Sharkparty" (id=2H7391gmOSCz4VnnBebcTth-2Sm4qjaSYaboxsOPA1Q= pos=<10147.160156, 129.857056, 7930.933594>) used the  ExpansionCarKey to lock HAMMER_H1_black_rust (id=31E878D415478C474878A581AD43ED14 pos=<10148.495117, 129.884476, 7932.557617>)
08:54:57.951 [VehicleCarKey] Player "Sharkparty" (id=2H7391gmOSCz4VnnBebcTth-2Sm4qjaSYaboxsOPA1Q= pos=<10145.483398, 129.910858, 7933.180176>) used the  ExpansionCarKey to unlock HAMMER_H1_black_rust (id=31E878D415478C474878A581AD43ED14 pos=<10148.495117, 129.884476, 7932.557617>)
08:55:03.458 [VehicleEnter] Player Sharkparty [uid=2H7391gmOSCz4VnnBebcTth-2Sm4qjaSYaboxsOPA1Q=] entered vehicle HAMMER_H1 black_rust (id=31E878D415478C474878A581AD43ED14 pos=<10148.495117, 129.884491, 7932.557129>) as driver
08:55:05.855 [VehicleEngine] Player Sharkparty [uid=2H7391gmOSCz4VnnBebcTth-2Sm4qjaSYaboxsOPA1Q=] started vehicle HAMMER_H1 black_rust (id=31E878D415478C474878A581AD43ED14 pos=<10148.495117, 129.884476, 7932.557129>)
08:55:33.376 [Safezone] Player "Sharkparty" (id=2H7391gmOSCz4VnnBebcTth-2Sm4qjaSYaboxsOPA1Q= pos=<9903.679688, 143.536270, 7857.628418>) Left the safezone
08:59:47.558 [VehicleEngine] Player Sharkparty [uid=2H7391gmOSCz4VnnBebcTth-2Sm4qjaSYaboxsOPA1Q=] stopped vehicle HAMMER_H1 black_rust (id=31E878D415478C474878A581AD43ED14 pos=<6327.486816, 195.550613, 6956.943359>)
08:59:50.802 [VehicleLeave] Player Sharkparty [uid=2H7391gmOSCz4VnnBebcTth-2Sm4qjaSYaboxsOPA1Q=] left vehicle HAMMER_H1 black_rust (id=31E878D415478C474878A581AD43ED14 pos=<6327.486816, 195.550613, 6956.943359>)
09:00:06.646 [VehicleEnter] Player Sharkparty [uid=2H7391gmOSCz4VnnBebcTth-2Sm4qjaSYaboxsOPA1Q=] entered vehicle HAMMER_H1 black_rust (id=31E878D415478C474878A581AD43ED14 pos=<6327.486816, 195.550613, 6956.943359>) as driver
09:00:08.917 [VehicleEngine] Player Sharkparty [uid=2H7391gmOSCz4VnnBebcTth-2Sm4qjaSYaboxsOPA1Q=] started vehicle HAMMER_H1 black_rust (id=31E878D415478C474878A581AD43ED14 pos=<6327.486816, 195.550613, 6956.942871>)
09:00:51.406 [VehicleLeave] Player Sharkparty [uid=2H7391gmOSCz4VnnBebcTth-2Sm4qjaSYaboxsOPA1Q=] left vehicle HAMMER_H1 black_rust (id=31E878D415478C474878A581AD43ED14 pos=<6157.200684, 204.737671, 6772.715820>)
09:02:42.808 [VehicleEnter] Player Sharkparty [uid=2H7391gmOSCz4VnnBebcTth-2Sm4qjaSYaboxsOPA1Q=] entered vehicle HAMMER_H1 black_rust (id=31E878D415478C474878A581AD43ED14 pos=<6157.200684, 204.737671, 6772.715820>) as driver
09:02:45.103 [VehicleEngine] Player Sharkparty [uid=2H7391gmOSCz4VnnBebcTth-2Sm4qjaSYaboxsOPA1Q=] started vehicle HAMMER_H1 black_rust (id=31E878D415478C474878A581AD43ED14 pos=<6157.200684, 204.737671, 6772.715820>)
09:06:05.699 [VehicleEngine] Player Sharkparty [uid=2H7391gmOSCz4VnnBebcTth-2Sm4qjaSYaboxsOPA1Q=] stopped vehicle HAMMER_H1 black_rust (id=31E878D415478C474878A581AD43ED14 pos=<4777.035156, 214.510010, 7483.739258>)
09:06:10.730 [VehicleLeave] Player Sharkparty [uid=2H7391gmOSCz4VnnBebcTth-2Sm4qjaSYaboxsOPA1Q=] left vehicle HAMMER_H1 black_rust (id=31E878D415478C474878A581AD43ED14 pos=<4777.035156, 214.510010, 7483.739258>)
09:08:04.390 [VehicleEnter] Player Sharkparty [uid=2H7391gmOSCz4VnnBebcTth-2Sm4qjaSYaboxsOPA1Q=] entered vehicle HAMMER_H1 black_rust (id=31E878D415478C474878A581AD43ED14 pos=<4777.035156, 214.510010, 7483.739258>) as driver
09:08:18.292 [VehicleEngine] Player Sharkparty [uid=2H7391gmOSCz4VnnBebcTth-2Sm4qjaSYaboxsOPA1Q=] started vehicle HAMMER_H1 black_rust (id=31E878D415478C474878A581AD43ED14 pos=<4777.035156, 214.510010, 7483.739258>)
09:08:29.730 [MissionAirdrop] An airdrop is heading towards "Gargata" (pos=<9701.620117, 0.000000, 8687.152344> type=Random_Gargata) with a ExpansionAirdropContainer_Military
09:08:50.152 [VehicleLeave] Player Sharkparty [uid=2H7391gmOSCz4VnnBebcTth-2Sm4qjaSYaboxsOPA1Q=] left vehicle HAMMER_H1 black_rust (id=31E878D415478C474878A581AD43ED14 pos=<4775.962402, 226.970184, 7324.541504>)
09:12:35.218 [VehicleEnter] Player Sharkparty [uid=2H7391gmOSCz4VnnBebcTth-2Sm4qjaSYaboxsOPA1Q=] entered vehicle HAMMER_H1 black_rust (id=31E878D415478C474878A581AD43ED14 pos=<4775.962402, 226.970169, 7324.541504>) as driver
09:12:37.417 [VehicleEngine] Player Sharkparty [uid=2H7391gmOSCz4VnnBebcTth-2Sm4qjaSYaboxsOPA1Q=] started vehicle HAMMER_H1 black_rust (id=31E878D415478C474878A581AD43ED14 pos=<4775.962402, 226.970184, 7324.541504>)
09:13:27.523 [VehicleLeave] Player Sharkparty [uid=2H7391gmOSCz4VnnBebcTth-2Sm4qjaSYaboxsOPA1Q=] left vehicle HAMMER_H1 black_rust (id=31E878D415478C474878A581AD43ED14 pos=<5061.361328, 194.537369, 6882.931641>)
09:15:12.195 [VehicleEnter] Player Sharkparty [uid=2H7391gmOSCz4VnnBebcTth-2Sm4qjaSYaboxsOPA1Q=] entered vehicle HAMMER_H1 black_rust (id=31E878D415478C474878A581AD43ED14 pos=<5061.361328, 194.537384, 6882.931641>) as driver
09:18:36.648 [VehicleLeave] Player Sharkparty [uid=2H7391gmOSCz4VnnBebcTth-2Sm4qjaSYaboxsOPA1Q=] left vehicle HAMMER_H1 black_rust (id=31E878D415478C474878A581AD43ED14 pos=<5061.361328, 194.537384, 6882.931641>)
09:18:40.179 [VehicleCarKey] Player "Sharkparty" (id=2H7391gmOSCz4VnnBebcTth-2Sm4qjaSYaboxsOPA1Q= pos=<5059.761719, 194.545715, 6884.025391>) used the  ExpansionCarKey to lock HAMMER_H1_black_rust (id=31E878D415478C474878A581AD43ED14 pos=<5061.361328, 194.537384, 6882.931641>)
09:19:07.988 [Party] Player "Sharkparty" (id=2H7391gmOSCz4VnnBebcTth-2Sm4qjaSYaboxsOPA1Q=) left the party "Sharkparty" (id=0 ownerUID=2H7391gmOSCz4VnnBebcTth-2Sm4qjaSYaboxsOPA1Q= ownerName=Sharkparty)
09:24:15.593 [Party] Player "Sharkparty" (id=2H7391gmOSCz4VnnBebcTth-2Sm4qjaSYaboxsOPA1Q=) joinded the party "Sharkparty" (id=0 ownerUID=2H7391gmOSCz4VnnBebcTth-2Sm4qjaSYaboxsOPA1Q= ownerName=Sharkparty)
09:24:15.597 [Expansion Quests] - InitQuestSystemClient - Loaded existing player quest data for player with UID: 2H7391gmOSCz4VnnBebcTth-2Sm4qjaSYaboxsOPA1Q=
09:24:15.597 [Expansion Quests] - LoadGroupQuestData - Got cached group quest data for group with ID: 0
09:24:15.597 [Expansion Quests] - Create new quest instance for quest: 55 - Player UID: 2H7391gmOSCz4VnnBebcTth-2Sm4qjaSYaboxsOPA1Q=
09:24:16.570 [Expansion Quests] - LoadGroupQuestData - Got cached group quest data for group with ID: 0
09:26:03.609 [VehicleCarKey] Player "Sharkparty" (id=2H7391gmOSCz4VnnBebcTth-2Sm4qjaSYaboxsOPA1Q= pos=<5060.056641, 194.503586, 6885.574219>) used the  ExpansionCarKey to unlock HAMMER_H1_black_rust (id=31E878D415478C474878A581AD43ED14 pos=<5061.361328, 194.537384, 6882.931641>)
09:26:09.109 [VehicleEnter] Player Sharkparty [uid=2H7391gmOSCz4VnnBebcTth-2Sm4qjaSYaboxsOPA1Q=] entered vehicle HAMMER_H1 black_rust (id=31E878D415478C474878A581AD43ED14 pos=<5061.361328, 194.537384, 6882.931641>) as driver
09:26:11.359 [VehicleEngine] Player Sharkparty [uid=2H7391gmOSCz4VnnBebcTth-2Sm4qjaSYaboxsOPA1Q=] started vehicle HAMMER_H1 black_rust (id=31E878D415478C474878A581AD43ED14 pos=<5061.361328, 194.537384, 6882.931641>)
09:29:58.554 [VehicleLeave] Player Sharkparty [uid=2H7391gmOSCz4VnnBebcTth-2Sm4qjaSYaboxsOPA1Q=] left vehicle HAMMER_H1 black_rust (id=31E878D415478C474878A581AD43ED14 pos=<7907.939941, 80.770958, 5525.873535>)
09:30:18.785 [VehicleEnter] Player Sharkparty [uid=2H7391gmOSCz4VnnBebcTth-2Sm4qjaSYaboxsOPA1Q=] entered vehicle HAMMER_H1 black_rust (id=31E878D415478C474878A581AD43ED14 pos=<7907.939941, 80.770966, 5525.873535>) as driver
09:30:21.109 [VehicleEngine] Player Sharkparty [uid=2H7391gmOSCz4VnnBebcTth-2Sm4qjaSYaboxsOPA1Q=] started vehicle HAMMER_H1 black_rust (id=31E878D415478C474878A581AD43ED14 pos=<7907.940430, 80.770958, 5525.873535>)
09:34:56.261 [VehicleLeave] Player Sharkparty [uid=2H7391gmOSCz4VnnBebcTth-2Sm4qjaSYaboxsOPA1Q=] left vehicle HAMMER_H1 black_rust (id=31E878D415478C474878A581AD43ED14 pos=<10158.527344, 71.189278, 5418.820313>)
09:36:35.527 [VehicleEnter] Player Sharkparty [uid=2H7391gmOSCz4VnnBebcTth-2Sm4qjaSYaboxsOPA1Q=] entered vehicle HAMMER_H1 black_rust (id=31E878D415478C474878A581AD43ED14 pos=<10158.527344, 71.189278, 5418.820313>) as driver
09:36:37.777 [VehicleEngine] Player Sharkparty [uid=2H7391gmOSCz4VnnBebcTth-2Sm4qjaSYaboxsOPA1Q=] started vehicle HAMMER_H1 black_rust (id=31E878D415478C474878A581AD43ED14 pos=<10158.527344, 71.189278, 5418.820313>)
09:37:50.726 [VehicleLeave] Player Sharkparty [uid=2H7391gmOSCz4VnnBebcTth-2Sm4qjaSYaboxsOPA1Q=] left vehicle HAMMER_H1 black_rust (id=31E878D415478C474878A581AD43ED14 pos=<10722.849609, 64.456238, 5280.138672>)
09:38:38.406 [VehicleEnter] Player Sharkparty [uid=2H7391gmOSCz4VnnBebcTth-2Sm4qjaSYaboxsOPA1Q=] entered vehicle HAMMER_H1 black_rust (id=31E878D415478C474878A581AD43ED14 pos=<10722.840820, 64.456238, 5280.115723>) as driver
09:38:40.574 [VehicleEngine] Player Sharkparty [uid=2H7391gmOSCz4VnnBebcTth-2Sm4qjaSYaboxsOPA1Q=] started vehicle HAMMER_H1 black_rust (id=31E878D415478C474878A581AD43ED14 pos=<10722.840820, 64.456245, 5280.115723>)
09:41:31.214 [VehicleEngine] Player Sharkparty [uid=2H7391gmOSCz4VnnBebcTth-2Sm4qjaSYaboxsOPA1Q=] stopped vehicle HAMMER_H1 black_rust (id=31E878D415478C474878A581AD43ED14 pos=<10369.021484, 84.857658, 5748.911133>)
09:41:34.558 [VehicleLeave] Player Sharkparty [uid=2H7391gmOSCz4VnnBebcTth-2Sm4qjaSYaboxsOPA1Q=] left vehicle HAMMER_H1 black_rust (id=31E878D415478C474878A581AD43ED14 pos=<10369.021484, 84.857651, 5748.911133>)
09:43:18.421 [VehicleEnter] Player Sharkparty [uid=2H7391gmOSCz4VnnBebcTth-2Sm4qjaSYaboxsOPA1Q=] entered vehicle HAMMER_H1 black_rust (id=31E878D415478C474878A581AD43ED14 pos=<10369.021484, 84.857651, 5748.911133>) as driver
09:43:20.617 [VehicleEngine] Player Sharkparty [uid=2H7391gmOSCz4VnnBebcTth-2Sm4qjaSYaboxsOPA1Q=] started vehicle HAMMER_H1 black_rust (id=31E878D415478C474878A581AD43ED14 pos=<10369.021484, 84.857658, 5748.911133>)
09:48:05.687 [Safezone] Player "Sharkparty" (id=2H7391gmOSCz4VnnBebcTth-2Sm4qjaSYaboxsOPA1Q= pos=<10200.635742, 124.211243, 7890.336914>) Entered the safezone
09:48:15.750 [VehicleEngine] Player Sharkparty [uid=2H7391gmOSCz4VnnBebcTth-2Sm4qjaSYaboxsOPA1Q=] stopped vehicle HAMMER_H1 black_rust (id=31E878D415478C474878A581AD43ED14 pos=<10143.011719, 129.899445, 7936.072754>)
09:48:19.007 [VehicleLeave] Player Sharkparty [uid=2H7391gmOSCz4VnnBebcTth-2Sm4qjaSYaboxsOPA1Q=] left vehicle HAMMER_H1 black_rust (id=31E878D415478C474878A581AD43ED14 pos=<10143.011719, 129.899429, 7936.072754>)
09:48:53.558 [Expansion Quests] - CompleteQuest - Player with UID 2H7391gmOSCz4VnnBebcTth-2Sm4qjaSYaboxsOPA1Q= has completed quest 55
09:51:18.953 [ATM] Player "Sharkparty" (id=2H7391gmOSCz4VnnBebcTth-2Sm4qjaSYaboxsOPA1Q=) has deposited 450 on his ATM account.
09:51:47.968 [Expansion Quests] - CreateQuestInstance - Created new quest instance for with instance key 2H7391gmOSCz4VnnBebcTth-2Sm4qjaSYaboxsOPA1Q= for quest 32
09:55:40.691 [VehicleCarKey] Player "Sharkparty" (id=2H7391gmOSCz4VnnBebcTth-2Sm4qjaSYaboxsOPA1Q= pos=<10141.279297, 129.872452, 7934.831543>) used the  ExpansionCarKey to lock HAMMER_H1_black_rust (id=31E878D415478C474878A581AD43ED14 pos=<10143.011719, 129.899445, 7936.072266>)
09:56:34.968 [Safezone] Player "Sharkparty" (id=2H7391gmOSCz4VnnBebcTth-2Sm4qjaSYaboxsOPA1Q= pos=<10123.182617, 181.235779, 8094.105957>) Left the safezone
09:57:49.589 [AI Patrol] Spawning 3 Shamans bots at <10242.424805, 131.301407, 9293.362305>
10:14:15.355 [Safezone] Player "Sharkparty" (id=2H7391gmOSCz4VnnBebcTth-2Sm4qjaSYaboxsOPA1Q= pos=<10140.311523, 173.321640, 8059.380371>) Entered the safezone
10:16:38.218 [VehicleCarKey] Player "Sharkparty" (id=2H7391gmOSCz4VnnBebcTth-2Sm4qjaSYaboxsOPA1Q= pos=<10145.688477, 129.881134, 7933.775879>) used the  ExpansionCarKey to unlock HAMMER_H1_black_rust (id=31E878D415478C474878A581AD43ED14 pos=<10143.011719, 129.899445, 7936.072266>)
10:17:10.914 [VehicleEnter] Player Sharkparty [uid=2H7391gmOSCz4VnnBebcTth-2Sm4qjaSYaboxsOPA1Q=] entered vehicle HAMMER_H1 black_rust (id=31E878D415478C474878A581AD43ED14 pos=<10143.011719, 129.899445, 7936.072266>) as driver
10:17:13.039 [VehicleEngine] Player Sharkparty [uid=2H7391gmOSCz4VnnBebcTth-2Sm4qjaSYaboxsOPA1Q=] started vehicle HAMMER_H1 black_rust (id=31E878D415478C474878A581AD43ED14 pos=<10143.011719, 129.899445, 7936.072754>)
10:19:05.363 [Safezone] Player "Sharkparty" (id=2H7391gmOSCz4VnnBebcTth-2Sm4qjaSYaboxsOPA1Q= pos=<10227.033203, 117.547287, 7832.652832>) Left the safezone
10:23:28.578 [VehicleEngine] Player Sharkparty [uid=2H7391gmOSCz4VnnBebcTth-2Sm4qjaSYaboxsOPA1Q=] stopped vehicle HAMMER_H1 black_rust (id=31E878D415478C474878A581AD43ED14 pos=<10865.226563, 91.700111, 9804.736328>)
10:23:32.773 [VehicleLeave] Player Sharkparty [uid=2H7391gmOSCz4VnnBebcTth-2Sm4qjaSYaboxsOPA1Q=] left vehicle HAMMER_H1 black_rust (id=31E878D415478C474878A581AD43ED14 pos=<10865.226563, 91.700111, 9804.736328>)
10:25:34.859 [VehicleCarKey] Player "Sharkparty" (id=2H7391gmOSCz4VnnBebcTth-2Sm4qjaSYaboxsOPA1Q= pos=<10867.597656, 91.795525, 9803.063477>) used the  ExpansionCarKey to lock HAMMER_H1_black_rust (id=31E878D415478C474878A581AD43ED14 pos=<10865.226563, 91.700111, 9804.736328>)
10:30:16.687 [VehicleCarKey] Player "Sharkparty" (id=2H7391gmOSCz4VnnBebcTth-2Sm4qjaSYaboxsOPA1Q= pos=<10862.502930, 91.173744, 9803.292969>) used the  ExpansionCarKey to unlock HAMMER_H1_black_rust (id=31E878D415478C474878A581AD43ED14 pos=<10865.226563, 91.700111, 9804.736328>)
10:30:21.542 [VehicleEnter] Player Sharkparty [uid=2H7391gmOSCz4VnnBebcTth-2Sm4qjaSYaboxsOPA1Q=] entered vehicle HAMMER_H1 black_rust (id=31E878D415478C474878A581AD43ED14 pos=<10865.226563, 91.700180, 9804.736328>) as driver
10:30:23.894 [VehicleEngine] Player Sharkparty [uid=2H7391gmOSCz4VnnBebcTth-2Sm4qjaSYaboxsOPA1Q=] started vehicle HAMMER_H1 black_rust (id=31E878D415478C474878A581AD43ED14 pos=<10865.226563, 91.700180, 9804.736328>)
10:31:56.046 [VehicleEngine] Player Sharkparty [uid=2H7391gmOSCz4VnnBebcTth-2Sm4qjaSYaboxsOPA1Q=] stopped vehicle HAMMER_H1 black_rust (id=31E878D415478C474878A581AD43ED14 pos=<10316.756836, 129.260330, 9668.056641>)
10:32:02.277 [VehicleLeave] Player Sharkparty [uid=2H7391gmOSCz4VnnBebcTth-2Sm4qjaSYaboxsOPA1Q=] left vehicle HAMMER_H1 black_rust (id=31E878D415478C474878A581AD43ED14 pos=<10316.756836, 129.260330, 9668.056641>)
10:33:01.714 [VehicleEnter] Player Sharkparty [uid=2H7391gmOSCz4VnnBebcTth-2Sm4qjaSYaboxsOPA1Q=] entered vehicle HAMMER_H1 black_rust (id=31E878D415478C474878A581AD43ED14 pos=<10316.756836, 129.260330, 9668.056641>) as driver
10:33:04.234 [VehicleEngine] Player Sharkparty [uid=2H7391gmOSCz4VnnBebcTth-2Sm4qjaSYaboxsOPA1Q=] started vehicle HAMMER_H1 black_rust (id=31E878D415478C474878A581AD43ED14 pos=<10316.756836, 129.260330, 9668.056641>)
10:37:03.730 [MissionAirdrop] An airdrop is heading towards "Gargata" (pos=<9701.620117, 0.000000, 8687.152344> type=Random_Gargata) with a ExpansionAirdropContainer_Military
10:40:23.796 [VehicleEngine] Player Sharkparty [uid=2H7391gmOSCz4VnnBebcTth-2Sm4qjaSYaboxsOPA1Q=] stopped vehicle HAMMER_H1 black_rust (id=31E878D415478C474878A581AD43ED14 pos=<8399.578125, 124.970345, 9110.000000>)
10:40:27.750 [VehicleLeave] Player Sharkparty [uid=2H7391gmOSCz4VnnBebcTth-2Sm4qjaSYaboxsOPA1Q=] left vehicle HAMMER_H1 black_rust (id=31E878D415478C474878A581AD43ED14 pos=<8399.578125, 124.970345, 9110.000000>)
10:42:54.121 [VehicleEnter] Player Sharkparty [uid=2H7391gmOSCz4VnnBebcTth-2Sm4qjaSYaboxsOPA1Q=] entered vehicle HAMMER_H1 black_rust (id=31E878D415478C474878A581AD43ED14 pos=<8399.578125, 124.970352, 9110.000000>) as driver
10:42:56.335 [VehicleEngine] Player Sharkparty [uid=2H7391gmOSCz4VnnBebcTth-2Sm4qjaSYaboxsOPA1Q=] started vehicle HAMMER_H1 black_rust (id=31E878D415478C474878A581AD43ED14 pos=<8399.578125, 124.970352, 9110.000000>)
10:50:29.562 [VehicleLeave] Player Sharkparty [uid=2H7391gmOSCz4VnnBebcTth-2Sm4qjaSYaboxsOPA1Q=] left vehicle HAMMER_H1 black_rust (id=31E878D415478C474878A581AD43ED14 pos=<9727.454102, 243.754044, 8745.189453>)
10:50:41.125 [VehicleCarKey] Player "Sharkparty" (id=2H7391gmOSCz4VnnBebcTth-2Sm4qjaSYaboxsOPA1Q= pos=<9728.782227, 243.402405, 8748.327148>) used the  ExpansionCarKey to lock HAMMER_H1_black_rust (id=31E878D415478C474878A581AD43ED14 pos=<9727.454102, 243.754044, 8745.189453>)
10:52:27.191 [VehicleCarKey] Player "Sharkparty" (id=2H7391gmOSCz4VnnBebcTth-2Sm4qjaSYaboxsOPA1Q= pos=<9725.829102, 243.660248, 8746.610352>) used the  ExpansionCarKey to unlock HAMMER_H1_black_rust (id=31E878D415478C474878A581AD43ED14 pos=<9727.454102, 243.754044, 8745.189453>)
10:52:32.289 [VehicleEnter] Player Sharkparty [uid=2H7391gmOSCz4VnnBebcTth-2Sm4qjaSYaboxsOPA1Q=] entered vehicle HAMMER_H1 black_rust (id=31E878D415478C474878A581AD43ED14 pos=<9727.454102, 243.754044, 8745.189453>) as driver
11:06:50.023 [VehicleEngine] Player Sharkparty [uid=2H7391gmOSCz4VnnBebcTth-2Sm4qjaSYaboxsOPA1Q=] started vehicle HAMMER_H1 black_rust (id=31E878D415478C474878A581AD43ED14 pos=<9727.454102, 243.754013, 8745.189453>)
11:14:17.167 [VehicleEngine] Player Sharkparty [uid=2H7391gmOSCz4VnnBebcTth-2Sm4qjaSYaboxsOPA1Q=] stopped vehicle HAMMER_H1 black_rust (id=31E878D415478C474878A581AD43ED14 pos=<6413.885742, 106.547058, 6178.652832>)
11:14:39.921 [VehicleLeave] Player Sharkparty [uid=2H7391gmOSCz4VnnBebcTth-2Sm4qjaSYaboxsOPA1Q=] left vehicle HAMMER_H1 black_rust (id=31E878D415478C474878A581AD43ED14 pos=<6413.885254, 106.547150, 6178.653320>)
11:14:43.359 [VehicleCarKey] Player "Sharkparty" (id=2H7391gmOSCz4VnnBebcTth-2Sm4qjaSYaboxsOPA1Q= pos=<6415.786621, 106.404106, 6178.334473>) used the  ExpansionCarKey to lock HAMMER_H1_black_rust (id=31E878D415478C474878A581AD43ED14 pos=<6413.885254, 106.547195, 6178.653320>)
11:17:06.945 [VehicleCarKey] Player "Sharkparty" (id=2H7391gmOSCz4VnnBebcTth-2Sm4qjaSYaboxsOPA1Q= pos=<6414.033691, 106.428841, 6175.270020>) used the  ExpansionCarKey to unlock HAMMER_H1_black_rust (id=31E878D415478C474878A581AD43ED14 pos=<6413.885254, 106.547195, 6178.653320>)
11:17:12.718 [VehicleEnter] Player Sharkparty [uid=2H7391gmOSCz4VnnBebcTth-2Sm4qjaSYaboxsOPA1Q=] entered vehicle HAMMER_H1 black_rust (id=31E878D415478C474878A581AD43ED14 pos=<6413.885254, 106.547134, 6178.653320>) as driver
11:17:14.964 [VehicleEngine] Player Sharkparty [uid=2H7391gmOSCz4VnnBebcTth-2Sm4qjaSYaboxsOPA1Q=] started vehicle HAMMER_H1 black_rust (id=31E878D415478C474878A581AD43ED14 pos=<6413.885254, 106.547173, 6178.653320>)
11:18:55.097 [VehicleLeave] Player Sharkparty [uid=2H7391gmOSCz4VnnBebcTth-2Sm4qjaSYaboxsOPA1Q=] left vehicle HAMMER_H1 black_rust (id=31E878D415478C474878A581AD43ED14 pos=<6240.837402, 133.315567, 6093.291016>)
11:19:03.664 [VehicleEnter] Player Sharkparty [uid=2H7391gmOSCz4VnnBebcTth-2Sm4qjaSYaboxsOPA1Q=] entered vehicle HAMMER_H1 black_rust (id=31E878D415478C474878A581AD43ED14 pos=<6240.837402, 133.315567, 6093.291016>) as driver
11:19:05.914 [VehicleEngine] Player Sharkparty [uid=2H7391gmOSCz4VnnBebcTth-2Sm4qjaSYaboxsOPA1Q=] started vehicle HAMMER_H1 black_rust (id=31E878D415478C474878A581AD43ED14 pos=<6240.837402, 133.315567, 6093.291016>)
11:19:26.398 [VehicleEngine] Player Sharkparty [uid=2H7391gmOSCz4VnnBebcTth-2Sm4qjaSYaboxsOPA1Q=] stopped vehicle HAMMER_H1 black_rust (id=31E878D415478C474878A581AD43ED14 pos=<6226.784668, 133.435822, 6093.731445>)
11:19:30.464 [VehicleLeave] Player Sharkparty [uid=2H7391gmOSCz4VnnBebcTth-2Sm4qjaSYaboxsOPA1Q=] left vehicle HAMMER_H1 black_rust (id=31E878D415478C474878A581AD43ED14 pos=<6226.784668, 133.435822, 6093.731934>)
11:20:31.070 [VehicleCarKey] Player "Sharkparty" (id=2H7391gmOSCz4VnnBebcTth-2Sm4qjaSYaboxsOPA1Q= pos=<6226.972168, 133.396255, 6091.665527>) used the  ExpansionCarKey to lock HAMMER_H1_black_rust (id=31E878D415478C474878A581AD43ED14 pos=<6226.784668, 133.435822, 6093.731445>)
11:20:32.335 [VehicleCarKey] Player "Sharkparty" (id=2H7391gmOSCz4VnnBebcTth-2Sm4qjaSYaboxsOPA1Q= pos=<6226.972168, 133.396255, 6091.665527>) used the  ExpansionCarKey to unlock HAMMER_H1_black_rust (id=31E878D415478C474878A581AD43ED14 pos=<6226.784668, 133.435822, 6093.731445>)
11:20:35.265 [VehicleCarKey] Player "Sharkparty" (id=2H7391gmOSCz4VnnBebcTth-2Sm4qjaSYaboxsOPA1Q= pos=<6226.972168, 133.396255, 6091.665527>) used the  ExpansionCarKey to lock HAMMER_H1_black_rust (id=31E878D415478C474878A581AD43ED14 pos=<6226.784668, 133.435822, 6093.731445>)
11:21:46.710 [Party] Player "Sharkparty" (id=2H7391gmOSCz4VnnBebcTth-2Sm4qjaSYaboxsOPA1Q=) left the party "Sharkparty" (id=0 ownerUID=2H7391gmOSCz4VnnBebcTth-2Sm4qjaSYaboxsOPA1Q= ownerName=Sharkparty)
