00:21:13.218 [AI Object Patrol] WARNING: The map 'esseker' doesn't have a default config
00:21:13.219 [AI Object Patrol] Generating an example config...
00:21:13.219 [AI Patrol] WARNING: The map 'esseker' doesn't have a default config
00:21:13.219 [AI Patrol] Generating an example config...
00:21:20.363 [VehicleDeleted] CivilianSedan (id=FDDB9735C14D07B2BEF72FA027A39B9E pos=<13924.995117, 114.045692, 6884.772949>)
00:21:20.364 [VehicleDeleted] CivilianSedan (id=E9926E91DD4B92D2CB7625B2D4F9BBE0 pos=<13564.971680, 178.630493, 12609.768555>)
00:21:20.364 [VehicleDeleted] CivilianSedan (id=F083986C38467B4A1860B489ACA5451C pos=<15880.006836, 104.266449, 9699.756836>)
00:21:20.364 [VehicleDeleted] CivilianSedan (id=103597D2E24329EB5FFF289DF8CF1F36 pos=<14120.109375, 137.405792, 9414.833984>)
00:21:20.364 [VehicleDeleted] CivilianSedan_Black (id=F90FE73DB2451B536AAF8E8CDF4B2AF3 pos=<15115.024414, 106.617599, 10059.722656>)
00:21:20.364 [VehicleDeleted] CivilianSedan_Black (id=9CCD0572844F541BB98C41BEF4D656C0 pos=<14255.049805, 146.148804, 12159.788086>)
00:21:20.364 [VehicleDeleted] CivilianSedan_Wine (id=4D00FBE1364EA9D470419F8E5F2D75C7 pos=<14900.023438, 98.622826, 8209.758789>)
00:21:20.364 [VehicleDeleted] Hatchback_02_Black (id=C40D74072640D049C94562AB8A5634FF pos=<14090.061523, 164.571121, 10915.064453>)
00:21:20.364 [VehicleDeleted] Hatchback_02_Black (id=B434B177954AE88E536D36A340D4CB64 pos=<14915.018555, 106.959694, 8340.071289>)
00:21:20.364 [VehicleDeleted] Hatchback_02_BanditKitty (id=BB2C29A1054E3E8C01FC518AB5E74BA1 pos=<14899.982422, 131.442474, 10740.142578>)
00:21:20.365 [VehicleDeleted] Hatchback_02_BanditKitty (id=D444893D12419A39B5CED9AC57C1A381 pos=<14889.935547, 87.974335, 9740.131836>)
00:21:20.365 [VehicleDeleted] Sedan_02 (id=F59D89805D4928B75B8C6D85FEAB48EC pos=<14739.998047, 144.087311, 10329.863281>)
00:21:20.365 [VehicleDeleted] Sedan_02_Red (id=7305EDA7AA4A1A03363FF886EEB53606 pos=<16000.005859, 134.204575, 10184.861328>)
00:21:20.365 [VehicleDeleted] Sedan_02_Grey (id=4956CD66E44C3DC30AC8328D08B8B68A pos=<17094.986328, 145.969650, 1849.881470>)
00:21:20.365 [VehicleDeleted] Sedan_02_Grey (id=5E483FFC9B4B86B4344E5997D1BF11C3 pos=<19230.005859, 81.115662, 2214.850342>)
00:21:20.365 [VehicleDeleted] Sedan_02_Red (id=145FCA60154A132494A862BDBB911B1A pos=<13310.038086, 156.308990, 10124.828125>)
00:21:20.366 [VehicleDeleted] Sedan_02 (id=CFAE2D392447B061B292B081AA74D221 pos=<18645.062500, 144.244934, 1479.873169>)
00:21:20.366 [VehicleDeleted] Sedan_02_Grey (id=FBF2CCE9114DD5A6CD1B6CA0DABF7C17 pos=<13519.998047, 112.007790, 9304.845703>)
00:22:19.677 [VehicleDeleted] CivilianSedan_Wine (id=043248C1064700E66C3D8D80050B5FF3 pos=<13925.023438, 113.439125, 6884.992676>)
00:22:19.677 [VehicleDeleted] CivilianSedan (id=909061163D43F5B9F0D91E9819876C6C pos=<14119.942383, 136.812408, 9414.949219>)
00:22:19.677 [VehicleDeleted] CivilianSedan_Wine (id=6395A8A0524D21E2DE22BC993E8EBDDF pos=<13565.041016, 178.030991, 12609.998047>)
00:22:19.678 [VehicleDeleted] CivilianSedan_Wine (id=B5ED99FC234FC82D77C780B2F9DCEAB7 pos=<14900.005859, 132.807175, 10520.032227>)
00:22:19.678 [VehicleDeleted] CivilianSedan_Black (id=B6551061544356B2693959969512E8D5 pos=<18920.023438, 144.551773, 1254.975830>)
00:22:19.678 [VehicleDeleted] CivilianSedan (id=5071B0F90A406AAA696C81928F190ED4 pos=<13200.005859, 82.887207, 4875.000000>)
00:22:19.678 [VehicleDeleted] Hatchback_02 (id=749C11611A4AE5E1B6F180999B6BD03C pos=<14890.025391, 87.334564, 9739.978516>)
00:22:19.678 [VehicleDeleted] Hatchback_02_BanditKitty (id=AB0FD3E7E64DCA9B48532E8D8017B3A8 pos=<14089.989258, 163.913864, 10914.998047>)
00:22:19.678 [VehicleDeleted] Hatchback_02_BanditKitty (id=7D5AB1724A4CFDC58C76CC87530A9C2E pos=<14915.008789, 106.315468, 8340.010742>)
00:22:19.680 [VehicleDeleted] Hatchback_02 (id=5778C20AEA47E77E08A47B8C077DB7DD pos=<14900.017578, 130.819031, 10739.988281>)
00:26:21.796 [MissionAirdrop] An airdrop is heading towards "Esseker East" (pos=<10912.320313, 0.000000, 5564.363770> type=Random_Esseker East) with a ExpansionAirdropContainer_Military
00:34:44.880 [VehicleDeleted] Sedan_02_Red (id=598E1B87074794B11A43BD8BD44CB511 pos=<17095.005859, 145.254486, 1849.981323>)
00:34:44.880 [VehicleDeleted] Sedan_02_Red (id=635DD05FF8426F09917A5BADA50E2904 pos=<14740.024414, 143.439102, 10329.989258>)
00:34:44.880 [VehicleDeleted] Sedan_02_Grey (id=AFFB7538114BB0786F8C33A891C0B253 pos=<15954.992188, 88.011658, 8920.001953>)
00:34:44.881 [VehicleDeleted] Sedan_02_Red (id=229231A7B541141886C34E8BB75A2C3B pos=<16000.026367, 133.556396, 10184.996094>)
00:34:44.881 [VehicleDeleted] Sedan_02_Grey (id=6BE469303B44493B66F4A3BEA65AA3FD pos=<18645.000000, 143.597656, 1479.984619>)
00:34:44.881 [VehicleDeleted] Sedan_02 (id=53FEE38F8D4EA4C4DC97BB8DB8631CC5 pos=<19350.025391, 77.720436, 2460.001709>)
00:34:44.881 [VehicleDeleted] Sedan_02_Grey (id=41BEF7B96246820DEE986791E789AAC4 pos=<13310.001953, 155.664413, 10125.007813>)
00:34:59.773 [Expansion Quests] - InitQuestSystemClient - Created new persistent player quest data for player UID: mBNlxASsPlOcry0dpDl8K-WgHNR5WMCMmoJ9NhpU4FY=
00:34:59.773 [Expansion Quests] - LoadGroupQuestData - Created new persistent group quest data for group with ID: -1
00:34:59.780 [Expansion Quests] - CompleteQuest - Player with UID mBNlxASsPlOcry0dpDl8K-WgHNR5WMCMmoJ9NhpU4FY= has completed quest 14
00:35:24.830 [SpawnSelection] Player "[Admin] Bunker" (id=mBNlxASsPlOcry0dpDl8K-WgHNR5WMCMmoJ9NhpU4FY=) spawned at <6702.913574, 144.765900, 5345.629395>
00:35:24.906 [AI Patrol] Spawning 1 Raiders bots at <6249.907715, 115.069725, 6191.540527>
00:35:25.009 [AI Patrol] Spawning 2 East bots at <6571.892090, 99.492767, 5934.029785>
00:35:38.724 [VehicleDeleted] CivilianSedan_Wine (id=F09F1826BD4964EF4293C198D5E04AD3 pos=<13294.991211, 124.012733, 9314.993164>)
00:35:38.724 [VehicleDeleted] CivilianSedan_Black (id=A8A0C6F3EB4B9725CE2FFBA87A209C7B pos=<14260.000000, 101.021652, 4705.006348>)
00:35:38.725 [VehicleDeleted] CivilianSedan_Black (id=770AEDA89745B1CA9F3563BA15DF79F2 pos=<19165.005859, 127.750656, 1664.957031>)
00:35:38.725 [VehicleDeleted] CivilianSedan_Wine (id=355D8B176748499860DA8B8745096CB0 pos=<13200.005859, 82.887207, 4875.000000>)
00:35:38.725 [VehicleDeleted] CivilianSedan_Wine (id=A07E596F974C3759E59A948B2AA734F0 pos=<13925.023438, 113.439125, 6884.992676>)
00:35:38.725 [VehicleDeleted] CivilianSedan (id=509BA8C5D34401AC901BDE86BE486D88 pos=<15880.009766, 103.670097, 9700.012695>)
00:36:05.624 [VehicleDeleted] Hatchback_02_Black (id=7C46C35C1E4FEE02C661F4A3C5D2EC3F pos=<14914.990234, 106.370071, 8339.997070>)
00:36:05.624 [VehicleDeleted] Hatchback_02_Blue (id=74759565E84A3CCD353EABA6B7E83BBB pos=<14089.992188, 163.930725, 10915.010742>)
00:36:05.625 [VehicleDeleted] Hatchback_02_Black (id=F443FCC3CE4B6BF97FD012B9BDBC91FE pos=<14890.036133, 87.348976, 9739.984375>)
00:36:05.625 [VehicleDeleted] Hatchback_02 (id=722DB3B70343F95846A854973E5853F3 pos=<14900.007813, 130.805649, 10739.972656>)
00:36:05.625 [VehicleDeleted] Sedan_02 (id=C6E61D385B43DC30B1550B84547E9914 pos=<19229.994141, 80.387093, 2214.999756>)
00:36:05.625 [VehicleDeleted] Sedan_02_Grey (id=9712EF529A40A9F22D396389E7473440 pos=<18645.000000, 143.597656, 1479.984619>)
00:36:05.625 [VehicleDeleted] Sedan_02 (id=3896992E4B44CCF656AA338B313E297F pos=<13310.001953, 155.664413, 10125.007813>)
00:36:05.625 [VehicleDeleted] Sedan_02_Grey (id=9F6C047A4048F4C594BC6E8832DF7AEA pos=<13520.020508, 111.365982, 9304.991211>)
00:36:05.625 [VehicleDeleted] Sedan_02_Grey (id=A9495A14A04720614BDBE5BE2D7A43B1 pos=<16000.021484, 133.551743, 10184.991211>)
00:36:05.625 [VehicleDeleted] Sedan_02 (id=CA5BBFA401405A682C921EB5BF7A4FBD pos=<14740.024414, 143.439102, 10329.989258>)
00:36:05.625 [VehicleDeleted] Sedan_02 (id=552303E3BD45446ADCA7D8BAA7BAB916 pos=<17095.042969, 145.352783, 1850.001831>)
01:18:13.319 [Expansion Quests] - InitQuestSystemClient - Created new persistent player quest data for player UID: BlCTbSRV5QYaEKP-S_Hg4CG7zCAg90tKLTciEKHy8Pc=
01:18:13.319 [Expansion Quests] - LoadGroupQuestData - Got cached group quest data for group with ID: -1
01:18:13.325 [Expansion Quests] - CompleteQuest - Player with UID BlCTbSRV5QYaEKP-S_Hg4CG7zCAg90tKLTciEKHy8Pc= has completed quest 14
01:18:23.823 [SpawnSelection] Player "[Admin] Bunker" (id=BlCTbSRV5QYaEKP-S_Hg4CG7zCAg90tKLTciEKHy8Pc=) spawned at <9555.787109, 247.374786, 7374.302734>
01:18:24.127 [VehicleDeleted] CivilianSedan_Wine (id=428A5EA1FD4DAB0310499FBA394086AA pos=<13925.015625, 113.457352, 6884.992676>)
01:18:24.127 [VehicleDeleted] CivilianSedan (id=B068F6FF484CBC43B5003A9B2F330748 pos=<18920.025391, 144.534424, 1254.979248>)
01:18:24.127 [VehicleDeleted] CivilianSedan (id=208886F07146F7A42CE683937BD08299 pos=<14260.006836, 101.046127, 4705.002930>)
01:18:24.128 [VehicleDeleted] CivilianSedan (id=364292880D44806082B5EEAB0918B8F5 pos=<19050.005859, 74.644691, 2574.993164>)
01:18:24.128 [VehicleDeleted] CivilianSedan_Black (id=4C9F3A66B441865AF3461B8463101DCC pos=<14119.942383, 136.812408, 9414.949219>)
01:18:24.128 [VehicleDeleted] CivilianSedan_Black (id=FBDF12A442419BA19DB1439C5067295F pos=<13294.991211, 124.012733, 9314.993164>)
01:18:24.128 [VehicleDeleted] Hatchback_02 (id=5871A1E17D40420EA6DABEB4C1ABF378 pos=<14890.036133, 87.348976, 9739.984375>)
01:18:24.128 [VehicleDeleted] Hatchback_02_Black (id=38EE39EACB457F46E0D5EF9D93CEB3C8 pos=<14089.992188, 163.930725, 10915.010742>)
01:18:24.128 [VehicleDeleted] Hatchback_02_Black (id=0F1AD04C164CFEA2C5DD39B4DFD1B889 pos=<14915.000000, 106.299782, 8339.996094>)
01:18:24.129 [VehicleDeleted] Hatchback_02_BanditKitty (id=D16623FD384EFEFFE33670B5B8613EED pos=<14900.017578, 130.819031, 10739.988281>)
01:18:24.129 [VehicleDeleted] Sedan_02 (id=33ABBBD0384C8EB1BA3EAB8735E5200D pos=<17095.048828, 145.353653, 1849.995850>)
01:18:24.129 [VehicleDeleted] Sedan_02 (id=2F198155C6411D395D3AA18E160DC3C5 pos=<16000.026367, 133.556396, 10184.996094>)
01:18:24.129 [VehicleDeleted] Sedan_02_Red (id=71AE5EF0014329890932F79750122E98 pos=<19230.011719, 80.471298, 2214.990967>)
01:18:24.129 [VehicleDeleted] Sedan_02 (id=7BE2D7DABC4AC1BC6524E68246953549 pos=<14740.000977, 143.354599, 10329.996094>)
01:18:24.129 [VehicleDeleted] Sedan_02_Red (id=FA27353BE64FFD44C242A98D25ADB812 pos=<15955.013672, 88.097832, 8919.997070>)
01:18:24.130 [VehicleDeleted] Sedan_02 (id=776D34AD0A4C8D67A15F68B43D5FAFF2 pos=<13309.987305, 155.589661, 10125.014648>)
01:18:24.130 [VehicleDeleted] Sedan_02_Red (id=CC0667A52D4D06E49188C9B0DD56A430 pos=<18644.978516, 143.517212, 1479.991821>)
