01:07:50.727 [MissionAirdrop] An airdrop is heading towards "Pilana Sawmill" (pos=<9112.919922, 0.000000, 8000.439941> type=Random_Pilana Sawmill) with a ExpansionAirdropContainer_Medical
01:08:10.725 [MissionAirdrop] An airdrop is heading towards "Neptune Resort" (pos=<6596.615723, 0.000000, 5425.879883> type=Random_Neptune Resort) with a ExpansionAirdropContainer
01:31:47.131 [VehicleEnter] Player Ragacious [uid=M-L4cErkePQ_fswl0bbOCcMnyNPSO1GQOQxakOK0cLo=] entered vehicle PONTIAC (rust) (id=2E9EA7C71B4041E241DB7092A8AB8E95 pos=<8367.141602, 234.538742, 8618.855469>) as driver
01:31:53.411 [VehicleEngine] Player Ragacious [uid=M-L4cErkePQ_fswl0bbOCcMnyNPSO1GQOQxakOK0cLo=] started vehicle PONTIAC (rust) (id=2E9EA7C71B4041E241DB7092A8AB8E95 pos=<8367.141602, 234.538742, 8618.855469>)
01:34:48.756 [VehicleLeave] Player Ragacious [uid=M-L4cErkePQ_fswl0bbOCcMnyNPSO1GQOQxakOK0cLo=] left vehicle PONTIAC (rust) (id=2E9EA7C71B4041E241DB7092A8AB8E95 pos=<6950.621094, 287.018219, 9306.639648>)
01:45:39.485 [VehicleEnter] Player Ragacious [uid=M-L4cErkePQ_fswl0bbOCcMnyNPSO1GQOQxakOK0cLo=] entered vehicle PONTIAC (rust) (id=2E9EA7C71B4041E241DB7092A8AB8E95 pos=<6950.621094, 287.018219, 9306.639648>) as driver
01:46:18.184 [VehicleEngine] Player Ragacious [uid=M-L4cErkePQ_fswl0bbOCcMnyNPSO1GQOQxakOK0cLo=] started vehicle PONTIAC (rust) (id=2E9EA7C71B4041E241DB7092A8AB8E95 pos=<6950.621094, 287.018219, 9306.639648>)
01:48:35.160 [VehicleEngine] Player Ragacious [uid=M-L4cErkePQ_fswl0bbOCcMnyNPSO1GQOQxakOK0cLo=] stopped vehicle PONTIAC (rust) (id=2E9EA7C71B4041E241DB7092A8AB8E95 pos=<7738.981934, 128.298096, 10054.918945>)
01:48:40.668 [VehicleLeave] Player Ragacious [uid=M-L4cErkePQ_fswl0bbOCcMnyNPSO1GQOQxakOK0cLo=] left vehicle PONTIAC (rust) (id=2E9EA7C71B4041E241DB7092A8AB8E95 pos=<7738.981934, 128.298096, 10054.918945>)
02:01:33.272 [VehicleEnter] Player Ragacious [uid=M-L4cErkePQ_fswl0bbOCcMnyNPSO1GQOQxakOK0cLo=] entered vehicle PONTIAC (rust) (id=2E9EA7C71B4041E241DB7092A8AB8E95 pos=<7738.976563, 128.294449, 10054.940430>) as driver
02:01:38.272 [VehicleEngine] Player Ragacious [uid=M-L4cErkePQ_fswl0bbOCcMnyNPSO1GQOQxakOK0cLo=] started vehicle PONTIAC (rust) (id=2E9EA7C71B4041E241DB7092A8AB8E95 pos=<7738.976563, 128.294449, 10054.940430>)
02:07:22.046 [VehicleLeave] Player Ragacious [uid=M-L4cErkePQ_fswl0bbOCcMnyNPSO1GQOQxakOK0cLo=] left vehicle PONTIAC (rust) (id=2E9EA7C71B4041E241DB7092A8AB8E95 pos=<7101.380371, 226.987457, 9651.213867>)
02:11:29.403 [VehicleEnter] Player Ragacious [uid=M-L4cErkePQ_fswl0bbOCcMnyNPSO1GQOQxakOK0cLo=] entered vehicle PONTIAC (rust) (id=2E9EA7C71B4041E241DB7092A8AB8E95 pos=<7101.380371, 226.987442, 9651.213867>) as driver
02:11:34.607 [VehicleEngine] Player Ragacious [uid=M-L4cErkePQ_fswl0bbOCcMnyNPSO1GQOQxakOK0cLo=] started vehicle PONTIAC (rust) (id=2E9EA7C71B4041E241DB7092A8AB8E95 pos=<7101.380371, 226.987442, 9651.213867>)
02:12:42.769 [VehicleEngine] Player Ragacious [uid=M-L4cErkePQ_fswl0bbOCcMnyNPSO1GQOQxakOK0cLo=] stopped vehicle PONTIAC (rust) (id=2E9EA7C71B4041E241DB7092A8AB8E95 pos=<7096.462402, 228.137466, 9645.905273>)
02:12:47.231 [VehicleLeave] Player Ragacious [uid=M-L4cErkePQ_fswl0bbOCcMnyNPSO1GQOQxakOK0cLo=] left vehicle PONTIAC (rust) (id=2E9EA7C71B4041E241DB7092A8AB8E95 pos=<7096.462891, 228.137466, 9645.905273>)
02:14:05.930 [VehicleEnter] Player Ragacious [uid=M-L4cErkePQ_fswl0bbOCcMnyNPSO1GQOQxakOK0cLo=] entered vehicle PONTIAC (rust) (id=2E9EA7C71B4041E241DB7092A8AB8E95 pos=<7096.599609, 228.112244, 9646.017578>) as driver
02:14:17.532 [VehicleEngine] Player Ragacious [uid=M-L4cErkePQ_fswl0bbOCcMnyNPSO1GQOQxakOK0cLo=] started vehicle PONTIAC (rust) (id=2E9EA7C71B4041E241DB7092A8AB8E95 pos=<7096.599609, 228.112244, 9646.017578>)
02:14:28.731 [VehicleLeave] Player Ragacious [uid=M-L4cErkePQ_fswl0bbOCcMnyNPSO1GQOQxakOK0cLo=] left vehicle PONTIAC (rust) (id=2E9EA7C71B4041E241DB7092A8AB8E95 pos=<7096.727051, 227.957260, 9646.815430>)
02:15:09.490 [VehicleEnter] Player Ragacious [uid=M-L4cErkePQ_fswl0bbOCcMnyNPSO1GQOQxakOK0cLo=] entered vehicle PONTIAC (rust) (id=2E9EA7C71B4041E241DB7092A8AB8E95 pos=<7096.727051, 227.957260, 9646.815430>) as driver
02:15:20.474 [VehicleEngine] Player Ragacious [uid=M-L4cErkePQ_fswl0bbOCcMnyNPSO1GQOQxakOK0cLo=] stopped vehicle PONTIAC (rust) (id=2E9EA7C71B4041E241DB7092A8AB8E95 pos=<7096.635742, 228.092361, 9646.116211>)
02:15:26.628 [VehicleLeave] Player Ragacious [uid=M-L4cErkePQ_fswl0bbOCcMnyNPSO1GQOQxakOK0cLo=] left vehicle PONTIAC (rust) (id=2E9EA7C71B4041E241DB7092A8AB8E95 pos=<7096.635742, 228.092346, 9646.116211>)
