14:37:37.871 [Expansion Quests] - InitQuestSystemClient - Loaded existing player quest data for player with UID: mBNlxASsPlOcry0dpDl8K-WgHNR5WMCMmoJ9NhpU4FY=
14:37:37.871 [Expansion Quests] - LoadGroupQuestData - Created new persistent group quest data for group with ID: -1
14:37:37.871 [Expansion Quests] - Create new quest instance for quest: 8 - Player UID: mBNlxASsPlOcry0dpDl8K-WgHNR5WMCMmoJ9NhpU4FY=
14:37:37.871 [Expansion Quests] - Create new quest instance for quest: 9 - Player UID: mBNlxASsPlOcry0dpDl8K-WgHNR5WMCMmoJ9NhpU4FY=
14:37:37.875 [Expansion Quests] - Create new quest instance for quest: 11 - Player UID: mBNlxASsPlOcry0dpDl8K-WgHNR5WMCMmoJ9NhpU4FY=
14:37:57.625 [VehicleDeleted] CivilianSedan (id=E98AA41694491178EC1D3094FADE37C5 pos=<15115.001953, 106.052376, 10060.034180>)
14:37:57.625 [VehicleDeleted] CivilianSedan_Black (id=07214A00274709834E7243B5D6747A58 pos=<14254.981445, 145.555939, 12159.979492>)
14:37:57.625 [VehicleDeleted] CivilianSedan_Black (id=36AB28816A4F3A705B5C8EA9B385CE99 pos=<13925.023438, 113.439125, 6884.992676>)
14:37:57.628 [VehicleDeleted] CivilianSedan (id=ABEADD607E4E40524733488E5968204B pos=<13565.038086, 178.047119, 12609.991211>)
14:37:57.628 [VehicleDeleted] CivilianSedan (id=331F68513A49CC5ACE8364A3C9C87997 pos=<19050.001953, 74.663269, 2574.990479>)
14:37:57.628 [VehicleDeleted] CivilianSedan_Wine (id=A800860F23484EA0702F52A8EE50A234 pos=<18920.025391, 144.534424, 1254.979248>)
14:37:57.628 [VehicleDeleted] Hatchback_02_Blue (id=7F6FB7D65A4C9FA46DB7558715C26F88 pos=<14900.007813, 130.805649, 10739.972656>)
14:37:57.628 [VehicleDeleted] Hatchback_02_Black (id=CE8488DA0D40AFDC1CF747AE654F6277 pos=<14089.983398, 163.986755, 10915.008789>)
14:37:57.628 [VehicleDeleted] Hatchback_02_BanditKitty (id=1D88B6E2AB4734EB70C332BCEC8559C4 pos=<14890.036133, 87.348976, 9739.984375>)
14:37:57.628 [VehicleDeleted] Hatchback_02_Blue (id=464252824C47797781DEED87EB3F9E15 pos=<14915.008789, 106.315468, 8340.010742>)
14:38:24.542 [VehicleDeleted] Sedan_02_Grey (id=42BA3C52EA48861C566D3586351FC0F3 pos=<13310.009766, 155.671402, 10125.014648>)
14:38:24.542 [VehicleDeleted] Sedan_02_Grey (id=EDC221133B4616FF9E5E2389380C0610 pos=<15955.012695, 88.093063, 8919.995117>)
14:38:24.542 [VehicleDeleted] Sedan_02_Red (id=21B63E818A47644E98AE32BE0F713667 pos=<15999.998047, 133.472488, 10184.997070>)
14:38:24.542 [VehicleDeleted] Sedan_02_Grey (id=1859ED9A104F2D9BBBB224B56943B278 pos=<19350.025391, 77.720436, 2460.001709>)
14:38:24.542 [VehicleDeleted] Sedan_02 (id=338FBDCADC480B308888359BAB890B9F pos=<13520.019531, 111.365967, 9304.991211>)
14:38:24.542 [VehicleDeleted] Sedan_02 (id=D57234FE4848F75E645E7491011B0934 pos=<17095.042969, 145.352921, 1850.001953>)
14:38:24.542 [VehicleDeleted] Sedan_02 (id=DF7427412E4D60C3CB509983B30B56E3 pos=<14740.024414, 143.439102, 10329.989258>)
14:39:18.343 [VehicleDeleted] CivilianSedan (id=6B1157868C44B7436AB45EB13577FF5F pos=<13565.041016, 178.030991, 12609.998047>)
14:39:18.343 [VehicleDeleted] CivilianSedan_Black (id=DCCD1B717442C6A615B5098124840C2B pos=<15114.997070, 106.067047, 10060.027344>)
14:39:18.343 [VehicleDeleted] CivilianSedan_Black (id=FFF5960C8148F2D9C309FE9C41FB9836 pos=<14260.000977, 101.040413, 4704.999023>)
14:39:18.343 [VehicleDeleted] CivilianSedan (id=E651DD97D94C29BA257ED7A1BB32E175 pos=<13200.005859, 82.887207, 4875.000000>)
14:39:18.343 [VehicleDeleted] CivilianSedan_Black (id=B8472D19254ABBE1BF811AA6E2603D29 pos=<14254.981445, 145.555939, 12159.979492>)
14:39:18.343 [VehicleDeleted] CivilianSedan_Black (id=982FA9EF2049CA71F8FD389493A9C2BE pos=<18920.023438, 144.575974, 1254.982666>)
14:39:45.242 [VehicleDeleted] Hatchback_02 (id=0D0FC3DDFF46ED5DCE23098C839D3D0A pos=<14900.017578, 130.819031, 10739.988281>)
14:39:45.242 [VehicleDeleted] Hatchback_02_Blue (id=2DADACB2514110D9B57E91B60CE4DC57 pos=<14089.992188, 163.930725, 10915.010742>)
14:39:45.242 [VehicleDeleted] Hatchback_02_Black (id=71C4F628C14F03CE1EF3029950541A12 pos=<14890.036133, 87.348976, 9739.984375>)
14:39:45.242 [VehicleDeleted] Hatchback_02_Black (id=93278A64DE448F78A407E6AAB40A9EF7 pos=<14915.000000, 106.299782, 8339.996094>)
14:39:45.242 [VehicleDeleted] Sedan_02 (id=F562ED77B94A3F0DE5FB6F98A15B4554 pos=<15955.012695, 88.093063, 8919.995117>)
14:39:45.242 [VehicleDeleted] Sedan_02 (id=D1C2308938487CEB6694DFA5B6FFA63E pos=<16000.026367, 133.556396, 10184.996094>)
14:39:45.242 [VehicleDeleted] Sedan_02_Red (id=C1E515F0384920CAA5F7418C75391B3F pos=<18645.000000, 143.597656, 1479.984619>)
14:39:45.242 [VehicleDeleted] Sedan_02_Grey (id=0C70DEBB1D43C29793662284A19F1C95 pos=<13520.000977, 111.280739, 9305.001953>)
14:39:45.246 [VehicleDeleted] Sedan_02 (id=097A01BAA4463CB0C17DC4BF43B404E2 pos=<17095.042969, 145.352921, 1850.001953>)
14:39:45.246 [VehicleDeleted] Sedan_02_Grey (id=0F62CB0E19475F5A06F1ED9743359218 pos=<14740.000977, 143.354599, 10329.996094>)
14:39:45.246 [VehicleDeleted] Sedan_02_Grey (id=85B2087E4745FB64C33446B996D10A5C pos=<13309.987305, 155.589661, 10125.014648>)
14:41:05.941 [VehicleDeleted] CivilianSedan (id=40A3F83B14448C7F8B65EA825F9D182E pos=<18920.025391, 144.534424, 1254.979248>)
14:41:05.941 [VehicleDeleted] CivilianSedan_Black (id=71B3F66D5045D815317C69987EE0FA1D pos=<14900.001953, 98.025940, 8210.004883>)
14:41:05.945 [VehicleDeleted] CivilianSedan (id=4A233A0A444D9B696318709AC8CB491B pos=<14260.000977, 101.061279, 4705.004883>)
14:41:05.945 [VehicleDeleted] CivilianSedan_Black (id=87D8AD436C4BDD69F435878E2D22803F pos=<15880.009766, 103.670097, 9700.012695>)
14:41:05.945 [VehicleDeleted] CivilianSedan_Wine (id=BEDFC3086A4109E96D510BA69DA074C5 pos=<13200.005859, 82.887207, 4875.000000>)
14:41:05.945 [VehicleDeleted] CivilianSedan (id=F0B8A8D03F4CCD2BCC46CC8CDF88E286 pos=<14254.993164, 145.560654, 12159.980469>)
14:41:05.945 [VehicleDeleted] Hatchback_02_Black (id=4D3BECC87A42F0F154442DA0F299DF65 pos=<14089.992188, 163.930725, 10915.010742>)
14:41:05.945 [VehicleDeleted] Hatchback_02_Blue (id=A3C259E30E42AC07A552CFA15481D3AA pos=<14900.007813, 130.805649, 10739.972656>)
14:41:05.945 [VehicleDeleted] Hatchback_02_Black (id=9F945849FF4C8E69A1C62A90C5CFA356 pos=<14890.025391, 87.334564, 9739.978516>)
14:41:05.945 [VehicleDeleted] Hatchback_02_Blue (id=85EA79ABCD4F50DB26F0218B013B2CDC pos=<14915.008789, 106.315468, 8340.010742>)
14:41:05.945 [VehicleDeleted] Sedan_02 (id=031AB7A95743137D441B5589D3F50FB3 pos=<13309.986328, 155.589783, 10125.014648>)
14:41:05.945 [VehicleDeleted] Sedan_02_Grey (id=5792B4452B4C1D0788598EB372934ECA pos=<15954.993164, 88.011574, 8920.001953>)
14:41:05.945 [VehicleDeleted] Sedan_02_Grey (id=AD72408872478ED6CAA0F6842AB00E62 pos=<19350.019531, 77.715889, 2459.993652>)
14:41:05.945 [VehicleDeleted] Sedan_02_Red (id=38E61AF7274594EC3495C0A1A169D63E pos=<17095.048828, 145.353561, 1849.995728>)
14:41:05.945 [VehicleDeleted] Sedan_02_Grey (id=24CECF9E39471AA61B540A9D156185CC pos=<18645.003906, 143.597961, 1479.985474>)
14:41:05.945 [VehicleDeleted] Sedan_02_Grey (id=E74613AA9B42A4CDECCA348D0612DCA3 pos=<13520.020508, 111.366005, 9304.993164>)
14:41:05.945 [VehicleDeleted] Sedan_02_Grey (id=89E3361163406B349709EC85392B1CCB pos=<15999.998047, 133.472031, 10184.997070>)
14:41:28.984 [AI Patrol] Spawning 3 Shamans bots at <9954.824219, 73.459999, 4768.929199>
14:41:59.789 [MissionAirdrop] An airdrop is heading towards "Gulash" (pos=<6331.370117, 0.000000, 6278.273438> type=Random_Gulash) with a ExpansionAirdropContainer_Military
14:42:26.640 [VehicleDeleted] CivilianSedan (id=A3802114174EAA69D2C6A6AE759D3EF3 pos=<13565.041016, 178.030991, 12609.998047>)
14:42:26.644 [VehicleDeleted] CivilianSedan (id=97E91853E446FB395C63A2BA49A42AC1 pos=<14119.942383, 136.812408, 9414.949219>)
14:42:26.644 [VehicleDeleted] CivilianSedan_Wine (id=05B7FD0C33413F453525F38EFA48CEE4 pos=<19165.005859, 127.750656, 1664.957031>)
14:42:26.644 [VehicleDeleted] CivilianSedan (id=0401AEB88B440F267E3181BC6B0ECFF3 pos=<15880.013672, 103.670967, 9700.014648>)
14:42:26.644 [VehicleDeleted] CivilianSedan (id=2B93ECFC314A8AE58E756E883D980E67 pos=<19050.001953, 74.663269, 2574.990479>)
14:42:26.644 [VehicleDeleted] CivilianSedan (id=F57074059A420CECDA51E0A0D1B723EF pos=<14900.006836, 132.846329, 10520.031250>)
14:42:26.644 [VehicleDeleted] Hatchback_02_BanditKitty (id=DCE32E281E472E48EB5CD9849EC1B3D9 pos=<14915.000000, 106.299782, 8339.996094>)
14:42:26.644 [VehicleDeleted] Hatchback_02_Black (id=B27D4E58414302B1334D47A20D979D30 pos=<14089.989258, 163.913864, 10914.998047>)
14:42:26.644 [VehicleDeleted] Hatchback_02_Blue (id=E8184C90BE4C34AF7EC97C94162D1629 pos=<14890.025391, 87.334564, 9739.978516>)
14:42:26.644 [VehicleDeleted] Hatchback_02_BanditKitty (id=47BE4760824EF4352B7899A462B89566 pos=<14900.017578, 130.819031, 10739.988281>)
14:42:26.644 [VehicleDeleted] Sedan_02 (id=78956FB52941B3EE592929A56C4809FE pos=<13309.987305, 155.589661, 10125.014648>)
14:42:26.644 [VehicleDeleted] Sedan_02_Red (id=69E1C580594E4BEAD4A857ADE04B0798 pos=<14740.000977, 143.354599, 10329.996094>)
14:42:26.648 [VehicleDeleted] Sedan_02_Red (id=F931E8B3154629480091DB9EF75860B3 pos=<15999.998047, 133.472488, 10184.997070>)
14:42:26.648 [VehicleDeleted] Sedan_02 (id=B9EF36CF6547E0249523DEA0E7249A2D pos=<19230.019531, 80.476112, 2214.993896>)
14:42:26.648 [VehicleDeleted] Sedan_02_Red (id=060B3A07E74CEECB8319D9A31A2A29F6 pos=<15954.992188, 88.011658, 8920.001953>)
14:42:26.648 [VehicleDeleted] Sedan_02 (id=E684FFBF9B4EB2BF5A0696A3BC3D0FF6 pos=<18644.978516, 143.517212, 1479.991821>)
14:42:26.648 [VehicleDeleted] Sedan_02_Grey (id=E068D2000E4D5BB9D25C17B251D55CDC pos=<13520.018555, 111.369926, 9305.000977>)
14:43:47.343 [VehicleDeleted] CivilianSedan (id=B007D8F7B34736FBC0393CA295B776E2 pos=<13565.041992, 178.052307, 12609.994141>)
14:43:47.343 [VehicleDeleted] CivilianSedan_Wine (id=65DC7720D646944533779DB7D6627070 pos=<14900.005859, 132.807175, 10520.032227>)
14:43:47.343 [VehicleDeleted] CivilianSedan_Wine (id=DA01720FEA44DD33F11068A80D7C8468 pos=<13294.988281, 124.031898, 9314.984375>)
14:43:47.343 [VehicleDeleted] CivilianSedan (id=3FF1963FA745551069CFCA81C1EC743C pos=<13200.005859, 82.887207, 4875.000000>)
14:43:47.343 [VehicleDeleted] CivilianSedan (id=81A39A7FF9413374525786A668AD0FDB pos=<14900.001953, 98.025940, 8210.004883>)
14:43:47.343 [VehicleDeleted] CivilianSedan_Wine (id=03870792014CBD74EF013B9B36D213E3 pos=<14260.000000, 101.021652, 4705.006348>)
14:43:47.343 [VehicleDeleted] Hatchback_02_BanditKitty (id=E58DC32DCD4D832366D655A9ADBA10E4 pos=<14890.027344, 87.407845, 9739.981445>)
14:43:47.343 [VehicleDeleted] Hatchback_02_Black (id=1EB5BEA9114E18DF7E4F5E87AD5AA0CB pos=<14914.990234, 106.370071, 8339.997070>)
14:43:47.347 [VehicleDeleted] Hatchback_02_BanditKitty (id=06E9741044410F6E88EEF48AE4890E36 pos=<14900.017578, 130.819031, 10739.988281>)
14:43:47.347 [VehicleDeleted] Sedan_02_Grey (id=B81604B16943E4E9FAF93081714B909E pos=<17095.005859, 145.254486, 1849.981323>)
14:43:47.347 [VehicleDeleted] Sedan_02 (id=0E8AE8A3D84AC695DDFCACB53F60F50D pos=<15999.998047, 133.472488, 10184.997070>)
14:43:47.347 [VehicleDeleted] Sedan_02_Grey (id=B550E2C6AD4ACC2DC3A2F794A0B71006 pos=<15955.012695, 88.093063, 8919.995117>)
14:43:47.347 [VehicleDeleted] Sedan_02 (id=6681951F5D4ABACF0F69F795FDD65953 pos=<13520.000977, 111.280739, 9305.001953>)
14:43:47.347 [VehicleDeleted] Sedan_02_Red (id=64F9507F2D47CFC88A0754A1A71D0B03 pos=<18645.000000, 143.597656, 1479.984619>)
14:43:47.347 [VehicleDeleted] Sedan_02_Red (id=5DCA5EDFD74601016F5AACA0BA418C51 pos=<19230.011719, 80.471298, 2214.990967>)
14:43:47.347 [VehicleDeleted] Sedan_02_Red (id=5FBE6163634124695E62DE88058143AF pos=<13310.009766, 155.671402, 10125.014648>)
14:44:14.953 [Expansion Quests] - InitQuestSystemClient - Loaded existing player quest data for player with UID: OAdpPkJP2Ps_W7h2ttR1bK23ekHCzrxw0mDT3zqLMdU=
14:44:14.953 [Expansion Quests] - LoadGroupQuestData - Got cached group quest data for group with ID: -1
14:44:14.953 [Expansion Quests] - Create new quest instance for quest: 8 - Player UID: OAdpPkJP2Ps_W7h2ttR1bK23ekHCzrxw0mDT3zqLMdU=
14:44:14.953 [Expansion Quests] - Create new quest instance for quest: 9 - Player UID: OAdpPkJP2Ps_W7h2ttR1bK23ekHCzrxw0mDT3zqLMdU=
14:44:14.953 [Expansion Quests] - Create new quest instance for quest: 11 - Player UID: OAdpPkJP2Ps_W7h2ttR1bK23ekHCzrxw0mDT3zqLMdU=
14:45:08.066 [VehicleDeleted] CivilianSedan_Black (id=1FBC10E4BD4A1FF2DC54C49A67B261C2 pos=<14900.001953, 98.025940, 8210.004883>)
14:45:08.066 [VehicleDeleted] CivilianSedan (id=6654A64CB946E508A37F0E9C0C2D0254 pos=<13565.038086, 178.047119, 12609.991211>)
14:45:08.066 [VehicleDeleted] CivilianSedan_Black (id=504BE1031748CF03E86E1681DBB65853 pos=<15880.013672, 103.670967, 9700.014648>)
14:45:08.066 [VehicleDeleted] CivilianSedan (id=4BEDC443BB4052E6C90E658DEB5E65A6 pos=<19165.003906, 127.769829, 1664.956177>)
14:45:08.066 [VehicleDeleted] CivilianSedan_Black (id=CCC3A556094E34FB6D577DAD65439DB4 pos=<13294.988281, 124.031898, 9314.984375>)
14:45:08.070 [VehicleDeleted] CivilianSedan (id=0B991195AF4DD578C611FBB16671956E pos=<13200.008789, 82.868645, 4875.003418>)
14:45:08.070 [VehicleDeleted] Hatchback_02_Blue (id=9636B406BD4A9EAA7089059934AA4DA6 pos=<14890.036133, 87.348976, 9739.984375>)
14:45:08.070 [VehicleDeleted] Hatchback_02_Blue (id=CF18A30CDC42997A725C718BC4A5EFAE pos=<14900.017578, 130.819031, 10739.988281>)
14:45:08.070 [VehicleDeleted] Hatchback_02 (id=07B59F5DC14B2518FB256D87368274A7 pos=<14915.008789, 106.315468, 8340.010742>)
14:45:08.070 [VehicleDeleted] Hatchback_02_BanditKitty (id=B71C8B296945E0F28ED217AFD7B31CD9 pos=<14089.993164, 163.930832, 10915.010742>)
14:45:34.968 [VehicleDeleted] Sedan_02 (id=241B6290634C292D4D1D0CB18732D4CD pos=<19350.015625, 77.714485, 2459.988525>)
14:45:34.968 [VehicleDeleted] Sedan_02_Red (id=2790230D71431DD70DDBAF85520F54B2 pos=<15954.993164, 88.166313, 8920.000000>)
14:45:34.968 [VehicleDeleted] Sedan_02_Red (id=73DB373EF1443C5F33EAC6AF6713324E pos=<18644.978516, 143.672424, 1480.000488>)
14:45:34.968 [VehicleDeleted] Sedan_02 (id=BFA8799F194CB0DD889B73A408BEF8D6 pos=<16000.021484, 133.551743, 10184.991211>)
14:45:34.968 [VehicleDeleted] Sedan_02_Grey (id=5ADCDEC961401A0F100D8BA9EFAAFBC6 pos=<13309.987305, 155.589661, 10125.014648>)
14:45:34.968 [VehicleDeleted] Sedan_02_Red (id=819461A7384EF2C14F1BCDADB55F7D43 pos=<13520.019531, 111.365967, 9304.991211>)
14:45:34.968 [VehicleDeleted] Sedan_02_Grey (id=A554F15B9E427D65BA3D3CA40DD9CE43 pos=<17095.005859, 145.254486, 1849.981323>)
14:46:19.699 [AI Patrol] Spawning 3 Shamans bots at <5189.620605, 247.102234, 9471.967773>
14:46:28.765 [VehicleDeleted] CivilianSedan_Wine (id=24373F247742DA053F2848A83A894D1D pos=<14900.001953, 98.025940, 8210.004883>)
14:46:28.765 [VehicleDeleted] CivilianSedan (id=600DCF7F184F3177671FD98A3B918287 pos=<14260.000977, 101.040413, 4704.999023>)
14:46:28.765 [VehicleDeleted] CivilianSedan (id=5559C34D144747889B436FB43AC53E25 pos=<13294.988281, 124.053642, 9314.995117>)
14:46:28.769 [VehicleDeleted] CivilianSedan (id=0E8D5255D2470E5A287DC8A38990EB1C pos=<14119.942383, 136.812408, 9414.949219>)
14:46:28.769 [VehicleDeleted] CivilianSedan_Wine (id=EC1A81CF7B431DB7E9568188587CB043 pos=<13200.008789, 82.868645, 4875.003418>)
14:46:28.769 [VehicleDeleted] CivilianSedan_Black (id=FCC67F4ADB4DEF1F7611C7A3456967C2 pos=<19165.005859, 127.750656, 1664.957031>)
14:46:55.667 [VehicleDeleted] Hatchback_02_Blue (id=DA09B6920341450A3B5B75A46A4D9D4E pos=<14915.000000, 106.299782, 8339.996094>)
14:46:55.667 [VehicleDeleted] Hatchback_02_Blue (id=B3DCB48C444DEA936F6530BCFA62EF28 pos=<14900.017578, 130.819031, 10739.988281>)
14:46:55.667 [VehicleDeleted] Hatchback_02 (id=679434ED42461A332D47E287E63F64F7 pos=<14890.027344, 87.407845, 9739.981445>)
14:46:55.667 [VehicleDeleted] Sedan_02 (id=2F0043B43341C3B97E39C3B96842772E pos=<14740.022461, 143.444229, 10329.990234>)
14:46:55.667 [VehicleDeleted] Sedan_02_Red (id=D4BACABA394DD4B0DC8D92AC590871B8 pos=<19229.994141, 80.387093, 2214.999756>)
14:46:55.667 [VehicleDeleted] Sedan_02 (id=54F6105C884AA4681DDE1A90298F1D15 pos=<13520.000000, 111.433601, 9305.000000>)
14:46:55.667 [VehicleDeleted] Sedan_02 (id=748B7D3C0F4AE558AA8B5195421BA106 pos=<17095.042969, 145.352921, 1850.001953>)
14:46:55.667 [VehicleDeleted] Sedan_02_Grey (id=9E8F364C9C40F0B663D5CCB244764C14 pos=<15954.992188, 88.011658, 8920.001953>)
14:46:55.671 [VehicleDeleted] Sedan_02_Red (id=A27695F4AD481FCB9AD2278B6C06FDB9 pos=<15999.998047, 133.472488, 10184.997070>)
14:46:55.671 [VehicleDeleted] Sedan_02_Grey (id=8531B4EA9E422F884D159887CFB996F6 pos=<13309.987305, 155.589661, 10125.015625>)
14:48:16.390 [VehicleDeleted] CivilianSedan (id=B7D498C7094A34CDBB7A21A8B7C3B930 pos=<14900.014648, 132.829880, 10520.035156>)
14:48:16.390 [VehicleDeleted] CivilianSedan_Wine (id=3763CD9BF944CE3DEE5A44BD72B4E6C2 pos=<15880.013672, 103.670967, 9700.014648>)
14:48:16.390 [VehicleDeleted] CivilianSedan (id=52BCA92A854CD9A608FC9D9F2B9BA3F3 pos=<14260.000977, 101.040413, 4704.999023>)
14:48:16.390 [VehicleDeleted] CivilianSedan_Black (id=374D2D60804C10DF4E745A879D257742 pos=<15114.997070, 106.067047, 10060.027344>)
14:48:16.390 [VehicleDeleted] CivilianSedan (id=CAE7FED06C4FF5E9DA1D07AD00680403 pos=<14119.940430, 136.793228, 9414.948242>)
14:48:16.390 [VehicleDeleted] CivilianSedan_Black (id=7CC61D69B64F770C97CB4F95ABD5A076 pos=<14254.981445, 145.555939, 12159.979492>)
14:48:16.390 [VehicleDeleted] Hatchback_02_BanditKitty (id=43C81C0FDF4BF9D3209D0D8C75C5AB1D pos=<14089.989258, 163.913864, 10914.998047>)
14:48:16.394 [VehicleDeleted] Hatchback_02_Black (id=80BA1172764C9CAF3DA4F091B3F8F26C pos=<14890.035156, 87.348778, 9739.985352>)
14:48:16.394 [VehicleDeleted] Hatchback_02_Blue (id=A2F1B133A540FAC6E5B4F5B03EDC5B8A pos=<14914.990234, 106.370071, 8339.997070>)
14:48:16.394 [VehicleDeleted] Hatchback_02 (id=5E622C4939425278ACABF0BDC0A5DA22 pos=<14900.017578, 130.819061, 10739.988281>)
14:48:16.394 [VehicleDeleted] Sedan_02_Red (id=B5A7AB9F9D411D01F69EBD9F0F874C5A pos=<17095.042969, 145.352921, 1850.001953>)
14:48:16.394 [VehicleDeleted] Sedan_02_Red (id=D294044F734F68147B6108BBA2951842 pos=<18644.998047, 143.603012, 1479.989014>)
14:48:16.394 [VehicleDeleted] Sedan_02_Red (id=80A53C40F342D668ABE7C1B3D27AE0A2 pos=<19230.011719, 80.471298, 2214.990967>)
14:48:16.394 [VehicleDeleted] Sedan_02_Grey (id=77F6D1CDD044B2AD28F12AB498B5FF03 pos=<14740.022461, 143.444229, 10329.990234>)
14:48:16.394 [VehicleDeleted] Sedan_02 (id=8DE44AB7F44B6368422051B759A61E46 pos=<16000.026367, 133.556396, 10184.996094>)
14:48:16.394 [VehicleDeleted] Sedan_02_Red (id=520B40A3E6435DF2CBD7FA9C37E652C4 pos=<15955.013672, 88.097832, 8919.997070>)
14:48:16.394 [VehicleDeleted] Sedan_02 (id=D3BC0E2B564B3B872EB8D7A179012280 pos=<13520.019531, 111.365746, 9304.990234>)
14:49:37.089 [VehicleDeleted] CivilianSedan_Wine (id=E56675B24A42D9E937B0A294A831E9CA pos=<19165.005859, 127.750656, 1664.957031>)
14:49:37.089 [VehicleDeleted] CivilianSedan_Wine (id=EA9CE54C6D4FFDA61B57CCA89DA3D386 pos=<13200.008789, 82.868645, 4875.003418>)
14:49:37.089 [VehicleDeleted] CivilianSedan_Wine (id=B122D5490F4D0358E7FC42870F04ACC6 pos=<14260.000977, 101.040413, 4704.999023>)
14:49:37.089 [VehicleDeleted] CivilianSedan (id=17489BB26B4E2368C5446BBE2F866B60 pos=<14900.014648, 132.829880, 10520.035156>)
14:49:37.089 [VehicleDeleted] CivilianSedan_Wine (id=82C918EBFD4C1FD6DC1425834FD79AB0 pos=<14900.001953, 98.025940, 8210.004883>)
14:49:37.089 [VehicleDeleted] CivilianSedan (id=A8CEF9A3264D49351E187AAEDF3CC88B pos=<15880.015625, 103.670891, 9700.023438>)
14:49:37.093 [VehicleDeleted] Hatchback_02 (id=8E14DC14E343088FC2E2FFBCC26BD3CF pos=<14890.036133, 87.348976, 9739.984375>)
14:49:37.093 [VehicleDeleted] Hatchback_02_Blue (id=4B3263680940E47634C7DA90CAB1A570 pos=<14914.990234, 106.370071, 8339.997070>)
14:49:37.093 [VehicleDeleted] Hatchback_02 (id=B157C81F79460D6518F8DE90201FB82A pos=<14089.983398, 163.986755, 10915.008789>)
14:49:37.093 [VehicleDeleted] Hatchback_02_Blue (id=88FD8436714F1A8446E3C48C4D2F1310 pos=<14900.007813, 130.805649, 10739.972656>)
14:49:37.093 [VehicleDeleted] Sedan_02_Red (id=D7F3D399C3463A5AB20964900313D6C9 pos=<18644.978516, 143.517212, 1479.991821>)
14:49:37.093 [VehicleDeleted] Sedan_02_Grey (id=E780938A2C4F4FE7E78F82AAAC8F4235 pos=<19229.994141, 80.387093, 2214.999756>)
14:49:37.093 [VehicleDeleted] Sedan_02_Red (id=14580D642A4A678925277FAE64CCB75B pos=<13310.009766, 155.671402, 10125.014648>)
14:49:37.093 [VehicleDeleted] Sedan_02 (id=48690094A04497416A6359BDC0624DA9 pos=<14740.000977, 143.354599, 10329.996094>)
14:49:37.097 [VehicleDeleted] Sedan_02_Red (id=5F8825AF7148D1308B8E299FEA75F18A pos=<13520.000977, 111.280739, 9305.001953>)
14:49:37.097 [VehicleDeleted] Sedan_02_Red (id=1D6AC0EEAC475A15A1908F84BF0C1FA3 pos=<16000.021484, 133.551743, 10184.991211>)
14:49:37.097 [VehicleDeleted] Sedan_02 (id=5EFD4BC0DD4A7BBC380CEFA6F61F08EC pos=<15955.012695, 88.093063, 8919.995117>)
14:50:57.789 [VehicleDeleted] CivilianSedan_Black (id=DBA9068FA749C6F6041EB19B46856998 pos=<13294.991211, 124.012733, 9314.993164>)
14:50:57.789 [VehicleDeleted] CivilianSedan_Wine (id=3E98FB0A994B57677672358E8BB1AA12 pos=<13200.018555, 82.893211, 4875.002930>)
14:50:57.789 [VehicleDeleted] CivilianSedan_Black (id=2C2923377A4DD7C1C4AD11884030406C pos=<13925.023438, 113.439125, 6884.992676>)
14:50:57.792 [VehicleDeleted] CivilianSedan_Wine (id=543ACC3F094FCE137322ABBA109F56E8 pos=<14900.015625, 132.829346, 10520.035156>)
14:50:57.792 [VehicleDeleted] CivilianSedan (id=D8404383FE470CDBE7BA448A007D9DC0 pos=<14119.942383, 136.812408, 9414.949219>)
14:50:57.792 [VehicleDeleted] CivilianSedan_Wine (id=AE94A495024317728C0255BF45107670 pos=<18920.025391, 144.534424, 1254.979248>)
14:50:57.792 [VehicleDeleted] Hatchback_02 (id=455D45CD0A486A104C3720B8900F34C2 pos=<14900.007813, 130.805649, 10739.972656>)
14:50:57.792 [VehicleDeleted] Hatchback_02 (id=37BFEFADCD42DA85B6E056BEF88CB295 pos=<14890.036133, 87.348976, 9739.984375>)
14:50:57.792 [VehicleDeleted] Hatchback_02_Black (id=01BDD24C0546F62CD35C9F9B811D97CF pos=<14089.992188, 163.930725, 10915.010742>)
14:50:57.792 [VehicleDeleted] Hatchback_02_Blue (id=C10E3E99CD413EB90D3033A25B1CEC98 pos=<14915.008789, 106.315468, 8340.010742>)
14:50:57.792 [VehicleDeleted] Sedan_02_Grey (id=EFCB777F3C49BA40D26DA2A0467E6E38 pos=<19350.015625, 77.714485, 2459.988525>)
14:50:57.792 [VehicleDeleted] Sedan_02 (id=EC290EF41646036B4F41A19B2E3B26A2 pos=<17095.042969, 145.352921, 1850.001953>)
14:50:57.796 [VehicleDeleted] Sedan_02_Grey (id=71F19C81334DFBDD4743E8A9112698C6 pos=<15955.012695, 88.093063, 8919.995117>)
14:50:57.796 [VehicleDeleted] Sedan_02_Grey (id=7F6E0857444A5F3EAFD30F9D646214FB pos=<16000.026367, 133.556396, 10184.996094>)
14:50:57.796 [VehicleDeleted] Sedan_02_Grey (id=016D132616495BDEAD59D3A3A7F56358 pos=<13520.000977, 111.280739, 9305.001953>)
14:50:57.796 [VehicleDeleted] Sedan_02_Grey (id=54E34A2A504EF8A49118DF82BC7458DE pos=<14740.024414, 143.439102, 10329.989258>)
14:50:57.796 [VehicleDeleted] Sedan_02 (id=4C5A1F662042A382C62C20AEE16FE793 pos=<18645.000000, 143.597656, 1479.984619>)
14:52:18.488 [VehicleDeleted] CivilianSedan_Black (id=F8D15C293D4944529DB26785419ED7A8 pos=<14900.003906, 98.041351, 8210.000977>)
14:52:18.488 [VehicleDeleted] CivilianSedan (id=88C1F6B9464A9DEAD8838A865D59FC6D pos=<15880.015625, 103.670891, 9700.023438>)
14:52:18.488 [VehicleDeleted] CivilianSedan (id=0F36728A5446B771FFC7F68BDA2CA8BD pos=<14254.985352, 145.536148, 12159.983398>)
14:52:18.488 [VehicleDeleted] CivilianSedan (id=2935B6ED4F45C090972B8EB7C8DA7582 pos=<19050.001953, 74.663269, 2574.990479>)
14:52:18.488 [VehicleDeleted] CivilianSedan (id=8C9BA4ED404AE9BA25BD4FA31B413F65 pos=<18920.023438, 144.551773, 1254.975830>)
14:52:18.492 [VehicleDeleted] CivilianSedan (id=4C14AF0BF24A5858712249BDB9351D06 pos=<13200.018555, 82.893211, 4875.002930>)
14:52:18.492 [VehicleDeleted] Hatchback_02_Black (id=31290AA631452FBA50D9E1840ED5B765 pos=<14915.000000, 106.299782, 8339.996094>)
14:52:18.492 [VehicleDeleted] Hatchback_02_Black (id=7BD14B2C6449E742300975A8AD388204 pos=<14089.983398, 163.986755, 10915.008789>)
14:52:18.492 [VehicleDeleted] Hatchback_02_BanditKitty (id=576824A5754835119879A3BBA43B8C29 pos=<14900.017578, 130.819031, 10739.988281>)
14:52:18.492 [VehicleDeleted] Hatchback_02_Blue (id=CA58FE52354823891ACAB1B084F03578 pos=<14890.036133, 87.348976, 9739.984375>)
14:52:45.390 [VehicleDeleted] Sedan_02_Red (id=19BCE45C374CFB82C3E47FA7DDAF9D45 pos=<13310.009766, 155.671402, 10125.014648>)
14:52:45.390 [VehicleDeleted] Sedan_02_Red (id=0FA48101144BEB64DC5AD5A3B7F40128 pos=<15955.013672, 88.097832, 8919.997070>)
14:52:45.390 [VehicleDeleted] Sedan_02 (id=1F2C18B7894DAFA3FEEFB0B1BA9D9946 pos=<13520.000977, 111.280739, 9305.001953>)
14:52:45.390 [VehicleDeleted] Sedan_02_Grey (id=7EED197435413902CE12259404D4B818 pos=<16000.021484, 133.551743, 10184.991211>)
14:52:45.390 [VehicleDeleted] Sedan_02_Grey (id=BAAE8FFCDD4B26C1A6D1078ED78035D1 pos=<19350.000000, 77.631165, 2459.998291>)
14:52:45.390 [VehicleDeleted] Sedan_02_Grey (id=4951D547804ACC3C3790B3BC2EB8749B pos=<18645.000000, 143.597656, 1479.984619>)
14:52:45.390 [VehicleDeleted] Sedan_02_Red (id=76165936E048DA14BB46ABACA1DE93AC pos=<14740.024414, 143.439102, 10329.989258>)
14:53:39.191 [VehicleDeleted] CivilianSedan_Wine (id=DB497ACADF44F3C250735BA5D8D1B536 pos=<15115.001953, 106.052376, 10060.034180>)
14:53:39.191 [VehicleDeleted] CivilianSedan (id=962D8DFEE94650B115BCA9A159FF1194 pos=<14900.015625, 132.829346, 10520.035156>)
14:53:39.191 [VehicleDeleted] CivilianSedan (id=4457EA5B244AC8FD386243B7E142BB34 pos=<14260.000000, 101.021652, 4705.006348>)
14:53:39.191 [VehicleDeleted] CivilianSedan_Black (id=C25AE183264A8A089B9769A2C936FBE9 pos=<14119.951172, 136.815933, 9414.952148>)
14:53:39.191 [VehicleDeleted] CivilianSedan_Wine (id=956A857C54461E1BAC65C982A6912280 pos=<14900.004883, 98.062996, 8210.005859>)
14:53:39.191 [VehicleDeleted] CivilianSedan_Black (id=6283C973214D41A1A1034EA6757B3053 pos=<19050.001953, 74.663269, 2574.990479>)
14:54:06.089 [VehicleDeleted] Hatchback_02_Black (id=40603771ED48B498B01E7E89A9E18F66 pos=<14915.008789, 106.315590, 8340.010742>)
14:54:06.089 [VehicleDeleted] Hatchback_02_Black (id=8E41D570154D0D9D99A741906B6828D4 pos=<14089.989258, 163.913879, 10914.998047>)
14:54:06.089 [VehicleDeleted] Hatchback_02_Black (id=E2FF4778914C51B70BD43DB8996E7CBA pos=<14890.025391, 87.334564, 9739.978516>)
14:54:06.089 [VehicleDeleted] Hatchback_02 (id=06D85FA82C440E222FFEA29DAFCD5102 pos=<14900.017578, 130.819031, 10739.988281>)
14:54:06.093 [VehicleDeleted] Sedan_02_Grey (id=C669FA3E2C4EB04CFEB7B9B059C04EB0 pos=<15954.992188, 88.011658, 8920.001953>)
14:54:06.093 [VehicleDeleted] Sedan_02_Red (id=F845C56B4F472D48E77AF990C4DB0338 pos=<19350.021484, 77.715416, 2459.989746>)
14:54:06.093 [VehicleDeleted] Sedan_02_Grey (id=E6115A70B64EDA32E73BEBBC3DC1CB63 pos=<13520.019531, 111.365967, 9304.991211>)
14:54:06.093 [VehicleDeleted] Sedan_02_Red (id=A2E7303E754032CDC9C672AAB981A538 pos=<18644.978516, 143.672363, 1480.000610>)
14:54:06.093 [VehicleDeleted] Sedan_02_Red (id=8875F85D504D5892F89AA794371A7170 pos=<14740.000977, 143.354660, 10329.996094>)
14:54:06.093 [VehicleDeleted] Sedan_02 (id=1999C1B0AC464ADB97FAC8A1BEBA96BD pos=<17095.005859, 145.254486, 1849.981323>)
14:54:06.093 [VehicleDeleted] Sedan_02_Grey (id=E46F2F04EB43AFDA3E5148AABC9241AE pos=<15999.998047, 133.472275, 10184.997070>)
14:55:26.789 [VehicleDeleted] CivilianSedan_Wine (id=070A95E9D4442A68F0F825B12933ADE8 pos=<19050.001953, 74.663269, 2574.990479>)
14:55:26.789 [VehicleDeleted] CivilianSedan_Black (id=86160B9FD44D84A4A0E4B1A3EBD8240E pos=<14260.006836, 101.046127, 4705.002930>)
14:55:26.789 [VehicleDeleted] CivilianSedan_Black (id=AB52C565FF4B8707C43B1887D2A36159 pos=<19165.003906, 127.769829, 1664.956177>)
14:55:26.789 [VehicleDeleted] CivilianSedan (id=7B368A9BD94D2B4297159899876E26CC pos=<13925.015625, 113.457352, 6884.992676>)
14:55:26.792 [VehicleDeleted] CivilianSedan (id=33FD8EB76C4FF2B084308790FFAA72C2 pos=<14900.005859, 132.807175, 10520.032227>)
14:55:26.792 [VehicleDeleted] CivilianSedan_Wine (id=699EED4A894C51A06B729EB8B68611A1 pos=<14254.993164, 145.560654, 12159.980469>)
14:55:26.792 [VehicleDeleted] Hatchback_02_Black (id=FB7715A4AC4EB1B490AC7DAF67DECDB0 pos=<14890.025391, 87.334564, 9739.978516>)
14:55:26.792 [VehicleDeleted] Hatchback_02_Blue (id=6B4890371C440909FB2E7A9272BAB0E1 pos=<14915.008789, 106.315468, 8340.010742>)
14:55:26.792 [VehicleDeleted] Hatchback_02_Blue (id=62F918683A44E778380FE8AFEFC283F7 pos=<14089.989258, 163.913864, 10914.998047>)
14:55:26.792 [VehicleDeleted] Hatchback_02 (id=AC3F5B9B1246419DF778F5852AD34715 pos=<14900.017578, 130.819031, 10739.988281>)
14:55:26.792 [VehicleDeleted] Sedan_02_Red (id=CC057DC15A442352364149A02ABBA1E1 pos=<19230.019531, 80.476112, 2214.993896>)
14:55:26.792 [VehicleDeleted] Sedan_02 (id=A0794780EA4C19F311B754BC27ACBB39 pos=<14740.000977, 143.354599, 10329.996094>)
14:55:26.796 [VehicleDeleted] Sedan_02_Grey (id=157260C0A64740A93E293FA9EB22A151 pos=<13520.019531, 111.365967, 9304.991211>)
14:55:26.796 [VehicleDeleted] Sedan_02_Grey (id=3855A64BB5431B89B289E2ABC8944A2B pos=<13310.001953, 155.664413, 10125.007813>)
14:55:26.796 [VehicleDeleted] Sedan_02 (id=923E3B81E7425F5CF7881DBC93C86788 pos=<18645.000000, 143.597656, 1479.984619>)
14:55:26.796 [VehicleDeleted] Sedan_02 (id=9B14BB485148744519DF27972CBDD3CF pos=<15999.998047, 133.472488, 10184.997070>)
14:55:26.796 [VehicleDeleted] Sedan_02_Grey (id=DB68E8A76847F29BD8FD6FAD03378978 pos=<15955.013672, 88.097832, 8919.997070>)
14:56:05.195 [AI Patrol] Spawning 3 Shamans bots at <6203.313477, 263.500031, 9733.998047>
14:56:47.488 [VehicleDeleted] CivilianSedan_Black (id=5C8D2C3A0A46705561EB0EAE7A9F8F1C pos=<19165.003906, 127.769829, 1664.956177>)
14:56:47.488 [VehicleDeleted] CivilianSedan_Black (id=3789BA03F04FBA500DC466B3E30BBCEF pos=<14900.014648, 132.829880, 10520.035156>)
14:56:47.488 [VehicleDeleted] CivilianSedan_Black (id=66FE14919B470FD989CA64AF59FDA572 pos=<13925.015625, 113.457352, 6884.992676>)
14:56:47.488 [VehicleDeleted] CivilianSedan (id=FB21586CCE44686F5D125B9E3E381EFD pos=<14260.006836, 101.046127, 4705.002930>)
14:56:47.492 [VehicleDeleted] CivilianSedan_Wine (id=C73A3B116347E9863C77608D868B28C4 pos=<14254.993164, 145.560654, 12159.980469>)
14:56:47.492 [VehicleDeleted] CivilianSedan_Wine (id=B1F9E803F840A589E1D1618F78833486 pos=<13294.988281, 124.031898, 9314.984375>)
14:56:47.492 [VehicleDeleted] Hatchback_02 (id=676BB658624E905FAF6A27B13BF3AD89 pos=<14089.993164, 163.930832, 10915.010742>)
14:56:47.492 [VehicleDeleted] Hatchback_02_Blue (id=756756D4074C444F6F1031B805CA21C9 pos=<14914.990234, 106.370087, 8339.997070>)
14:56:47.492 [VehicleDeleted] Hatchback_02_BanditKitty (id=F13878538C4457773876BBB47180FD7F pos=<14890.025391, 87.334610, 9739.977539>)
14:56:47.492 [VehicleDeleted] Hatchback_02 (id=D94AB8FD8A4B4E6910FFFE8A961B8DF0 pos=<14900.017578, 130.819061, 10739.988281>)
14:56:47.492 [VehicleDeleted] Sedan_02 (id=0D52839F464077C2FA907B9F62E3EB2A pos=<16000.021484, 133.551575, 10184.996094>)
14:56:47.492 [VehicleDeleted] Sedan_02_Grey (id=B5133D3F944CD2C0C63E7594DBB1C5C3 pos=<18644.998047, 143.603027, 1479.988892>)
14:56:47.496 [VehicleDeleted] Sedan_02_Grey (id=09E67A870D4B5D70F7EB2B9468403C5D pos=<15954.992188, 88.011658, 8920.001953>)
14:56:47.496 [VehicleDeleted] Sedan_02_Red (id=40946E16884687A81C1ED188F8C1171E pos=<19229.994141, 80.387093, 2214.999756>)
14:56:47.496 [VehicleDeleted] Sedan_02 (id=889B2F00D44CDE12D86367BC0B97165D pos=<17095.046875, 145.353622, 1849.995728>)
14:56:47.496 [VehicleDeleted] Sedan_02 (id=233108B27942A760E4BD439FC7D209F7 pos=<14740.001953, 143.507309, 10329.994141>)
14:56:47.496 [VehicleDeleted] Sedan_02_Red (id=6B53FFEFE045A86915215DAD3F4068D5 pos=<13520.018555, 111.366066, 9304.997070>)
14:58:08.187 [VehicleDeleted] CivilianSedan (id=B8FF9024BD475C87F958709A73B83732 pos=<18920.025391, 144.534424, 1254.979248>)
14:58:08.187 [VehicleDeleted] CivilianSedan_Wine (id=F18FDC868B47C69A52A9BA9A22CC433B pos=<13200.005859, 82.887207, 4875.000000>)
14:58:08.191 [VehicleDeleted] CivilianSedan (id=CCA210368349D2A48290EAA699677C5B pos=<14900.001953, 98.025940, 8210.004883>)
14:58:08.191 [VehicleDeleted] CivilianSedan (id=40E0A25F4948911048CB11890F57F8E0 pos=<14119.942383, 136.812408, 9414.949219>)
14:58:08.191 [VehicleDeleted] CivilianSedan_Wine (id=D24AD55F07434A726CA0F987393D4725 pos=<13294.998047, 124.037140, 9314.993164>)
14:58:08.191 [VehicleDeleted] CivilianSedan (id=57B459735F4A5584B3FDD1AC12DFE010 pos=<15115.001953, 106.052376, 10060.034180>)
14:58:08.191 [VehicleDeleted] Hatchback_02_Black (id=3F2CBA394546A9917C0DC3A6288BC0E3 pos=<14890.027344, 87.407845, 9739.981445>)
14:58:08.191 [VehicleDeleted] Hatchback_02_Blue (id=64637D9DBB4469E614B872B5ABD4090E pos=<14915.008789, 106.315468, 8340.010742>)
14:58:08.195 [VehicleDeleted] Hatchback_02_Black (id=403C85F84C4A63E1AB1B0EA9B19FBDE3 pos=<14900.007813, 130.805649, 10739.972656>)
14:58:08.195 [VehicleDeleted] Hatchback_02_BanditKitty (id=7E3BCBA4F14EE5B7C1C2C7A7E64B3F93 pos=<14089.989258, 163.913864, 10914.998047>)
14:58:08.195 [VehicleDeleted] Sedan_02_Grey (id=9CF6D95DD34812C6F7B29AB5E9392441 pos=<15955.015625, 88.092918, 8919.992188>)
14:58:08.195 [VehicleDeleted] Sedan_02_Red (id=41D12E3D2547AB2E2192E69A62FD3D62 pos=<16000.021484, 133.551666, 10184.991211>)
14:58:08.195 [VehicleDeleted] Sedan_02 (id=8C8F33DFDF472986447573AB635CA9CB pos=<18645.005859, 143.601807, 1479.988525>)
14:58:08.195 [VehicleDeleted] Sedan_02 (id=68E8CD3EFD4002F28A6F9DA0FB81CA13 pos=<14740.026367, 143.439499, 10329.990234>)
14:58:08.195 [VehicleDeleted] Sedan_02_Grey (id=3744E610DD49B4D2334CE3BD0A7964E1 pos=<19350.000000, 77.631325, 2459.998535>)
14:58:08.195 [VehicleDeleted] Sedan_02_Grey (id=E7A20C95424E09FD66EDD5AE2E794ACB pos=<17095.005859, 145.254456, 1849.981201>)
14:58:08.195 [VehicleDeleted] Sedan_02_Red (id=0E4023F589477D78E446EBB67457CCD4 pos=<13310.000000, 155.664459, 10125.005859>)
14:59:28.890 [VehicleDeleted] CivilianSedan (id=604A032C0049C5BC5D8CFE8C1D508AE8 pos=<13565.038086, 178.047119, 12609.991211>)
14:59:28.890 [VehicleDeleted] CivilianSedan (id=56D0C30CA6450610404B93944D562B49 pos=<18920.025391, 144.534424, 1254.979248>)
14:59:28.890 [VehicleDeleted] CivilianSedan_Black (id=1039AF2F5041AC574D6D7A93F0734F17 pos=<14900.005859, 132.807175, 10520.032227>)
14:59:28.890 [VehicleDeleted] CivilianSedan_Wine (id=5DFB0C93E349F58BDDD7C8B924ADD786 pos=<13294.988281, 124.031898, 9314.984375>)
14:59:28.890 [VehicleDeleted] CivilianSedan_Wine (id=108B0BC8D74300010E3CCCAC7BA9D41A pos=<15115.001953, 106.052376, 10060.034180>)
14:59:28.890 [VehicleDeleted] CivilianSedan (id=8DFA198E764378368BD67A92A5F40679 pos=<14900.003906, 98.041351, 8210.000977>)
14:59:28.890 [VehicleDeleted] Hatchback_02_BanditKitty (id=026633D77448CD4FC37EBFA57C0F2E34 pos=<14915.008789, 106.315468, 8340.010742>)
14:59:28.894 [VehicleDeleted] Hatchback_02_Black (id=1875347053422A64E9E9DB84924B774D pos=<14890.036133, 87.348976, 9739.984375>)
14:59:28.894 [VehicleDeleted] Hatchback_02_BanditKitty (id=81163A05F747AD5558ABB49E9B367540 pos=<14089.992188, 163.930725, 10915.010742>)
14:59:28.894 [VehicleDeleted] Hatchback_02_Blue (id=2D6ABCBA78493A5A4D63199D647F7348 pos=<14900.017578, 130.819031, 10739.988281>)
14:59:55.789 [VehicleDeleted] Sedan_02_Grey (id=135FE77472451D9E4ECB2B9E7A922C6B pos=<19350.000000, 77.631165, 2459.998291>)
14:59:55.789 [VehicleDeleted] Sedan_02_Grey (id=DB946EA578453B240025DAAAB91A6D65 pos=<13520.019531, 111.365967, 9304.991211>)
14:59:55.789 [VehicleDeleted] Sedan_02_Red (id=8E6D211F99427E1D151B58A46800D2AA pos=<14740.022461, 143.444229, 10329.990234>)
14:59:55.789 [VehicleDeleted] Sedan_02_Grey (id=6C05D0B64641B2EDDC7D2D986B8C0B82 pos=<17095.042969, 145.352921, 1850.001953>)
14:59:55.789 [VehicleDeleted] Sedan_02 (id=AC2A46396242D74A49FDB6A8243775B2 pos=<15955.013672, 88.097832, 8919.997070>)
14:59:55.792 [VehicleDeleted] Sedan_02_Grey (id=F18610ACF04E589F28F7E79BB6D2416B pos=<16000.026367, 133.556396, 10184.996094>)
14:59:55.792 [VehicleDeleted] Sedan_02_Grey (id=81C54109FD476F2100D30F86E478FA65 pos=<13309.987305, 155.589661, 10125.014648>)
15:00:49.589 [VehicleDeleted] CivilianSedan_Wine (id=7F85FBD2834AEDA2950EF6BE63316721 pos=<18920.023438, 144.551773, 1254.975830>)
15:00:49.589 [VehicleDeleted] CivilianSedan_Wine (id=239F7883FD4BF4AE237B1989D64CBB17 pos=<13925.023438, 113.439125, 6884.992676>)
15:00:49.589 [VehicleDeleted] CivilianSedan_Black (id=AD6CED890A45C85711F0AFB4A5C733DF pos=<19050.001953, 74.663269, 2574.990479>)
15:00:49.589 [VehicleDeleted] CivilianSedan_Black (id=5BD0077C0F45AC273E94B7983F100F36 pos=<14254.985352, 145.536148, 12159.983398>)
15:00:49.593 [VehicleDeleted] CivilianSedan_Black (id=B4115E8264440E2C202FD9A3078128D5 pos=<14900.012695, 98.046089, 8210.005859>)
15:00:49.593 [VehicleDeleted] CivilianSedan_Wine (id=E96D478F9E456F7DCDEE18B70C6C5FA4 pos=<13565.038086, 178.047119, 12609.991211>)
15:01:16.488 [VehicleDeleted] Hatchback_02 (id=302DD78E5D47988AA01E919E8E5DB3F0 pos=<14089.989258, 163.913864, 10914.998047>)
15:01:16.488 [VehicleDeleted] Hatchback_02_Blue (id=933995B3524EF8995F663BADC306EC04 pos=<14890.036133, 87.348969, 9739.984375>)
15:01:16.488 [VehicleDeleted] Hatchback_02_Black (id=B715550DF54EC1FD269AEE948FC9A13E pos=<14915.008789, 106.315598, 8340.010742>)
15:01:16.492 [VehicleDeleted] Hatchback_02_Blue (id=B16DA364BD482774AC6F3BAD8171A2B2 pos=<14900.017578, 130.819046, 10739.988281>)
15:01:16.492 [VehicleDeleted] Sedan_02_Grey (id=1CAA02C58D42A4EA5DC965945A6C50E6 pos=<19230.017578, 80.471283, 2214.991699>)
15:01:16.492 [VehicleDeleted] Sedan_02_Grey (id=6FA0AE5CB7434344C7BB48BABA7B2F2A pos=<15955.012695, 88.093010, 8919.995117>)
15:01:16.492 [VehicleDeleted] Sedan_02_Red (id=4F8975E7694F344D2D9BBCAD899D06DE pos=<17095.005859, 145.254486, 1849.981323>)
15:01:16.492 [VehicleDeleted] Sedan_02 (id=1B6CC2EA6B4172BC009EE0B0C51BAF94 pos=<13309.986328, 155.589539, 10125.014648>)
15:01:16.492 [VehicleDeleted] Sedan_02 (id=06488D892243BED52F05B78A3751C491 pos=<13520.018555, 111.369919, 9305.000977>)
15:01:16.496 [VehicleDeleted] Sedan_02 (id=FEAA3D616941B736EE1BC88C234D4E20 pos=<18644.978516, 143.517288, 1479.991821>)
15:01:16.496 [VehicleDeleted] Sedan_02 (id=796AFD83614850E893B2A28A6FCDF3C6 pos=<14740.000977, 143.354706, 10329.996094>)
15:02:37.187 [VehicleDeleted] CivilianSedan_Wine (id=914B48649A4B0C61EBE4C3972A2ED158 pos=<13294.988281, 124.031898, 9314.984375>)
15:02:37.191 [VehicleDeleted] CivilianSedan_Wine (id=021B65025E4C371766727B8602B36A88 pos=<14260.000977, 101.040413, 4704.999023>)
15:02:37.191 [VehicleDeleted] CivilianSedan (id=D10365ACB24A774D1963DDB626448F05 pos=<18920.023438, 144.551773, 1254.975830>)
15:02:37.191 [VehicleDeleted] CivilianSedan (id=A59D29E7AD419E64E5CC72922C154DF1 pos=<19050.001953, 74.663269, 2574.990479>)
15:02:37.191 [VehicleDeleted] CivilianSedan_Wine (id=52C18B849A441ED1441432A5D44AF72D pos=<15880.015625, 103.670891, 9700.023438>)
15:02:37.191 [VehicleDeleted] CivilianSedan_Black (id=A47D8386BD4066F6899761BA72A096A8 pos=<13925.015625, 113.457352, 6884.992676>)
15:02:37.191 [VehicleDeleted] Hatchback_02_Blue (id=435445305A42BD76CEE998ACB97C7BE9 pos=<14915.008789, 106.315468, 8340.010742>)
15:02:37.195 [VehicleDeleted] Hatchback_02_BanditKitty (id=0BC050D4564F0B463A3570A6F697DC4F pos=<14900.014648, 130.882492, 10739.978516>)
15:02:37.195 [VehicleDeleted] Hatchback_02_Blue (id=6D5A90855B4DB4B701DA07BEAE356CBC pos=<14890.027344, 87.407845, 9739.981445>)
15:02:37.195 [VehicleDeleted] Hatchback_02_Blue (id=568F6EF9D74D5338E5098D88611E1B26 pos=<14089.989258, 163.913864, 10914.998047>)
15:02:37.195 [VehicleDeleted] Sedan_02 (id=C301D8CA014324972BCE45B518C27357 pos=<17095.042969, 145.352921, 1850.001953>)
15:02:37.195 [VehicleDeleted] Sedan_02_Red (id=8EC7FE40CD49202BB4584793DD4DEC83 pos=<15999.998047, 133.472488, 10184.997070>)
15:02:37.195 [VehicleDeleted] Sedan_02_Grey (id=D39542EF2C4F6FCAB6D03786C4634E91 pos=<19230.011719, 80.471298, 2214.990967>)
15:02:37.195 [VehicleDeleted] Sedan_02_Grey (id=508E9B4C3746426F6295E8B7712EB613 pos=<18645.000000, 143.597656, 1479.984619>)
15:02:37.195 [VehicleDeleted] Sedan_02 (id=21809E30474B19110909BC98D525F87E pos=<13310.001953, 155.664413, 10125.007813>)
15:02:37.199 [VehicleDeleted] Sedan_02_Grey (id=B726813D2243CFABBA127094235B3A5A pos=<15954.992188, 88.011658, 8920.001953>)
15:03:57.890 [VehicleDeleted] CivilianSedan (id=C249ED61474BCC3ECCD5109AF05901D2 pos=<14260.000000, 101.021652, 4705.006348>)
15:03:57.890 [VehicleDeleted] CivilianSedan (id=8151DE58F846907C6E3FC89468E18B0B pos=<14254.985352, 145.536148, 12159.983398>)
15:03:57.894 [VehicleDeleted] CivilianSedan_Black (id=C08618EE304F2F3B6AA67994D6C8EB4C pos=<14900.003906, 98.041351, 8210.000977>)
15:03:57.894 [VehicleDeleted] CivilianSedan (id=385B84073C409D6C812E58A159BECF4D pos=<13925.015625, 113.457352, 6884.992676>)
15:03:57.894 [VehicleDeleted] CivilianSedan_Wine (id=A7D5BF61C54633659B9324ABD6051BD3 pos=<19165.005859, 127.750656, 1664.957031>)
15:03:57.894 [VehicleDeleted] CivilianSedan_Wine (id=E89B6CEF9D439F47848D8686D0B04213 pos=<14119.940430, 136.793228, 9414.948242>)
15:03:57.894 [VehicleDeleted] Hatchback_02_BanditKitty (id=D826BF2EEF4A68CC77DC8492D308526A pos=<14915.008789, 106.315468, 8340.010742>)
15:03:57.894 [VehicleDeleted] Hatchback_02 (id=B9425D56444E63F7C25876BAB1156852 pos=<14890.036133, 87.348976, 9739.984375>)
15:03:57.894 [VehicleDeleted] Hatchback_02_BanditKitty (id=467B2D21D84C366829EDBEAE656F3EC0 pos=<14089.989258, 163.913864, 10914.998047>)
15:03:57.898 [VehicleDeleted] Hatchback_02_Blue (id=DF63A5C70C4EB14F6098B2865BB2618E pos=<14900.017578, 130.819077, 10739.988281>)
15:03:57.898 [VehicleDeleted] Sedan_02_Red (id=46300F415E42F773F916B29E60F67665 pos=<13520.019531, 111.365967, 9304.991211>)
15:03:57.898 [VehicleDeleted] Sedan_02 (id=3ED65816B24E108FF8C8F9BA448C5436 pos=<15999.998047, 133.472488, 10184.997070>)
15:03:57.898 [VehicleDeleted] Sedan_02_Red (id=D5D330F5384BD7BA997C3EACBA863CDE pos=<19350.015625, 77.714485, 2459.988525>)
15:03:57.898 [VehicleDeleted] Sedan_02 (id=B3EFFB1BA944A6A31CDE8F9F8B5D80A3 pos=<17095.003906, 145.415848, 1849.991821>)
15:03:57.898 [VehicleDeleted] Sedan_02 (id=C4935DB28448915E9A4393811D764748 pos=<15954.992188, 88.011658, 8920.001953>)
15:03:57.898 [VehicleDeleted] Sedan_02_Red (id=39944F6DA84DC46A49DAC4B66EF2EA89 pos=<13309.987305, 155.589661, 10125.014648>)
15:03:57.898 [VehicleDeleted] Sedan_02_Red (id=1D100392534C3132C11A64996A2C9507 pos=<14740.022461, 143.444229, 10329.990234>)
15:05:18.589 [VehicleDeleted] CivilianSedan (id=930785195E4E4A02D485F9A510562F07 pos=<14254.993164, 145.560654, 12159.980469>)
15:05:18.593 [VehicleDeleted] CivilianSedan_Black (id=6C52B9A0D741BD29FD58F2A9A01623A8 pos=<15880.013672, 103.670967, 9700.014648>)
15:05:18.593 [VehicleDeleted] CivilianSedan (id=D67FBDE8FA4807CE9951C1B9C45A801B pos=<13565.041016, 178.030991, 12609.998047>)
15:05:18.593 [VehicleDeleted] CivilianSedan_Wine (id=689B840C52498935FC591F851B06F4A6 pos=<15114.997070, 106.067047, 10060.027344>)
15:05:18.593 [VehicleDeleted] CivilianSedan (id=7C1B5C4BB649B60512853097C67E2545 pos=<13200.008789, 82.868645, 4875.003418>)
15:05:18.593 [VehicleDeleted] CivilianSedan (id=18268BB6DE408CFD97E7089FFBC8E3B0 pos=<13925.015625, 113.457352, 6884.992676>)
15:05:18.597 [VehicleDeleted] Hatchback_02 (id=C017A2138D45D965859A42B4A1414929 pos=<14900.014648, 130.882492, 10739.978516>)
15:05:18.597 [VehicleDeleted] Hatchback_02_BanditKitty (id=160B0FACE74A5AC6D9622EBE9C4C58C9 pos=<14915.008789, 106.315468, 8340.010742>)
15:05:18.597 [VehicleDeleted] Hatchback_02 (id=17B584F96E46DE6835391EBB047A94C2 pos=<14890.025391, 87.334564, 9739.978516>)
15:05:18.597 [VehicleDeleted] Hatchback_02_Blue (id=19E3F2C1084B8E09F6A274946BFF71CA pos=<14089.992188, 163.930725, 10915.010742>)
15:05:18.597 [VehicleDeleted] Sedan_02 (id=639B7DCA544B5B19E44C88B3387DD5C0 pos=<13520.019531, 111.365967, 9304.991211>)
15:05:18.597 [VehicleDeleted] Sedan_02_Grey (id=9B7C09BA9547362D931D4099F75C1CC5 pos=<19350.000000, 77.631172, 2459.998291>)
15:05:18.597 [VehicleDeleted] Sedan_02_Grey (id=D0C85580CA411B4927B1498FC6C9CA14 pos=<15955.013672, 88.097816, 8919.997070>)
15:05:18.601 [VehicleDeleted] Sedan_02_Red (id=BEA66A9ABE40AEF167889C858A723879 pos=<16000.026367, 133.556381, 10184.996094>)
15:05:18.601 [VehicleDeleted] Sedan_02_Red (id=D33EC8863043F04B516BA1AC7D2672FD pos=<18645.000000, 143.597656, 1479.984619>)
15:05:18.601 [VehicleDeleted] Sedan_02_Grey (id=AD102B83CF44CFBCCF64ADA3E15CA242 pos=<14740.024414, 143.439163, 10329.989258>)
15:05:18.601 [VehicleDeleted] Sedan_02 (id=5BF2D0BD304331C95314058DC87C563B pos=<13310.001953, 155.664398, 10125.007813>)
15:06:39.292 [VehicleDeleted] CivilianSedan_Black (id=D64495BB564C5162F9EF599FEFA5B063 pos=<13200.005859, 82.887207, 4875.000000>)
15:06:39.292 [VehicleDeleted] CivilianSedan_Wine (id=3CB784912642F12605E89AA8DA313373 pos=<19050.005859, 74.684189, 2574.996094>)
15:06:39.292 [VehicleDeleted] CivilianSedan (id=F8009CCA914AC701E84765AFB714E53B pos=<14119.940430, 136.793228, 9414.948242>)
15:06:39.292 [VehicleDeleted] CivilianSedan_Wine (id=530D8CD130404645113599B9ED7D60BC pos=<15114.997070, 106.067047, 10060.027344>)
15:06:39.292 [VehicleDeleted] CivilianSedan (id=A1DA3DD28E4695AFEC9F49A701BD8942 pos=<15880.013672, 103.670967, 9700.014648>)
15:06:39.296 [VehicleDeleted] CivilianSedan (id=C0BCA05C30474E6D65330AB6867B951A pos=<14900.003906, 98.041351, 8210.000977>)
15:06:39.296 [VehicleDeleted] Hatchback_02_Blue (id=A3DBC0EECF44F2D31E47729AEB9F5415 pos=<14089.989258, 163.913864, 10914.998047>)
15:06:39.296 [VehicleDeleted] Hatchback_02 (id=F5350C04D349489CAFE1B79D4B79EF2D pos=<14890.036133, 87.348976, 9739.984375>)
15:06:39.296 [VehicleDeleted] Hatchback_02_Black (id=27743111AE470CBB62B0688BACBC5D99 pos=<14915.000000, 106.299782, 8339.996094>)
15:06:39.296 [VehicleDeleted] Hatchback_02_BanditKitty (id=05754DC6074650D8EBF3A7A835942656 pos=<14900.007813, 130.805649, 10739.972656>)
15:07:06.191 [VehicleDeleted] Sedan_02 (id=31199D84EB4104D7C7F1459111044AC5 pos=<13520.018555, 111.369926, 9305.000977>)
15:07:06.191 [VehicleDeleted] Sedan_02 (id=BD65299D5B44588CA80E7FAB078C4488 pos=<13310.001953, 155.664413, 10125.007813>)
15:07:06.191 [VehicleDeleted] Sedan_02 (id=506D2D8B8E44F5775F6F7BA8D251D869 pos=<19230.019531, 80.476112, 2214.993896>)
15:07:06.191 [VehicleDeleted] Sedan_02_Grey (id=20D5B6FE5C42118305AE4A90288FF3CB pos=<17095.048828, 145.353653, 1849.995850>)
15:07:06.191 [VehicleDeleted] Sedan_02_Red (id=070AD808254C8E41EBA9649307F126C9 pos=<18645.000000, 143.597656, 1479.984619>)
15:07:06.191 [VehicleDeleted] Sedan_02_Red (id=AE5DB73B97480178BFA338AD049A7A9E pos=<14740.024414, 143.439102, 10329.989258>)
15:07:06.195 [VehicleDeleted] Sedan_02_Red (id=B378BC3A5B4AB1384287EDA899B346D3 pos=<15954.992188, 88.011658, 8920.001953>)
15:07:59.996 [VehicleDeleted] CivilianSedan_Wine (id=AC2A32108843FD23A6EC83B731A3566A pos=<19165.003906, 127.769829, 1664.956177>)
15:07:59.996 [VehicleDeleted] CivilianSedan_Black (id=3B9EE955984A602A95BCDD86584C29A9 pos=<14119.940430, 136.793228, 9414.948242>)
15:07:59.996 [VehicleDeleted] CivilianSedan (id=04AD87E6214FAD1EB3BDB79F89A5DDDB pos=<14900.004883, 98.041367, 8210.001953>)
15:07:59.996 [VehicleDeleted] CivilianSedan_Black (id=D528F4B51146ED565C63499D5F42FFE7 pos=<19050.005859, 74.644691, 2574.993164>)
15:07:59.996 [VehicleDeleted] CivilianSedan_Wine (id=604AE0B2BC42EF379B59AB981F75A4F6 pos=<13200.018555, 82.893204, 4875.002930>)
15:07:59.996 [VehicleDeleted] CivilianSedan_Wine (id=35DDBE16734E3489FBA495A45E6A1059 pos=<14260.006836, 101.046127, 4705.002930>)
15:08:26.894 [VehicleDeleted] Hatchback_02_Black (id=1E68B645F44BEACCBCB0E5AC6226E833 pos=<14890.025391, 87.334564, 9739.978516>)
15:08:26.894 [VehicleDeleted] Hatchback_02_BanditKitty (id=FED86CB3DF44EC42DC8969B559BEC81F pos=<14915.008789, 106.315468, 8340.010742>)
15:08:26.894 [VehicleDeleted] Hatchback_02_Blue (id=AAFB700A1B4251CC07B12FA21A15B3A2 pos=<14900.014648, 130.882492, 10739.978516>)
15:08:26.898 [VehicleDeleted] Hatchback_02 (id=E6FF74931B47888C2E511182C7DF48DF pos=<14089.989258, 163.913864, 10914.998047>)
15:08:26.898 [VehicleDeleted] Sedan_02_Red (id=01BAFDE12F4822AAD4E09D82B44B7814 pos=<13310.009766, 155.671402, 10125.014648>)
15:08:26.898 [VehicleDeleted] Sedan_02 (id=77ACEC9F064BE5FAD97033807FFE76C9 pos=<19230.019531, 80.476112, 2214.993896>)
15:08:26.898 [VehicleDeleted] Sedan_02 (id=F7B1E2C2DD401C474C415B8DE2305604 pos=<13520.018555, 111.369926, 9305.000977>)
15:08:26.898 [VehicleDeleted] Sedan_02_Red (id=17A99FF28D4ACB56D493F9B0B5F031A4 pos=<14740.000977, 143.354599, 10329.996094>)
15:08:26.898 [VehicleDeleted] Sedan_02_Grey (id=63F675D91A403CA0E7D623BD6E45BD09 pos=<17095.042969, 145.352921, 1850.001953>)
15:08:26.898 [VehicleDeleted] Sedan_02_Grey (id=871A9D2C5446A0A394D4F08AE67A7954 pos=<18645.000000, 143.597656, 1479.984619>)
