11:01:26.863 [Party] Player "Sharkparty" (id=2H7391gmOSCz4VnnBebcTth-2Sm4qjaSYaboxsOPA1Q=) joinded the party "Sharkparty" (id=0 ownerUID=2H7391gmOSCz4VnnBebcTth-2Sm4qjaSYaboxsOPA1Q= ownerName=Sharkparty)
11:01:26.871 [Expansion Quests] - InitQuestSystemClient - Loaded existing player quest data for player with UID: 2H7391gmOSCz4VnnBebcTth-2Sm4qjaSYaboxsOPA1Q=
11:01:26.871 [Expansion Quests] - LoadGroupQuestData - Created new persistent group quest data for group with ID: 0
11:01:26.871 [Expansion Quests] - Create new quest instance for quest: 99 - Player UID: 2H7391gmOSCz4VnnBebcTth-2Sm4qjaSYaboxsOPA1Q=
11:01:26.875 [AI Patrol] Spawning 3 Shamans bots at <10323.750000, 70.402588, 5528.839844>
11:01:27.843 [Expansion Quests] - LoadGroupQuestData - Got cached group quest data for group with ID: 0
11:02:22.640 [Party] Player "Sharkparty" (id=2H7391gmOSCz4VnnBebcTth-2Sm4qjaSYaboxsOPA1Q=) left the party "Sharkparty" (id=0 ownerUID=2H7391gmOSCz4VnnBebcTth-2Sm4qjaSYaboxsOPA1Q= ownerName=Sharkparty)
11:06:34.191 [MissionAirdrop] An airdrop is heading towards "Bondstil Military Base" (pos=<7574.359863, 0.000000, 7758.710449> type=Random_Bondstil Military Base) with a ExpansionAirdropContainer_Military
11:11:58.699 [Party] Player "Sharkparty" (id=2H7391gmOSCz4VnnBebcTth-2Sm4qjaSYaboxsOPA1Q=) joinded the party "Sharkparty" (id=0 ownerUID=2H7391gmOSCz4VnnBebcTth-2Sm4qjaSYaboxsOPA1Q= ownerName=Sharkparty)
11:11:58.703 [Expansion Quests] - InitQuestSystemClient - Loaded existing player quest data for player with UID: 2H7391gmOSCz4VnnBebcTth-2Sm4qjaSYaboxsOPA1Q=
11:11:58.703 [Expansion Quests] - LoadGroupQuestData - Got cached group quest data for group with ID: 0
11:11:58.703 [Expansion Quests] - Create new quest instance for quest: 99 - Player UID: 2H7391gmOSCz4VnnBebcTth-2Sm4qjaSYaboxsOPA1Q=
11:11:59.679 [Expansion Quests] - LoadGroupQuestData - Got cached group quest data for group with ID: 0
11:12:21.027 [Party] Player "Sharkparty" (id=2H7391gmOSCz4VnnBebcTth-2Sm4qjaSYaboxsOPA1Q=) left the party "Sharkparty" (id=0 ownerUID=2H7391gmOSCz4VnnBebcTth-2Sm4qjaSYaboxsOPA1Q= ownerName=Sharkparty)
11:46:37.855 [Party] Player "Sharkparty" (id=2H7391gmOSCz4VnnBebcTth-2Sm4qjaSYaboxsOPA1Q=) joinded the party "Sharkparty" (id=0 ownerUID=2H7391gmOSCz4VnnBebcTth-2Sm4qjaSYaboxsOPA1Q= ownerName=Sharkparty)
11:46:37.859 [Expansion Quests] - InitQuestSystemClient - Loaded existing player quest data for player with UID: 2H7391gmOSCz4VnnBebcTth-2Sm4qjaSYaboxsOPA1Q=
11:46:37.859 [Expansion Quests] - LoadGroupQuestData - Got cached group quest data for group with ID: 0
11:46:37.859 [Expansion Quests] - Create new quest instance for quest: 99 - Player UID: 2H7391gmOSCz4VnnBebcTth-2Sm4qjaSYaboxsOPA1Q=
11:46:38.835 [Expansion Quests] - LoadGroupQuestData - Got cached group quest data for group with ID: 0
11:57:50.292 [Party] Player "Sharkparty" (id=2H7391gmOSCz4VnnBebcTth-2Sm4qjaSYaboxsOPA1Q=) left the party "Sharkparty" (id=0 ownerUID=2H7391gmOSCz4VnnBebcTth-2Sm4qjaSYaboxsOPA1Q= ownerName=Sharkparty)
