12:28:32.671 [Party] Player "Sharkparty" (id=2H7391gmOSCz4VnnBebcTth-2Sm4qjaSYaboxsOPA1Q=) joinded the party "Sharkparty" (id=0 ownerUID=2H7391gmOSCz4VnnBebcTth-2Sm4qjaSYaboxsOPA1Q= ownerName=Sharkparty)
12:28:32.695 [Expansion Quests] - InitQuestSystemClient - Loaded existing player quest data for player with UID: 2H7391gmOSCz4VnnBebcTth-2Sm4qjaSYaboxsOPA1Q=
12:28:32.695 [Expansion Quests] - LoadGroupQuestData - Loaded existing group quest data for group with ID: 0
12:28:32.695 [Expansion Quests] - Create new quest instance for quest: 32 - Player UID: 2H7391gmOSCz4VnnBebcTth-2Sm4qjaSYaboxsOPA1Q=
12:28:33.648 [Expansion Quests] - LoadGroupQuestData - Got cached group quest data for group with ID: 0
12:29:49.851 [VehicleCarKey] Player "Sharkparty" (id=2H7391gmOSCz4VnnBebcTth-2Sm4qjaSYaboxsOPA1Q= pos=<6229.216309, 133.426346, 6091.645020>) used the  ExpansionCarKey to unlock HAMMER_H1_black_rust (id=31E878D415478C474878A581AD43ED14 pos=<6226.784668, 133.435822, 6093.731445>)
12:33:38.320 [MissionAirdrop] An airdrop is heading towards "Pilana Sawmill" (pos=<9112.919922, 0.000000, 8000.439941> type=Random_Pilana Sawmill) with a ExpansionAirdropContainer_Military
12:39:20.015 [Territory] Player "Sharkparty" (id=2H7391gmOSCz4VnnBebcTth-2Sm4qjaSYaboxsOPA1Q=) created territory Calgacus at <6245.524902, 133.328598, 6085.719238>
13:22:12.558 [BaseRaiding] ExpansionWall6x3 (<6246.164063, 133.877762, 6061.998047>) Code set by player "Sharkparty" (ID = "2H7391gmOSCz4VnnBebcTth-2Sm4qjaSYaboxsOPA1Q=" at <6246.152344, 133.889359, 6060.719727>) and the code is 196500
13:32:14.425 [VehicleAttachments] Player Sharkparty (uid=2H7391gmOSCz4VnnBebcTth-2Sm4qjaSYaboxsOPA1Q=) detached MVS Rucksack - Midnight Camo (type=MVS_Rucksack_Black_Camo) from vehicle HAMMER_H1 black_rust(id=31E878D415478C474878A581AD43ED14 pos=<6226.784668, 133.435822, 6093.731445>)
13:36:15.746 [VehicleCarKey] Player "Sharkparty" (id=2H7391gmOSCz4VnnBebcTth-2Sm4qjaSYaboxsOPA1Q= pos=<6229.970215, 133.445068, 6093.533203>) used the  ExpansionCarKey to lock HAMMER_H1_black_rust (id=31E878D415478C474878A581AD43ED14 pos=<6226.784668, 133.435822, 6093.731445>)
13:40:25.902 [VehicleCarKey] Player "Sharkparty" (id=2H7391gmOSCz4VnnBebcTth-2Sm4qjaSYaboxsOPA1Q= pos=<6230.087891, 133.445099, 6093.227051>) used the  ExpansionCarKey to unlock HAMMER_H1_black_rust (id=31E878D415478C474878A581AD43ED14 pos=<6226.784668, 133.435822, 6093.731445>)
13:41:10.632 [VehicleCarKey] Player "Sharkparty" (id=2H7391gmOSCz4VnnBebcTth-2Sm4qjaSYaboxsOPA1Q= pos=<6229.991211, 133.444351, 6093.327148>) used the  ExpansionCarKey to lock HAMMER_H1_black_rust (id=31E878D415478C474878A581AD43ED14 pos=<6226.784668, 133.435822, 6093.731445>)
13:43:11.238 [VehicleCarKey] Player "Sharkparty" (id=2H7391gmOSCz4VnnBebcTth-2Sm4qjaSYaboxsOPA1Q= pos=<6229.336426, 133.428543, 6091.781250>) used the  ExpansionCarKey to unlock HAMMER_H1_black_rust (id=31E878D415478C474878A581AD43ED14 pos=<6226.784668, 133.435822, 6093.731445>)
13:43:20.332 [VehicleCarKey] Player "Sharkparty" (id=2H7391gmOSCz4VnnBebcTth-2Sm4qjaSYaboxsOPA1Q= pos=<6230.172363, 133.444717, 6092.918457>) used the  ExpansionCarKey to lock HAMMER_H1_black_rust (id=31E878D415478C474878A581AD43ED14 pos=<6226.784668, 133.435822, 6093.731445>)
13:53:40.136 [VehicleEnter] Player Sharkparty [uid=2H7391gmOSCz4VnnBebcTth-2Sm4qjaSYaboxsOPA1Q=] entered vehicle ToyotaHilux rust (id=0B4A24DCE145C063699A07AEE1E850F6 pos=<6251.910156, 133.435287, 6075.948730>) as driver
13:53:42.812 [VehicleEngine] Player Sharkparty [uid=2H7391gmOSCz4VnnBebcTth-2Sm4qjaSYaboxsOPA1Q=] started vehicle ToyotaHilux rust (id=0B4A24DCE145C063699A07AEE1E850F6 pos=<6251.913574, 133.435242, 6075.948730>)
13:54:24.445 [VehicleEngine] Player Sharkparty [uid=2H7391gmOSCz4VnnBebcTth-2Sm4qjaSYaboxsOPA1Q=] stopped vehicle ToyotaHilux rust (id=0B4A24DCE145C063699A07AEE1E850F6 pos=<6213.018066, 140.151810, 5971.466309>)
13:54:28.445 [VehicleLeave] Player Sharkparty [uid=2H7391gmOSCz4VnnBebcTth-2Sm4qjaSYaboxsOPA1Q=] left vehicle ToyotaHilux rust (id=0B4A24DCE145C063699A07AEE1E850F6 pos=<6213.018066, 140.151810, 5971.466309>)
13:58:33.277 [VehicleEnter] Player Sharkparty [uid=2H7391gmOSCz4VnnBebcTth-2Sm4qjaSYaboxsOPA1Q=] entered vehicle ToyotaHilux rust (id=0B4A24DCE145C063699A07AEE1E850F6 pos=<6213.014648, 140.151779, 5971.466797>) as driver
13:58:35.523 [VehicleEngine] Player Sharkparty [uid=2H7391gmOSCz4VnnBebcTth-2Sm4qjaSYaboxsOPA1Q=] started vehicle ToyotaHilux rust (id=0B4A24DCE145C063699A07AEE1E850F6 pos=<6213.017578, 140.151794, 5971.465332>)
13:59:09.945 [VehicleEngine] Player Sharkparty [uid=2H7391gmOSCz4VnnBebcTth-2Sm4qjaSYaboxsOPA1Q=] stopped vehicle ToyotaHilux rust (id=0B4A24DCE145C063699A07AEE1E850F6 pos=<6147.793945, 151.986008, 6021.122559>)
13:59:14.023 [VehicleLeave] Player Sharkparty [uid=2H7391gmOSCz4VnnBebcTth-2Sm4qjaSYaboxsOPA1Q=] left vehicle ToyotaHilux rust (id=0B4A24DCE145C063699A07AEE1E850F6 pos=<6147.794434, 151.987717, 6021.161133>)
14:01:07.320 [MissionAirdrop] An airdrop is heading towards "Novi Grad" (pos=<12044.428711, 0.000000, 8104.010254> type=Random_Novi Grad) with a ExpansionAirdropContainer_Medical
14:01:52.175 [VehicleEnter] Player Sharkparty [uid=2H7391gmOSCz4VnnBebcTth-2Sm4qjaSYaboxsOPA1Q=] entered vehicle ToyotaHilux rust (id=0B4A24DCE145C063699A07AEE1E850F6 pos=<6147.794922, 151.988571, 6021.183105>) as driver
14:01:54.359 [VehicleEngine] Player Sharkparty [uid=2H7391gmOSCz4VnnBebcTth-2Sm4qjaSYaboxsOPA1Q=] started vehicle ToyotaHilux rust (id=0B4A24DCE145C063699A07AEE1E850F6 pos=<6147.794434, 151.989853, 6021.206543>)
14:02:28.281 [VehicleEngine] Player Sharkparty [uid=2H7391gmOSCz4VnnBebcTth-2Sm4qjaSYaboxsOPA1Q=] stopped vehicle ToyotaHilux rust (id=0B4A24DCE145C063699A07AEE1E850F6 pos=<6241.361816, 133.339996, 6088.613281>)
14:02:32.140 [VehicleLeave] Player Sharkparty [uid=2H7391gmOSCz4VnnBebcTth-2Sm4qjaSYaboxsOPA1Q=] left vehicle ToyotaHilux rust (id=0B4A24DCE145C063699A07AEE1E850F6 pos=<6241.362305, 133.339996, 6088.613281>)
14:15:20.875 [VehicleCarKey] Player "Sharkparty" (id=2H7391gmOSCz4VnnBebcTth-2Sm4qjaSYaboxsOPA1Q= pos=<6230.273438, 133.446716, 6093.067871>) used the  ExpansionCarKey to unlock HAMMER_H1_black_rust (id=31E878D415478C474878A581AD43ED14 pos=<6226.784668, 133.435822, 6093.731445>)
14:15:44.839 [VehicleCarKey] Player "Sharkparty" (id=2H7391gmOSCz4VnnBebcTth-2Sm4qjaSYaboxsOPA1Q= pos=<6229.984375, 133.443207, 6093.109863>) used the  ExpansionCarKey to lock HAMMER_H1_black_rust (id=31E878D415478C474878A581AD43ED14 pos=<6226.784668, 133.435822, 6093.731445>)
14:47:24.121 [VehicleEnter] Player Sharkparty [uid=2H7391gmOSCz4VnnBebcTth-2Sm4qjaSYaboxsOPA1Q=] entered vehicle ToyotaHilux rust (id=0B4A24DCE145C063699A07AEE1E850F6 pos=<6241.358398, 133.340042, 6088.614258>) as driver
14:47:28.339 [VehicleEngine] Player Sharkparty [uid=2H7391gmOSCz4VnnBebcTth-2Sm4qjaSYaboxsOPA1Q=] started vehicle ToyotaHilux rust (id=0B4A24DCE145C063699A07AEE1E850F6 pos=<6241.359375, 133.340042, 6088.613770>)
14:48:01.628 [VehicleEngine] Player Sharkparty [uid=2H7391gmOSCz4VnnBebcTth-2Sm4qjaSYaboxsOPA1Q=] stopped vehicle ToyotaHilux rust (id=0B4A24DCE145C063699A07AEE1E850F6 pos=<6182.833984, 142.780823, 6069.816406>)
14:48:05.347 [VehicleLeave] Player Sharkparty [uid=2H7391gmOSCz4VnnBebcTth-2Sm4qjaSYaboxsOPA1Q=] left vehicle ToyotaHilux rust (id=0B4A24DCE145C063699A07AEE1E850F6 pos=<6182.833984, 142.780746, 6069.818359>)
14:52:28.320 [VehicleEnter] Player Sharkparty [uid=2H7391gmOSCz4VnnBebcTth-2Sm4qjaSYaboxsOPA1Q=] entered vehicle ToyotaHilux rust (id=0B4A24DCE145C063699A07AEE1E850F6 pos=<6182.833008, 142.781281, 6069.815918>) as driver
14:52:30.671 [VehicleEngine] Player Sharkparty [uid=2H7391gmOSCz4VnnBebcTth-2Sm4qjaSYaboxsOPA1Q=] started vehicle ToyotaHilux rust (id=0B4A24DCE145C063699A07AEE1E850F6 pos=<6182.833008, 142.781479, 6069.815918>)
14:53:11.515 [VehicleEngine] Player Sharkparty [uid=2H7391gmOSCz4VnnBebcTth-2Sm4qjaSYaboxsOPA1Q=] stopped vehicle ToyotaHilux rust (id=0B4A24DCE145C063699A07AEE1E850F6 pos=<6166.675781, 147.510742, 5826.918457>)
14:53:17.800 [VehicleLeave] Player Sharkparty [uid=2H7391gmOSCz4VnnBebcTth-2Sm4qjaSYaboxsOPA1Q=] left vehicle ToyotaHilux rust (id=0B4A24DCE145C063699A07AEE1E850F6 pos=<6166.645508, 147.516647, 5826.915527>)
14:55:04.238 [VehicleEnter] Player Sharkparty [uid=2H7391gmOSCz4VnnBebcTth-2Sm4qjaSYaboxsOPA1Q=] entered vehicle ToyotaHilux rust (id=0B4A24DCE145C063699A07AEE1E850F6 pos=<6166.636719, 147.518127, 5826.918457>) as driver
14:55:06.488 [VehicleEngine] Player Sharkparty [uid=2H7391gmOSCz4VnnBebcTth-2Sm4qjaSYaboxsOPA1Q=] started vehicle ToyotaHilux rust (id=0B4A24DCE145C063699A07AEE1E850F6 pos=<6166.625977, 147.520172, 5826.918945>)
14:55:48.113 [Expansion Quests] - InitQuestSystemClient - Created new persistent player quest data for player UID: HcIW-GFIw9W0YgIcqTifiacdouFf8HWWceufbCuFB64=
14:55:48.113 [Expansion Quests] - LoadGroupQuestData - Created new persistent group quest data for group with ID: -1
14:55:52.445 [VehicleEngine] Player Sharkparty [uid=2H7391gmOSCz4VnnBebcTth-2Sm4qjaSYaboxsOPA1Q=] stopped vehicle ToyotaHilux rust (id=0B4A24DCE145C063699A07AEE1E850F6 pos=<6241.444824, 133.480896, 6078.061035>)
14:56:02.472 [VehicleLeave] Player Sharkparty [uid=2H7391gmOSCz4VnnBebcTth-2Sm4qjaSYaboxsOPA1Q=] left vehicle ToyotaHilux rust (id=0B4A24DCE145C063699A07AEE1E850F6 pos=<6241.445801, 133.480881, 6078.062012>)
15:04:20.257 [AI Patrol] Spawning 3 Shamans bots at <6190.518066, 263.885712, 9742.077148>
15:18:43.714 [Killfeed] Joa_Rod32 got killed by Survivor (Shamans) with M16-A2 from a distance of 45 m.
15:30:27.335 [MissionAirdrop] An airdrop is heading towards "Pakshu" (pos=<4896.549805, 0.000000, 8645.272461> type=Random_Pakshu) with a ExpansionAirdropContainer_Basebuilding
15:42:23.640 [VehicleCarKey] Player "Sharkparty" (id=2H7391gmOSCz4VnnBebcTth-2Sm4qjaSYaboxsOPA1Q= pos=<6226.962891, 133.398697, 6091.889160>) used the  ExpansionCarKey to unlock HAMMER_H1_black_rust (id=31E878D415478C474878A581AD43ED14 pos=<6226.784668, 133.435822, 6093.731445>)
15:44:47.574 [VehicleEnter] Player Sharkparty [uid=2H7391gmOSCz4VnnBebcTth-2Sm4qjaSYaboxsOPA1Q=] entered vehicle HAMMER_H1 black_rust (id=31E878D415478C474878A581AD43ED14 pos=<6226.784668, 133.435822, 6093.731445>) as driver
15:44:49.800 [VehicleEngine] Player Sharkparty [uid=2H7391gmOSCz4VnnBebcTth-2Sm4qjaSYaboxsOPA1Q=] started vehicle HAMMER_H1 black_rust (id=31E878D415478C474878A581AD43ED14 pos=<6226.784668, 133.435822, 6093.731934>)
15:44:57.953 [VehicleEngine] Player Sharkparty [uid=2H7391gmOSCz4VnnBebcTth-2Sm4qjaSYaboxsOPA1Q=] stopped vehicle HAMMER_H1 black_rust (id=31E878D415478C474878A581AD43ED14 pos=<6227.503906, 133.445770, 6093.651367>)
15:45:02.812 [VehicleLeave] Player Sharkparty [uid=2H7391gmOSCz4VnnBebcTth-2Sm4qjaSYaboxsOPA1Q=] left vehicle HAMMER_H1 black_rust (id=31E878D415478C474878A581AD43ED14 pos=<6227.503906, 133.445770, 6093.651367>)
15:45:07.570 [VehicleCarKey] Player "Sharkparty" (id=2H7391gmOSCz4VnnBebcTth-2Sm4qjaSYaboxsOPA1Q= pos=<6229.113770, 133.423813, 6091.390625>) used the  ExpansionCarKey to lock HAMMER_H1_black_rust (id=31E878D415478C474878A581AD43ED14 pos=<6227.503906, 133.445770, 6093.651367>)
15:46:53.011 [VehicleCarKey] Player "Sharkparty" (id=2H7391gmOSCz4VnnBebcTth-2Sm4qjaSYaboxsOPA1Q= pos=<6227.529297, 133.404877, 6091.670410>) used the  ExpansionCarKey to unlock HAMMER_H1_black_rust (id=31E878D415478C474878A581AD43ED14 pos=<6227.503906, 133.445770, 6093.651367>)
15:47:08.890 [VehicleEnter] Player Sharkparty [uid=2H7391gmOSCz4VnnBebcTth-2Sm4qjaSYaboxsOPA1Q=] entered vehicle HAMMER_H1 black_rust (id=31E878D415478C474878A581AD43ED14 pos=<6227.503906, 133.445770, 6093.651367>) as driver
15:47:10.878 [VehicleEngine] Player Sharkparty [uid=2H7391gmOSCz4VnnBebcTth-2Sm4qjaSYaboxsOPA1Q=] started vehicle HAMMER_H1 black_rust (id=31E878D415478C474878A581AD43ED14 pos=<6227.503906, 133.445770, 6093.651367>)
15:47:19.808 [VehicleEngine] Player Sharkparty [uid=2H7391gmOSCz4VnnBebcTth-2Sm4qjaSYaboxsOPA1Q=] stopped vehicle HAMMER_H1 black_rust (id=31E878D415478C474878A581AD43ED14 pos=<6238.016113, 133.364563, 6093.126953>)
15:47:22.960 [VehicleLeave] Player Sharkparty [uid=2H7391gmOSCz4VnnBebcTth-2Sm4qjaSYaboxsOPA1Q=] left vehicle HAMMER_H1 black_rust (id=31E878D415478C474878A581AD43ED14 pos=<6238.016113, 133.364563, 6093.126953>)
15:50:02.386 [VehicleCarKey] Player "Sharkparty" (id=2H7391gmOSCz4VnnBebcTth-2Sm4qjaSYaboxsOPA1Q= pos=<6241.837402, 133.290588, 6092.034668>) used the  ExpansionCarKey to lock HAMMER_H1_black_rust (id=31E878D415478C474878A581AD43ED14 pos=<6238.016113, 133.364563, 6093.126953>)
15:54:33.078 [VehicleCarKey] Player "Sharkparty" (id=2H7391gmOSCz4VnnBebcTth-2Sm4qjaSYaboxsOPA1Q= pos=<6239.491211, 133.349792, 6090.408691>) used the  ExpansionCarKey to unlock HAMMER_H1_black_rust (id=31E878D415478C474878A581AD43ED14 pos=<6238.016113, 133.364563, 6093.126953>)
15:54:45.578 [VehicleCarKey] Player "Sharkparty" (id=2H7391gmOSCz4VnnBebcTth-2Sm4qjaSYaboxsOPA1Q= pos=<6241.583984, 133.308945, 6091.137695>) used the  ExpansionCarKey to lock HAMMER_H1_black_rust (id=31E878D415478C474878A581AD43ED14 pos=<6238.016113, 133.364563, 6093.126953>)
15:54:59.148 [VehicleCarKey] Player "Sharkparty" (id=2H7391gmOSCz4VnnBebcTth-2Sm4qjaSYaboxsOPA1Q= pos=<6239.661621, 133.340866, 6090.935547>) used the  ExpansionCarKey to unlock HAMMER_H1_black_rust (id=31E878D415478C474878A581AD43ED14 pos=<6238.016113, 133.364563, 6093.126953>)
15:55:16.812 [VehicleEnter] Player Sharkparty [uid=2H7391gmOSCz4VnnBebcTth-2Sm4qjaSYaboxsOPA1Q=] entered vehicle HAMMER_H1 black_rust (id=31E878D415478C474878A581AD43ED14 pos=<6238.016113, 133.364471, 6093.126953>) as driver
15:55:18.898 [VehicleEngine] Player Sharkparty [uid=2H7391gmOSCz4VnnBebcTth-2Sm4qjaSYaboxsOPA1Q=] started vehicle HAMMER_H1 black_rust (id=31E878D415478C474878A581AD43ED14 pos=<6238.016113, 133.364456, 6093.126953>)
15:55:53.843 [VehicleEngine] Player Sharkparty [uid=2H7391gmOSCz4VnnBebcTth-2Sm4qjaSYaboxsOPA1Q=] stopped vehicle HAMMER_H1 black_rust (id=31E878D415478C474878A581AD43ED14 pos=<6226.731445, 133.424652, 6093.025879>)
15:55:59.820 [VehicleLeave] Player Sharkparty [uid=2H7391gmOSCz4VnnBebcTth-2Sm4qjaSYaboxsOPA1Q=] left vehicle HAMMER_H1 black_rust (id=31E878D415478C474878A581AD43ED14 pos=<6226.731445, 133.424652, 6093.025879>)
15:56:07.085 [VehicleCarKey] Player "Sharkparty" (id=2H7391gmOSCz4VnnBebcTth-2Sm4qjaSYaboxsOPA1Q= pos=<6224.073730, 133.426285, 6095.089844>) used the  ExpansionCarKey to lock HAMMER_H1_black_rust (id=31E878D415478C474878A581AD43ED14 pos=<6226.731445, 133.424667, 6093.026367>)
16:47:34.070 [Expansion Quests] - InitQuestSystemClient - Created new persistent player quest data for player UID: ycHdZvpSorODkIzj3ewqoOFSiH8sVlVfkFoTI2jpQ7U=
16:47:34.070 [Expansion Quests] - LoadGroupQuestData - Got cached group quest data for group with ID: -1
16:50:52.218 [Expansion Quests] - InitQuestSystemClient - Created new persistent player quest data for player UID: w0d2i6JERzFZQoH9iYe26V_c-jfekw4sRV-sWCyfK9U=
16:50:52.218 [Expansion Quests] - LoadGroupQuestData - Got cached group quest data for group with ID: -1
16:54:02.531 [VehicleCarKey] Player "Sharkparty" (id=2H7391gmOSCz4VnnBebcTth-2Sm4qjaSYaboxsOPA1Q= pos=<6223.141602, 133.396667, 6093.710449>) used the  ExpansionCarKey to unlock HAMMER_H1_black_rust (id=31E878D415478C474878A581AD43ED14 pos=<6226.731445, 133.424667, 6093.026367>)
16:54:16.816 [Party] Player "kinda nice" (id=ycHdZvpSorODkIzj3ewqoOFSiH8sVlVfkFoTI2jpQ7U=) joinded the party "theboys" (id=2 ownerUID= ownerName=)
16:54:16.816 [Party] Player "kinda nice" (id=ycHdZvpSorODkIzj3ewqoOFSiH8sVlVfkFoTI2jpQ7U=) created a party named theboys (TBS)
16:54:17.812 [Expansion Quests] - LoadGroupQuestData - Created new persistent group quest data for group with ID: 2
16:54:22.234 [VehicleCarKey] Player "Sharkparty" (id=2H7391gmOSCz4VnnBebcTth-2Sm4qjaSYaboxsOPA1Q= pos=<6229.202637, 133.451767, 6094.719238>) used the  ExpansionCarKey to lock HAMMER_H1_black_rust (id=31E878D415478C474878A581AD43ED14 pos=<6226.731445, 133.424667, 6093.026367>)
17:02:36.332 [MissionAirdrop] An airdrop is heading towards "Pakshu" (pos=<4896.549805, 0.000000, 8645.272461> type=Random_Pakshu) with a ExpansionAirdropContainer_Basebuilding
17:07:34.351 [VehicleEnter] Player Sharkparty [uid=2H7391gmOSCz4VnnBebcTth-2Sm4qjaSYaboxsOPA1Q=] entered vehicle ToyotaHilux rust (id=0B4A24DCE145C063699A07AEE1E850F6 pos=<6241.445313, 133.480942, 6078.061523>) as driver
17:07:36.546 [VehicleEngine] Player Sharkparty [uid=2H7391gmOSCz4VnnBebcTth-2Sm4qjaSYaboxsOPA1Q=] started vehicle ToyotaHilux rust (id=0B4A24DCE145C063699A07AEE1E850F6 pos=<6241.445313, 133.480927, 6078.061523>)
17:07:57.500 [VehicleEngine] Player Sharkparty [uid=2H7391gmOSCz4VnnBebcTth-2Sm4qjaSYaboxsOPA1Q=] stopped vehicle ToyotaHilux rust (id=0B4A24DCE145C063699A07AEE1E850F6 pos=<6262.683105, 133.860413, 6092.404297>)
17:08:00.781 [VehicleLeave] Player Sharkparty [uid=2H7391gmOSCz4VnnBebcTth-2Sm4qjaSYaboxsOPA1Q=] left vehicle ToyotaHilux rust (id=0B4A24DCE145C063699A07AEE1E850F6 pos=<6262.685547, 133.860413, 6092.404297>)
17:17:48.996 [Party] Player "kinda nice" (id=ycHdZvpSorODkIzj3ewqoOFSiH8sVlVfkFoTI2jpQ7U=) joinded the party "theboys" (id=2 ownerUID=ycHdZvpSorODkIzj3ewqoOFSiH8sVlVfkFoTI2jpQ7U= ownerName=kinda nice)
17:17:49.992 [Expansion Quests] - LoadGroupQuestData - Got cached group quest data for group with ID: 2
17:25:45.640 [BaseRaiding] mmg_old_safe_green (<6248.880371, 138.692520, 6058.421875>) Code set by player "Sharkparty" (ID = "2H7391gmOSCz4VnnBebcTth-2Sm4qjaSYaboxsOPA1Q=" at <6249.081543, 138.702881, 6059.562012>) and the code is 196500
17:46:29.546 [Expansion Quests] - InitQuestSystemClient - Created new persistent player quest data for player UID: 8E2LsKxdHWCviXJQrDTrreBl0RBjz2xvzeFvgSyBOsE=
17:46:29.546 [Expansion Quests] - LoadGroupQuestData - Got cached group quest data for group with ID: -1
17:48:17.382 [AI Patrol] Spawning 3 Shamans bots at <6812.589355, 236.770020, 7836.231445>
17:50:31.867 [VehicleEnter] Player Sharkparty [uid=2H7391gmOSCz4VnnBebcTth-2Sm4qjaSYaboxsOPA1Q=] entered vehicle ToyotaHilux rust (id=0B4A24DCE145C063699A07AEE1E850F6 pos=<6262.683594, 133.860397, 6092.404297>) as driver
17:50:34.140 [VehicleEngine] Player Sharkparty [uid=2H7391gmOSCz4VnnBebcTth-2Sm4qjaSYaboxsOPA1Q=] started vehicle ToyotaHilux rust (id=0B4A24DCE145C063699A07AEE1E850F6 pos=<6262.687988, 133.860413, 6092.404297>)
17:50:50.882 [AI Patrol] Spawning 3 Shamans bots at <7551.023926, 248.896576, 7709.421875>
17:53:22.484 [VehicleEngine] Player Sharkparty [uid=2H7391gmOSCz4VnnBebcTth-2Sm4qjaSYaboxsOPA1Q=] stopped vehicle ToyotaHilux rust (id=0B4A24DCE145C063699A07AEE1E850F6 pos=<7786.085938, 87.975105, 5775.112793>)
17:53:25.570 [VehicleLeave] Player Sharkparty [uid=2H7391gmOSCz4VnnBebcTth-2Sm4qjaSYaboxsOPA1Q=] left vehicle ToyotaHilux rust (id=0B4A24DCE145C063699A07AEE1E850F6 pos=<7786.086914, 87.975143, 5775.113770>)
17:58:03.531 [Party] Player "Sharkparty" (id=2H7391gmOSCz4VnnBebcTth-2Sm4qjaSYaboxsOPA1Q=) left the party "Sharkparty" (id=0 ownerUID=2H7391gmOSCz4VnnBebcTth-2Sm4qjaSYaboxsOPA1Q= ownerName=Sharkparty)
17:59:11.925 [Party] Player "kinda nice" (id=ycHdZvpSorODkIzj3ewqoOFSiH8sVlVfkFoTI2jpQ7U=) left the party "theboys" (id=2 ownerUID=ycHdZvpSorODkIzj3ewqoOFSiH8sVlVfkFoTI2jpQ7U= ownerName=kinda nice)
