---------------------------------------------
Log C:\Users\Admin\Documents\Esseker\servers\0\profiles\script_2024-01-27_00-21-03.log started at 27.01. 00:21:04

SCRIPT       : Registered 398 temporary action enum(s), UAN==398
SCRIPT       : Registering faction type eAIFactionShamans ID -1484989417
SCRIPT       : Registering faction type eAIFactionObservers ID -563736721
SCRIPT       : Registering faction type eAIFactionInvincibleObservers ID -1227299746
SCRIPT       : Registering faction type eAIFactionEast ID 90522109
SCRIPT       : Registering faction type eAIFactionGuards ID 963933710
SCRIPT       : Registering faction type eAIFactionRaiders ID 1535276022
SCRIPT       : Registering faction type eAIFactionYeetBrigade ID 1408543989
SCRIPT       : Registering faction type eAIFactionMercenaries ID 1629891834
SCRIPT       : Registering faction type eAIFactionWest ID 113880155
SCRIPT       : Registering faction type eAIFactionCivilian ID 1096178351
SCRIPT       : Registering faction type eAIFactionPassive ID -1159399789
SCRIPT       : Registering faction type eAIFactionInvincibleYeetBrigade ID -1118767876
SCRIPT       : Registering faction type eAIFactionInvincibleGuards ID 782746017
SCRIPT       : ... Backlit Effects Enabled
SCRIPT       : 00:21:05 [EXPANSION LOG]: DayZGame<b72e01e0> Start time (local time) 2024-01-27 00:20:55
SCRIPT       : 00:21:05 [EXPANSION LOG]: DayZGame<b72e01e0> Start time (UTC) 2024-01-27 05:20:55
SCRIPT       : 00:21:05 [EXPANSION LOG]: DayZGame<b72e01e0> Runtime since start (seconds) 10.003
SCRIPT       : Registering faction type eAIFactionLunatics ID 1167351711
SCRIPT       : Registering faction type eAIFactionInfected ID 1371958374
SCRIPT    (W): @"JM/COT/Scripts/5_Mission/communityonlinetools\modules\object\jmobjectspawnermodule.c,635": Missing ';' at the end of line
SCRIPT    (W): @"JM/COT/Scripts/5_Mission/communityonlinetools\modules\object\jmobjectspawnermodule.c,637": Missing ';' at the end of line
SCRIPT    (W): @"MainMenuMusicMod\scripts\5_Mission/mission\moddedmissionmainmenu.c,17": FIX-ME: Overriding function 'PlayMusic' but not marked as 'override'
SCRIPT       : Expansion version: 1.8.38
SCRIPT       : 00:21:13.142 [EXPANSION DEBUG]: [ExpansionDebugSettings] No existing setting file:$profile:ExpansionMod\Settings\DebugSettings.json. Creating defaults!
SCRIPT       : [ExpansionDebugSettings] Saving settings
SCRIPT       : 00:21:13.144 [EXPANSION DEBUG]: [ExpansionLogSettings] No existing setting file:$profile:ExpansionMod\Settings\LogsSettings.json. Creating defaults!
SCRIPT       : [ExpansionLogSettings] Saving settings
SCRIPT       : 00:21:13.144 [EXPANSION DEBUG]: [ExpansionSafeZoneSettings] No existing setting file:$mission:expansion\settings\SafeZoneSettings.json. Creating defaults!
SCRIPT       : [ExpansionSafeZoneSettings] Saving settings
SCRIPT       : 00:21:13.144 [EXPANSION DEBUG]: [ExpansionNotificationSettings] No existing setting file:$profile:ExpansionMod\Settings\NotificationSettings.json. Creating defaults!
SCRIPT       : [ExpansionNotificationSettings] Saving settings
SCRIPT       : 00:21:13.145 [EXPANSION DEBUG]: [ExpansionMonitoringSettings] No existing setting file:$profile:ExpansionMod\Settings\MonitoringSettings.json. Creating defaults!
SCRIPT       : [ExpansionMonitoringSettings] Saving settings
SCRIPT       : 00:21:13.145 [EXPANSION DEBUG]: [ExpansionDamageSystemSettings] No existing setting file:$profile:ExpansionMod\Settings\DamageSystemSettings.json. Creating defaults!
SCRIPT       : 00:21:13.145 [EXPANSION DEBUG]: [ExpansionPartySettings] No existing setting file:$profile:ExpansionMod\Settings\PartySettings.json. Creating defaults!
SCRIPT       : [ExpansionPartySettings] Saving settings
SCRIPT       : 00:21:13.145 [EXPANSION DEBUG]: [ExpansionHardlineSettings] No existing setting file:$mission:expansion\settings\HardlineSettings.json. Creating defaults!
SCRIPT       : [ExpansionHardlineSettings] Saving settings
SCRIPT       : 00:21:13.149 [EXPANSION DEBUG]: [ExpansionMarketSettings] No existing setting files:$mission:expansion\settings\MarketSettings.json. Creating defaults!
SCRIPT       : 00:21:13.149 [EXPANSION DEBUG]: [ExpansionMarketSettings] No existing market category setting files at:$profile:ExpansionMod\Market\. Creating defaults!
SCRIPT       : 00:21:13.189 [EXPANSION DEBUG]: [ExpansionMarketSettings] No existing trader setting files at:$profile:ExpansionMod\Traders\. Creating defaults!
SCRIPT       : 00:21:13.194 [EXPANSION DEBUG]: [ExpansionMarketTrader] Error: Category Gardening does not exist!
SCRIPT       : 00:21:13.212 [EXPANSION DEBUG]: [ExpansionMarketSettings] No existing market zone setting files at:$mission:expansion\traderzones\. Creating defaults!
SCRIPT       : [ExpansionMarketSettings] Saving settings
SCRIPT       : 00:21:13.212 [EXPANSION DEBUG]: [ExpansionAirdropSettings] No existing setting file:$profile:ExpansionMod\Settings\AirdropSettings.json. Creating defaults!
SCRIPT       : [ExpansionAirdropSettings] Saving settings
SCRIPT       : 00:21:13.213 [EXPANSION DEBUG]: [ExpansionMissionSettings] No existing setting file:$profile:ExpansionMod\Settings\MissionSettings.json. Creating defaults!
SCRIPT       : [ExpansionMissionSettings] Saving settings
SCRIPT       : 00:21:13.214 [EXPANSION DEBUG]: [ExpansionMapSettings] No existing setting file:$mission:expansion\settings\MapSettings.json. Creating defaults!
SCRIPT       : [ExpansionMapSettings] Saving settings
SCRIPT       : 00:21:13.215 [EXPANSION DEBUG]: [ExpansionPersonalStorageNewSettings] No existing setting file:$profile:ExpansionMod\Settings\PersonalStorageNewSettings.json. Creating defaults!
SCRIPT       : [ExpansionPersonalStorageNewSettings] Saving settings
SCRIPT       : 00:21:13.215 [EXPANSION DEBUG]: [ExpansionGeneralSettings] No existing setting file:$profile:ExpansionMod\Settings\GeneralSettings.json. Creating defaults!
SCRIPT       : [ExpansionGeneralSettings] Saving settings
SCRIPT       : 00:21:13.217 [EXPANSION DEBUG]: [ExpansionPlayerListSettings] No existing setting file:$profile:ExpansionMod\Settings\PlayerListSettings.json. Creating defaults!
SCRIPT       : [ExpansionPlayerListSettings] Saving settings
SCRIPT       : 00:21:13.217 [EXPANSION DEBUG]: [ExpansionSocialMediaSettings] No existing setting file:$profile:ExpansionMod\Settings\SocialMediaSettings.json. Creating defaults!
SCRIPT       : [ExpansionSocialMediaSettings] Saving settings
SCRIPT       : 00:21:13.218 [EXPANSION DEBUG]: [ExpansionTerritorySettings] No existing setting file:$mission:expansion\settings\SpawnSettings.json. Creating defaults!
SCRIPT       : [ExpansionSpawnSettings] Saving settings
SCRIPT       : 00:21:13.218 [EXPANSION DEBUG]: [ExpansionVehicleSettings] No existing setting file:$profile:ExpansionMod\Settings\VehicleSettings.json. Creating defaults!
SCRIPT       : [ExpansionVehicleSettings] Saving settings
SCRIPT       : 00:21:13.218 [EXPANSION DEBUG]: [ExpansionAISettings] No existing setting file:$profile:ExpansionMod\Settings\AISettings.json. Creating defaults!
SCRIPT       : [ExpansionAISettings] Saving settings
SCRIPT       : 00:21:13.218 [EXPANSION DEBUG]: [ExpansionAIPatrolSettings] No existing setting file:$mission:expansion\settings\AIPatrolSettings.json. Creating defaults!
SCRIPT       : [ExpansionAIPatrolSettings] Saving settings
SCRIPT       : 00:21:13.220 [EXPANSION DEBUG]: [ExpansionBaseBuildingSettings] No existing setting file:$mission:expansion\settings\BaseBuildingSettings.json. Creating defaults!
SCRIPT       : [ExpansionBaseBuildingSettings] Saving settings
SCRIPT       : 00:21:13.220 [EXPANSION DEBUG]: [ExpansionRaidSettings] No existing setting file:$profile:ExpansionMod\Settings\RaidSettings.json. Creating defaults!
SCRIPT       : [ExpansionRaidSettings] Saving settings
SCRIPT       : 00:21:13.222 [EXPANSION DEBUG]: [ExpansionTerritorySettings] No existing setting file:$profile:ExpansionMod\Settings\TerritorySettings.json. Creating defaults!
SCRIPT       : [ExpansionTerritorySettings] Saving settings
SCRIPT       : 00:21:13.223 [EXPANSION DEBUG]: [ExpansionChatSettings] No existing setting file:$profile:ExpansionMod\Settings\ChatSettings.json. Creating defaults!
SCRIPT       : [ExpansionChatSettings] Saving settings
SCRIPT       : [DefineTest] EXPANSIONMOD is defined
SCRIPT       : [DefineTest] EXPANSIONMODAI is defined
SCRIPT       : [DefineTest] EXPANSIONMODBASEBUILDING is defined
SCRIPT       : [DefineTest] EXPANSIONMODBOOK is defined
SCRIPT       : [DefineTest] EXPANSIONMODCHAT is defined
SCRIPT       : [DefineTest] EXPANSIONMODCORE is defined
SCRIPT       : [DefineTest] EXPANSIONMODGARAGE is defined
SCRIPT       : [DefineTest] EXPANSIONMODGROUPS is defined
SCRIPT       : [DefineTest] EXPANSIONMODHARDLINE is defined
SCRIPT       : [DefineTest] EXPANSIONMODKILLFEED is defined
SCRIPT       : [DefineTest] EXPANSIONMODMAPASSETS is defined
SCRIPT       : [DefineTest] EXPANSIONMODMARKET is defined
SCRIPT       : [DefineTest] EXPANSIONMODMISSIONS is defined
SCRIPT       : [DefineTest] EXPANSIONMODNAMETAGS is defined
SCRIPT       : [DefineTest] EXPANSIONMODNAVIGATION is defined
SCRIPT       : [DefineTest] EXPANSIONMODP2PMARKET is defined
SCRIPT       : [DefineTest] EXPANSIONMODPERSONALSTORAGE is defined
SCRIPT       : [DefineTest] EXPANSIONMODQUESTS is defined
SCRIPT       : [DefineTest] EXPANSIONMODSPAWNSELECTION is defined
SCRIPT       : [DefineTest] EXPANSIONMODVEHICLE is defined
SCRIPT       : [DefineTest] EXPANSIONMODWEAPONS is defined
SCRIPT       : [DefineTest] CfgMods:
SCRIPT       : defaultAction
SCRIPT       : DayZ
SCRIPT       : DZ_Expansion_AI_Preload
SCRIPT       : DZ_Expansion_BaseBuilding_Preload
SCRIPT       : DZ_Expansion_Book_Preload
SCRIPT       : DZ_Expansion_Chat_Preload
SCRIPT       : DZ_Expansion_Core_Preload
SCRIPT       : DZ_Expansion_Garage_Preload
SCRIPT       : DZ_Expansion_Groups_Preload
SCRIPT       : DZ_Expansion_Hardline_Preload
SCRIPT       : DZ_Expansion_KillFeed_Preload
SCRIPT       : DZ_Expansion_MapAssets_Preload
SCRIPT       : DZ_Expansion_Market_Preload
SCRIPT       : DZ_Expansion_Missions_Preload
SCRIPT       : DZ_Expansion_ModStorage_Preload
SCRIPT       : DZ_Expansion_NameTags_Preload
SCRIPT       : DZ_Expansion_Navigation_Preload
SCRIPT       : DZ_Expansion_P2PMarket_Preload
SCRIPT       : DZ_Expansion_PersonalStorage_Preload
SCRIPT       : DZ_Expansion_Preload
SCRIPT       : DZ_Expansion_Quests_Preload
SCRIPT       : DZ_Expansion_SpawnSelection_Preload
SCRIPT       : DZ_Expansion_Vehicles_Preload
SCRIPT       : DZ_Expansion_Weapons_Preload
SCRIPT       : DZ_DabsFramework
SCRIPT       : DZ_Expansion_DefineTest
SCRIPT       : DZ_Expansion_MapAssets
SCRIPT       : bliss
SCRIPT       : Esseker
SCRIPT       : JM_CommunityFramework
SCRIPT       : JM_CommunityOnlineTools
SCRIPT       : DZ_Editor_Loader
SCRIPT       : DZ_Expansion_ModStorage
SCRIPT       : Loadingscreen
SCRIPT       : MainMenuMusicMod
SCRIPT       : DZ_Expansion_Core
SCRIPT       : DZ_Expansion_Garage
SCRIPT       : DZ_Expansion_Groups
SCRIPT       : DZ_Expansion_Market
SCRIPT       : DZ_Expansion_Missions
SCRIPT       : DZ_Expansion_NameTags
SCRIPT       : DZ_Expansion_Navigation
SCRIPT       : DZ_Expansion_NotificationScheduler
SCRIPT       : DZ_Expansion_P2PMarket
SCRIPT       : DZ_Expansion_PersonalStorage
SCRIPT       : DZ_Expansion_PersonalStorageNew
SCRIPT       : DZ_Expansion_PlayerList
SCRIPT       : DZ_Expansion
SCRIPT       : DZ_Expansion_SpawnSelection
SCRIPT       : DZ_Expansion_VanillaFixes
SCRIPT       : DZ_Expansion_Vehicles
SCRIPT       : DZ_Expansion_Weapons
SCRIPT       : DZ_Expansion_AI
SCRIPT       : DZ_Expansion_BaseBuilding
SCRIPT       : DZ_Expansion_Book
SCRIPT       : DZ_Expansion_Chat
SCRIPT       : DZ_Expansion_Hardline
SCRIPT       : DZ_Expansion_Quests
SCRIPT       : DZ_Expansion_VirtualContainerStorage
SCRIPT       : 00:21:13.237 [EXPANSION DEBUG]: ModStorage v5
SCRIPT       : [EditorLoader] No files found, exiting
SCRIPT       : ExpansionMarketItem marketItem = ExpansionMarketItem<56dd01b0>
SCRIPT       : int worth =   1
SCRIPT       : Found 0 zones!
SCRIPT       : 00:26:21.792 [EXPANSION DEBUG]: [ExpansionMissionEventAirdrop] Adjusted container weights:
SCRIPT       : 00:26:21.792 [EXPANSION DEBUG]: ExpansionAirdropContainer 5
SCRIPT       : 00:26:21.792 [EXPANSION DEBUG]: ExpansionAirdropContainer_Medical 10
SCRIPT       : 00:26:21.792 [EXPANSION DEBUG]: ExpansionAirdropContainer_Basebuilding 15
SCRIPT       : 00:26:21.792 [EXPANSION DEBUG]: ExpansionAirdropContainer_Military 20
SCRIPT       : 00:26:21.792 [EXPANSION DEBUG]: ExpansionAirdropPlane::GetSpawnPoint - drop position <10912.320313, 0.000000, 5564.363770> - map is Esseker - size 12800 - center <2560.000000, 300.000000, 2560.000000>
SCRIPT       : 00:26:21.792 [EXPANSION DEBUG]: ExpansionAirdropPlane::GetSpawnPoint - selected spawn point <469.623718, 638.000000, 0.000000>
SCRIPT       : 00:34:18.430 [EXPANSION LOG]: ExpansionAirdropContainerBase<679ed360> InitAirdrop - total weight (kg) 390.947 - nominal fall speed 4.72737 m/s, wind impact strength 0.142421
SCRIPT       : [EditorLoader] Sent Deleted objects in 0s
SCRIPT       : 00:34:59.776 [EXPANSION DEBUG]: ExpansionQuestModule<b6fe9c20> Sending 24 quest configs to client with UID: mBNlxASsPlOcry0dpDl8K-WgHNR5WMCMmoJ9NhpU4FY=
SCRIPT       : 00:34:59.776 [EXPANSION DEBUG]: ExpansionQuestModule<b6fe9c20> Sending player quest data for 4 quests to player with UID: mBNlxASsPlOcry0dpDl8K-WgHNR5WMCMmoJ9NhpU4FY=
SCRIPT       : 00:34:59.780 [EXPANSION DEBUG]: ExpansionQuestModule<b6fe9c20> Quest configs already synched for player with UID: mBNlxASsPlOcry0dpDl8K-WgHNR5WMCMmoJ9NhpU4FY=
SCRIPT       : 00:34:59.780 [EXPANSION DEBUG]: ExpansionQuestModule<b6fe9c20> Sending player quest data for quest ID 14 to player with UID: mBNlxASsPlOcry0dpDl8K-WgHNR5WMCMmoJ9NhpU4FY=
SCRIPT       : 00:34:59.782 [EXPANSION DEBUG]: ExpansionQuestModule<b6fe9c20> Quest configs already synched for player with UID: mBNlxASsPlOcry0dpDl8K-WgHNR5WMCMmoJ9NhpU4FY=
SCRIPT       : 00:34:59.782 [EXPANSION DEBUG]: ExpansionQuestModule<b6fe9c20> Sending player quest data for quest ID 14 to player with UID: mBNlxASsPlOcry0dpDl8K-WgHNR5WMCMmoJ9NhpU4FY=
SCRIPT       : 00:35:25.059 [EXPANSION DEBUG]: ExpansionItemSpawnHelper::Clone - created AKS74U:16689 at location { type=HANDS item=AKS74U:16736 parent=eAI_SurvivorM_Oliver:4:INSTANCETYPE_AI_SERVER }
SCRIPT       : 00:35:25.059 [EXPANSION DEBUG]: ExpansionItemSpawnHelper::Clone - created AKS74U_Bttstck:16688 at location { type=ATTACHMENT item=null parent=AKS74U:16689 slot=weaponButtstockAK }
SCRIPT       : 00:35:25.060 [EXPANSION DEBUG]: ExpansionItemSpawnHelper::Clone - created Mag_AK74_30Rnd:16687 at location { type=ATTACHMENT item=null parent=AKS74U:16689 slot=magazine }
SCRIPT       : 00:35:25.148 [EXPANSION DEBUG]: ExpansionItemSpawnHelper::Clone - created AKM:16869 at location { type=HANDS item=AKM:16704 parent=eAI_SurvivorF_Helga:5:INSTANCETYPE_AI_SERVER }
SCRIPT       : 00:35:25.148 [EXPANSION DEBUG]: ExpansionItemSpawnHelper::Clone - created AK_WoodHndgrd:16736 at location { type=ATTACHMENT item=null parent=AKM:16869 slot=weaponHandguardAK }
SCRIPT       : 00:35:25.148 [EXPANSION DEBUG]: ExpansionItemSpawnHelper::Clone - created AK_PlasticBttstck:16726 at location { type=ATTACHMENT item=null parent=AKM:16869 slot=weaponButtstockAK }
SCRIPT       : 00:35:25.148 [EXPANSION DEBUG]: ExpansionItemSpawnHelper::Clone - created Mag_AKM_30Rnd:16727 at location { type=ATTACHMENT item=null parent=AKM:16869 slot=magazine }
SCRIPT       : 00:35:25.149 [EXPANSION DEBUG]: ExpansionItemSpawnHelper::Clone - created KobraOptic:16870 at location { type=ATTACHMENT item=null parent=AKM:16869 slot=weaponOpticsAK }
SCRIPT       : 00:35:25.149 [EXPANSION DEBUG]: ExpansionItemSpawnHelper::Clone - created Battery9V:16871 at location { type=ATTACHMENT item=null parent=KobraOptic:16870 slot=BatteryD }
SCRIPT       : 00:35:25.157 [EXPANSION DEBUG]: ExpansionItemSpawnHelper::Clone - created UMP45:16674 at location { type=HANDS item=UMP45:16730 parent=eAI_SurvivorF_Irena:3:INSTANCETYPE_AI_SERVER }
SCRIPT       : 00:35:25.157 [EXPANSION DEBUG]: ExpansionItemSpawnHelper::Clone - created Mag_UMP_25Rnd:16704 at location { type=ATTACHMENT item=null parent=UMP45:16674 slot=magazine }
SCRIPT       : [Logout]: New player mBNlxASsPlOcry0dpDl8K-WgHNR5WMCMmoJ9NhpU4FY= with logout time 15
SCRIPT       : 00:35:53.136 [EXPANSION DEBUG]: ExpansionQuestPersistentData<80440790>~ExpansionQuestPersistentData (4)
SCRIPT       : [Logout]: Player mBNlxASsPlOcry0dpDl8K-WgHNR5WMCMmoJ9NhpU4FY= finished
SCRIPT       : 00:45:18.381 [EXPANSION DEBUG]: Player is prone w/ item in hand, applying workaround for T176038 by dropping hand item to ground prematurely UMP45_Base<7dd69a70>
SCRIPT       : 00:45:52.698 [EXPANSION DEBUG]: Player is prone w/ item in hand, applying workaround for T176038 by dropping hand item to ground prematurely AKM_Base<7dd61040>
SCRIPT       : 00:45:52.698 [EXPANSION DEBUG]: Player is prone w/ item in hand, applying workaround for T176038 by dropping hand item to ground prematurely AKS74U<7dd61cd0>
SCRIPT       : [ExpansionAirdropContainerManager] Container at <10998.975586, 84.050125, 5636.054688> was deleted
SCRIPT       : ExpansionAirdropContainerManager::DeleteSingleInfected
SCRIPT       : ExpansionAirdropContainerManager::DeleteSingleInfected
SCRIPT       : ExpansionAirdropContainerManager::DeleteSingleInfected
SCRIPT       : ExpansionAirdropContainerManager::DeleteSingleInfected
SCRIPT       : ExpansionAirdropContainerManager::DeleteSingleInfected
SCRIPT       : ExpansionAirdropContainerManager::DeleteSingleInfected
SCRIPT       : ExpansionAirdropContainerManager::DeleteSingleInfected
SCRIPT       : ExpansionAirdropContainerManager::DeleteSingleInfected
SCRIPT       : ExpansionAirdropContainerManager::DeleteSingleInfected
SCRIPT       : ExpansionAirdropContainerManager::DeleteSingleInfected
SCRIPT       : ExpansionAirdropContainerManager::DeleteSingleInfected
SCRIPT       : ExpansionAirdropContainerManager::DeleteSingleInfected
SCRIPT       : ExpansionAirdropContainerManager::DeleteSingleInfected
SCRIPT       : ExpansionAirdropContainerManager::DeleteSingleInfected
SCRIPT       : ExpansionAirdropContainerManager::DeleteSingleInfected
SCRIPT       : ExpansionAirdropContainerManager::DeleteSingleInfected
SCRIPT       : ExpansionAirdropContainerManager::DeleteSingleInfected
SCRIPT       : ExpansionAirdropContainerManager::DeleteSingleInfected
SCRIPT       : ExpansionAirdropContainerManager::DeleteSingleInfected
SCRIPT       : ExpansionAirdropContainerManager::DeleteSingleInfected
SCRIPT       : ExpansionAirdropContainerManager::DeleteSingleInfected
SCRIPT       : ExpansionAirdropContainerManager::DeleteSingleInfected
SCRIPT       : ExpansionAirdropContainerManager::DeleteSingleInfected
SCRIPT       : ExpansionAirdropContainerManager::DeleteSingleInfected
SCRIPT       : ExpansionAirdropContainerManager::DeleteSingleInfected
SCRIPT       : ExpansionAirdropContainerManager::DeleteSingleInfected
SCRIPT       : ExpansionAirdropContainerManager::DeleteSingleInfected
SCRIPT       : ExpansionAirdropContainerManager::DeleteSingleInfected
SCRIPT       : ExpansionAirdropContainerManager::DeleteSingleInfected
SCRIPT       : ExpansionAirdropContainerManager::DeleteSingleInfected
SCRIPT       : ExpansionAirdropContainerManager::DeleteSingleInfected
SCRIPT       : ExpansionAirdropContainerManager::DeleteSingleInfected
SCRIPT       : ExpansionAirdropContainerManager::DeleteSingleInfected
SCRIPT       : ExpansionAirdropContainerManager::DeleteSingleInfected
SCRIPT       : ExpansionAirdropContainerManager::DeleteSingleInfected
SCRIPT       : ExpansionAirdropContainerManager::DeleteSingleInfected
SCRIPT       : ExpansionAirdropContainerManager::DeleteSingleInfected
SCRIPT       : ExpansionAirdropContainerManager::DeleteSingleInfected
SCRIPT       : ~ExpansionAirdropContainerManager
SCRIPT       : [EditorLoader] Sent Deleted objects in 0s
SCRIPT       : 01:18:13.321 [EXPANSION DEBUG]: ExpansionQuestModule<b6fe9c20> Sending 24 quest configs to client with UID: BlCTbSRV5QYaEKP-S_Hg4CG7zCAg90tKLTciEKHy8Pc=
SCRIPT       : 01:18:13.321 [EXPANSION DEBUG]: ExpansionQuestModule<b6fe9c20> Sending player quest data for 4 quests to player with UID: BlCTbSRV5QYaEKP-S_Hg4CG7zCAg90tKLTciEKHy8Pc=
SCRIPT       : 01:18:13.325 [EXPANSION DEBUG]: ExpansionQuestModule<b6fe9c20> Quest configs already synched for player with UID: BlCTbSRV5QYaEKP-S_Hg4CG7zCAg90tKLTciEKHy8Pc=
SCRIPT       : 01:18:13.325 [EXPANSION DEBUG]: ExpansionQuestModule<b6fe9c20> Sending player quest data for quest ID 14 to player with UID: BlCTbSRV5QYaEKP-S_Hg4CG7zCAg90tKLTciEKHy8Pc=
SCRIPT       : 01:18:13.328 [EXPANSION DEBUG]: ExpansionQuestModule<b6fe9c20> Quest configs already synched for player with UID: BlCTbSRV5QYaEKP-S_Hg4CG7zCAg90tKLTciEKHy8Pc=
SCRIPT       : 01:18:13.328 [EXPANSION DEBUG]: ExpansionQuestModule<b6fe9c20> Sending player quest data for quest ID 14 to player with UID: BlCTbSRV5QYaEKP-S_Hg4CG7zCAg90tKLTciEKHy8Pc=
SCRIPT       : [Logout]: New player BlCTbSRV5QYaEKP-S_Hg4CG7zCAg90tKLTciEKHy8Pc= with logout time 15
SCRIPT       : 01:18:44.812 [EXPANSION DEBUG]: ExpansionQuestPersistentData<74a8ccc0>~ExpansionQuestPersistentData (4)
SCRIPT       : [Logout]: Player BlCTbSRV5QYaEKP-S_Hg4CG7zCAg90tKLTciEKHy8Pc= finished
