---------------------------------------------
Log C:\Users\Admin\Documents\Esseker\servers\0\profiles\script_2024-01-27_14-36-39.log started at 27.01. 14:36:39

SCRIPT       : Registered 398 temporary action enum(s), UAN==398
SCRIPT    (W): @"GameLabs/Scripts/3_Game/API/*бхоЦотц.ogg,265": Possible variable name conflict 'player'
SCRIPT    (W): @"GameLabs/Scripts/3_Game/API/*бхоЦотц.ogg,265": Possible variable name conflict 'murderer'
SCRIPT    (W): @"GameLabs/Scripts/3_Game/API/*бхоЦотц.ogg,265": Possible variable name conflict 'weapon'
SCRIPT    (W): @"GameLabs/Scripts/3_Game/API/*бхоЦотц.ogg,265": Possible variable name conflict 'weaponNiceName'
SCRIPT    (W): @"GameLabs/Scripts/3_Game/API/*бхоЦотц.ogg,154": Possible variable name conflict 'initial'
SCRIPT    (W): @"GameLabs/Scripts/3_Game/API/*бхоЦотц.ogg,154": Possible variable name conflict 'interval'
SCRIPT    (W): @"GameLabs/Scripts/3_Game/API/*бхоЦотц.ogg,154": Possible variable name conflict 'added'
SCRIPT    (W): @"GameLabs/Scripts/3_Game/API/*бхоЦотц.ogg,154": Possible variable name conflict 'removed'
SCRIPT    (W): @"GameLabs/Scripts/3_Game/API/*бхоЦотц.ogg,243": Possible variable name conflict 'initial'
SCRIPT    (W): @"GameLabs/Scripts/3_Game/API/*бхоЦотц.ogg,243": Possible variable name conflict 'interval'
SCRIPT    (W): @"GameLabs/Scripts/3_Game/API/*бхоЦотц.ogg,243": Possible variable name conflict 'updated'
SCRIPT    (W): @"GameLabs/Scripts/3_Game/?їкЮСч.rvmat,29": Possible variable name conflict 'modId'
SCRIPT    (W): @"GameLabs/Scripts/3_Game/?їкЮСч.rvmat,29": Possible variable name conflict 'key'
SCRIPT    (W): @"GameLabs/Scripts/3_Game/Эџрѓљ?зјѐ.ogg,207": Possible variable name conflict 'status'
SCRIPT    (W): @"GameLabs/Scripts/3_Game/3_Hooking/оі?Унёџ.p3d,8": Possible variable name conflict 'uid'
SCRIPT    (W): @"GameLabs/Scripts/3_Game/3_Hooking/оі?Унёџ.p3d,8": Possible variable name conflict 'sessionKey'
SCRIPT    (W): @"GameLabs/Scripts/3_Game/3_Hooking/оі?Унёџ.p3d,8": Possible variable name conflict 'host'
SCRIPT    (W): @"GameLabs/Scripts/3_Game/3_Hooking/оі?Унёџ.p3d,8": Possible variable name conflict 'port'
SCRIPT    (W): @"GameLabs/Scripts/3_Game/?їкЮСч.rvmat,15": Possible variable name conflict 'modId'
SCRIPT    (W): @"GameLabs/Scripts/3_Game/?їкЮСч.rvmat,15": Possible variable name conflict 'key'
SCRIPT    (W): @"GameLabs/Scripts/3_Game/?їкЮСч.rvmat,15": Possible variable name conflict 'value'
SCRIPT    (W): @"GameLabs/Scripts/3_Game/Эџрѓљ?зјѐ.ogg,226": Possible variable name conflict 'responseType'
SCRIPT    (W): @"GameLabs/Scripts/3_Game/Эџрѓљ?зјѐ.ogg,226": Possible variable name conflict 'webhookUrl'
SCRIPT    (W): @"GameLabs/Scripts/3_Game/Эџрѓљ?зјѐ.ogg,264": Possible variable name conflict 'object'
SCRIPT    (W): @"GameLabs/Scripts/3_Game/API/*бхоЦотц.ogg,443": Possible variable name conflict 'operation'
SCRIPT    (W): @"GameLabs/Scripts/3_Game/API/*бхоЦотц.ogg,443": Possible variable name conflict 'key'
SCRIPT    (W): @"GameLabs/Scripts/3_Game/API/*бхоЦотц.ogg,443": Possible variable name conflict 'value'
SCRIPT    (W): @"GameLabs/Scripts/3_Game/API/*бхоЦотц.ogg,443": Possible variable name conflict 'expires'
SCRIPT    (W): @"GameLabs/Scripts/3_Game/ЫђЩюђт?ќ.wsi,75": Possible variable name conflict 'debugEnabled'
SCRIPT    (W): @"GameLabs/Scripts/3_Game/Эџрѓљ?зјѐ.ogg,26": Possible variable name conflict '_reference'
SCRIPT    (W): @"GameLabs/Scripts/3_Game/API/*бхоЦотц.ogg,346": Possible variable name conflict 'player'
SCRIPT    (W): @"GameLabs/Scripts/3_Game/API/*бхоЦотц.ogg,346": Possible variable name conflict 'channel'
SCRIPT    (W): @"GameLabs/Scripts/3_Game/API/*бхоЦотц.ogg,346": Possible variable name conflict 'message'
SCRIPT    (W): @"GameLabs/Scripts/3_Game/API/*бхоЦотц.ogg,398": Possible variable name conflict 'items'
SCRIPT    (W): @"GameLabs/Scripts/3_Game/API/*бхоЦотц.ogg,362": Possible variable name conflict 'steam64'
SCRIPT    (W): @"GameLabs/Scripts/3_Game/API/*бхоЦотц.ogg,362": Possible variable name conflict 'position'
SCRIPT    (W): @"GameLabs/Scripts/3_Game/Эџрѓљ?зјѐ.ogg,107": Possible variable name conflict 'displayName'
SCRIPT    (W): @"GameLabs/Scripts/3_Game/Эџрѓљ?зјѐ.ogg,107": Possible variable name conflict 'description'
SCRIPT    (W): @"GameLabs/Scripts/3_Game/Эџрѓљ?зјѐ.ogg,107": Possible variable name conflict 'dataType'
SCRIPT    (W): @"GameLabs/Scripts/3_Game/API/*ѝъдЮђШХыїХ.p3d,62": Possible variable name conflict 'serverId'
SCRIPT    (W): @"GameLabs/Scripts/3_Game/API/*ѝъдЮђШХыїХ.p3d,62": Possible variable name conflict 'apiKey'
SCRIPT    (W): @"GameLabs/Scripts/3_Game/API/*ѝъдЮђШХыїХ.p3d,62": Possible variable name conflict 'baseUrl'
SCRIPT    (W): @"GameLabs/Scripts/3_Game/API/*ѝъдЮђШХыїХ.p3d,62": Possible variable name conflict 'storeUrl'
SCRIPT    (W): @"GameLabs/Scripts/3_Game/API/*ѝъдЮђШХыїХ.p3d,81": Possible variable name conflict 'authKey'
SCRIPT    (W): @"GameLabs/Scripts/3_Game/?їкЮСч.rvmat,61": Possible variable name conflict 'modId'
SCRIPT    (W): @"GameLabs/Scripts/3_Game/?їкЮСч.rvmat,61": Possible variable name conflict 'key'
SCRIPT    (W): @"GameLabs/Scripts/3_Game/?їкЮСч.rvmat,61": Possible variable name conflict 'value'
SCRIPT    (W): @"GameLabs/Scripts/3_Game/API/*бхоЦотц.ogg,512": Possible variable name conflict 'content'
SCRIPT    (W): @"GameLabs/Scripts/3_Game/?їкЮСч.rvmat,46": Possible variable name conflict 'modId'
SCRIPT    (W): @"GameLabs/Scripts/3_Game/?їкЮСч.rvmat,46": Possible variable name conflict 'key'
SCRIPT    (W): @"GameLabs/Scripts/3_Game/?їкЮСч.rvmat,46": Possible variable name conflict 'value'
SCRIPT    (W): @"GameLabs/Scripts/3_Game/API/*бхоЦотц.ogg,199": Possible variable name conflict 'initial'
SCRIPT    (W): @"GameLabs/Scripts/3_Game/API/*бхоЦотц.ogg,199": Possible variable name conflict 'interval'
SCRIPT    (W): @"GameLabs/Scripts/3_Game/API/*бхоЦотц.ogg,199": Possible variable name conflict 'added'
SCRIPT    (W): @"GameLabs/Scripts/3_Game/API/*бхоЦотц.ogg,199": Possible variable name conflict 'updated'
SCRIPT    (W): @"GameLabs/Scripts/3_Game/API/*бхоЦотц.ogg,199": Possible variable name conflict 'removed'
SCRIPT    (W): @"GameLabs/Scripts/3_Game/Эџрѓљ?зјѐ.ogg,5": Possible variable name conflict '_reference'
SCRIPT    (W): @"GameLabs/Scripts/3_Game/?їкЮСч.rvmat,77": Possible variable name conflict 'modId'
SCRIPT    (W): @"GameLabs/Scripts/3_Game/API/*ѝъдЮђШХыїХ.p3d,10": Possible variable name conflict 'status'
SCRIPT    (W): @"GameLabs/Scripts/3_Game/API/*ѝъдЮђШХыїХ.p3d,10": Possible variable name conflict 'error'
SCRIPT    (W): @"GameLabs/Scripts/3_Game/API/*бхоЦотц.ogg,313": Possible variable name conflict 'player'
SCRIPT    (W): @"GameLabs/Scripts/3_Game/API/*бхоЦотц.ogg,313": Possible variable name conflict 'item'
SCRIPT    (W): @"GameLabs/Scripts/3_Game/API/*бхоЦотц.ogg,313": Possible variable name conflict 'target'
SCRIPT    (W): @"GameLabs/Scripts/3_Game/API/*бхоЦотц.ogg,313": Possible variable name conflict 'action'
SCRIPT    (W): @"GameLabs/Scripts/3_Game/API/*бхоЦотц.ogg,41": Possible variable name conflict 'serverId'
SCRIPT    (W): @"GameLabs/Scripts/3_Game/API/*бхоЦотц.ogg,41": Possible variable name conflict 'apiKey'
SCRIPT    (W): @"GameLabs/Scripts/3_Game/API/*бхоЦотц.ogg,41": Possible variable name conflict 'flagReauth'
SCRIPT    (W): @"GameLabs/Scripts/3_Game/Эџрѓљ?зјѐ.ogg,47": Possible variable name conflict 'className'
SCRIPT    (W): @"GameLabs/Scripts/3_Game/Эџрѓљ?зјѐ.ogg,47": Possible variable name conflict 'icon'
SCRIPT    (W): @"GameLabs/Scripts/3_Game/Эџрѓљ?зјѐ.ogg,47": Possible variable name conflict '_reference'
SCRIPT    (W): @"GameLabs/Scripts/3_Game/API/*бхоЦотц.ogg,420": Possible variable name conflict 'operation'
SCRIPT    (W): @"GameLabs/Scripts/3_Game/API/*бхоЦотц.ogg,420": Possible variable name conflict 'key'
SCRIPT    (W): @"GameLabs/Scripts/3_Game/API/*бхоЦотц.ogg,420": Possible variable name conflict 'value'
SCRIPT    (W): @"GameLabs/Scripts/3_Game/API/*бхоЦотц.ogg,420": Possible variable name conflict 'expires'
SCRIPT    (W): @"GameLabs/Scripts/3_Game/API/*бхоЦотц.ogg,390": Possible variable name conflict 'className'
SCRIPT    (W): @"GameLabs/Scripts/3_Game/API/*бхоЦотц.ogg,390": Possible variable name conflict 'displayName'
SCRIPT    (W): @"GameLabs/Scripts/3_Game/API/*бхоЦотц.ogg,289": Possible variable name conflict 'player'
SCRIPT    (W): @"GameLabs/Scripts/3_Game/API/*бхоЦотц.ogg,289": Possible variable name conflict 'murderer'
SCRIPT    (W): @"GameLabs/Scripts/3_Game/API/*бхоЦотц.ogg,289": Possible variable name conflict 'weapon'
SCRIPT    (W): @"GameLabs/Scripts/3_Game/API/*бхоЦотц.ogg,289": Possible variable name conflict 'damage'
SCRIPT    (W): @"GameLabs/Scripts/3_Game/API/*бхоЦотц.ogg,289": Possible variable name conflict 'zone'
SCRIPT    (W): @"GameLabs/Scripts/3_Game/ёТђ?жЬѐЪТсР.wsi,11": Possible variable name conflict 'modIdentifier'
SCRIPT    (W): @"GameLabs/Scripts/3_Game/ёТђ?жЬѐЪТсР.wsi,11": Possible variable name conflict 'allowDebug'
SCRIPT    (W): @"GameLabs/Scripts/3_Game/ёТђ?жЬѐЪТсР.wsi,11": Possible variable name conflict 'logrotate'
SCRIPT    (W): @"GameLabs/Scripts/3_Game/ёТђ?жЬѐЪТсР.wsi,20": Possible variable name conflict 'allowDebug'
SCRIPT    (W): @"GameLabs/Scripts/3_Game/API/*бхоЦотц.ogg,330": Possible variable name conflict 'player'
SCRIPT    (W): @"GameLabs/Scripts/3_Game/API/*бхоЦотц.ogg,330": Possible variable name conflict 'item'
SCRIPT    (W): @"GameLabs/Scripts/3_Game/Эџрѓљ?зјѐ.ogg,64": Possible variable name conflict 'contextType'
SCRIPT    (W): @"GameLabs/Scripts/3_Game/Эџрѓљ?зјѐ.ogg,64": Possible variable name conflict 'referencedObject'
SCRIPT    (W): @"GameLabs/Scripts/3_Game/Эџрѓљ?зјѐ.ogg,64": Possible variable name conflict 'parameters'
SCRIPT    (W): @"GameLabs/Scripts/3_Game/Эџрѓљ?зјѐ.ogg,75": Unsafe down-casting, use 'Object.Cast' for safe down-casting
SCRIPT       : Registering faction type eAIFactionShamans ID -1484989417
SCRIPT       : Registering faction type eAIFactionObservers ID -563736721
SCRIPT       : Registering faction type eAIFactionInvincibleObservers ID -1227299746
SCRIPT       : Registering faction type eAIFactionEast ID 90522109
SCRIPT       : Registering faction type eAIFactionGuards ID 963933710
SCRIPT       : Registering faction type eAIFactionRaiders ID 1535276022
SCRIPT       : Registering faction type eAIFactionYeetBrigade ID 1408543989
SCRIPT       : Registering faction type eAIFactionMercenaries ID 1629891834
SCRIPT       : Registering faction type eAIFactionWest ID 113880155
SCRIPT       : Registering faction type eAIFactionCivilian ID 1096178351
SCRIPT       : Registering faction type eAIFactionPassive ID -1159399789
SCRIPT       : Registering faction type eAIFactionInvincibleYeetBrigade ID -1118767876
SCRIPT       : Registering faction type eAIFactionInvincibleGuards ID 782746017
SCRIPT       : ... Backlit Effects Enabled
SCRIPT       : 14:36:40 [EXPANSION LOG]: DayZGame<7637fd90> Start time (local time) 2024-01-27 14:36:37
SCRIPT       : 14:36:40 [EXPANSION LOG]: DayZGame<7637fd90> Start time (UTC) 2024-01-27 19:36:37
SCRIPT       : 14:36:40 [EXPANSION LOG]: DayZGame<7637fd90> Runtime since start (seconds) 3.723
SCRIPT    (W): @"GameLabs/Scripts/4_World/4_Hooking/ЦЮљ?їЮТзЪ.jpg,261": Missing ';' at the end of line
SCRIPT    (W): @"GameLabs/Scripts/4_World/4_Hooking/лђШ?зы.rvmat,2": FIX-ME: Overriding function 'OnContinouousAction' but not marked as 'override'
SCRIPT    (W): @"GameLabs/Scripts/4_World/4_Hooking/лђШ?зы.rvmat,42": FIX-ME: Overriding function 'OnPlacementComplete' but not marked as 'override'
SCRIPT    (W): @"GameLabs/Scripts/4_World/4_Hooking/?эшѕљнюѕѐў.rvmat,33": Possible variable name conflict '_registeredInstance'
SCRIPT    (W): @"GameLabs/Scripts/4_World/4_Hooking/япчЫѝы?б.jpg,288": No need to use 'Cast' for up-casting
SCRIPT    (W): @"GameLabs/Scripts/4_World/4_Hooking/ЦЮљ?їЮТзЪ.jpg,74": Possible variable name conflict 'deviation'
SCRIPT       : Registering faction type eAIFactionLunatics ID 1167351711
SCRIPT       : Registering faction type eAIFactionInfected ID 1371958374
SCRIPT    (W): @"JM/COT/Scripts/5_Mission/communityonlinetools\modules\object\jmobjectspawnermodule.c,635": Missing ';' at the end of line
SCRIPT    (W): @"JM/COT/Scripts/5_Mission/communityonlinetools\modules\object\jmobjectspawnermodule.c,637": Missing ';' at the end of line
SCRIPT    (W): @"MainMenuMusicMod\scripts\5_Mission/mission\moddedmissionmainmenu.c,17": FIX-ME: Overriding function 'PlayMusic' but not marked as 'override'
SCRIPT    (W): @"GameLabs/Scripts/5_Mission/вХіт?юЮюде.jpg,80": Possible variable name conflict 'gamesession_id'
SCRIPT       : Expansion version: 1.8.38
SCRIPT       : 14:36:48.886 [EXPANSION DEBUG]: [ExpansionDebugSettings] Load existing setting file:$profile:ExpansionMod\Settings\DebugSettings.json
SCRIPT       : 14:36:48.886 [EXPANSION DEBUG]: [ExpansionLogSettings] Load existing setting file:$profile:ExpansionMod\Settings\LogsSettings.json
SCRIPT       : 14:36:48.890 [EXPANSION DEBUG]: [ExpansionNotificationSettings] Load existing setting file:$profile:ExpansionMod\Settings\NotificationSettings.json
SCRIPT       : 14:36:48.890 [EXPANSION DEBUG]: [ExpansionMonitoringSettings] Load existing setting file:$profile:ExpansionMod\Settings\MonitoringSettings.json
SCRIPT       : 14:36:48.890 [EXPANSION DEBUG]: [ExpansionDamageSystemSettings] Load existing setting file:$profile:ExpansionMod\Settings\DamageSystemSettings.json
SCRIPT       : 14:36:48.890 [EXPANSION DEBUG]: [ExpansionPartySettings] Load existing setting file:$profile:ExpansionMod\Settings\PartySettings.json
SCRIPT       : 14:36:48.890 [EXPANSION DEBUG]: [ExpansionHardlineSettings] Load existing setting file:$mission:expansion\settings\HardlineSettings.json
SCRIPT       : 14:36:48.898 [EXPANSION DEBUG]: [ExpansionMarketSettings] Load existing setting file:$mission:expansion\settings\MarketSettings.json
SCRIPT       : ExpansionMarketSettings::LoadCategories - Adding category ID 1 (Ammo)
SCRIPT       : ExpansionMarketSettings::LoadCategories - Adding category ID 2 (Ammo_Boxes)
SCRIPT       : ExpansionMarketSettings::LoadCategories - Adding category ID 3 (Armbands)
SCRIPT       : ExpansionMarketSettings::LoadCategories - Adding category ID 4 (Assault_Rifles)
SCRIPT       : ExpansionMarketSettings::LoadCategories - Adding category ID 5 (Backpacks)
SCRIPT       : ExpansionMarketSettings::LoadCategories - Adding category ID 6 (Bandanas)
SCRIPT       : ExpansionMarketSettings::LoadCategories - Adding category ID 7 (Batteries)
SCRIPT       : ExpansionMarketSettings::LoadCategories - Adding category ID 8 (Bayonets)
SCRIPT       : ExpansionMarketSettings::LoadCategories - Adding category ID 9 (Belts)
SCRIPT       : ExpansionMarketSettings::LoadCategories - Adding category ID 10 (Blouses_And_Suits)
SCRIPT       : ExpansionMarketSettings::LoadCategories - Adding category ID 11 (Boats)
SCRIPT       : ExpansionMarketSettings::LoadCategories - Adding category ID 12 (Boots_And_Shoes)
SCRIPT       : ExpansionMarketSettings::LoadCategories - Adding category ID 13 (Buttstocks)
SCRIPT       : ExpansionMarketSettings::LoadCategories - Adding category ID 14 (Caps)
SCRIPT       : ExpansionMarketSettings::LoadCategories - Adding category ID 15 (Cars)
SCRIPT       : ExpansionMarketSettings::LoadCategories - Adding category ID 16 (Coats_And_Jackets)
SCRIPT       : ExpansionMarketSettings::LoadCategories - Adding category ID 17 (Containers)
SCRIPT       : ExpansionMarketSettings::LoadCategories - Adding category ID 18 (Crossbows)
SCRIPT       : ExpansionMarketSettings::LoadCategories - Adding category ID 19 (Drinks)
SCRIPT       : ExpansionMarketSettings::LoadCategories - Adding category ID 20 (Electronics)
SCRIPT       : ExpansionMarketSettings::LoadCategories - Adding category ID 21 (Event)
SCRIPT       : ExpansionMarketSettings::LoadCategories - Adding category ID 22 (Exchange)
SCRIPT       : ExpansionMarketSettings::LoadCategories - Adding category ID 23 (Explosives_And_Grenades)
SCRIPT       : ExpansionMarketSettings::LoadCategories - Adding category ID 24 (Eyewear)
SCRIPT       : ExpansionMarketSettings::LoadCategories - Adding category ID 25 (Fish)
SCRIPT       : ExpansionMarketSettings::LoadCategories - Adding category ID 26 (Fishing)
SCRIPT       : ExpansionMarketSettings::LoadCategories - Adding category ID 27 (Flags)
SCRIPT       : ExpansionMarketSettings::LoadCategories - Adding category ID 28 (Food)
SCRIPT       : ExpansionMarketSettings::LoadCategories - Adding category ID 29 (Fruit_And_Vegetables)
SCRIPT       : ExpansionMarketSettings::LoadCategories - Adding category ID 30 (Furnishings)
SCRIPT       : ExpansionMarketSettings::LoadCategories - Adding category ID 31 (Gardening)
SCRIPT       : ExpansionMarketSettings::LoadCategories - Adding category ID 32 (Ghillies)
SCRIPT       : ExpansionMarketSettings::LoadCategories - Adding category ID 33 (Gloves)
SCRIPT       : ExpansionMarketSettings::LoadCategories - Adding category ID 34 (Handguards)
SCRIPT       : ExpansionMarketSettings::LoadCategories - Adding category ID 35 (Hats_And_Hoods)
SCRIPT       : ExpansionMarketSettings::LoadCategories - Adding category ID 36 (Helicopters)
SCRIPT       : ExpansionMarketSettings::LoadCategories - Adding category ID 37 (Helmets)
SCRIPT       : ExpansionMarketSettings::LoadCategories - Adding category ID 38 (Holsters_And_Pouches)
SCRIPT       : ExpansionMarketSettings::LoadCategories - Adding category ID 39 (Kits)
SCRIPT       : ExpansionMarketSettings::LoadCategories - Adding category ID 40 (Knifes)
SCRIPT       : ExpansionMarketSettings::LoadCategories - Adding category ID 41 (Launchers)
SCRIPT       : ExpansionMarketSettings::LoadCategories - Adding category ID 42 (Lights)
SCRIPT       : ExpansionMarketSettings::LoadCategories - Adding category ID 43 (Liquids)
SCRIPT       : ExpansionMarketSettings::LoadCategories - Adding category ID 44 (Locks)
SCRIPT       : ExpansionMarketSettings::LoadCategories - Adding category ID 45 (Magazines)
SCRIPT       : ExpansionMarketSettings::LoadCategories - Adding category ID 46 (Masks)
SCRIPT       : ExpansionMarketSettings::LoadCategories - Adding category ID 47 (Meat)
SCRIPT       : ExpansionMarketSettings::LoadCategories - Adding category ID 48 (Medical)
SCRIPT       : ExpansionMarketSettings::LoadCategories - Adding category ID 49 (Melee_Weapons)
SCRIPT       : ExpansionMarketSettings::LoadCategories - Adding category ID 50 (Muzzles)
SCRIPT       : ExpansionMarketSettings::LoadCategories - Adding category ID 51 (Navigation)
SCRIPT       : ExpansionMarketSettings::LoadCategories - Adding category ID 52 (Optics)
SCRIPT       : ExpansionMarketSettings::LoadCategories - Adding category ID 53 (Pants_And_Shorts)
SCRIPT       : ExpansionMarketSettings::LoadCategories - Adding category ID 54 (Pistols)
SCRIPT       : ExpansionMarketSettings::LoadCategories - Adding category ID 55 (Rifles)
SCRIPT       : ExpansionMarketSettings::LoadCategories - Adding category ID 56 (Shirts_And_TShirts)
SCRIPT       : ExpansionMarketSettings::LoadCategories - Adding category ID 57 (Shotguns)
SCRIPT       : ExpansionMarketSettings::LoadCategories - Adding category ID 58 (Skirts_And_Dresses)
SCRIPT       : ExpansionMarketSettings::LoadCategories - Adding category ID 59 (Sniper_Rifles)
SCRIPT       : ExpansionMarketSettings::LoadCategories - Adding category ID 60 (Spraycans)
SCRIPT       : ExpansionMarketSettings::LoadCategories - Adding category ID 61 (Submachine_Guns)
SCRIPT       : ExpansionMarketSettings::LoadCategories - Adding category ID 62 (Supplies)
SCRIPT       : ExpansionMarketSettings::LoadCategories - Adding category ID 63 (Sweaters_And_Hoodies)
SCRIPT       : ExpansionMarketSettings::LoadCategories - Adding category ID 64 (Tents)
SCRIPT       : ExpansionMarketSettings::LoadCategories - Adding category ID 65 (Tools)
SCRIPT       : ExpansionMarketSettings::LoadCategories - Adding category ID 66 (Vehicle_Parts)
SCRIPT       : ExpansionMarketSettings::LoadCategories - Adding category ID 67 (Vests)
SCRIPT       : 14:36:48.980 [EXPANSION DEBUG]: [ExpansionAirdropSettings] Load existing setting file:$profile:ExpansionMod\Settings\AirdropSettings.json
SCRIPT       : 14:36:49.050 [EXPANSION DEBUG]: [ExpansionMissionSettings] Load existing setting file:$profile:ExpansionMod\Settings\MissionSettings.json
SCRIPT       : 14:36:49.054 [EXPANSION DEBUG]: [ExpansionMapSettings] Load existing setting file:$mission:expansion\settings\MapSettings.json
SCRIPT       : 14:36:49.062 [EXPANSION DEBUG]: [ExpansionPersonalStorageNewSettings] Load existing setting file:$profile:ExpansionMod\Settings\PersonalStorageNewSettings.json
SCRIPT       : 14:36:49.062 [EXPANSION DEBUG]: [ExpansionGeneralSettings] Load existing setting file:$profile:ExpansionMod\Settings\GeneralSettings.json
SCRIPT       : 14:36:49.062 [EXPANSION DEBUG]: [ExpansionPlayerListSettings] Load existing setting file:$profile:ExpansionMod\Settings\PlayerListSettings.json
SCRIPT       : 14:36:49.062 [EXPANSION DEBUG]: [ExpansionSocialMediaSettings] Load existing setting file:$profile:ExpansionMod\Settings\SocialMediaSettings.json
SCRIPT       : 14:36:49.062 [EXPANSION DEBUG]: [ExpansionSpawnSettings] Load existing setting file:$mission:expansion\settings\SpawnSettings.json
SCRIPT       : 14:36:49.066 [EXPANSION DEBUG]: [ExpansionVehicleSettings] Load existing setting file:$profile:ExpansionMod\Settings\VehicleSettings.json
SCRIPT       : 14:36:49.066 [EXPANSION DEBUG]: [ExpansionAISettings] Load existing setting file:$profile:ExpansionMod\Settings\AISettings.json
SCRIPT       : 14:36:49.066 [EXPANSION DEBUG]: [ExpansionAIPatrolSettings] Load existing setting file:$mission:expansion\settings\AIPatrolSettings.json
SCRIPT       : 14:36:49.070 [EXPANSION DEBUG]: [ExpansionBaseBuildingSettings] Load existing setting file:$mission:expansion\settings\BaseBuildingSettings.json
SCRIPT       : 14:36:49.070 [EXPANSION DEBUG]: [ExpansionRaidSettings] Load existing setting file:$profile:ExpansionMod\Settings\RaidSettings.json
SCRIPT       : 14:36:49.074 [EXPANSION DEBUG]: [ExpansionTerritorySettings] Load existing setting file:$profile:ExpansionMod\Settings\TerritorySettings.json
SCRIPT       : 14:36:49.074 [EXPANSION DEBUG]: [ExpansionChatSettings] Load existing setting file:$profile:ExpansionMod\Settings\ChatSettings.json
SCRIPT       : [DefineTest] EXPANSIONMOD is defined
SCRIPT       : [DefineTest] EXPANSIONMODAI is defined
SCRIPT       : [DefineTest] EXPANSIONMODBASEBUILDING is defined
SCRIPT       : [DefineTest] EXPANSIONMODBOOK is defined
SCRIPT       : [DefineTest] EXPANSIONMODCHAT is defined
SCRIPT       : [DefineTest] EXPANSIONMODCORE is defined
SCRIPT       : [DefineTest] EXPANSIONMODGARAGE is defined
SCRIPT       : [DefineTest] EXPANSIONMODGROUPS is defined
SCRIPT       : [DefineTest] EXPANSIONMODHARDLINE is defined
SCRIPT       : [DefineTest] EXPANSIONMODKILLFEED is defined
SCRIPT       : [DefineTest] EXPANSIONMODMAPASSETS is defined
SCRIPT       : [DefineTest] EXPANSIONMODMARKET is defined
SCRIPT       : [DefineTest] EXPANSIONMODMISSIONS is defined
SCRIPT       : [DefineTest] EXPANSIONMODNAMETAGS is defined
SCRIPT       : [DefineTest] EXPANSIONMODNAVIGATION is defined
SCRIPT       : [DefineTest] EXPANSIONMODP2PMARKET is defined
SCRIPT       : [DefineTest] EXPANSIONMODPERSONALSTORAGE is defined
SCRIPT       : [DefineTest] EXPANSIONMODQUESTS is defined
SCRIPT       : [DefineTest] EXPANSIONMODSPAWNSELECTION is defined
SCRIPT       : [DefineTest] EXPANSIONMODVEHICLE is defined
SCRIPT       : [DefineTest] EXPANSIONMODWEAPONS is defined
SCRIPT       : [DefineTest] CfgMods:
SCRIPT       : defaultAction
SCRIPT       : DayZ
SCRIPT       : DZ_Expansion_AI_Preload
SCRIPT       : DZ_Expansion_BaseBuilding_Preload
SCRIPT       : DZ_Expansion_Book_Preload
SCRIPT       : DZ_Expansion_Chat_Preload
SCRIPT       : DZ_Expansion_Core_Preload
SCRIPT       : DZ_Expansion_Garage_Preload
SCRIPT       : DZ_Expansion_Groups_Preload
SCRIPT       : DZ_Expansion_Hardline_Preload
SCRIPT       : DZ_Expansion_KillFeed_Preload
SCRIPT       : DZ_Expansion_MapAssets_Preload
SCRIPT       : DZ_Expansion_Market_Preload
SCRIPT       : DZ_Expansion_Missions_Preload
SCRIPT       : DZ_Expansion_ModStorage_Preload
SCRIPT       : DZ_Expansion_NameTags_Preload
SCRIPT       : DZ_Expansion_Navigation_Preload
SCRIPT       : DZ_Expansion_P2PMarket_Preload
SCRIPT       : DZ_Expansion_PersonalStorage_Preload
SCRIPT       : DZ_Expansion_Preload
SCRIPT       : DZ_Expansion_Quests_Preload
SCRIPT       : DZ_Expansion_SpawnSelection_Preload
SCRIPT       : DZ_Expansion_Vehicles_Preload
SCRIPT       : DZ_Expansion_Weapons_Preload
SCRIPT       : DZ_DabsFramework
SCRIPT       : DZ_Expansion_DefineTest
SCRIPT       : DZ_Expansion_MapAssets
SCRIPT       : bliss
SCRIPT       : Esseker
SCRIPT       : GameLabs
SCRIPT       : JM_CommunityFramework
SCRIPT       : JM_CommunityOnlineTools
SCRIPT       : DZ_Editor_Loader
SCRIPT       : DZ_Expansion_ModStorage
SCRIPT       : Loadingscreen
SCRIPT       : MainMenuMusicMod
SCRIPT       : DZ_Expansion_Core
SCRIPT       : DZ_Expansion_Garage
SCRIPT       : DZ_Expansion_Groups
SCRIPT       : DZ_Expansion_Market
SCRIPT       : DZ_Expansion_Missions
SCRIPT       : DZ_Expansion_NameTags
SCRIPT       : DZ_Expansion_Navigation
SCRIPT       : DZ_Expansion_NotificationScheduler
SCRIPT       : DZ_Expansion_P2PMarket
SCRIPT       : DZ_Expansion_PersonalStorage
SCRIPT       : DZ_Expansion_PersonalStorageNew
SCRIPT       : DZ_Expansion_PlayerList
SCRIPT       : DZ_Expansion
SCRIPT       : DZ_Expansion_SpawnSelection
SCRIPT       : DZ_Expansion_VanillaFixes
SCRIPT       : DZ_Expansion_Vehicles
SCRIPT       : DZ_Expansion_Weapons
SCRIPT       : DZ_Expansion_AI
SCRIPT       : DZ_Expansion_BaseBuilding
SCRIPT       : DZ_Expansion_Book
SCRIPT       : DZ_Expansion_Chat
SCRIPT       : DZ_Expansion_Hardline
SCRIPT       : DZ_Expansion_Quests
SCRIPT       : DZ_Expansion_VirtualContainerStorage
SCRIPT       : 14:36:49.757 [EXPANSION DEBUG]: ModStorage v5
SCRIPT       : [ExpansionQuestPersistentServerData] Load existing configuration file:$profile:ExpansionMod\Quests\PersistentServerData.json
SCRIPT       : [ExpansionQuestPersistentServerData] Load existing configuration file:$profile:ExpansionMod\Quests\PersistentServerData.json
SCRIPT       : [ExpansionQuestObjectiveTravelConfig] Load existing configuration file:$profile:ExpansionMod\Quests\Objectives\Travel\Objective_T_1.json
SCRIPT       : [ExpansionQuestObjectiveTravelConfig] Load existing configuration file:$profile:ExpansionMod\Quests\Objectives\Travel\Objective_T_2.json
SCRIPT       : [ExpansionQuestObjectiveTravelConfig] Load existing configuration file:$profile:ExpansionMod\Quests\Objectives\Travel\Objective_T_3.json
SCRIPT       : [ExpansionQuestObjectiveTravelConfig] Load existing configuration file:$profile:ExpansionMod\Quests\Objectives\Travel\Objective_T_4.json
SCRIPT       : [ExpansionQuestObjectiveTravelConfig] Load existing configuration file:$profile:ExpansionMod\Quests\Objectives\Travel\Objective_T_5.json
SCRIPT       : [ExpansionQuestObjectiveTravelConfig] Load existing configuration file:$profile:ExpansionMod\Quests\Objectives\Travel\Objective_T_6.json
SCRIPT       : [ExpansionQuestObjectiveTravelConfig] Load existing configuration file:$profile:ExpansionMod\Quests\Objectives\Travel\Objective_T_7.json
SCRIPT       : [ExpansionQuestObjectiveTargetConfig] Load existing configuration file:$profile:ExpansionMod\Quests\Objectives\Target\Objective_TA_1.json
SCRIPT       : [ExpansionQuestObjectiveTargetConfig] Load existing configuration file:$profile:ExpansionMod\Quests\Objectives\Target\Objective_TA_2.json
SCRIPT       : [ExpansionQuestObjectiveTargetConfig] Load existing configuration file:$profile:ExpansionMod\Quests\Objectives\Target\Objective_TA_3.json
SCRIPT       : [ExpansionQuestObjectiveTargetConfig] Load existing configuration file:$profile:ExpansionMod\Quests\Objectives\Target\Objective_TA_4.json
SCRIPT       : [ExpansionQuestObjectiveDeliveryConfig] Load existing configuration file:$profile:ExpansionMod\Quests\Objectives\Delivery\Objective_D_1.json
SCRIPT       : [ExpansionQuestObjectiveDeliveryConfig] Load existing configuration file:$profile:ExpansionMod\Quests\Objectives\Delivery\Objective_D_2.json
SCRIPT       : [ExpansionQuestObjectiveCollectionConfig] Load existing configuration file:$profile:ExpansionMod\Quests\Objectives\Collection\Objective_C_1.json
SCRIPT       : [ExpansionQuestObjectiveCollectionConfig] Load existing configuration file:$profile:ExpansionMod\Quests\Objectives\Collection\Objective_C_2.json
SCRIPT       : [ExpansionQuestObjectiveCollectionConfig] Load existing configuration file:$profile:ExpansionMod\Quests\Objectives\Collection\Objective_C_3.json
SCRIPT       : [ExpansionQuestObjectiveTreasureHuntConfig] Load existing configuration file:$profile:ExpansionMod\Quests\Objectives\TreasureHunt\Objective_TH_1.json
SCRIPT       : [ExpansionQuestObjectiveActionConfig] Load existing configuration file:$profile:ExpansionMod\Quests\Objectives\Action\Objective_A_1.json
SCRIPT       : [ExpansionQuestObjectiveActionConfig] Load existing configuration file:$profile:ExpansionMod\Quests\Objectives\Action\Objective_A_2.json
SCRIPT       : [ExpansionQuestObjectiveCraftingConfig] Load existing configuration file:$profile:ExpansionMod\Quests\Objectives\Crafting\Objective_CR_1.json
SCRIPT       : [ExpansionQuestObjectiveAIPatrolConfig] Load existing configuration file:$profile:ExpansionMod\Quests\Objectives\AIPatrol\Objective_AIP_1.json
SCRIPT       : [ExpansionQuestObjectiveAICampConfig] Load existing configuration file:$profile:ExpansionMod\Quests\Objectives\AICamp\Objective_AIC_1.json
SCRIPT       : [ExpansionQuestObjectiveAIEscortConfig] Load existing configuration file:$profile:ExpansionMod\Quests\Objectives\AIVIP\Objective_AIESCORT_1.json
SCRIPT       : [ExpansionQuestNPCData] Load existing configuration file:QuestNPC_1.json
SCRIPT       : [ExpansionQuestNPCData] Load existing configuration file:QuestNPC_2.json
SCRIPT       : [ExpansionQuestNPCData] Load existing configuration file:QuestNPC_3.json
SCRIPT       : [EditorLoader] No files found, exiting
SCRIPT    (E): 
Invalid formation name Line
Function: 'Error'
Stack trace:
scripts/1_Core/proto\endebug.c:92
DayZExpansion/AI/Scripts/4_World/dayzexpansion_ai\classes\formations\eaiformation.c:117
DayZExpansion/AI/Scripts/4_World/dayzexpansion_ai\classes\patrols\patrolmanager.c:122
DayZExpansion/AI/Scripts/4_World/dayzexpansion_ai\classes\patrols\patrolmanager.c:24
DayZExpansion/AI/Scripts/4_World/dayzexpansion_ai\classes\patrols\eaidynamicpatrolspawner.c:28
DayZExpansion/AI/Scripts/4_World/dayzexpansion_ai\entities\buildings\buildingbase.c:59
SCRIPT       : 14:37:00.195 [EXPANSION DEBUG]: ExpansionP2PTraderAIIrena<a827c040>::SetP2PTraderID - ID: 1
SCRIPT       : ExpansionMarketItem marketItem = ExpansionMarketItem<e3e7d580>
SCRIPT       : int worth =   1
SCRIPT       : Found 0 zones!
SCRIPT    (E): 
Invalid formation name Line
Function: 'Error'
Stack trace:
scripts/1_Core/proto\endebug.c:92
DayZExpansion/AI/Scripts/4_World/dayzexpansion_ai\classes\formations\eaiformation.c:117
DayZExpansion/AI/Scripts/4_World/dayzexpansion_ai\classes\patrols\patrolmanager.c:122
DayZExpansion/AI/Scripts/4_World/dayzexpansion_ai\classes\patrols\patrolmanager.c:195
scripts/3_Game/dayzgame.c:2821
GameLabs/Scripts/3_Game/3_Hooking/ђръзѝѐ*Рћђ.rtm:7
JM/CF/Scripts/3_Game/communityframework\game\dayzgame.c:23
DayZExpansion/Core/Scripts/3_Game/dayzexpansion_core\dayzgame.c:244
SCRIPT    (E): 
Invalid formation name Line
Function: 'Error'
Stack trace:
scripts/1_Core/proto\endebug.c:92
DayZExpansion/AI/Scripts/4_World/dayzexpansion_ai\classes\formations\eaiformation.c:117
DayZExpansion/AI/Scripts/4_World/dayzexpansion_ai\classes\patrols\patrolmanager.c:122
DayZExpansion/AI/Scripts/4_World/dayzexpansion_ai\classes\patrols\patrolmanager.c:195
scripts/3_Game/dayzgame.c:2821
GameLabs/Scripts/3_Game/3_Hooking/ђръзѝѐ*Рћђ.rtm:7
JM/CF/Scripts/3_Game/communityframework\game\dayzgame.c:23
DayZExpansion/Core/Scripts/3_Game/dayzexpansion_core\dayzgame.c:244
SCRIPT    (E): 
Invalid formation name Line
Function: 'Error'
Stack trace:
scripts/1_Core/proto\endebug.c:92
DayZExpansion/AI/Scripts/4_World/dayzexpansion_ai\classes\formations\eaiformation.c:117
DayZExpansion/AI/Scripts/4_World/dayzexpansion_ai\classes\patrols\patrolmanager.c:122
DayZExpansion/AI/Scripts/4_World/dayzexpansion_ai\classes\patrols\patrolmanager.c:195
scripts/3_Game/dayzgame.c:2821
GameLabs/Scripts/3_Game/3_Hooking/ђръзѝѐ*Рћђ.rtm:7
JM/CF/Scripts/3_Game/communityframework\game\dayzgame.c:23
DayZExpansion/Core/Scripts/3_Game/dayzexpansion_core\dayzgame.c:244
SCRIPT       : ---- PlayerBase OnStoreLoad SUCCESS ----
SCRIPT       : [EditorLoader] Sent Deleted objects in 0s
SCRIPT       : 14:37:37.875 [EXPANSION DEBUG]: ExpansionQuestModule<76891070> Sending 24 quest configs to client with UID: mBNlxASsPlOcry0dpDl8K-WgHNR5WMCMmoJ9NhpU4FY=
SCRIPT       : 14:37:37.875 [EXPANSION DEBUG]: ExpansionQuestModule<76891070> Sending player quest data for 4 quests to player with UID: mBNlxASsPlOcry0dpDl8K-WgHNR5WMCMmoJ9NhpU4FY=
SCRIPT    (E): 
Invalid formation name Line
Function: 'Error'
Stack trace:
scripts/1_Core/proto\endebug.c:92
DayZExpansion/AI/Scripts/4_World/dayzexpansion_ai\classes\formations\eaiformation.c:117
DayZExpansion/AI/Scripts/4_World/dayzexpansion_ai\classes\patrols\patrolmanager.c:122
DayZExpansion/AI/Scripts/4_World/dayzexpansion_ai\classes\patrols\patrolmanager.c:24
DayZExpansion/AI/Scripts/4_World/dayzexpansion_ai\classes\patrols\eaidynamicpatrolspawner.c:28
DayZExpansion/AI/Scripts/4_World/dayzexpansion_ai\entities\buildings\buildingbase.c:52
SCRIPT    (E): 
Invalid formation name Line
Function: 'Error'
Stack trace:
scripts/1_Core/proto\endebug.c:92
DayZExpansion/AI/Scripts/4_World/dayzexpansion_ai\classes\formations\eaiformation.c:117
DayZExpansion/AI/Scripts/4_World/dayzexpansion_ai\classes\patrols\patrolmanager.c:122
DayZExpansion/AI/Scripts/4_World/dayzexpansion_ai\classes\patrols\patrolmanager.c:24
DayZExpansion/AI/Scripts/4_World/dayzexpansion_ai\classes\patrols\eaidynamicpatrolspawner.c:28
DayZExpansion/AI/Scripts/4_World/dayzexpansion_ai\entities\buildings\buildingbase.c:52
scripts/4_World/entities\building\crashbase.c:15
SCRIPT    (E): 
Invalid formation name Line
Function: 'Error'
Stack trace:
scripts/1_Core/proto\endebug.c:92
DayZExpansion/AI/Scripts/4_World/dayzexpansion_ai\classes\formations\eaiformation.c:117
DayZExpansion/AI/Scripts/4_World/dayzexpansion_ai\classes\patrols\patrolmanager.c:122
DayZExpansion/AI/Scripts/4_World/dayzexpansion_ai\classes\patrols\patrolmanager.c:24
DayZExpansion/AI/Scripts/4_World/dayzexpansion_ai\classes\patrols\eaidynamicpatrolspawner.c:28
DayZExpansion/AI/Scripts/4_World/dayzexpansion_ai\entities\buildings\buildingbase.c:52
SCRIPT    (E): 
Invalid formation name Line
Function: 'Error'
Stack trace:
scripts/1_Core/proto\endebug.c:92
DayZExpansion/AI/Scripts/4_World/dayzexpansion_ai\classes\formations\eaiformation.c:117
DayZExpansion/AI/Scripts/4_World/dayzexpansion_ai\classes\patrols\patrolmanager.c:122
DayZExpansion/AI/Scripts/4_World/dayzexpansion_ai\classes\patrols\patrolmanager.c:24
DayZExpansion/AI/Scripts/4_World/dayzexpansion_ai\classes\patrols\eaidynamicpatrolspawner.c:28
DayZExpansion/AI/Scripts/4_World/dayzexpansion_ai\entities\buildings\buildingbase.c:52
SCRIPT       : 14:41:29.300 [EXPANSION DEBUG]: ExpansionItemSpawnHelper::Clone - created FAMAS:4360 at location { type=HANDS item=FAMAS:16857 parent=eAI_SurvivorF_Frida:4:INSTANCETYPE_AI_SERVER }
SCRIPT       : 14:41:29.300 [EXPANSION DEBUG]: ExpansionItemSpawnHelper::Clone - created Mag_FAMAS_25Rnd:15614 at location { type=ATTACHMENT item=null parent=FAMAS:4360 slot=magazine }
SCRIPT       : 14:41:29.300 [EXPANSION DEBUG]: ExpansionItemSpawnHelper::Clone - created Scout:16786 at location { type=HANDS item=Scout:16846 parent=eAI_SurvivorF_Gabi:5:INSTANCETYPE_AI_SERVER }
SCRIPT       : 14:41:29.300 [EXPANSION DEBUG]: ExpansionItemSpawnHelper::Clone - created ACOGOptic_6x:16857 at location { type=ATTACHMENT item=null parent=Scout:16786 slot=weaponOptics }
SCRIPT       : 14:41:29.300 [EXPANSION DEBUG]: ExpansionItemSpawnHelper::Clone - created Mag_Scout_5Rnd:16856 at location { type=ATTACHMENT item=null parent=Scout:16786 slot=magazine }
SCRIPT       : 14:41:29.304 [EXPANSION DEBUG]: ExpansionItemSpawnHelper::Clone - created M16A2:16779 at location { type=HANDS item=M16A2:16833 parent=eAI_SurvivorM_Kaito:6:INSTANCETYPE_AI_SERVER }
SCRIPT       : 14:41:29.304 [EXPANSION DEBUG]: ExpansionItemSpawnHelper::Clone - created Mag_STANAG_30Rnd:16846 at location { type=ATTACHMENT item=null parent=M16A2:16779 slot=magazine }
SCRIPT    (E): 
Invalid formation name Line
Function: 'Error'
Stack trace:
scripts/1_Core/proto\endebug.c:92
DayZExpansion/AI/Scripts/4_World/dayzexpansion_ai\classes\formations\eaiformation.c:117
DayZExpansion/AI/Scripts/4_World/dayzexpansion_ai\classes\patrols\patrolmanager.c:122
DayZExpansion/AI/Scripts/4_World/dayzexpansion_ai\classes\patrols\patrolmanager.c:24
DayZExpansion/AI/Scripts/4_World/dayzexpansion_ai\classes\patrols\eaidynamicpatrolspawner.c:28
DayZExpansion/AI/Scripts/4_World/dayzexpansion_ai\entities\buildings\buildingbase.c:52
scripts/4_World/entities\building\crashbase.c:15
SCRIPT    (E): 
Invalid formation name Line
Function: 'Error'
Stack trace:
scripts/1_Core/proto\endebug.c:92
DayZExpansion/AI/Scripts/4_World/dayzexpansion_ai\classes\formations\eaiformation.c:117
DayZExpansion/AI/Scripts/4_World/dayzexpansion_ai\classes\patrols\patrolmanager.c:122
DayZExpansion/AI/Scripts/4_World/dayzexpansion_ai\classes\patrols\patrolmanager.c:24
DayZExpansion/AI/Scripts/4_World/dayzexpansion_ai\classes\patrols\eaidynamicpatrolspawner.c:28
DayZExpansion/AI/Scripts/4_World/dayzexpansion_ai\entities\buildings\buildingbase.c:52
SCRIPT       : 14:41:59.785 [EXPANSION DEBUG]: [ExpansionMissionEventAirdrop] Adjusted container weights:
SCRIPT       : 14:41:59.785 [EXPANSION DEBUG]: ExpansionAirdropContainer 5
SCRIPT       : 14:41:59.785 [EXPANSION DEBUG]: ExpansionAirdropContainer_Medical 10
SCRIPT       : 14:41:59.785 [EXPANSION DEBUG]: ExpansionAirdropContainer_Basebuilding 15
SCRIPT       : 14:41:59.785 [EXPANSION DEBUG]: ExpansionAirdropContainer_Military 20
SCRIPT       : 14:41:59.785 [EXPANSION DEBUG]: ExpansionAirdropPlane::GetSpawnPoint - drop position <6331.370117, 0.000000, 6278.273438> - map is Esseker - size 12800 - center <2560.000000, 300.000000, 2560.000000>
SCRIPT       : 14:41:59.785 [EXPANSION DEBUG]: ExpansionAirdropPlane::GetSpawnPoint - selected spawn point <707.013794, 637.208557, 0.000000>
SCRIPT    (E): 
Invalid formation name Line
Function: 'Error'
Stack trace:
scripts/1_Core/proto\endebug.c:92
DayZExpansion/AI/Scripts/4_World/dayzexpansion_ai\classes\formations\eaiformation.c:117
DayZExpansion/AI/Scripts/4_World/dayzexpansion_ai\classes\patrols\patrolmanager.c:122
DayZExpansion/AI/Scripts/4_World/dayzexpansion_ai\classes\patrols\patrolmanager.c:24
DayZExpansion/AI/Scripts/4_World/dayzexpansion_ai\classes\patrols\eaidynamicpatrolspawner.c:28
DayZExpansion/AI/Scripts/4_World/dayzexpansion_ai\entities\buildings\buildingbase.c:52
scripts/4_World/entities\building\crashbase.c:15
SCRIPT    (E): 
Invalid formation name Line
Function: 'Error'
Stack trace:
scripts/1_Core/proto\endebug.c:92
DayZExpansion/AI/Scripts/4_World/dayzexpansion_ai\classes\formations\eaiformation.c:117
DayZExpansion/AI/Scripts/4_World/dayzexpansion_ai\classes\patrols\patrolmanager.c:122
DayZExpansion/AI/Scripts/4_World/dayzexpansion_ai\classes\patrols\patrolmanager.c:24
DayZExpansion/AI/Scripts/4_World/dayzexpansion_ai\classes\patrols\eaidynamicpatrolspawner.c:28
DayZExpansion/AI/Scripts/4_World/dayzexpansion_ai\entities\buildings\buildingbase.c:52
scripts/4_World/entities\building\crashbase.c:15
SCRIPT    (E): 
Invalid formation name Line
Function: 'Error'
Stack trace:
scripts/1_Core/proto\endebug.c:92
DayZExpansion/AI/Scripts/4_World/dayzexpansion_ai\classes\formations\eaiformation.c:117
DayZExpansion/AI/Scripts/4_World/dayzexpansion_ai\classes\patrols\patrolmanager.c:122
DayZExpansion/AI/Scripts/4_World/dayzexpansion_ai\classes\patrols\patrolmanager.c:24
DayZExpansion/AI/Scripts/4_World/dayzexpansion_ai\classes\patrols\eaidynamicpatrolspawner.c:28
DayZExpansion/AI/Scripts/4_World/dayzexpansion_ai\entities\buildings\buildingbase.c:52
SCRIPT       : ---- PlayerBase OnStoreLoad SUCCESS ----
SCRIPT       : [EditorLoader] Sent Deleted objects in 0s
SCRIPT       : 14:44:14.957 [EXPANSION DEBUG]: ExpansionQuestModule<76891070> Sending 24 quest configs to client with UID: OAdpPkJP2Ps_W7h2ttR1bK23ekHCzrxw0mDT3zqLMdU=
SCRIPT       : 14:44:14.957 [EXPANSION DEBUG]: ExpansionQuestModule<76891070> Sending player quest data for 4 quests to player with UID: OAdpPkJP2Ps_W7h2ttR1bK23ekHCzrxw0mDT3zqLMdU=
SCRIPT    (E): 
Invalid formation name Line
Function: 'Error'
Stack trace:
scripts/1_Core/proto\endebug.c:92
DayZExpansion/AI/Scripts/4_World/dayzexpansion_ai\classes\formations\eaiformation.c:117
DayZExpansion/AI/Scripts/4_World/dayzexpansion_ai\classes\patrols\patrolmanager.c:122
DayZExpansion/AI/Scripts/4_World/dayzexpansion_ai\classes\patrols\patrolmanager.c:24
DayZExpansion/AI/Scripts/4_World/dayzexpansion_ai\classes\patrols\eaidynamicpatrolspawner.c:28
DayZExpansion/AI/Scripts/4_World/dayzexpansion_ai\entities\buildings\buildingbase.c:52
scripts/4_World/entities\building\crashbase.c:15
SCRIPT    (E): 
Invalid formation name Line
Function: 'Error'
Stack trace:
scripts/1_Core/proto\endebug.c:92
DayZExpansion/AI/Scripts/4_World/dayzexpansion_ai\classes\formations\eaiformation.c:117
DayZExpansion/AI/Scripts/4_World/dayzexpansion_ai\classes\patrols\patrolmanager.c:122
DayZExpansion/AI/Scripts/4_World/dayzexpansion_ai\classes\patrols\patrolmanager.c:24
DayZExpansion/AI/Scripts/4_World/dayzexpansion_ai\classes\patrols\eaidynamicpatrolspawner.c:28
DayZExpansion/AI/Scripts/4_World/dayzexpansion_ai\entities\buildings\buildingbase.c:52
scripts/4_World/entities\building\crashbase.c:15
SCRIPT    (E): 
Invalid formation name Line
Function: 'Error'
Stack trace:
scripts/1_Core/proto\endebug.c:92
DayZExpansion/AI/Scripts/4_World/dayzexpansion_ai\classes\formations\eaiformation.c:117
DayZExpansion/AI/Scripts/4_World/dayzexpansion_ai\classes\patrols\patrolmanager.c:122
DayZExpansion/AI/Scripts/4_World/dayzexpansion_ai\classes\patrols\patrolmanager.c:24
DayZExpansion/AI/Scripts/4_World/dayzexpansion_ai\classes\patrols\eaidynamicpatrolspawner.c:28
DayZExpansion/AI/Scripts/4_World/dayzexpansion_ai\entities\buildings\buildingbase.c:52
SCRIPT       : 14:46:19.843 [EXPANSION DEBUG]: ExpansionItemSpawnHelper::Clone - created Aug:16872 at location { type=HANDS item=Aug:16745 parent=eAI_SurvivorF_Eva:10:INSTANCETYPE_AI_SERVER }
SCRIPT       : 14:46:19.843 [EXPANSION DEBUG]: ExpansionItemSpawnHelper::Clone - created Mag_Aug_30Rnd:16868 at location { type=ATTACHMENT item=null parent=Aug:16872 slot=magazine }
SCRIPT       : 14:46:19.925 [EXPANSION DEBUG]: ExpansionItemSpawnHelper::Clone - created Aug:16873 at location { type=HANDS item=Aug:12989 parent=eAI_SurvivorF_Keiko:9:INSTANCETYPE_AI_SERVER }
SCRIPT       : 14:46:19.925 [EXPANSION DEBUG]: ExpansionItemSpawnHelper::Clone - created Mag_Aug_30Rnd:16745 at location { type=ATTACHMENT item=null parent=Aug:16873 slot=magazine }
SCRIPT       : 14:46:20.011 [EXPANSION DEBUG]: ExpansionItemSpawnHelper::Clone - created Scout:8562 at location { type=HANDS item=Scout:9756 parent=eAI_SurvivorF_Irena:8:INSTANCETYPE_AI_SERVER }
SCRIPT       : 14:46:20.011 [EXPANSION DEBUG]: ExpansionItemSpawnHelper::Clone - created Mag_Scout_5Rnd:12989 at location { type=ATTACHMENT item=null parent=Scout:8562 slot=magazine }
SCRIPT       : 14:46:20.011 [EXPANSION DEBUG]: ExpansionItemSpawnHelper::Clone - created ACOGOptic:13411 at location { type=ATTACHMENT item=null parent=Scout:8562 slot=weaponOptics }
SCRIPT    (E): 
Invalid formation name Line
Function: 'Error'
Stack trace:
scripts/1_Core/proto\endebug.c:92
DayZExpansion/AI/Scripts/4_World/dayzexpansion_ai\classes\formations\eaiformation.c:117
DayZExpansion/AI/Scripts/4_World/dayzexpansion_ai\classes\patrols\patrolmanager.c:122
DayZExpansion/AI/Scripts/4_World/dayzexpansion_ai\classes\patrols\patrolmanager.c:24
DayZExpansion/AI/Scripts/4_World/dayzexpansion_ai\classes\patrols\eaidynamicpatrolspawner.c:28
DayZExpansion/AI/Scripts/4_World/dayzexpansion_ai\entities\buildings\buildingbase.c:52
scripts/4_World/entities\building\crashbase.c:15
SCRIPT    (E): 
Invalid formation name Line
Function: 'Error'
Stack trace:
scripts/1_Core/proto\endebug.c:92
DayZExpansion/AI/Scripts/4_World/dayzexpansion_ai\classes\formations\eaiformation.c:117
DayZExpansion/AI/Scripts/4_World/dayzexpansion_ai\classes\patrols\patrolmanager.c:122
DayZExpansion/AI/Scripts/4_World/dayzexpansion_ai\classes\patrols\patrolmanager.c:24
DayZExpansion/AI/Scripts/4_World/dayzexpansion_ai\classes\patrols\eaidynamicpatrolspawner.c:28
DayZExpansion/AI/Scripts/4_World/dayzexpansion_ai\entities\buildings\buildingbase.c:52
SCRIPT       : JMCameraModule::RPC_Leave - timestamp 601.193
SCRIPT       : JMCameraModule::Server_Leave - target SurvivorBase<55a5010>
SCRIPT       : JMCameraModule::Server_Leave - spectated player NULL
SCRIPT       : 14:47:36.886 [EXPANSION LOG]: ExpansionAirdropContainerBase<54ad310> InitAirdrop - total weight (kg) 367.648 - nominal fall speed 4.66912 m/s, wind impact strength 0.144363
SCRIPT    (E): 
Invalid formation name Line
Function: 'Error'
Stack trace:
scripts/1_Core/proto\endebug.c:92
DayZExpansion/AI/Scripts/4_World/dayzexpansion_ai\classes\formations\eaiformation.c:117
DayZExpansion/AI/Scripts/4_World/dayzexpansion_ai\classes\patrols\patrolmanager.c:122
DayZExpansion/AI/Scripts/4_World/dayzexpansion_ai\classes\patrols\patrolmanager.c:24
DayZExpansion/AI/Scripts/4_World/dayzexpansion_ai\classes\patrols\eaidynamicpatrolspawner.c:28
DayZExpansion/AI/Scripts/4_World/dayzexpansion_ai\entities\buildings\buildingbase.c:52
scripts/4_World/entities\building\crashbase.c:15
SCRIPT    (E): 
Invalid formation name Line
Function: 'Error'
Stack trace:
scripts/1_Core/proto\endebug.c:92
DayZExpansion/AI/Scripts/4_World/dayzexpansion_ai\classes\formations\eaiformation.c:117
DayZExpansion/AI/Scripts/4_World/dayzexpansion_ai\classes\patrols\patrolmanager.c:122
DayZExpansion/AI/Scripts/4_World/dayzexpansion_ai\classes\patrols\patrolmanager.c:24
DayZExpansion/AI/Scripts/4_World/dayzexpansion_ai\classes\patrols\eaidynamicpatrolspawner.c:28
DayZExpansion/AI/Scripts/4_World/dayzexpansion_ai\entities\buildings\buildingbase.c:52
SCRIPT       : JMCameraModule::RPC_Leave - timestamp 688.394
SCRIPT       : JMCameraModule::Server_Leave - target SurvivorBase<55a5010>
SCRIPT       : JMCameraModule::Server_Leave - spectated player NULL
SCRIPT    (E): 
Invalid formation name Line
Function: 'Error'
Stack trace:
scripts/1_Core/proto\endebug.c:92
DayZExpansion/AI/Scripts/4_World/dayzexpansion_ai\classes\formations\eaiformation.c:117
DayZExpansion/AI/Scripts/4_World/dayzexpansion_ai\classes\patrols\patrolmanager.c:122
DayZExpansion/AI/Scripts/4_World/dayzexpansion_ai\classes\patrols\patrolmanager.c:24
DayZExpansion/AI/Scripts/4_World/dayzexpansion_ai\classes\patrols\eaidynamicpatrolspawner.c:28
DayZExpansion/AI/Scripts/4_World/dayzexpansion_ai\entities\buildings\buildingbase.c:52
scripts/4_World/entities\building\crashbase.c:15
SCRIPT    (E): 
Invalid formation name Line
Function: 'Error'
Stack trace:
scripts/1_Core/proto\endebug.c:92
DayZExpansion/AI/Scripts/4_World/dayzexpansion_ai\classes\formations\eaiformation.c:117
DayZExpansion/AI/Scripts/4_World/dayzexpansion_ai\classes\patrols\patrolmanager.c:122
DayZExpansion/AI/Scripts/4_World/dayzexpansion_ai\classes\patrols\patrolmanager.c:24
DayZExpansion/AI/Scripts/4_World/dayzexpansion_ai\classes\patrols\eaidynamicpatrolspawner.c:28
DayZExpansion/AI/Scripts/4_World/dayzexpansion_ai\entities\buildings\buildingbase.c:52
SCRIPT    (E): 
Invalid formation name Line
Function: 'Error'
Stack trace:
scripts/1_Core/proto\endebug.c:92
DayZExpansion/AI/Scripts/4_World/dayzexpansion_ai\classes\formations\eaiformation.c:117
DayZExpansion/AI/Scripts/4_World/dayzexpansion_ai\classes\patrols\patrolmanager.c:122
DayZExpansion/AI/Scripts/4_World/dayzexpansion_ai\classes\patrols\patrolmanager.c:24
DayZExpansion/AI/Scripts/4_World/dayzexpansion_ai\classes\patrols\eaidynamicpatrolspawner.c:28
DayZExpansion/AI/Scripts/4_World/dayzexpansion_ai\entities\buildings\buildingbase.c:52
SCRIPT    (E): 
Invalid formation name Line
Function: 'Error'
Stack trace:
scripts/1_Core/proto\endebug.c:92
DayZExpansion/AI/Scripts/4_World/dayzexpansion_ai\classes\formations\eaiformation.c:117
DayZExpansion/AI/Scripts/4_World/dayzexpansion_ai\classes\patrols\patrolmanager.c:122
DayZExpansion/AI/Scripts/4_World/dayzexpansion_ai\classes\patrols\patrolmanager.c:24
DayZExpansion/AI/Scripts/4_World/dayzexpansion_ai\classes\patrols\eaidynamicpatrolspawner.c:28
DayZExpansion/AI/Scripts/4_World/dayzexpansion_ai\entities\buildings\buildingbase.c:52
scripts/4_World/entities\building\crashbase.c:15
SCRIPT    (E): 
Invalid formation name Line
Function: 'Error'
Stack trace:
scripts/1_Core/proto\endebug.c:92
DayZExpansion/AI/Scripts/4_World/dayzexpansion_ai\classes\formations\eaiformation.c:117
DayZExpansion/AI/Scripts/4_World/dayzexpansion_ai\classes\patrols\patrolmanager.c:122
DayZExpansion/AI/Scripts/4_World/dayzexpansion_ai\classes\patrols\patrolmanager.c:24
DayZExpansion/AI/Scripts/4_World/dayzexpansion_ai\classes\patrols\eaidynamicpatrolspawner.c:28
DayZExpansion/AI/Scripts/4_World/dayzexpansion_ai\entities\buildings\buildingbase.c:52
SCRIPT    (E): 
Invalid formation name Line
Function: 'Error'
Stack trace:
scripts/1_Core/proto\endebug.c:92
DayZExpansion/AI/Scripts/4_World/dayzexpansion_ai\classes\formations\eaiformation.c:117
DayZExpansion/AI/Scripts/4_World/dayzexpansion_ai\classes\patrols\patrolmanager.c:122
DayZExpansion/AI/Scripts/4_World/dayzexpansion_ai\classes\patrols\patrolmanager.c:24
DayZExpansion/AI/Scripts/4_World/dayzexpansion_ai\classes\patrols\eaidynamicpatrolspawner.c:28
DayZExpansion/AI/Scripts/4_World/dayzexpansion_ai\entities\buildings\buildingbase.c:52
SCRIPT       : 14:54:45.078 [EXPANSION DEBUG]: Player is prone w/ item in hand, applying workaround for T176038 by dropping hand item to ground prematurely M16A2_Base<f3966df0>
SCRIPT       : 14:54:45.078 [EXPANSION DEBUG]: Player is prone w/ item in hand, applying workaround for T176038 by dropping hand item to ground prematurely Scout_Base<f3964840>
SCRIPT       : 14:54:45.078 [EXPANSION DEBUG]: Player is prone w/ item in hand, applying workaround for T176038 by dropping hand item to ground prematurely FAMAS<f3966160>
SCRIPT    (E): 
Invalid formation name Line
Function: 'Error'
Stack trace:
scripts/1_Core/proto\endebug.c:92
DayZExpansion/AI/Scripts/4_World/dayzexpansion_ai\classes\formations\eaiformation.c:117
DayZExpansion/AI/Scripts/4_World/dayzexpansion_ai\classes\patrols\patrolmanager.c:122
DayZExpansion/AI/Scripts/4_World/dayzexpansion_ai\classes\patrols\patrolmanager.c:24
DayZExpansion/AI/Scripts/4_World/dayzexpansion_ai\classes\patrols\eaidynamicpatrolspawner.c:28
DayZExpansion/AI/Scripts/4_World/dayzexpansion_ai\entities\buildings\buildingbase.c:52
SCRIPT       : 14:56:05.425 [EXPANSION DEBUG]: ExpansionItemSpawnHelper::Clone - created AugShort:16154 at location { type=HANDS item=AugShort:9112 parent=eAI_SurvivorM_Rolf:5:INSTANCETYPE_AI_SERVER }
SCRIPT       : 14:56:05.425 [EXPANSION DEBUG]: ExpansionItemSpawnHelper::Clone - created Mag_Aug_30Rnd:5715 at location { type=ATTACHMENT item=null parent=AugShort:16154 slot=magazine }
SCRIPT       : 14:56:05.425 [EXPANSION DEBUG]: ExpansionItemSpawnHelper::Clone - created AugOptic:16768 at location { type=ATTACHMENT item=null parent=AugShort:16154 slot=weaponOpticsAug }
SCRIPT       : 14:56:05.453 [EXPANSION DEBUG]: ExpansionItemSpawnHelper::Clone - created AugShort:15616 at location { type=HANDS item=AugShort:15912 parent=eAI_SurvivorF_Naomi:6:INSTANCETYPE_AI_SERVER }
SCRIPT       : 14:56:05.453 [EXPANSION DEBUG]: ExpansionItemSpawnHelper::Clone - created Mag_Aug_30Rnd:9112 at location { type=ATTACHMENT item=null parent=AugShort:15616 slot=magazine }
SCRIPT       : 14:56:05.453 [EXPANSION DEBUG]: ExpansionItemSpawnHelper::Clone - created AugOptic:11219 at location { type=ATTACHMENT item=null parent=AugShort:15616 slot=weaponOpticsAug }
SCRIPT       : 14:56:05.511 [EXPANSION DEBUG]: ExpansionItemSpawnHelper::Clone - created M4A1:15137 at location { type=HANDS item=M4A1:16699 parent=eAI_SurvivorM_Jose:4:INSTANCETYPE_AI_SERVER }
SCRIPT       : 14:56:05.511 [EXPANSION DEBUG]: ExpansionItemSpawnHelper::Clone - created Mag_STANAG_30Rnd:15912 at location { type=ATTACHMENT item=null parent=M4A1:15137 slot=magazine }
SCRIPT       : 14:56:05.511 [EXPANSION DEBUG]: ExpansionItemSpawnHelper::Clone - created M4_OEBttstck:11412 at location { type=ATTACHMENT item=null parent=M4A1:15137 slot=weaponButtstockM4 }
SCRIPT       : 14:56:05.511 [EXPANSION DEBUG]: ExpansionItemSpawnHelper::Clone - created M4_CarryHandleOptic:4607 at location { type=ATTACHMENT item=null parent=M4A1:15137 slot=weaponOptics }
SCRIPT       : 14:56:05.511 [EXPANSION DEBUG]: ExpansionItemSpawnHelper::Clone - created M4_MPHndgrd:14782 at location { type=ATTACHMENT item=null parent=M4A1:15137 slot=weaponHandguardM4 }
SCRIPT       : JMCameraModule::RPC_Leave - timestamp 1170.16
SCRIPT       : JMCameraModule::Server_Leave - target SurvivorBase<55a5010>
SCRIPT       : JMCameraModule::Server_Leave - spectated player NULL
SCRIPT       : JMCameraModule::RPC_Leave - timestamp 1171.99
SCRIPT       : JMCameraModule::Server_Leave - target SurvivorBase<f0d3b180>
SCRIPT       : JMCameraModule::Server_Leave - spectated player NULL
SCRIPT    (E): 
Invalid formation name Line
Function: 'Error'
Stack trace:
scripts/1_Core/proto\endebug.c:92
DayZExpansion/AI/Scripts/4_World/dayzexpansion_ai\classes\formations\eaiformation.c:117
DayZExpansion/AI/Scripts/4_World/dayzexpansion_ai\classes\patrols\patrolmanager.c:122
DayZExpansion/AI/Scripts/4_World/dayzexpansion_ai\classes\patrols\patrolmanager.c:24
DayZExpansion/AI/Scripts/4_World/dayzexpansion_ai\classes\patrols\eaidynamicpatrolspawner.c:28
DayZExpansion/AI/Scripts/4_World/dayzexpansion_ai\entities\buildings\buildingbase.c:52
SCRIPT       : [wpnfsm] ValidateAndRepair Attempting to repair: Scout:8562 - MagazineRepair - BAREM_CLO_BUF_MA0<afe6bf0> - state: 0 != weapon: 1
SCRIPT       : 14:56:29.015 [EXPANSION DEBUG]: ExpansionItemSpawnHelper::Clone - created Scout:10927 at location { type=GROUND item=Scout:8562 pos=(5161.98, 247.569, 9494.58) dir=(0.569752, -0.218306, 0.357368, 0.707116) }
SCRIPT       : 14:56:29.015 [EXPANSION DEBUG]: ExpansionItemSpawnHelper::Clone - created Mag_Scout_5Rnd:5978 at location { type=ATTACHMENT item=null parent=Scout:10927 slot=magazine }
SCRIPT       : 14:56:29.015 [EXPANSION DEBUG]: ExpansionItemSpawnHelper::Clone - created ACOGOptic:11066 at location { type=ATTACHMENT item=null parent=Scout:10927 slot=weaponOptics }
SCRIPT       : 14:56:32.125 [EXPANSION DEBUG]: ExpansionItemSpawnHelper::Clone - created Aug:12561 at location { type=GROUND item=Aug:16873 pos=(5184.51, 246.557, 9469.34) dir=(0.645517, -0.248556, 0.306186, 0.654047) }
SCRIPT       : 14:56:32.125 [EXPANSION DEBUG]: ExpansionItemSpawnHelper::Clone - created Mag_Aug_30Rnd:8562 at location { type=ATTACHMENT item=null parent=Aug:12561 slot=magazine }
SCRIPT       : 14:56:38.902 [EXPANSION DEBUG]: Player is prone w/ item in hand, applying workaround for T176038 by dropping hand item to ground prematurely Aug<9d25ef0>
SCRIPT       : 14:56:45.980 [EXPANSION DEBUG]: ExpansionItemSpawnHelper::Clone - created Scout:16266 at location { type=HANDS item=Scout:10927 parent=eAI_SurvivorF_Irena:8:INSTANCETYPE_AI_SERVER }
SCRIPT       : 14:56:45.980 [EXPANSION DEBUG]: ExpansionItemSpawnHelper::Clone - created Mag_Scout_5Rnd:8693 at location { type=ATTACHMENT item=null parent=Scout:16266 slot=magazine }
SCRIPT       : 14:56:45.980 [EXPANSION DEBUG]: ExpansionItemSpawnHelper::Clone - created ACOGOptic:9066 at location { type=ATTACHMENT item=null parent=Scout:16266 slot=weaponOptics }
SCRIPT       : 14:56:47.597 [EXPANSION DEBUG]: Player is prone w/ item in hand, applying workaround for T176038 by dropping hand item to ground prematurely Scout_Base<9d13170>
SCRIPT       : 14:56:49.890 [EXPANSION DEBUG]: ExpansionItemSpawnHelper::Clone - created Aug:9404 at location { type=HANDS item=Aug:12561 parent=eAI_SurvivorF_Keiko:9:INSTANCETYPE_AI_SERVER }
SCRIPT       : 14:56:49.890 [EXPANSION DEBUG]: ExpansionItemSpawnHelper::Clone - created Mag_Aug_30Rnd:17021 at location { type=ATTACHMENT item=null parent=Aug:9404 slot=magazine }
SCRIPT       : 14:56:51.238 [EXPANSION DEBUG]: Player is prone w/ item in hand, applying workaround for T176038 by dropping hand item to ground prematurely Aug<9d0ccf0>
SCRIPT       : [wpnfsm] Save occured in fsm transition! current state=WeaponFireAndChamberNext<afd9e10> closes stable state=RBF_CLO_BU1_MA1<afd7ad0> id=3
SCRIPT       : [wpnfsm] Save occured in fsm transition! current state=WeaponFireAndChamberNext<afec890> closes stable state=RBF_CLO_BU1_MA1<afeae50> id=3
SCRIPT       : [wpnfsm] Save occured in fsm transition! current state=WeaponFire<e9f1f930> closes stable state=BAREM_CLO_BUF_MA1<e9f1dc50> id=6
SCRIPT       : [wpnfsm] Save occured in fsm transition! current state=WeaponFireAndChamberNext<abb2dd0> closes stable state=RBL_CLO_BU1_MA1<abafc50> id=3
SCRIPT       : [wpnfsm] Save occured in fsm transition! current state=WeaponFireAndChamberNext<afd9e10> closes stable state=RBF_CLO_BU1_MA1<afd7ad0> id=3
SCRIPT       : [wpnfsm] Save occured in fsm transition! current state=WeaponFireAndChamberNext<afec890> closes stable state=RBF_CLO_BU1_MA1<afeae50> id=3
SCRIPT       : [wpnfsm] Save occured in fsm transition! current state=WeaponFire<e9f1f930> closes stable state=BAREM_CLO_BUF_MA1<e9f1dc50> id=6
SCRIPT       : [wpnfsm] Save occured in fsm transition! current state=WeaponFireAndChamberNext<afd9e10> closes stable state=RBF_CLO_BU1_MA1<afd7ad0> id=3
SCRIPT       : [wpnfsm] Save occured in fsm transition! current state=WeaponFireAndChamberNext<afec890> closes stable state=RBF_CLO_BU1_MA1<afeae50> id=3
SCRIPT       : [wpnfsm] Save occured in fsm transition! current state=WeaponFire<e9f1f930> closes stable state=BAREM_CLO_BUF_MA1<e9f1dc50> id=6
SCRIPT    (E): 
Invalid formation name Line
Function: 'Error'
Stack trace:
scripts/1_Core/proto\endebug.c:92
DayZExpansion/AI/Scripts/4_World/dayzexpansion_ai\classes\formations\eaiformation.c:117
DayZExpansion/AI/Scripts/4_World/dayzexpansion_ai\classes\patrols\patrolmanager.c:122
DayZExpansion/AI/Scripts/4_World/dayzexpansion_ai\classes\patrols\patrolmanager.c:24
DayZExpansion/AI/Scripts/4_World/dayzexpansion_ai\classes\patrols\eaidynamicpatrolspawner.c:28
DayZExpansion/AI/Scripts/4_World/dayzexpansion_ai\entities\buildings\buildingbase.c:52
SCRIPT       : [wpnfsm] Save occured in fsm transition! current state=WeaponFireAndChamberNext<afd9e10> closes stable state=RBF_CLO_BU1_MA1<afd7ad0> id=3
SCRIPT       : [wpnfsm] Save occured in fsm transition! current state=WeaponFireAndChamberNext<afec890> closes stable state=RBF_CLO_BU1_MA1<afeae50> id=3
SCRIPT       : [wpnfsm] Save occured in fsm transition! current state=WeaponFire<e9f1f930> closes stable state=BAREM_CLO_BUF_MA1<e9f1dc50> id=6
SCRIPT       : [wpnfsm] Save occured in fsm transition! current state=WeaponFireAndChamberNext<afd9e10> closes stable state=RBF_CLO_BU1_MA1<afd7ad0> id=3
SCRIPT       : [wpnfsm] Save occured in fsm transition! current state=WeaponFireAndChamberNext<afec890> closes stable state=RBF_CLO_BU1_MA1<afeae50> id=3
SCRIPT       : [wpnfsm] Save occured in fsm transition! current state=WeaponFire<e9f1f930> closes stable state=BAREM_CLO_BUF_MA1<e9f1dc50> id=6
SCRIPT       : [wpnfsm] Save occured in fsm transition! current state=WeaponFireAndChamberNext<afd9e10> closes stable state=RBF_CLO_BU1_MA1<afd7ad0> id=3
SCRIPT       : [wpnfsm] Save occured in fsm transition! current state=WeaponFireAndChamberNext<afec890> closes stable state=RBF_CLO_BU1_MA1<afeae50> id=3
SCRIPT       : [wpnfsm] Save occured in fsm transition! current state=WeaponFire<e9f1f930> closes stable state=BAREM_CLO_BUF_MA1<e9f1dc50> id=6
SCRIPT    (E): 
Invalid formation name Line
Function: 'Error'
Stack trace:
scripts/1_Core/proto\endebug.c:92
DayZExpansion/AI/Scripts/4_World/dayzexpansion_ai\classes\formations\eaiformation.c:117
DayZExpansion/AI/Scripts/4_World/dayzexpansion_ai\classes\patrols\patrolmanager.c:122
DayZExpansion/AI/Scripts/4_World/dayzexpansion_ai\classes\patrols\patrolmanager.c:24
DayZExpansion/AI/Scripts/4_World/dayzexpansion_ai\classes\patrols\eaidynamicpatrolspawner.c:28
DayZExpansion/AI/Scripts/4_World/dayzexpansion_ai\entities\buildings\buildingbase.c:52
SCRIPT       : [wpnfsm] Save occured in fsm transition! current state=WeaponFireAndChamberNext<afd9e10> closes stable state=RBF_CLO_BU1_MA1<afd7ad0> id=3
SCRIPT       : [wpnfsm] Save occured in fsm transition! current state=WeaponFireAndChamberNext<afec890> closes stable state=RBF_CLO_BU1_MA1<afeae50> id=3
SCRIPT       : [wpnfsm] Save occured in fsm transition! current state=WeaponFire<e9f1f930> closes stable state=BAREM_CLO_BUF_MA1<e9f1dc50> id=6
SCRIPT       : [wpnfsm] Save occured in fsm transition! current state=WeaponFireAndChamberNext<afd9e10> closes stable state=RBF_CLO_BU1_MA1<afd7ad0> id=3
SCRIPT       : [wpnfsm] Save occured in fsm transition! current state=WeaponFireAndChamberNext<afec890> closes stable state=RBF_CLO_BU1_MA1<afeae50> id=3
SCRIPT       : [wpnfsm] Save occured in fsm transition! current state=WeaponFire<e9f1f930> closes stable state=BAREM_CLO_BUF_MA1<e9f1dc50> id=6
SCRIPT       : JMCameraModule::RPC_Leave - timestamp 1410.25
SCRIPT       : JMCameraModule::Server_Leave - target SurvivorBase<55a5010>
SCRIPT       : JMCameraModule::Server_Leave - spectated player NULL
SCRIPT       : [wpnfsm] Save occured in fsm transition! current state=WeaponFireAndChamberNext<afd9e10> closes stable state=RBF_CLO_BU1_MA1<afd7ad0> id=3
SCRIPT       : [wpnfsm] Save occured in fsm transition! current state=WeaponFireAndChamberNext<afec890> closes stable state=RBF_CLO_BU1_MA1<afeae50> id=3
SCRIPT       : [wpnfsm] Save occured in fsm transition! current state=WeaponFire<e9f1f930> closes stable state=BAREM_CLO_BUF_MA1<e9f1dc50> id=6
SCRIPT    (E): 
Invalid formation name Line
Function: 'Error'
Stack trace:
scripts/1_Core/proto\endebug.c:92
DayZExpansion/AI/Scripts/4_World/dayzexpansion_ai\classes\formations\eaiformation.c:117
DayZExpansion/AI/Scripts/4_World/dayzexpansion_ai\classes\patrols\patrolmanager.c:122
DayZExpansion/AI/Scripts/4_World/dayzexpansion_ai\classes\patrols\patrolmanager.c:24
DayZExpansion/AI/Scripts/4_World/dayzexpansion_ai\classes\patrols\eaidynamicpatrolspawner.c:28
DayZExpansion/AI/Scripts/4_World/dayzexpansion_ai\entities\buildings\buildingbase.c:52
SCRIPT       : [wpnfsm] Save occured in fsm transition! current state=WeaponFireAndChamberNext<afd9e10> closes stable state=RBF_CLO_BU1_MA1<afd7ad0> id=3
SCRIPT       : [wpnfsm] Save occured in fsm transition! current state=WeaponFireAndChamberNext<afec890> closes stable state=RBF_CLO_BU1_MA1<afeae50> id=3
SCRIPT       : [wpnfsm] Save occured in fsm transition! current state=WeaponFire<e9f1f930> closes stable state=BAREM_CLO_BUF_MA1<e9f1dc50> id=6
SCRIPT       : [wpnfsm] Save occured in fsm transition! current state=WeaponFireAndChamberNext<afd9e10> closes stable state=RBF_CLO_BU1_MA1<afd7ad0> id=3
SCRIPT       : [wpnfsm] Save occured in fsm transition! current state=WeaponFireAndChamberNext<afec890> closes stable state=RBF_CLO_BU1_MA1<afeae50> id=3
SCRIPT       : [wpnfsm] Save occured in fsm transition! current state=WeaponFire<e9f1f930> closes stable state=BAREM_CLO_BUF_MA1<e9f1dc50> id=6
SCRIPT       : [wpnfsm] Save occured in fsm transition! current state=WeaponFireAndChamberNext<afd9e10> closes stable state=RBF_CLO_BU1_MA1<afd7ad0> id=3
SCRIPT       : [wpnfsm] Save occured in fsm transition! current state=WeaponFireAndChamberNext<afec890> closes stable state=RBF_CLO_BU1_MA1<afeae50> id=3
SCRIPT       : [wpnfsm] Save occured in fsm transition! current state=WeaponFire<e9f1f930> closes stable state=BAREM_CLO_BUF_MA1<e9f1dc50> id=6
SCRIPT       : JMCameraModule::RPC_Leave - timestamp 1518.97
SCRIPT       : JMCameraModule::Server_Leave - target SurvivorBase<55a5010>
SCRIPT       : JMCameraModule::Server_Leave - spectated player NULL
SCRIPT    (E): 
Invalid formation name Line
Function: 'Error'
Stack trace:
scripts/1_Core/proto\endebug.c:92
DayZExpansion/AI/Scripts/4_World/dayzexpansion_ai\classes\formations\eaiformation.c:117
DayZExpansion/AI/Scripts/4_World/dayzexpansion_ai\classes\patrols\patrolmanager.c:122
DayZExpansion/AI/Scripts/4_World/dayzexpansion_ai\classes\patrols\patrolmanager.c:24
DayZExpansion/AI/Scripts/4_World/dayzexpansion_ai\classes\patrols\eaidynamicpatrolspawner.c:28
DayZExpansion/AI/Scripts/4_World/dayzexpansion_ai\entities\buildings\buildingbase.c:52
SCRIPT       : [wpnfsm] Save occured in fsm transition! current state=WeaponFireAndChamberNext<afd9e10> closes stable state=RBF_CLO_BU1_MA1<afd7ad0> id=3
SCRIPT       : [wpnfsm] Save occured in fsm transition! current state=WeaponFireAndChamberNext<afec890> closes stable state=RBF_CLO_BU1_MA1<afeae50> id=3
SCRIPT       : [wpnfsm] Save occured in fsm transition! current state=WeaponFire<e9f1f930> closes stable state=BAREM_CLO_BUF_MA1<e9f1dc50> id=6
SCRIPT       : [wpnfsm] Save occured in fsm transition! current state=WeaponFireAndChamberNext<afd9e10> closes stable state=RBF_CLO_BU1_MA1<afd7ad0> id=3
SCRIPT       : [wpnfsm] Save occured in fsm transition! current state=WeaponFireAndChamberNext<afec890> closes stable state=RBF_CLO_BU1_MA1<afeae50> id=3
SCRIPT       : [wpnfsm] Save occured in fsm transition! current state=WeaponFire<e9f1f930> closes stable state=BAREM_CLO_BUF_MA1<e9f1dc50> id=6
SCRIPT       : [wpnfsm] Save occured in fsm transition! current state=WeaponFireAndChamberNext<afd9e10> closes stable state=RBF_CLO_BU1_MA1<afd7ad0> id=3
SCRIPT       : [wpnfsm] Save occured in fsm transition! current state=WeaponFireAndChamberNext<afec890> closes stable state=RBF_CLO_BU1_MA1<afeae50> id=3
SCRIPT       : [wpnfsm] Save occured in fsm transition! current state=WeaponFire<e9f1f930> closes stable state=BAREM_CLO_BUF_MA1<e9f1dc50> id=6
SCRIPT    (E): 
Invalid formation name Line
Function: 'Error'
Stack trace:
scripts/1_Core/proto\endebug.c:92
DayZExpansion/AI/Scripts/4_World/dayzexpansion_ai\classes\formations\eaiformation.c:117
DayZExpansion/AI/Scripts/4_World/dayzexpansion_ai\classes\patrols\patrolmanager.c:122
DayZExpansion/AI/Scripts/4_World/dayzexpansion_ai\classes\patrols\patrolmanager.c:24
DayZExpansion/AI/Scripts/4_World/dayzexpansion_ai\classes\patrols\eaidynamicpatrolspawner.c:28
DayZExpansion/AI/Scripts/4_World/dayzexpansion_ai\entities\buildings\buildingbase.c:52
SCRIPT       : [wpnfsm] Save occured in fsm transition! current state=WeaponFireAndChamberNext<afd9e10> closes stable state=RBF_CLO_BU1_MA1<afd7ad0> id=3
SCRIPT       : [wpnfsm] Save occured in fsm transition! current state=WeaponFireAndChamberNext<afec890> closes stable state=RBF_CLO_BU1_MA1<afeae50> id=3
SCRIPT       : [wpnfsm] Save occured in fsm transition! current state=WeaponFire<e9f1f930> closes stable state=BAREM_CLO_BUF_MA1<e9f1dc50> id=6
SCRIPT       : [wpnfsm] Save occured in fsm transition! current state=WeaponFireAndChamberNext<afd9e10> closes stable state=RBF_CLO_BU1_MA1<afd7ad0> id=3
SCRIPT       : [wpnfsm] Save occured in fsm transition! current state=WeaponFireAndChamberNext<afec890> closes stable state=RBF_CLO_BU1_MA1<afeae50> id=3
SCRIPT       : [wpnfsm] Save occured in fsm transition! current state=WeaponFire<e9f1f930> closes stable state=BAREM_CLO_BUF_MA1<e9f1dc50> id=6
SCRIPT       : [wpnfsm] Save occured in fsm transition! current state=WeaponFireAndChamberNext<afd9e10> closes stable state=RBF_CLO_BU1_MA1<afd7ad0> id=3
SCRIPT       : [wpnfsm] Save occured in fsm transition! current state=WeaponFireAndChamberNext<afec890> closes stable state=RBF_CLO_BU1_MA1<afeae50> id=3
SCRIPT       : [wpnfsm] Save occured in fsm transition! current state=WeaponFire<e9f1f930> closes stable state=BAREM_CLO_BUF_MA1<e9f1dc50> id=6
SCRIPT       : [wpnfsm] Save occured in fsm transition! current state=WeaponFireAndChamberNext<afd9e10> closes stable state=RBF_CLO_BU1_MA1<afd7ad0> id=3
SCRIPT       : [wpnfsm] Save occured in fsm transition! current state=WeaponFireAndChamberNext<afec890> closes stable state=RBF_CLO_BU1_MA1<afeae50> id=3
SCRIPT       : [wpnfsm] Save occured in fsm transition! current state=WeaponFire<e9f1f930> closes stable state=BAREM_CLO_BUF_MA1<e9f1dc50> id=6
SCRIPT    (E): 
Invalid formation name Line
Function: 'Error'
Stack trace:
scripts/1_Core/proto\endebug.c:92
DayZExpansion/AI/Scripts/4_World/dayzexpansion_ai\classes\formations\eaiformation.c:117
DayZExpansion/AI/Scripts/4_World/dayzexpansion_ai\classes\patrols\patrolmanager.c:122
DayZExpansion/AI/Scripts/4_World/dayzexpansion_ai\classes\patrols\patrolmanager.c:24
DayZExpansion/AI/Scripts/4_World/dayzexpansion_ai\classes\patrols\eaidynamicpatrolspawner.c:28
DayZExpansion/AI/Scripts/4_World/dayzexpansion_ai\entities\buildings\buildingbase.c:52
SCRIPT       : [wpnfsm] Save occured in fsm transition! current state=WeaponFireAndChamberNext<afd9e10> closes stable state=RBF_CLO_BU1_MA1<afd7ad0> id=3
SCRIPT       : [wpnfsm] Save occured in fsm transition! current state=WeaponFireAndChamberNext<afec890> closes stable state=RBF_CLO_BU1_MA1<afeae50> id=3
SCRIPT       : [wpnfsm] Save occured in fsm transition! current state=WeaponFire<e9f1f930> closes stable state=BAREM_CLO_BUF_MA1<e9f1dc50> id=6
SCRIPT       : [wpnfsm] Save occured in fsm transition! current state=WeaponFireAndChamberNext<afd9e10> closes stable state=RBF_CLO_BU1_MA1<afd7ad0> id=3
SCRIPT       : [wpnfsm] Save occured in fsm transition! current state=WeaponFireAndChamberNext<afec890> closes stable state=RBF_CLO_BU1_MA1<afeae50> id=3
SCRIPT       : [wpnfsm] Save occured in fsm transition! current state=WeaponFire<e9f1f930> closes stable state=BAREM_CLO_BUF_MA1<e9f1dc50> id=6
SCRIPT       : [wpnfsm] Save occured in fsm transition! current state=WeaponFireAndChamberNext<afd9e10> closes stable state=RBF_CLO_BU1_MA1<afd7ad0> id=3
SCRIPT       : [wpnfsm] Save occured in fsm transition! current state=WeaponFireAndChamberNext<afec890> closes stable state=RBF_CLO_BU1_MA1<afeae50> id=3
SCRIPT       : [wpnfsm] Save occured in fsm transition! current state=WeaponFire<e9f1f930> closes stable state=BAREM_CLO_BUF_MA1<e9f1dc50> id=6
SCRIPT    (E): 
Invalid formation name Line
Function: 'Error'
Stack trace:
scripts/1_Core/proto\endebug.c:92
DayZExpansion/AI/Scripts/4_World/dayzexpansion_ai\classes\formations\eaiformation.c:117
DayZExpansion/AI/Scripts/4_World/dayzexpansion_ai\classes\patrols\patrolmanager.c:122
DayZExpansion/AI/Scripts/4_World/dayzexpansion_ai\classes\patrols\patrolmanager.c:24
DayZExpansion/AI/Scripts/4_World/dayzexpansion_ai\classes\patrols\eaidynamicpatrolspawner.c:28
DayZExpansion/AI/Scripts/4_World/dayzexpansion_ai\entities\buildings\buildingbase.c:52
SCRIPT       : [Logout]: New player OAdpPkJP2Ps_W7h2ttR1bK23ekHCzrxw0mDT3zqLMdU= with logout time 15
SCRIPT       : [wpnfsm] Save occured in fsm transition! current state=WeaponFireAndChamberNext<afd9e10> closes stable state=RBF_CLO_BU1_MA1<afd7ad0> id=3
SCRIPT       : [wpnfsm] Save occured in fsm transition! current state=WeaponFireAndChamberNext<afec890> closes stable state=RBF_CLO_BU1_MA1<afeae50> id=3
SCRIPT       : [wpnfsm] Save occured in fsm transition! current state=WeaponFire<e9f1f930> closes stable state=BAREM_CLO_BUF_MA1<e9f1dc50> id=6
SCRIPT       : 15:06:53.507 [EXPANSION DEBUG]: ExpansionQuestPersistentData<89ce990>~ExpansionQuestPersistentData (4)
SCRIPT       : [Logout]: Player OAdpPkJP2Ps_W7h2ttR1bK23ekHCzrxw0mDT3zqLMdU= finished
SCRIPT       : [wpnfsm] Save occured in fsm transition! current state=WeaponFireAndChamberNext<afd9e10> closes stable state=RBF_CLO_BU1_MA1<afd7ad0> id=3
SCRIPT       : [wpnfsm] Save occured in fsm transition! current state=WeaponFireAndChamberNext<afec890> closes stable state=RBF_CLO_BU1_MA1<afeae50> id=3
SCRIPT       : [wpnfsm] Save occured in fsm transition! current state=WeaponFire<e9f1f930> closes stable state=BAREM_CLO_BUF_MA1<e9f1dc50> id=6
SCRIPT       : [Logout]: New player mBNlxASsPlOcry0dpDl8K-WgHNR5WMCMmoJ9NhpU4FY= with logout time 15
SCRIPT       : [wpnfsm] Save occured in fsm transition! current state=WeaponFireAndChamberNext<afd9e10> closes stable state=RBF_CLO_BU1_MA1<afd7ad0> id=3
SCRIPT       : [wpnfsm] Save occured in fsm transition! current state=WeaponFireAndChamberNext<afec890> closes stable state=RBF_CLO_BU1_MA1<afeae50> id=3
SCRIPT       : [wpnfsm] Save occured in fsm transition! current state=WeaponFire<e9f1f930> closes stable state=BAREM_CLO_BUF_MA1<e9f1dc50> id=6
SCRIPT    (E): 
Invalid formation name Line
Function: 'Error'
Stack trace:
scripts/1_Core/proto\endebug.c:92
DayZExpansion/AI/Scripts/4_World/dayzexpansion_ai\classes\formations\eaiformation.c:117
DayZExpansion/AI/Scripts/4_World/dayzexpansion_ai\classes\patrols\patrolmanager.c:122
DayZExpansion/AI/Scripts/4_World/dayzexpansion_ai\classes\patrols\patrolmanager.c:24
DayZExpansion/AI/Scripts/4_World/dayzexpansion_ai\classes\patrols\eaidynamicpatrolspawner.c:28
DayZExpansion/AI/Scripts/4_World/dayzexpansion_ai\entities\buildings\buildingbase.c:52
SCRIPT       : [ExpansionAirdropContainerManager] Container at <6363.003418, 142.963135, 6381.062988> was deleted
SCRIPT       : 15:07:56.484 [EXPANSION DEBUG]: ExpansionQuestPersistentData<f09d8e10>~ExpansionQuestPersistentData (4)
SCRIPT       : [Logout]: Player mBNlxASsPlOcry0dpDl8K-WgHNR5WMCMmoJ9NhpU4FY= finished
SCRIPT       : ExpansionAirdropContainerManager::DeleteSingleInfected
SCRIPT       : ExpansionAirdropContainerManager::DeleteSingleInfected
SCRIPT       : ExpansionAirdropContainerManager::DeleteSingleInfected
SCRIPT       : ExpansionAirdropContainerManager::DeleteSingleInfected
SCRIPT       : ExpansionAirdropContainerManager::DeleteSingleInfected
SCRIPT       : ExpansionAirdropContainerManager::DeleteSingleInfected
SCRIPT       : ExpansionAirdropContainerManager::DeleteSingleInfected
SCRIPT       : ExpansionAirdropContainerManager::DeleteSingleInfected
SCRIPT       : ExpansionAirdropContainerManager::DeleteSingleInfected
SCRIPT       : ExpansionAirdropContainerManager::DeleteSingleInfected
SCRIPT       : ExpansionAirdropContainerManager::DeleteSingleInfected
SCRIPT       : ExpansionAirdropContainerManager::DeleteSingleInfected
SCRIPT       : ExpansionAirdropContainerManager::DeleteSingleInfected
SCRIPT       : ExpansionAirdropContainerManager::DeleteSingleInfected
SCRIPT       : ExpansionAirdropContainerManager::DeleteSingleInfected
SCRIPT       : ExpansionAirdropContainerManager::DeleteSingleInfected
SCRIPT       : ExpansionAirdropContainerManager::DeleteSingleInfected
SCRIPT       : ExpansionAirdropContainerManager::DeleteSingleInfected
SCRIPT       : ExpansionAirdropContainerManager::DeleteSingleInfected
SCRIPT       : ExpansionAirdropContainerManager::DeleteSingleInfected
SCRIPT       : ExpansionAirdropContainerManager::DeleteSingleInfected
SCRIPT       : ExpansionAirdropContainerManager::DeleteSingleInfected
SCRIPT       : ExpansionAirdropContainerManager::DeleteSingleInfected
SCRIPT       : ExpansionAirdropContainerManager::DeleteSingleInfected
SCRIPT       : ExpansionAirdropContainerManager::DeleteSingleInfected
SCRIPT       : ExpansionAirdropContainerManager::DeleteSingleInfected
SCRIPT       : ExpansionAirdropContainerManager::DeleteSingleInfected
SCRIPT       : ExpansionAirdropContainerManager::DeleteSingleInfected
SCRIPT       : ExpansionAirdropContainerManager::DeleteSingleInfected
SCRIPT       : ExpansionAirdropContainerManager::DeleteSingleInfected
SCRIPT       : ExpansionAirdropContainerManager::DeleteSingleInfected
SCRIPT       : ExpansionAirdropContainerManager::DeleteSingleInfected
SCRIPT       : ExpansionAirdropContainerManager::DeleteSingleInfected
SCRIPT       : ExpansionAirdropContainerManager::DeleteSingleInfected
SCRIPT       : ExpansionAirdropContainerManager::DeleteSingleInfected
SCRIPT       : ExpansionAirdropContainerManager::DeleteSingleInfected
SCRIPT       : ExpansionAirdropContainerManager::DeleteSingleInfected
SCRIPT       : ExpansionAirdropContainerManager::DeleteSingleInfected
SCRIPT       : ~ExpansionAirdropContainerManager
SCRIPT       : [wpnfsm] Save occured in fsm transition! current state=WeaponFireAndChamberNext<afd9e10> closes stable state=RBF_CLO_BU1_MA1<afd7ad0> id=3
SCRIPT       : [wpnfsm] Save occured in fsm transition! current state=WeaponFireAndChamberNext<afec890> closes stable state=RBF_CLO_BU1_MA1<afeae50> id=3
SCRIPT       : [wpnfsm] Save occured in fsm transition! current state=WeaponFire<e9f1f930> closes stable state=BAREM_CLO_BUF_MA1<e9f1dc50> id=6
SCRIPT       : [wpnfsm] Save occured in fsm transition! current state=WeaponFireAndChamberNext<afd9e10> closes stable state=RBF_CLO_BU1_MA1<afd7ad0> id=3
SCRIPT       : [wpnfsm] Save occured in fsm transition! current state=WeaponFireAndChamberNext<afec890> closes stable state=RBF_CLO_BU1_MA1<afeae50> id=3
SCRIPT       : [wpnfsm] Save occured in fsm transition! current state=WeaponFire<e9f1f930> closes stable state=BAREM_CLO_BUF_MA1<e9f1dc50> id=6
SCRIPT       : [wpnfsm] Save occured in fsm transition! current state=WeaponFireAndChamberNext<afd9e10> closes stable state=RBF_CLO_BU1_MA1<afd7ad0> id=3
SCRIPT       : [wpnfsm] Save occured in fsm transition! current state=WeaponFireAndChamberNext<afec890> closes stable state=RBF_CLO_BU1_MA1<afeae50> id=3
SCRIPT       : [wpnfsm] Save occured in fsm transition! current state=WeaponFire<e9f1f930> closes stable state=BAREM_CLO_BUF_MA1<e9f1dc50> id=6
SCRIPT    (E): 
Invalid formation name Line
Function: 'Error'
Stack trace:
scripts/1_Core/proto\endebug.c:92
DayZExpansion/AI/Scripts/4_World/dayzexpansion_ai\classes\formations\eaiformation.c:117
DayZExpansion/AI/Scripts/4_World/dayzexpansion_ai\classes\patrols\patrolmanager.c:122
DayZExpansion/AI/Scripts/4_World/dayzexpansion_ai\classes\patrols\patrolmanager.c:24
DayZExpansion/AI/Scripts/4_World/dayzexpansion_ai\classes\patrols\eaidynamicpatrolspawner.c:28
DayZExpansion/AI/Scripts/4_World/dayzexpansion_ai\entities\buildings\buildingbase.c:52
SCRIPT       : [wpnfsm] Save occured in fsm transition! current state=WeaponFireAndChamberNext<afd9e10> closes stable state=RBF_CLO_BU1_MA1<afd7ad0> id=3
SCRIPT       : [wpnfsm] Save occured in fsm transition! current state=WeaponFire<e9f1f930> closes stable state=BAREM_CLO_BUF_MA1<e9f1dc50> id=6
SCRIPT       : [wpnfsm] Save occured in fsm transition! current state=WeaponFireAndChamberNext<afec890> closes stable state=RBF_CLO_BU1_MA1<afeae50> id=3
SCRIPT       : 15:10:54.363 [EXPANSION DEBUG]: Player is prone w/ item in hand, applying workaround for T176038 by dropping hand item to ground prematurely AugShort<f396acc0>
SCRIPT       : 15:10:54.363 [EXPANSION DEBUG]: Player is prone w/ item in hand, applying workaround for T176038 by dropping hand item to ground prematurely M4A1_Base<f3992d70>
SCRIPT       : 15:10:54.363 [EXPANSION DEBUG]: Player is prone w/ item in hand, applying workaround for T176038 by dropping hand item to ground prematurely AugShort<f3966160>
SCRIPT       : [wpnfsm] Save occured in fsm transition! current state=WeaponFireAndChamberNext<afd9e10> closes stable state=RBF_CLO_BU1_MA1<afd7ad0> id=3
SCRIPT       : [wpnfsm] Save occured in fsm transition! current state=WeaponFire<e9f1f930> closes stable state=BAREM_CLO_BUF_MA1<e9f1dc50> id=6
SCRIPT       : [wpnfsm] Save occured in fsm transition! current state=WeaponFireAndChamberNext<afec890> closes stable state=RBF_CLO_BU1_MA1<afeae50> id=3
SCRIPT       : Clear up static fireplaces: 0
SCRIPT       : 15:13:25.761 [EXPANSION DEBUG]: Clearing cached categories 67
SCRIPT       : 15:13:25.761 [EXPANSION DEBUG]: Clearing cached traders 17
SCRIPT       : 15:13:25.773 [EXPANSION DEBUG]: ExpansionQuestPersistentData<f09d8690>~ExpansionQuestPersistentData (0)
SCRIPT       : ~DayZGame()
